[2018-05-18 11:54:28] 
Swoole\Exception: cannot serialize or unserialize.
In /mnt/hgfs/demo/vSwoole/library/common/Task.php: 28
Exception Code: E_UNKONW[0]
Exception Trace: 
#0 [internal function]: Swoole\Http\Request->__sleep()
#1 /mnt/hgfs/demo/vSwoole/library/common/Task.php(28): Swoole\Server->task(Array, -1)
#2 /mnt/hgfs/demo/vSwoole/application/server/WebSocket.php(128): vSwoole\library\common\Task::task(Object(Swoole\WebSocket\Server), Array, Array)
#3 {main}

[2018-05-18 11:54:28] 
vSwoole\library\common\exception\Exception: Swoole\Http\Server::start(): Unexpected end of serialized data
In /mnt/hgfs/demo/vSwoole/library/server/Server.php: 156
Exception Code: E_NOTICE[8]
Exception Trace: 
#0 [internal function]: vSwoole\library\common\exception\Exception::swooleError(8, 'Swoole\\Http\\Ser...', '/mnt/hgfs/demo/...', 156, Array)
#1 /mnt/hgfs/demo/vSwoole/library/server/Server.php(156): Swoole\Http\Server->start()
#2 /mnt/hgfs/demo/vSwoole/library/server/WebSocketServer.php(31): vSwoole\library\server\Server->__construct(Array, Array)
#3 /mnt/hgfs/demo/vSwoole/application/server/WebSocket.php(42): vSwoole\library\server\WebSocketServer->__construct(Array, Array)
#4 /mnt/hgfs/demo/vSwoole/library/Init.php(357): vSwoole\application\server\WebSocket->__construct()
#5 /mnt/hgfs/demo/vSwoole/library/Init.php(46): vSwoole\library\Init->runServer('vSwoole\\applica...')
#6 /mnt/hgfs/demo/vSwoole/public/swoole.php(25): vSwoole\library\Init::cmd()
#7 /mnt/hgfs/demo/vSwoole/public/swoole.php(32): Swoole->__construct()
#8 {main}

[2018-05-18 11:54:28] 
vSwoole\library\common\exception\ErrorException: Uncaught TypeError: Argument 2 passed to vSwoole\library\common\Task::execute() must be of the type array, string given, called in /mnt/hgfs/demo/vSwoole/application/server/WebSocket.php on line 198 and defined in /mnt/hgfs/demo/vSwoole/library/common/Task.php:39
Stack trace:
#0 /mnt/hgfs/demo/vSwoole/application/server/WebSocket.php(198): vSwoole\library\common\Task::execute(Object(Swoole\WebSocket\Server), '}}\x00\xC8\xA3\xE0\xBD\xEF\x7F\x00\x00\x97\x00\x00\x00...')
#1 [internal function]: vSwoole\application\server\WebSocket->onTask(Object(Swoole\WebSocket\Server), 1, 0, '}}\x00\xC8\xA3\xE0\xBD\xEF\x7F\x00\x00\x97\x00\x00\x00...')
#2 /mnt/hgfs/demo/vSwoole/library/server/Server.php(156): Swoole\Http\Server->start()
#3 /mnt/hgfs/demo/vSwoole/library/server/WebSocketServer.php(31): vSwoole\library\server\Server->__construct(Array, Array)
#4 /mnt/hgfs/demo/vSwoole/application/server/WebSocket.php(42): vSwoole\library\server\WebSocketServer->__construct(Array, Array)
#5 /mnt/hgfs/demo/vSwoole/library/Init.php(
In /mnt/hgfs/demo/vSwoole/library/common/Task.php: 39
Exception Code: E_ERROR[1]
Exception Trace: 
#0 [internal function]: vSwoole\library\common\exception\Exception::swooleShutdown()
#1 {main}

[2018-05-18 11:57:47] 
Swoole\Exception: cannot serialize or unserialize.
In /mnt/hgfs/demo/vSwoole/library/common/Task.php: 28
Exception Code: E_UNKONW[0]
Exception Trace: 
#0 [internal function]: Swoole\Http\Request->__sleep()
#1 /mnt/hgfs/demo/vSwoole/library/common/Task.php(28): Swoole\Server->task(Array, -1)
#2 /mnt/hgfs/demo/vSwoole/application/server/WebSocket.php(128): vSwoole\library\common\Task::task(Object(Swoole\WebSocket\Server), Array, Array)
#3 {main}

[2018-05-18 11:57:47] 
vSwoole\library\common\exception\Exception: Swoole\Http\Server::start(): Unexpected end of serialized data
In /mnt/hgfs/demo/vSwoole/library/server/Server.php: 156
Exception Code: E_NOTICE[8]
Exception Trace: 
#0 [internal function]: vSwoole\library\common\exception\Exception::swooleError(8, 'Swoole\\Http\\Ser...', '/mnt/hgfs/demo/...', 156, Array)
#1 /mnt/hgfs/demo/vSwoole/library/server/Server.php(156): Swoole\Http\Server->start()
#2 /mnt/hgfs/demo/vSwoole/library/server/WebSocketServer.php(31): vSwoole\library\server\Server->__construct(Array, Array)
#3 /mnt/hgfs/demo/vSwoole/application/server/WebSocket.php(42): vSwoole\library\server\WebSocketServer->__construct(Array, Array)
#4 /mnt/hgfs/demo/vSwoole/library/Init.php(357): vSwoole\application\server\WebSocket->__construct()
#5 /mnt/hgfs/demo/vSwoole/library/Init.php(46): vSwoole\library\Init->runServer('vSwoole\\applica...')
#6 /mnt/hgfs/demo/vSwoole/public/swoole.php(25): vSwoole\library\Init::cmd()
#7 /mnt/hgfs/demo/vSwoole/public/swoole.php(32): Swoole->__construct()
#8 {main}

[2018-05-18 11:57:47] 
vSwoole\library\common\exception\ErrorException: Uncaught TypeError: Argument 2 passed to vSwoole\library\common\Task::execute() must be of the type array, string given, called in /mnt/hgfs/demo/vSwoole/application/server/WebSocket.php on line 198 and defined in /mnt/hgfs/demo/vSwoole/library/common/Task.php:39
Stack trace:
#0 /mnt/hgfs/demo/vSwoole/application/server/WebSocket.php(198): vSwoole\library\common\Task::execute(Object(Swoole\WebSocket\Server), '}}\x00\xC8\xA3 :4\x7F\x00\x00\x97\x00\x00\x00...')
#1 [internal function]: vSwoole\application\server\WebSocket->onTask(Object(Swoole\WebSocket\Server), 1, 0, '}}\x00\xC8\xA3 :4\x7F\x00\x00\x97\x00\x00\x00...')
#2 /mnt/hgfs/demo/vSwoole/library/server/Server.php(156): Swoole\Http\Server->start()
#3 /mnt/hgfs/demo/vSwoole/library/server/WebSocketServer.php(31): vSwoole\library\server\Server->__construct(Array, Array)
#4 /mnt/hgfs/demo/vSwoole/application/server/WebSocket.php(42): vSwoole\library\server\WebSocketServer->__construct(Array, Array)
#5 /mnt/hgfs/demo/vSwoole/library/Init.php(357): vSwoole\appl
In /mnt/hgfs/demo/vSwoole/library/common/Task.php: 39
Exception Code: E_ERROR[1]
Exception Trace: 
#0 [internal function]: vSwoole\library\common\exception\Exception::swooleShutdown()
#1 {main}

[2018-05-18 11:58:50] 
Swoole\Exception: cannot serialize or unserialize.
In /mnt/hgfs/demo/vSwoole/library/common/Task.php: 28
Exception Code: E_UNKONW[0]
Exception Trace: 
#0 [internal function]: Swoole\Http\Request->__sleep()
#1 /mnt/hgfs/demo/vSwoole/library/common/Task.php(28): Swoole\Server->task(Array, -1)
#2 /mnt/hgfs/demo/vSwoole/application/server/WebSocket.php(128): vSwoole\library\common\Task::task(Object(Swoole\WebSocket\Server), Array, Array)
#3 {main}

[2018-05-18 11:58:50] 
vSwoole\library\common\exception\Exception: Swoole\Http\Server::start(): Unexpected end of serialized data
In /mnt/hgfs/demo/vSwoole/library/server/Server.php: 156
Exception Code: E_NOTICE[8]
Exception Trace: 
#0 [internal function]: vSwoole\library\common\exception\Exception::swooleError(8, 'Swoole\\Http\\Ser...', '/mnt/hgfs/demo/...', 156, Array)
#1 /mnt/hgfs/demo/vSwoole/library/server/Server.php(156): Swoole\Http\Server->start()
#2 /mnt/hgfs/demo/vSwoole/library/server/WebSocketServer.php(31): vSwoole\library\server\Server->__construct(Array, Array)
#3 /mnt/hgfs/demo/vSwoole/application/server/WebSocket.php(42): vSwoole\library\server\WebSocketServer->__construct(Array, Array)
#4 /mnt/hgfs/demo/vSwoole/library/Init.php(357): vSwoole\application\server\WebSocket->__construct()
#5 /mnt/hgfs/demo/vSwoole/library/Init.php(46): vSwoole\library\Init->runServer('vSwoole\\applica...')
#6 /mnt/hgfs/demo/vSwoole/public/swoole.php(25): vSwoole\library\Init::cmd()
#7 /mnt/hgfs/demo/vSwoole/public/swoole.php(32): Swoole->__construct()
#8 {main}

[2018-05-18 11:58:50] 
vSwoole\library\common\exception\ErrorException: Uncaught TypeError: Argument 2 passed to vSwoole\library\common\Task::execute() must be of the type array, string given, called in /mnt/hgfs/demo/vSwoole/application/server/WebSocket.php on line 198 and defined in /mnt/hgfs/demo/vSwoole/library/common/Task.php:39
Stack trace:
#0 /mnt/hgfs/demo/vSwoole/application/server/WebSocket.php(198): vSwoole\library\common\Task::execute(Object(Swoole\WebSocket\Server), '}}\x00\xC8\xA3\xA0_\x9C\x7F\x00\x00\x97\x00\x00\x00...')
#1 [internal function]: vSwoole\application\server\WebSocket->onTask(Object(Swoole\WebSocket\Server), 1, 0, '}}\x00\xC8\xA3\xA0_\x9C\x7F\x00\x00\x97\x00\x00\x00...')
#2 /mnt/hgfs/demo/vSwoole/library/server/Server.php(156): Swoole\Http\Server->start()
#3 /mnt/hgfs/demo/vSwoole/library/server/WebSocketServer.php(31): vSwoole\library\server\Server->__construct(Array, Array)
#4 /mnt/hgfs/demo/vSwoole/application/server/WebSocket.php(42): vSwoole\library\server\WebSocketServer->__construct(Array, Array)
#5 /mnt/hgfs/demo/vSwoole/library/Init.php(357): 
In /mnt/hgfs/demo/vSwoole/library/common/Task.php: 39
Exception Code: E_ERROR[1]
Exception Trace: 
#0 [internal function]: vSwoole\library\common\exception\Exception::swooleShutdown()
#1 {main}

[2018-05-18 12:01:59] 
vSwoole\library\common\exception\Exception: Swoole\Http\Server::start(): Unexpected end of serialized data
In /mnt/hgfs/demo/vSwoole/library/server/Server.php: 156
Exception Code: E_NOTICE[8]
Exception Trace: 
#0 [internal function]: vSwoole\library\common\exception\Exception::swooleError(8, 'Swoole\\Http\\Ser...', '/mnt/hgfs/demo/...', 156, Array)
#1 /mnt/hgfs/demo/vSwoole/library/server/Server.php(156): Swoole\Http\Server->start()
#2 /mnt/hgfs/demo/vSwoole/library/server/WebSocketServer.php(31): vSwoole\library\server\Server->__construct(Array, Array)
#3 /mnt/hgfs/demo/vSwoole/application/server/WebSocket.php(42): vSwoole\library\server\WebSocketServer->__construct(Array, Array)
#4 /mnt/hgfs/demo/vSwoole/library/Init.php(357): vSwoole\application\server\WebSocket->__construct()
#5 /mnt/hgfs/demo/vSwoole/library/Init.php(46): vSwoole\library\Init->runServer('vSwoole\\applica...')
#6 /mnt/hgfs/demo/vSwoole/public/swoole.php(25): vSwoole\library\Init::cmd()
#7 /mnt/hgfs/demo/vSwoole/public/swoole.php(32): Swoole->__construct()
#8 {main}

[2018-05-18 12:01:59] 
Swoole\Exception: cannot serialize or unserialize.
In /mnt/hgfs/demo/vSwoole/library/common/Task.php: 28
Exception Code: E_UNKONW[0]
Exception Trace: 
#0 [internal function]: Swoole\Http\Request->__sleep()
#1 /mnt/hgfs/demo/vSwoole/library/common/Task.php(28): Swoole\Server->task(Array, -1)
#2 /mnt/hgfs/demo/vSwoole/application/server/WebSocket.php(128): vSwoole\library\common\Task::task(Object(Swoole\WebSocket\Server), Array, Array)
#3 {main}

[2018-05-18 12:01:59] 
vSwoole\library\common\exception\ErrorException: Uncaught TypeError: Argument 2 passed to vSwoole\library\common\Task::execute() must be of the type array, string given, called in /mnt/hgfs/demo/vSwoole/application/server/WebSocket.php on line 198 and defined in /mnt/hgfs/demo/vSwoole/library/common/Task.php:39
Stack trace:
#0 /mnt/hgfs/demo/vSwoole/application/server/WebSocket.php(198): vSwoole\library\common\Task::execute(Object(Swoole\WebSocket\Server), '}}\x00\xC8\xA3\xC0/\xF1\x7F\x00\x00\x97\x00\x00\x00...')
#1 [internal function]: vSwoole\application\server\WebSocket->onTask(Object(Swoole\WebSocket\Server), 1, 0, '}}\x00\xC8\xA3\xC0/\xF1\x7F\x00\x00\x97\x00\x00\x00...')
#2 /mnt/hgfs/demo/vSwoole/library/server/Server.php(156): Swoole\Http\Server->start()
#3 /mnt/hgfs/demo/vSwoole/library/server/WebSocketServer.php(31): vSwoole\library\server\Server->__construct(Array, Array)
#4 /mnt/hgfs/demo/vSwoole/application/server/WebSocket.php(42): vSwoole\library\server\WebSocketServer->__construct(Array, Array)
#5 /mnt/hgfs/demo/vSwoole/library/Init.php(357): 
In /mnt/hgfs/demo/vSwoole/library/common/Task.php: 39
Exception Code: E_ERROR[1]
Exception Trace: 
#0 [internal function]: vSwoole\library\common\exception\Exception::swooleShutdown()
#1 {main}

[2018-05-18 12:02:18] 
vSwoole\library\common\exception\ErrorException: Uncaught Swoole\Exception: cannot serialize or unserialize. in /mnt/hgfs/demo/vSwoole/application/server/WebSocket.php:128
Stack trace:
#0 [internal function]: Swoole\Http\Request->__sleep()
#1 /mnt/hgfs/demo/vSwoole/application/server/WebSocket.php(128): serialize(Object(Swoole\Http\Request))
#2 {main}
  thrown
In /mnt/hgfs/demo/vSwoole/application/server/WebSocket.php: 128
Exception Code: E_ERROR[1]
Exception Trace: 
#0 [internal function]: vSwoole\library\common\exception\Exception::swooleShutdown()
#1 {main}

[2018-05-18 12:03:35] 
vSwoole\library\common\exception\Exception: Swoole\WebSocket\Server::pack() expects parameter 1 to be string, object given
In /mnt/hgfs/demo/vSwoole/application/server/WebSocket.php: 128
Exception Code: E_WARNING[2]
Exception Trace: 
#0 [internal function]: vSwoole\library\common\exception\Exception::swooleError(2, 'Swoole\\WebSocke...', '/mnt/hgfs/demo/...', 128, Array)
#1 /mnt/hgfs/demo/vSwoole/application/server/WebSocket.php(128): Swoole\WebSocket\Server::pack(Object(Swoole\Http\Request))
#2 {main}

[2018-05-18 12:05:05] 
vSwoole\library\common\exception\Exception: Swoole\WebSocket\Server::pack() expects parameter 1 to be string, object given
In /mnt/hgfs/demo/vSwoole/application/server/WebSocket.php: 128
Exception Code: E_WARNING[2]
Exception Trace: 
#0 [internal function]: vSwoole\library\common\exception\Exception::swooleError(2, 'Swoole\\WebSocke...', '/mnt/hgfs/demo/...', 128, Array)
#1 /mnt/hgfs/demo/vSwoole/application/server/WebSocket.php(128): Swoole\WebSocket\Server::pack(Object(Swoole\Http\Request), 1)
#2 {main}

[2018-05-18 12:05:35] 
vSwoole\library\common\exception\ErrorException: Uncaught Swoole\Exception: cannot serialize or unserialize. in /mnt/hgfs/demo/vSwoole/application/server/WebSocket.php:128
Stack trace:
#0 [internal function]: Swoole\Http\Request->__sleep()
#1 /mnt/hgfs/demo/vSwoole/application/server/WebSocket.php(128): serialize(Object(Swoole\Http\Request))
#2 {main}
  thrown
In /mnt/hgfs/demo/vSwoole/application/server/WebSocket.php: 128
Exception Code: E_ERROR[1]
Exception Trace: 
#0 [internal function]: vSwoole\library\common\exception\Exception::swooleShutdown()
#1 {main}

[2018-05-18 12:05:59] 
Swoole\Exception: cannot serialize or unserialize.
In /mnt/hgfs/demo/vSwoole/library/common/Task.php: 28
Exception Code: E_UNKONW[0]
Exception Trace: 
#0 [internal function]: Swoole\Http\Request->__sleep()
#1 /mnt/hgfs/demo/vSwoole/library/common/Task.php(28): Swoole\Server->task(Array, -1)
#2 /mnt/hgfs/demo/vSwoole/application/server/WebSocket.php(128): vSwoole\library\common\Task::task(Object(Swoole\WebSocket\Server), Array, Array)
#3 {main}

[2018-05-18 12:05:59] 
vSwoole\library\common\exception\Exception: Swoole\Http\Server::start(): Unexpected end of serialized data
In /mnt/hgfs/demo/vSwoole/library/server/Server.php: 156
Exception Code: E_NOTICE[8]
Exception Trace: 
#0 [internal function]: vSwoole\library\common\exception\Exception::swooleError(8, 'Swoole\\Http\\Ser...', '/mnt/hgfs/demo/...', 156, Array)
#1 /mnt/hgfs/demo/vSwoole/library/server/Server.php(156): Swoole\Http\Server->start()
#2 /mnt/hgfs/demo/vSwoole/library/server/WebSocketServer.php(31): vSwoole\library\server\Server->__construct(Array, Array)
#3 /mnt/hgfs/demo/vSwoole/application/server/WebSocket.php(42): vSwoole\library\server\WebSocketServer->__construct(Array, Array)
#4 /mnt/hgfs/demo/vSwoole/library/Init.php(357): vSwoole\application\server\WebSocket->__construct()
#5 /mnt/hgfs/demo/vSwoole/library/Init.php(46): vSwoole\library\Init->runServer('vSwoole\\applica...')
#6 /mnt/hgfs/demo/vSwoole/public/swoole.php(25): vSwoole\library\Init::cmd()
#7 /mnt/hgfs/demo/vSwoole/public/swoole.php(32): Swoole->__construct()
#8 {main}

[2018-05-18 12:05:59] 
vSwoole\library\common\exception\ErrorException: Uncaught TypeError: Argument 2 passed to vSwoole\library\common\Task::execute() must be of the type array, string given, called in /mnt/hgfs/demo/vSwoole/application/server/WebSocket.php on line 198 and defined in /mnt/hgfs/demo/vSwoole/library/common/Task.php:39
Stack trace:
#0 /mnt/hgfs/demo/vSwoole/application/server/WebSocket.php(198): vSwoole\library\common\Task::execute(Object(Swoole\WebSocket\Server), '}}\x00\xC8\xA3\x00\x8Ae\x7F\x00\x00\x97\x00\x00\x00...')
#1 [internal function]: vSwoole\application\server\WebSocket->onTask(Object(Swoole\WebSocket\Server), 1, 0, '}}\x00\xC8\xA3\x00\x8Ae\x7F\x00\x00\x97\x00\x00\x00...')
#2 /mnt/hgfs/demo/vSwoole/library/server/Server.php(156): Swoole\Http\Server->start()
#3 /mnt/hgfs/demo/vSwoole/library/server/WebSocketServer.php(31): vSwoole\library\server\Server->__construct(Array, Array)
#4 /mnt/hgfs/demo/vSwoole/application/server/WebSocket.php(42): vSwoole\library\server\WebSocketServer->__construct(Array, Array)
#5 /mnt/hgfs/demo/vSwoole/library/Init.php(357): 
In /mnt/hgfs/demo/vSwoole/library/common/Task.php: 39
Exception Code: E_ERROR[1]
Exception Trace: 
#0 [internal function]: vSwoole\library\common\exception\Exception::swooleShutdown()
#1 {main}

[2018-05-18 12:11:46] 
ParseError: syntax error, unexpected ')', expecting ']'
In /mnt/hgfs/demo/vSwoole/application/server/WebSocket.php: 129
Exception Code: E_UNKONW[0]
Exception Trace: 
#0 [internal function]: vSwoole\library\Init::loadClass('vSwoole\\applica...')
#1 /mnt/hgfs/demo/vSwoole/library/Init.php(357): spl_autoload_call('vSwoole\\applica...')
#2 /mnt/hgfs/demo/vSwoole/library/Init.php(46): vSwoole\library\Init->runServer('vSwoole\\applica...')
#3 /mnt/hgfs/demo/vSwoole/public/swoole.php(25): vSwoole\library\Init::cmd()
#4 /mnt/hgfs/demo/vSwoole/public/swoole.php(32): Swoole->__construct()
#5 {main}

[2018-05-18 12:11:49] 
ParseError: syntax error, unexpected ')', expecting ']'
In /mnt/hgfs/demo/vSwoole/application/server/WebSocket.php: 129
Exception Code: E_UNKONW[0]
Exception Trace: 
#0 [internal function]: vSwoole\library\Init::loadClass('vSwoole\\applica...')
#1 /mnt/hgfs/demo/vSwoole/library/Init.php(357): spl_autoload_call('vSwoole\\applica...')
#2 /mnt/hgfs/demo/vSwoole/library/Init.php(46): vSwoole\library\Init->runServer('vSwoole\\applica...')
#3 /mnt/hgfs/demo/vSwoole/public/swoole.php(25): vSwoole\library\Init::cmd()
#4 /mnt/hgfs/demo/vSwoole/public/swoole.php(32): Swoole->__construct()
#5 {main}

[2018-05-18 12:13:00] 
ParseError: syntax error, unexpected ')', expecting ']'
In /mnt/hgfs/demo/vSwoole/application/server/WebSocket.php: 129
Exception Code: E_UNKONW[0]
Exception Trace: 
#0 [internal function]: vSwoole\library\Init::loadClass('vSwoole\\applica...')
#1 /mnt/hgfs/demo/vSwoole/library/Init.php(357): spl_autoload_call('vSwoole\\applica...')
#2 /mnt/hgfs/demo/vSwoole/library/Init.php(46): vSwoole\library\Init->runServer('vSwoole\\applica...')
#3 /mnt/hgfs/demo/vSwoole/public/swoole.php(25): vSwoole\library\Init::cmd()
#4 /mnt/hgfs/demo/vSwoole/public/swoole.php(32): Swoole->__construct()
#5 {main}

[2018-05-18 13:58:45] 
vSwoole\library\common\exception\Exception: Undefined index: fd
In /mnt/hgfs/demo/vSwoole/application/server/WebSocket.php: 156
Exception Code: E_NOTICE[8]
Exception Trace: 
#0 /mnt/hgfs/demo/vSwoole/application/server/WebSocket.php(156): vSwoole\library\common\exception\Exception::swooleError(8, 'Undefined index...', '/mnt/hgfs/demo/...', 156, Array)
#1 {main}

[2018-05-18 13:58:54] 
vSwoole\library\common\exception\Exception: Undefined index: fd
In /mnt/hgfs/demo/vSwoole/application/server/WebSocket.php: 156
Exception Code: E_NOTICE[8]
Exception Trace: 
#0 /mnt/hgfs/demo/vSwoole/application/server/WebSocket.php(156): vSwoole\library\common\exception\Exception::swooleError(8, 'Undefined index...', '/mnt/hgfs/demo/...', 156, Array)
#1 {main}

[2018-05-18 13:59:33] 
vSwoole\library\common\exception\Exception: Undefined index: fd
In /mnt/hgfs/demo/vSwoole/application/server/WebSocket.php: 156
Exception Code: E_NOTICE[8]
Exception Trace: 
#0 /mnt/hgfs/demo/vSwoole/application/server/WebSocket.php(156): vSwoole\library\common\exception\Exception::swooleError(8, 'Undefined index...', '/mnt/hgfs/demo/...', 156, Array)
#1 {main}

[2018-05-18 13:59:33] 
vSwoole\library\common\exception\Exception: Undefined index: fd
In /mnt/hgfs/demo/vSwoole/application/server/WebSocket.php: 157
Exception Code: E_NOTICE[8]
Exception Trace: 
#0 /mnt/hgfs/demo/vSwoole/application/server/WebSocket.php(157): vSwoole\library\common\exception\Exception::swooleError(8, 'Undefined index...', '/mnt/hgfs/demo/...', 157, Array)
#1 {main}

[2018-05-18 18:29:22] 
vSwoole\library\common\exception\Exception: Undefined index: server
In /mnt/hgfs/demo/vSwoole/application/server/logic/WebSocketLogic.php: 92
Exception Code: E_NOTICE[8]
Exception Trace: 
#0 /mnt/hgfs/demo/vSwoole/application/server/logic/WebSocketLogic.php(92): vSwoole\library\common\exception\Exception::swooleError(8, 'Undefined index...', '/mnt/hgfs/demo/...', 92, Array)
#1 [internal function]: vSwoole\application\server\logic\WebSocketLogic->message(Object(Swoole\WebSocket\Frame))
#2 /mnt/hgfs/demo/vSwoole/library/common/Task.php(41): call_user_func_array(Array, Array)
#3 /mnt/hgfs/demo/vSwoole/application/server/WebSocket.php(149): vSwoole\library\common\Task::execute(Object(Swoole\WebSocket\Server), Array)
#4 [internal function]: vSwoole\application\server\WebSocket->onTask(Object(Swoole\WebSocket\Server), 1, 0, Array)
#5 /mnt/hgfs/demo/vSwoole/library/server/Server.php(156): Swoole\Http\Server->start()
#6 /mnt/hgfs/demo/vSwoole/library/server/WebSocketServer.php(31): vSwoole\library\server\Server->__construct(Array, Array)
#7 /mnt/hgfs/demo/vSwoole/application/server/WebSocket.php(55): vSwoole\library\server\WebSocketServer->__construct(Array, Array)
#8 /mnt/hgfs/demo/vSwoole/library/Init.php(357): vSwoole\application\server\WebSocket->__construct()
#9 /mnt/hgfs/demo/vSwoole/library/Init.php(46): vSwoole\library\Init->runServer('vSwoole\\applica...')
#10 /mnt/hgfs/demo/vSwoole/public/swoole.php(25): vSwoole\library\Init::cmd()
#11 /mnt/hgfs/demo/vSwoole/public/swoole.php(32): Swoole->__construct()
#12 {main}

[2018-05-18 18:29:22] 
vSwoole\library\common\exception\ErrorException: Uncaught Error: Call to a member function push() on null in /mnt/hgfs/demo/vSwoole/application/server/logic/WebSocketLogic.php:92
Stack trace:
#0 [internal function]: vSwoole\application\server\logic\WebSocketLogic->message(Object(Swoole\WebSocket\Frame))
#1 /mnt/hgfs/demo/vSwoole/library/common/Task.php(41): call_user_func_array(Array, Array)
#2 /mnt/hgfs/demo/vSwoole/application/server/WebSocket.php(149): vSwoole\library\common\Task::execute(Object(Swoole\WebSocket\Server), Array)
#3 [internal function]: vSwoole\application\server\WebSocket->onTask(Object(Swoole\WebSocket\Server), 1, 0, Array)
#4 /mnt/hgfs/demo/vSwoole/library/server/Server.php(156): Swoole\Http\Server->start()
#5 /mnt/hgfs/demo/vSwoole/library/server/WebSocketServer.php(31): vSwoole\library\server\Server->__construct(Array, Array)
#6 /mnt/hgfs/demo/vSwoole/application/server/WebSocket.php(55): vSwoole\library\server\WebSocketServer->__construct(Array, Array)
#7 /mnt/hgfs/demo/vSwoole/library/Init.php(357): vSwoole\application\server\WebSoc
In /mnt/hgfs/demo/vSwoole/application/server/logic/WebSocketLogic.php: 92
Exception Code: E_ERROR[1]
Exception Trace: 
#0 [internal function]: vSwoole\library\common\exception\Exception::swooleShutdown()
#1 {main}

[2018-05-18 18:30:25] 
vSwoole\library\common\exception\Exception: Undefined index: server
In /mnt/hgfs/demo/vSwoole/application/server/logic/WebSocketLogic.php: 92
Exception Code: E_NOTICE[8]
Exception Trace: 
#0 /mnt/hgfs/demo/vSwoole/application/server/logic/WebSocketLogic.php(92): vSwoole\library\common\exception\Exception::swooleError(8, 'Undefined index...', '/mnt/hgfs/demo/...', 92, Array)
#1 [internal function]: vSwoole\application\server\logic\WebSocketLogic->message(Object(Swoole\WebSocket\Frame))
#2 /mnt/hgfs/demo/vSwoole/library/common/Task.php(41): call_user_func_array(Array, Array)
#3 /mnt/hgfs/demo/vSwoole/application/server/WebSocket.php(149): vSwoole\library\common\Task::execute(Object(Swoole\WebSocket\Server), Array)
#4 [internal function]: vSwoole\application\server\WebSocket->onTask(Object(Swoole\WebSocket\Server), 4, 0, Array)
#5 /mnt/hgfs/demo/vSwoole/library/server/Server.php(156): Swoole\Http\Server->start()
#6 /mnt/hgfs/demo/vSwoole/library/server/WebSocketServer.php(31): vSwoole\library\server\Server->__construct(Array, Array)
#7 /mnt/hgfs/demo/vSwoole/application/server/WebSocket.php(55): vSwoole\library\server\WebSocketServer->__construct(Array, Array)
#8 /mnt/hgfs/demo/vSwoole/library/Init.php(357): vSwoole\application\server\WebSocket->__construct()
#9 /mnt/hgfs/demo/vSwoole/library/Init.php(46): vSwoole\library\Init->runServer('vSwoole\\applica...')
#10 /mnt/hgfs/demo/vSwoole/public/swoole.php(25): vSwoole\library\Init::cmd()
#11 /mnt/hgfs/demo/vSwoole/public/swoole.php(32): Swoole->__construct()
#12 {main}

[2018-05-18 18:30:25] 
vSwoole\library\common\exception\ErrorException: Uncaught Error: Call to a member function push() on null in /mnt/hgfs/demo/vSwoole/application/server/logic/WebSocketLogic.php:92
Stack trace:
#0 [internal function]: vSwoole\application\server\logic\WebSocketLogic->message(Object(Swoole\WebSocket\Frame))
#1 /mnt/hgfs/demo/vSwoole/library/common/Task.php(41): call_user_func_array(Array, Array)
#2 /mnt/hgfs/demo/vSwoole/application/server/WebSocket.php(149): vSwoole\library\common\Task::execute(Object(Swoole\WebSocket\Server), Array)
#3 [internal function]: vSwoole\application\server\WebSocket->onTask(Object(Swoole\WebSocket\Server), 4, 0, Array)
#4 /mnt/hgfs/demo/vSwoole/library/server/Server.php(156): Swoole\Http\Server->start()
#5 /mnt/hgfs/demo/vSwoole/library/server/WebSocketServer.php(31): vSwoole\library\server\Server->__construct(Array, Array)
#6 /mnt/hgfs/demo/vSwoole/application/server/WebSocket.php(55): vSwoole\library\server\WebSocketServer->__construct(Array, Array)
#7 /mnt/hgfs/demo/vSwoole/library/Init.php(357): vSwoole\application\server\WebSoc
In /mnt/hgfs/demo/vSwoole/application/server/logic/WebSocketLogic.php: 92
Exception Code: E_ERROR[1]
Exception Trace: 
#0 [internal function]: vSwoole\library\common\exception\Exception::swooleShutdown()
#1 {main}

[2018-05-18 18:30:32] 
vSwoole\library\common\exception\Exception: Undefined index: server
In /mnt/hgfs/demo/vSwoole/application/server/logic/WebSocketLogic.php: 92
Exception Code: E_NOTICE[8]
Exception Trace: 
#0 /mnt/hgfs/demo/vSwoole/application/server/logic/WebSocketLogic.php(92): vSwoole\library\common\exception\Exception::swooleError(8, 'Undefined index...', '/mnt/hgfs/demo/...', 92, Array)
#1 [internal function]: vSwoole\application\server\logic\WebSocketLogic->message(Object(Swoole\WebSocket\Frame))
#2 /mnt/hgfs/demo/vSwoole/library/common/Task.php(41): call_user_func_array(Array, Array)
#3 /mnt/hgfs/demo/vSwoole/application/server/WebSocket.php(149): vSwoole\library\common\Task::execute(Object(Swoole\WebSocket\Server), Array)
#4 [internal function]: vSwoole\application\server\WebSocket->onTask(Object(Swoole\WebSocket\Server), 1, 0, Array)
#5 /mnt/hgfs/demo/vSwoole/library/server/Server.php(156): Swoole\Http\Server->start()
#6 /mnt/hgfs/demo/vSwoole/library/server/WebSocketServer.php(31): vSwoole\library\server\Server->__construct(Array, Array)
#7 /mnt/hgfs/demo/vSwoole/application/server/WebSocket.php(55): vSwoole\library\server\WebSocketServer->__construct(Array, Array)
#8 /mnt/hgfs/demo/vSwoole/library/Init.php(357): vSwoole\application\server\WebSocket->__construct()
#9 /mnt/hgfs/demo/vSwoole/library/Init.php(46): vSwoole\library\Init->runServer('vSwoole\\applica...')
#10 /mnt/hgfs/demo/vSwoole/public/swoole.php(25): vSwoole\library\Init::cmd()
#11 /mnt/hgfs/demo/vSwoole/public/swoole.php(32): Swoole->__construct()
#12 {main}

[2018-05-18 18:30:32] 
vSwoole\library\common\exception\ErrorException: Uncaught Error: Call to a member function push() on null in /mnt/hgfs/demo/vSwoole/application/server/logic/WebSocketLogic.php:92
Stack trace:
#0 [internal function]: vSwoole\application\server\logic\WebSocketLogic->message(Object(Swoole\WebSocket\Frame))
#1 /mnt/hgfs/demo/vSwoole/library/common/Task.php(41): call_user_func_array(Array, Array)
#2 /mnt/hgfs/demo/vSwoole/application/server/WebSocket.php(149): vSwoole\library\common\Task::execute(Object(Swoole\WebSocket\Server), Array)
#3 [internal function]: vSwoole\application\server\WebSocket->onTask(Object(Swoole\WebSocket\Server), 1, 0, Array)
#4 /mnt/hgfs/demo/vSwoole/library/server/Server.php(156): Swoole\Http\Server->start()
#5 /mnt/hgfs/demo/vSwoole/library/server/WebSocketServer.php(31): vSwoole\library\server\Server->__construct(Array, Array)
#6 /mnt/hgfs/demo/vSwoole/application/server/WebSocket.php(55): vSwoole\library\server\WebSocketServer->__construct(Array, Array)
#7 /mnt/hgfs/demo/vSwoole/library/Init.php(357): vSwoole\application\server\WebSoc
In /mnt/hgfs/demo/vSwoole/application/server/logic/WebSocketLogic.php: 92
Exception Code: E_ERROR[1]
Exception Trace: 
#0 [internal function]: vSwoole\library\common\exception\Exception::swooleShutdown()
#1 {main}

[2018-05-18 19:07:11] 
vSwoole\library\common\exception\Exception: Undefined index: fd
In /mnt/hgfs/demo/vSwoole/application/server/logic/WebSocketLogic.php: 93
Exception Code: E_NOTICE[8]
Exception Trace: 
#0 /mnt/hgfs/demo/vSwoole/application/server/logic/WebSocketLogic.php(93): vSwoole\library\common\exception\Exception::swooleError(8, 'Undefined index...', '/mnt/hgfs/demo/...', 93, Array)
#1 [internal function]: vSwoole\application\server\logic\WebSocketLogic->message(Object(Swoole\WebSocket\Frame))
#2 /mnt/hgfs/demo/vSwoole/library/common/Task.php(41): call_user_func_array(Array, Array)
#3 /mnt/hgfs/demo/vSwoole/application/server/WebSocket.php(147): vSwoole\library\common\Task::execute(Object(Swoole\WebSocket\Server), Array)
#4 [internal function]: vSwoole\application\server\WebSocket->onTask(Object(Swoole\WebSocket\Server), 1, 3, Array)
#5 /mnt/hgfs/demo/vSwoole/library/server/Server.php(156): Swoole\Http\Server->start()
#6 /mnt/hgfs/demo/vSwoole/library/server/WebSocketServer.php(31): vSwoole\library\server\Server->__construct(Array, Array)
#7 /mnt/hgfs/demo/vSwoole/application/server/WebSocket.php(55): vSwoole\library\server\WebSocketServer->__construct(Array, Array)
#8 /mnt/hgfs/demo/vSwoole/library/Init.php(357): vSwoole\application\server\WebSocket->__construct()
#9 /mnt/hgfs/demo/vSwoole/library/Init.php(46): vSwoole\library\Init->runServer('vSwoole\\applica...')
#10 /mnt/hgfs/demo/vSwoole/public/swoole.php(25): vSwoole\library\Init::cmd()
#11 /mnt/hgfs/demo/vSwoole/public/swoole.php(32): Swoole->__construct()
#12 {main}

[2018-05-18 19:12:37] 
vSwoole\library\common\exception\Exception: Undefined index: data
In /mnt/hgfs/demo/vSwoole/application/server/logic/WebSocketLogic.php: 235
Exception Code: E_NOTICE[8]
Exception Trace: 
#0 /mnt/hgfs/demo/vSwoole/application/server/logic/WebSocketLogic.php(235): vSwoole\library\common\exception\Exception::swooleError(8, 'Undefined index...', '/mnt/hgfs/demo/...', 235, Array)
#1 /mnt/hgfs/demo/vSwoole/application/server/logic/WebSocketLogic.php(93): vSwoole\application\server\logic\WebSocketLogic->closeFd(Array)
#2 [internal function]: vSwoole\application\server\logic\WebSocketLogic->message(Object(Swoole\WebSocket\Frame))
#3 /mnt/hgfs/demo/vSwoole/library/common/Task.php(41): call_user_func_array(Array, Array)
#4 /mnt/hgfs/demo/vSwoole/application/server/WebSocket.php(147): vSwoole\library\common\Task::execute(Object(Swoole\WebSocket\Server), Array)
#5 [internal function]: vSwoole\application\server\WebSocket->onTask(Object(Swoole\WebSocket\Server), 1, 3, Array)
#6 /mnt/hgfs/demo/vSwoole/library/server/Server.php(156): Swoole\Http\Server->start()
#7 /mnt/hgfs/demo/vSwoole/library/server/WebSocketServer.php(31): vSwoole\library\server\Server->__construct(Array, Array)
#8 /mnt/hgfs/demo/vSwoole/application/server/WebSocket.php(55): vSwoole\library\server\WebSocketServer->__construct(Array, Array)
#9 /mnt/hgfs/demo/vSwoole/library/Init.php(357): vSwoole\application\server\WebSocket->__construct()
#10 /mnt/hgfs/demo/vSwoole/library/Init.php(46): vSwoole\library\Init->runServer('vSwoole\\applica...')
#11 /mnt/hgfs/demo/vSwoole/public/swoole.php(25): vSwoole\library\Init::cmd()
#12 /mnt/hgfs/demo/vSwoole/public/swoole.php(32): Swoole->__construct()
#13 {main}

[2018-05-18 19:37:52] 
vSwoole\library\common\exception\Exception: Invalid argument supplied for foreach()
In /mnt/hgfs/demo/vSwoole/application/server/logic/WebSocketLogic.php: 250
Exception Code: E_WARNING[2]
Exception Trace: 
#0 /mnt/hgfs/demo/vSwoole/application/server/logic/WebSocketLogic.php(250): vSwoole\library\common\exception\Exception::swooleError(2, 'Invalid argumen...', '/mnt/hgfs/demo/...', 250, Array)
#1 /mnt/hgfs/demo/vSwoole/application/server/logic/WebSocketLogic.php(90): vSwoole\application\server\logic\WebSocketLogic->getRanges(Object(Swoole\WebSocket\Frame))
#2 [internal function]: vSwoole\application\server\logic\WebSocketLogic->message(Object(Swoole\WebSocket\Frame))
#3 /mnt/hgfs/demo/vSwoole/library/common/Task.php(41): call_user_func_array(Array, Array)
#4 /mnt/hgfs/demo/vSwoole/application/server/WebSocket.php(147): vSwoole\library\common\Task::execute(Object(Swoole\WebSocket\Server), Array)
#5 [internal function]: vSwoole\application\server\WebSocket->onTask(Object(Swoole\WebSocket\Server), 1, 0, Array)
#6 /mnt/hgfs/demo/vSwoole/library/server/Server.php(156): Swoole\Http\Server->start()
#7 /mnt/hgfs/demo/vSwoole/library/server/WebSocketServer.php(31): vSwoole\library\server\Server->__construct(Array, Array)
#8 /mnt/hgfs/demo/vSwoole/application/server/WebSocket.php(55): vSwoole\library\server\WebSocketServer->__construct(Array, Array)
#9 /mnt/hgfs/demo/vSwoole/library/Init.php(357): vSwoole\application\server\WebSocket->__construct()
#10 /mnt/hgfs/demo/vSwoole/library/Init.php(46): vSwoole\library\Init->runServer('vSwoole\\applica...')
#11 /mnt/hgfs/demo/vSwoole/public/swoole.php(25): vSwoole\library\Init::cmd()
#12 /mnt/hgfs/demo/vSwoole/public/swoole.php(32): Swoole->__construct()
#13 {main}

[2018-05-18 19:42:04] 
vSwoole\library\common\exception\Exception: Invalid argument supplied for foreach()
In /mnt/hgfs/demo/vSwoole/application/server/logic/WebSocketLogic.php: 250
Exception Code: E_WARNING[2]
Exception Trace: 
#0 /mnt/hgfs/demo/vSwoole/application/server/logic/WebSocketLogic.php(250): vSwoole\library\common\exception\Exception::swooleError(2, 'Invalid argumen...', '/mnt/hgfs/demo/...', 250, Array)
#1 /mnt/hgfs/demo/vSwoole/application/server/logic/WebSocketLogic.php(90): vSwoole\application\server\logic\WebSocketLogic->getRanges(Object(Swoole\WebSocket\Frame))
#2 [internal function]: vSwoole\application\server\logic\WebSocketLogic->message(Object(Swoole\WebSocket\Frame))
#3 /mnt/hgfs/demo/vSwoole/library/common/Task.php(41): call_user_func_array(Array, Array)
#4 /mnt/hgfs/demo/vSwoole/application/server/WebSocket.php(147): vSwoole\library\common\Task::execute(Object(Swoole\WebSocket\Server), Array)
#5 [internal function]: vSwoole\application\server\WebSocket->onTask(Object(Swoole\WebSocket\Server), 4, 0, Array)
#6 /mnt/hgfs/demo/vSwoole/library/server/Server.php(156): Swoole\Http\Server->start()
#7 /mnt/hgfs/demo/vSwoole/library/server/WebSocketServer.php(31): vSwoole\library\server\Server->__construct(Array, Array)
#8 /mnt/hgfs/demo/vSwoole/application/server/WebSocket.php(55): vSwoole\library\server\WebSocketServer->__construct(Array, Array)
#9 /mnt/hgfs/demo/vSwoole/library/Init.php(357): vSwoole\application\server\WebSocket->__construct()
#10 /mnt/hgfs/demo/vSwoole/library/Init.php(46): vSwoole\library\Init->runServer('vSwoole\\applica...')
#11 /mnt/hgfs/demo/vSwoole/public/swoole.php(25): vSwoole\library\Init::cmd()
#12 /mnt/hgfs/demo/vSwoole/public/swoole.php(32): Swoole->__construct()
#13 {main}

