[2018-05-08 19:14:53] 
+-----------------------------------------------------------------------------------------------------+
|Swoole_WebSocket_Server start ok. 2018-05-08 19:14:53
+-----------------------------------------------------------------------------------------------------+
|IP: 10.4.0.101
|daemonize: false
|log_file: WebSocket.log
|worker_num: 4
|reactor_num: 2
|task_worker_num: 4
|heartbeat_check_interval: 60
|heartbeat_idle_time: 600
|open_cpu_affinity: true
|debug_mode: false
|ssl_cert_file: server.crt
|ssl_key_file: server.key
|open_http_protocol: true
|open_mqtt_protocol: false
|open_eof_check: false
|open_length_check: false
|open_websocket_protocol: true
+-----------------------------------------------------------------------------------------------------+

