[2018-05-17 10:07:54] 
vSwoole\library\common\exception\Exception: Swoole\Client::connect(): connect to server[10.4.0.101:8501] failed. Error: Connection refused[111].
In /mnt/hgfs/demo/vSwoole/library/client/Client.php: 76
Exception Code: E_WARNING[2]
Exception Trace: 
#0 [internal function]: vSwoole\library\common\exception\Exception::swooleError(2, 'Swoole\\Client::...', '/mnt/hgfs/demo/...', 76, Array)
#1 /mnt/hgfs/demo/vSwoole/library/client/Client.php(76): Swoole\Client->connect('10.4.0.101', 8501, 3, 0)
#2 /mnt/hgfs/demo/vSwoole/library/client/WebSocketClient.php(47): vSwoole\library\client\Client->__construct(Array, Array)
#3 /mnt/hgfs/demo/vSwoole/application/client/WebSocket.php(37): vSwoole\library\client\WebSocketClient->__construct(Array, Array)
#4 /mnt/hgfs/demo/vSwoole/library/Init.php(371): vSwoole\application\client\WebSocket->__construct()
#5 /mnt/hgfs/demo/vSwoole/public/client.php(25): vSwoole\library\Init->runClient()
#6 /mnt/hgfs/demo/vSwoole/public/client.php(32): Client->__construct()
#7 {main}

[2018-05-17 10:07:54] 
vSwoole\library\common\exception\Exception: Swoole\Client::connect(): connect to server[10.4.0.101:8501] failed. Error: Connection refused[111].
In /mnt/hgfs/demo/vSwoole/library/common/Utils.php: 87
Exception Code: E_WARNING[2]
Exception Trace: 
#0 [internal function]: vSwoole\library\common\exception\Exception::swooleError(2, 'Swoole\\Client::...', '/mnt/hgfs/demo/...', 87, Array)
#1 /mnt/hgfs/demo/vSwoole/library/common/Utils.php(87): Swoole\Client->connect('10.4.0.101', 8501, 3, 0)
#2 /mnt/hgfs/demo/vSwoole/application/client/WebSocket.php(115): vSwoole\library\common\Utils::getServerStatus('10.4.0.101', 8501)
#3 /mnt/hgfs/demo/vSwoole/library/Init.php(373): vSwoole\application\client\WebSocket->getServerList()
#4 /mnt/hgfs/demo/vSwoole/public/client.php(25): vSwoole\library\Init->runClient()
#5 /mnt/hgfs/demo/vSwoole/public/client.php(32): Client->__construct()
#6 {main}

[2018-05-17 10:07:57] 
vSwoole\library\common\exception\Exception: Swoole\Client::connect(): connect to server[10.4.0.101:8501] failed. Error: Connection refused[111].
In /mnt/hgfs/demo/vSwoole/library/client/Client.php: 76
Exception Code: E_WARNING[2]
Exception Trace: 
#0 [internal function]: vSwoole\library\common\exception\Exception::swooleError(2, 'Swoole\\Client::...', '/mnt/hgfs/demo/...', 76, Array)
#1 /mnt/hgfs/demo/vSwoole/library/client/Client.php(76): Swoole\Client->connect('10.4.0.101', 8501, 3, 0)
#2 /mnt/hgfs/demo/vSwoole/library/client/WebSocketClient.php(47): vSwoole\library\client\Client->__construct(Array, Array)
#3 /mnt/hgfs/demo/vSwoole/application/client/WebSocket.php(37): vSwoole\library\client\WebSocketClient->__construct(Array, Array)
#4 /mnt/hgfs/demo/vSwoole/library/Init.php(371): vSwoole\application\client\WebSocket->__construct()
#5 /mnt/hgfs/demo/vSwoole/public/client.php(25): vSwoole\library\Init->runClient()
#6 /mnt/hgfs/demo/vSwoole/public/client.php(32): Client->__construct()
#7 {main}

[2018-05-17 10:07:57] 
vSwoole\library\common\exception\Exception: Swoole\Client::connect(): connect to server[10.4.0.101:8501] failed. Error: Connection refused[111].
In /mnt/hgfs/demo/vSwoole/library/common/Utils.php: 87
Exception Code: E_WARNING[2]
Exception Trace: 
#0 [internal function]: vSwoole\library\common\exception\Exception::swooleError(2, 'Swoole\\Client::...', '/mnt/hgfs/demo/...', 87, Array)
#1 /mnt/hgfs/demo/vSwoole/library/common/Utils.php(87): Swoole\Client->connect('10.4.0.101', 8501, 3, 0)
#2 /mnt/hgfs/demo/vSwoole/application/client/WebSocket.php(115): vSwoole\library\common\Utils::getServerStatus('10.4.0.101', 8501)
#3 /mnt/hgfs/demo/vSwoole/library/Init.php(373): vSwoole\application\client\WebSocket->getServerList()
#4 /mnt/hgfs/demo/vSwoole/public/client.php(25): vSwoole\library\Init->runClient()
#5 /mnt/hgfs/demo/vSwoole/public/client.php(32): Client->__construct()
#6 {main}

[2018-05-17 10:08:01] 
vSwoole\library\common\exception\Exception: Swoole\Client::connect(): connect to server[10.4.0.101:8501] failed. Error: Connection refused[111].
In /mnt/hgfs/demo/vSwoole/library/client/Client.php: 76
Exception Code: E_WARNING[2]
Exception Trace: 
#0 [internal function]: vSwoole\library\common\exception\Exception::swooleError(2, 'Swoole\\Client::...', '/mnt/hgfs/demo/...', 76, Array)
#1 /mnt/hgfs/demo/vSwoole/library/client/Client.php(76): Swoole\Client->connect('10.4.0.101', 8501, 3, 0)
#2 /mnt/hgfs/demo/vSwoole/library/client/WebSocketClient.php(47): vSwoole\library\client\Client->__construct(Array, Array)
#3 /mnt/hgfs/demo/vSwoole/application/client/WebSocket.php(37): vSwoole\library\client\WebSocketClient->__construct(Array, Array)
#4 /mnt/hgfs/demo/vSwoole/library/Init.php(371): vSwoole\application\client\WebSocket->__construct()
#5 /mnt/hgfs/demo/vSwoole/public/client.php(25): vSwoole\library\Init->runClient()
#6 /mnt/hgfs/demo/vSwoole/public/client.php(32): Client->__construct()
#7 {main}

[2018-05-17 10:08:01] 
vSwoole\library\common\exception\Exception: Swoole\Client::connect(): connect to server[10.4.0.101:8501] failed. Error: Connection refused[111].
In /mnt/hgfs/demo/vSwoole/library/common/Utils.php: 87
Exception Code: E_WARNING[2]
Exception Trace: 
#0 [internal function]: vSwoole\library\common\exception\Exception::swooleError(2, 'Swoole\\Client::...', '/mnt/hgfs/demo/...', 87, Array)
#1 /mnt/hgfs/demo/vSwoole/library/common/Utils.php(87): Swoole\Client->connect('10.4.0.101', 8501, 3, 0)
#2 /mnt/hgfs/demo/vSwoole/application/client/WebSocket.php(115): vSwoole\library\common\Utils::getServerStatus('10.4.0.101', 8501)
#3 /mnt/hgfs/demo/vSwoole/library/Init.php(373): vSwoole\application\client\WebSocket->getServerList()
#4 /mnt/hgfs/demo/vSwoole/public/client.php(25): vSwoole\library\Init->runClient()
#5 /mnt/hgfs/demo/vSwoole/public/client.php(32): Client->__construct()
#6 {main}

[2018-05-17 10:08:04] 
vSwoole\library\common\exception\Exception: Swoole\Client::connect(): connect to server[10.4.0.101:8501] failed. Error: Connection refused[111].
In /mnt/hgfs/demo/vSwoole/library/client/Client.php: 76
Exception Code: E_WARNING[2]
Exception Trace: 
#0 [internal function]: vSwoole\library\common\exception\Exception::swooleError(2, 'Swoole\\Client::...', '/mnt/hgfs/demo/...', 76, Array)
#1 /mnt/hgfs/demo/vSwoole/library/client/Client.php(76): Swoole\Client->connect('10.4.0.101', 8501, 3, 0)
#2 /mnt/hgfs/demo/vSwoole/library/client/WebSocketClient.php(47): vSwoole\library\client\Client->__construct(Array, Array)
#3 /mnt/hgfs/demo/vSwoole/application/client/WebSocket.php(37): vSwoole\library\client\WebSocketClient->__construct(Array, Array)
#4 /mnt/hgfs/demo/vSwoole/library/Init.php(371): vSwoole\application\client\WebSocket->__construct()
#5 /mnt/hgfs/demo/vSwoole/public/client.php(25): vSwoole\library\Init->runClient()
#6 /mnt/hgfs/demo/vSwoole/public/client.php(32): Client->__construct()
#7 {main}

[2018-05-17 10:08:04] 
vSwoole\library\common\exception\Exception: Swoole\Client::connect(): connect to server[10.4.0.101:8501] failed. Error: Connection refused[111].
In /mnt/hgfs/demo/vSwoole/library/common/Utils.php: 87
Exception Code: E_WARNING[2]
Exception Trace: 
#0 [internal function]: vSwoole\library\common\exception\Exception::swooleError(2, 'Swoole\\Client::...', '/mnt/hgfs/demo/...', 87, Array)
#1 /mnt/hgfs/demo/vSwoole/library/common/Utils.php(87): Swoole\Client->connect('10.4.0.101', 8501, 3, 0)
#2 /mnt/hgfs/demo/vSwoole/application/client/WebSocket.php(115): vSwoole\library\common\Utils::getServerStatus('10.4.0.101', 8501)
#3 /mnt/hgfs/demo/vSwoole/library/Init.php(373): vSwoole\application\client\WebSocket->getServerList()
#4 /mnt/hgfs/demo/vSwoole/public/client.php(25): vSwoole\library\Init->runClient()
#5 /mnt/hgfs/demo/vSwoole/public/client.php(32): Client->__construct()
#6 {main}

[2018-05-17 10:08:07] 
vSwoole\library\common\exception\Exception: Swoole\Client::connect(): connect to server[10.4.0.101:8501] failed. Error: Connection refused[111].
In /mnt/hgfs/demo/vSwoole/library/client/Client.php: 76
Exception Code: E_WARNING[2]
Exception Trace: 
#0 [internal function]: vSwoole\library\common\exception\Exception::swooleError(2, 'Swoole\\Client::...', '/mnt/hgfs/demo/...', 76, Array)
#1 /mnt/hgfs/demo/vSwoole/library/client/Client.php(76): Swoole\Client->connect('10.4.0.101', 8501, 3, 0)
#2 /mnt/hgfs/demo/vSwoole/library/client/WebSocketClient.php(47): vSwoole\library\client\Client->__construct(Array, Array)
#3 /mnt/hgfs/demo/vSwoole/application/client/WebSocket.php(37): vSwoole\library\client\WebSocketClient->__construct(Array, Array)
#4 /mnt/hgfs/demo/vSwoole/library/Init.php(371): vSwoole\application\client\WebSocket->__construct()
#5 /mnt/hgfs/demo/vSwoole/public/client.php(25): vSwoole\library\Init->runClient()
#6 /mnt/hgfs/demo/vSwoole/public/client.php(32): Client->__construct()
#7 {main}

[2018-05-17 10:08:07] 
vSwoole\library\common\exception\Exception: Swoole\Client::connect(): connect to server[10.4.0.101:8501] failed. Error: Connection refused[111].
In /mnt/hgfs/demo/vSwoole/library/common/Utils.php: 87
Exception Code: E_WARNING[2]
Exception Trace: 
#0 [internal function]: vSwoole\library\common\exception\Exception::swooleError(2, 'Swoole\\Client::...', '/mnt/hgfs/demo/...', 87, Array)
#1 /mnt/hgfs/demo/vSwoole/library/common/Utils.php(87): Swoole\Client->connect('10.4.0.101', 8501, 3, 0)
#2 /mnt/hgfs/demo/vSwoole/application/client/WebSocket.php(115): vSwoole\library\common\Utils::getServerStatus('10.4.0.101', 8501)
#3 /mnt/hgfs/demo/vSwoole/library/Init.php(373): vSwoole\application\client\WebSocket->getServerList()
#4 /mnt/hgfs/demo/vSwoole/public/client.php(25): vSwoole\library\Init->runClient()
#5 /mnt/hgfs/demo/vSwoole/public/client.php(32): Client->__construct()
#6 {main}

[2018-05-17 10:08:10] 
vSwoole\library\common\exception\Exception: Swoole\Client::connect(): connect to server[10.4.0.101:8501] failed. Error: Connection refused[111].
In /mnt/hgfs/demo/vSwoole/library/client/Client.php: 76
Exception Code: E_WARNING[2]
Exception Trace: 
#0 [internal function]: vSwoole\library\common\exception\Exception::swooleError(2, 'Swoole\\Client::...', '/mnt/hgfs/demo/...', 76, Array)
#1 /mnt/hgfs/demo/vSwoole/library/client/Client.php(76): Swoole\Client->connect('10.4.0.101', 8501, 3, 0)
#2 /mnt/hgfs/demo/vSwoole/library/client/WebSocketClient.php(47): vSwoole\library\client\Client->__construct(Array, Array)
#3 /mnt/hgfs/demo/vSwoole/application/client/WebSocket.php(37): vSwoole\library\client\WebSocketClient->__construct(Array, Array)
#4 /mnt/hgfs/demo/vSwoole/library/Init.php(371): vSwoole\application\client\WebSocket->__construct()
#5 /mnt/hgfs/demo/vSwoole/public/client.php(25): vSwoole\library\Init->runClient()
#6 /mnt/hgfs/demo/vSwoole/public/client.php(32): Client->__construct()
#7 {main}

[2018-05-17 10:08:10] 
vSwoole\library\common\exception\Exception: Swoole\Client::connect(): connect to server[10.4.0.101:8501] failed. Error: Connection refused[111].
In /mnt/hgfs/demo/vSwoole/library/common/Utils.php: 87
Exception Code: E_WARNING[2]
Exception Trace: 
#0 [internal function]: vSwoole\library\common\exception\Exception::swooleError(2, 'Swoole\\Client::...', '/mnt/hgfs/demo/...', 87, Array)
#1 /mnt/hgfs/demo/vSwoole/library/common/Utils.php(87): Swoole\Client->connect('10.4.0.101', 8501, 3, 0)
#2 /mnt/hgfs/demo/vSwoole/application/client/WebSocket.php(115): vSwoole\library\common\Utils::getServerStatus('10.4.0.101', 8501)
#3 /mnt/hgfs/demo/vSwoole/library/Init.php(373): vSwoole\application\client\WebSocket->getServerList()
#4 /mnt/hgfs/demo/vSwoole/public/client.php(25): vSwoole\library\Init->runClient()
#5 /mnt/hgfs/demo/vSwoole/public/client.php(32): Client->__construct()
#6 {main}

[2018-05-17 10:08:13] 
vSwoole\library\common\exception\Exception: Swoole\Client::connect(): connect to server[10.4.0.101:8501] failed. Error: Connection refused[111].
In /mnt/hgfs/demo/vSwoole/library/client/Client.php: 76
Exception Code: E_WARNING[2]
Exception Trace: 
#0 [internal function]: vSwoole\library\common\exception\Exception::swooleError(2, 'Swoole\\Client::...', '/mnt/hgfs/demo/...', 76, Array)
#1 /mnt/hgfs/demo/vSwoole/library/client/Client.php(76): Swoole\Client->connect('10.4.0.101', 8501, 3, 0)
#2 /mnt/hgfs/demo/vSwoole/library/client/WebSocketClient.php(47): vSwoole\library\client\Client->__construct(Array, Array)
#3 /mnt/hgfs/demo/vSwoole/application/client/WebSocket.php(37): vSwoole\library\client\WebSocketClient->__construct(Array, Array)
#4 /mnt/hgfs/demo/vSwoole/library/Init.php(371): vSwoole\application\client\WebSocket->__construct()
#5 /mnt/hgfs/demo/vSwoole/public/client.php(25): vSwoole\library\Init->runClient()
#6 /mnt/hgfs/demo/vSwoole/public/client.php(32): Client->__construct()
#7 {main}

[2018-05-17 10:08:13] 
vSwoole\library\common\exception\Exception: Swoole\Client::connect(): connect to server[10.4.0.101:8501] failed. Error: Connection refused[111].
In /mnt/hgfs/demo/vSwoole/library/common/Utils.php: 87
Exception Code: E_WARNING[2]
Exception Trace: 
#0 [internal function]: vSwoole\library\common\exception\Exception::swooleError(2, 'Swoole\\Client::...', '/mnt/hgfs/demo/...', 87, Array)
#1 /mnt/hgfs/demo/vSwoole/library/common/Utils.php(87): Swoole\Client->connect('10.4.0.101', 8501, 3, 0)
#2 /mnt/hgfs/demo/vSwoole/application/client/WebSocket.php(115): vSwoole\library\common\Utils::getServerStatus('10.4.0.101', 8501)
#3 /mnt/hgfs/demo/vSwoole/library/Init.php(373): vSwoole\application\client\WebSocket->getServerList()
#4 /mnt/hgfs/demo/vSwoole/public/client.php(25): vSwoole\library\Init->runClient()
#5 /mnt/hgfs/demo/vSwoole/public/client.php(32): Client->__construct()
#6 {main}

[2018-05-17 10:08:16] 
vSwoole\library\common\exception\Exception: Swoole\Client::connect(): connect to server[10.4.0.101:8501] failed. Error: Connection refused[111].
In /mnt/hgfs/demo/vSwoole/library/client/Client.php: 76
Exception Code: E_WARNING[2]
Exception Trace: 
#0 [internal function]: vSwoole\library\common\exception\Exception::swooleError(2, 'Swoole\\Client::...', '/mnt/hgfs/demo/...', 76, Array)
#1 /mnt/hgfs/demo/vSwoole/library/client/Client.php(76): Swoole\Client->connect('10.4.0.101', 8501, 3, 0)
#2 /mnt/hgfs/demo/vSwoole/library/client/WebSocketClient.php(47): vSwoole\library\client\Client->__construct(Array, Array)
#3 /mnt/hgfs/demo/vSwoole/application/client/WebSocket.php(37): vSwoole\library\client\WebSocketClient->__construct(Array, Array)
#4 /mnt/hgfs/demo/vSwoole/library/Init.php(371): vSwoole\application\client\WebSocket->__construct()
#5 /mnt/hgfs/demo/vSwoole/public/client.php(25): vSwoole\library\Init->runClient()
#6 /mnt/hgfs/demo/vSwoole/public/client.php(32): Client->__construct()
#7 {main}

[2018-05-17 10:08:16] 
vSwoole\library\common\exception\Exception: Swoole\Client::connect(): connect to server[10.4.0.101:8501] failed. Error: Connection refused[111].
In /mnt/hgfs/demo/vSwoole/library/common/Utils.php: 87
Exception Code: E_WARNING[2]
Exception Trace: 
#0 [internal function]: vSwoole\library\common\exception\Exception::swooleError(2, 'Swoole\\Client::...', '/mnt/hgfs/demo/...', 87, Array)
#1 /mnt/hgfs/demo/vSwoole/library/common/Utils.php(87): Swoole\Client->connect('10.4.0.101', 8501, 3, 0)
#2 /mnt/hgfs/demo/vSwoole/application/client/WebSocket.php(115): vSwoole\library\common\Utils::getServerStatus('10.4.0.101', 8501)
#3 /mnt/hgfs/demo/vSwoole/library/Init.php(373): vSwoole\application\client\WebSocket->getServerList()
#4 /mnt/hgfs/demo/vSwoole/public/client.php(25): vSwoole\library\Init->runClient()
#5 /mnt/hgfs/demo/vSwoole/public/client.php(32): Client->__construct()
#6 {main}

[2018-05-17 10:08:20] 
vSwoole\library\common\exception\Exception: Swoole\Client::connect(): connect to server[10.4.0.101:8501] failed. Error: Connection refused[111].
In /mnt/hgfs/demo/vSwoole/library/client/Client.php: 76
Exception Code: E_WARNING[2]
Exception Trace: 
#0 [internal function]: vSwoole\library\common\exception\Exception::swooleError(2, 'Swoole\\Client::...', '/mnt/hgfs/demo/...', 76, Array)
#1 /mnt/hgfs/demo/vSwoole/library/client/Client.php(76): Swoole\Client->connect('10.4.0.101', 8501, 3, 0)
#2 /mnt/hgfs/demo/vSwoole/library/client/WebSocketClient.php(47): vSwoole\library\client\Client->__construct(Array, Array)
#3 /mnt/hgfs/demo/vSwoole/application/client/WebSocket.php(37): vSwoole\library\client\WebSocketClient->__construct(Array, Array)
#4 /mnt/hgfs/demo/vSwoole/library/Init.php(371): vSwoole\application\client\WebSocket->__construct()
#5 /mnt/hgfs/demo/vSwoole/public/client.php(25): vSwoole\library\Init->runClient()
#6 /mnt/hgfs/demo/vSwoole/public/client.php(32): Client->__construct()
#7 {main}

[2018-05-17 10:08:20] 
vSwoole\library\common\exception\Exception: Swoole\Client::connect(): connect to server[10.4.0.101:8501] failed. Error: Connection refused[111].
In /mnt/hgfs/demo/vSwoole/library/common/Utils.php: 87
Exception Code: E_WARNING[2]
Exception Trace: 
#0 [internal function]: vSwoole\library\common\exception\Exception::swooleError(2, 'Swoole\\Client::...', '/mnt/hgfs/demo/...', 87, Array)
#1 /mnt/hgfs/demo/vSwoole/library/common/Utils.php(87): Swoole\Client->connect('10.4.0.101', 8501, 3, 0)
#2 /mnt/hgfs/demo/vSwoole/application/client/WebSocket.php(115): vSwoole\library\common\Utils::getServerStatus('10.4.0.101', 8501)
#3 /mnt/hgfs/demo/vSwoole/library/Init.php(373): vSwoole\application\client\WebSocket->getServerList()
#4 /mnt/hgfs/demo/vSwoole/public/client.php(25): vSwoole\library\Init->runClient()
#5 /mnt/hgfs/demo/vSwoole/public/client.php(32): Client->__construct()
#6 {main}

[2018-05-17 10:08:23] 
vSwoole\library\common\exception\Exception: Swoole\Client::connect(): connect to server[10.4.0.101:8501] failed. Error: Connection refused[111].
In /mnt/hgfs/demo/vSwoole/library/client/Client.php: 76
Exception Code: E_WARNING[2]
Exception Trace: 
#0 [internal function]: vSwoole\library\common\exception\Exception::swooleError(2, 'Swoole\\Client::...', '/mnt/hgfs/demo/...', 76, Array)
#1 /mnt/hgfs/demo/vSwoole/library/client/Client.php(76): Swoole\Client->connect('10.4.0.101', 8501, 3, 0)
#2 /mnt/hgfs/demo/vSwoole/library/client/WebSocketClient.php(47): vSwoole\library\client\Client->__construct(Array, Array)
#3 /mnt/hgfs/demo/vSwoole/application/client/WebSocket.php(37): vSwoole\library\client\WebSocketClient->__construct(Array, Array)
#4 /mnt/hgfs/demo/vSwoole/library/Init.php(371): vSwoole\application\client\WebSocket->__construct()
#5 /mnt/hgfs/demo/vSwoole/public/client.php(25): vSwoole\library\Init->runClient()
#6 /mnt/hgfs/demo/vSwoole/public/client.php(32): Client->__construct()
#7 {main}

[2018-05-17 10:08:23] 
vSwoole\library\common\exception\Exception: Swoole\Client::connect(): connect to server[10.4.0.101:8501] failed. Error: Connection refused[111].
In /mnt/hgfs/demo/vSwoole/library/common/Utils.php: 87
Exception Code: E_WARNING[2]
Exception Trace: 
#0 [internal function]: vSwoole\library\common\exception\Exception::swooleError(2, 'Swoole\\Client::...', '/mnt/hgfs/demo/...', 87, Array)
#1 /mnt/hgfs/demo/vSwoole/library/common/Utils.php(87): Swoole\Client->connect('10.4.0.101', 8501, 3, 0)
#2 /mnt/hgfs/demo/vSwoole/application/client/WebSocket.php(115): vSwoole\library\common\Utils::getServerStatus('10.4.0.101', 8501)
#3 /mnt/hgfs/demo/vSwoole/library/Init.php(373): vSwoole\application\client\WebSocket->getServerList()
#4 /mnt/hgfs/demo/vSwoole/public/client.php(25): vSwoole\library\Init->runClient()
#5 /mnt/hgfs/demo/vSwoole/public/client.php(32): Client->__construct()
#6 {main}

[2018-05-17 10:08:24] 
vSwoole\library\common\exception\Exception: Swoole\Client::connect(): connect to server[10.4.0.101:8501] failed. Error: Connection refused[111].
In /mnt/hgfs/demo/vSwoole/library/client/Client.php: 76
Exception Code: E_WARNING[2]
Exception Trace: 
#0 [internal function]: vSwoole\library\common\exception\Exception::swooleError(2, 'Swoole\\Client::...', '/mnt/hgfs/demo/...', 76, Array)
#1 /mnt/hgfs/demo/vSwoole/library/client/Client.php(76): Swoole\Client->connect('10.4.0.101', 8501, 3, 0)
#2 /mnt/hgfs/demo/vSwoole/library/client/WebSocketClient.php(47): vSwoole\library\client\Client->__construct(Array, Array)
#3 /mnt/hgfs/demo/vSwoole/application/client/WebSocket.php(37): vSwoole\library\client\WebSocketClient->__construct(Array, Array)
#4 /mnt/hgfs/demo/vSwoole/library/Init.php(371): vSwoole\application\client\WebSocket->__construct()
#5 /mnt/hgfs/demo/vSwoole/public/client.php(25): vSwoole\library\Init->runClient()
#6 /mnt/hgfs/demo/vSwoole/public/client.php(32): Client->__construct()
#7 {main}

[2018-05-17 10:08:34] 
vSwoole\library\common\exception\Exception: Swoole\Client::connect(): connect to server[10.4.0.101:8501] failed. Error: Connection refused[111].
In /mnt/hgfs/demo/vSwoole/library/client/Client.php: 76
Exception Code: E_WARNING[2]
Exception Trace: 
#0 [internal function]: vSwoole\library\common\exception\Exception::swooleError(2, 'Swoole\\Client::...', '/mnt/hgfs/demo/...', 76, Array)
#1 /mnt/hgfs/demo/vSwoole/library/client/Client.php(76): Swoole\Client->connect('10.4.0.101', 8501, 3, 0)
#2 /mnt/hgfs/demo/vSwoole/library/client/WebSocketClient.php(47): vSwoole\library\client\Client->__construct(Array, Array)
#3 /mnt/hgfs/demo/vSwoole/application/client/WebSocket.php(37): vSwoole\library\client\WebSocketClient->__construct(Array, Array)
#4 /mnt/hgfs/demo/vSwoole/library/Init.php(371): vSwoole\application\client\WebSocket->__construct()
#5 /mnt/hgfs/demo/vSwoole/public/client.php(25): vSwoole\library\Init->runClient()
#6 /mnt/hgfs/demo/vSwoole/public/client.php(32): Client->__construct()
#7 {main}

[2018-05-17 10:08:44] 
vSwoole\library\common\exception\Exception: Swoole\Client::connect(): connect to server[10.4.0.101:8501] failed. Error: Connection refused[111].
In /mnt/hgfs/demo/vSwoole/library/client/Client.php: 76
Exception Code: E_WARNING[2]
Exception Trace: 
#0 [internal function]: vSwoole\library\common\exception\Exception::swooleError(2, 'Swoole\\Client::...', '/mnt/hgfs/demo/...', 76, Array)
#1 /mnt/hgfs/demo/vSwoole/library/client/Client.php(76): Swoole\Client->connect('10.4.0.101', 8501, 3, 0)
#2 /mnt/hgfs/demo/vSwoole/library/client/WebSocketClient.php(47): vSwoole\library\client\Client->__construct(Array, Array)
#3 /mnt/hgfs/demo/vSwoole/application/client/WebSocket.php(37): vSwoole\library\client\WebSocketClient->__construct(Array, Array)
#4 /mnt/hgfs/demo/vSwoole/library/Init.php(371): vSwoole\application\client\WebSocket->__construct()
#5 /mnt/hgfs/demo/vSwoole/public/client.php(25): vSwoole\library\Init->runClient()
#6 /mnt/hgfs/demo/vSwoole/public/client.php(32): Client->__construct()
#7 {main}

[2018-05-17 10:08:54] 
vSwoole\library\common\exception\Exception: Swoole\Client::connect(): connect to server[10.4.0.101:8501] failed. Error: Connection refused[111].
In /mnt/hgfs/demo/vSwoole/library/client/Client.php: 76
Exception Code: E_WARNING[2]
Exception Trace: 
#0 [internal function]: vSwoole\library\common\exception\Exception::swooleError(2, 'Swoole\\Client::...', '/mnt/hgfs/demo/...', 76, Array)
#1 /mnt/hgfs/demo/vSwoole/library/client/Client.php(76): Swoole\Client->connect('10.4.0.101', 8501, 3, 0)
#2 /mnt/hgfs/demo/vSwoole/library/client/WebSocketClient.php(47): vSwoole\library\client\Client->__construct(Array, Array)
#3 /mnt/hgfs/demo/vSwoole/application/client/WebSocket.php(37): vSwoole\library\client\WebSocketClient->__construct(Array, Array)
#4 /mnt/hgfs/demo/vSwoole/library/Init.php(371): vSwoole\application\client\WebSocket->__construct()
#5 /mnt/hgfs/demo/vSwoole/public/client.php(25): vSwoole\library\Init->runClient()
#6 /mnt/hgfs/demo/vSwoole/public/client.php(32): Client->__construct()
#7 {main}

[2018-05-17 10:09:04] 
vSwoole\library\common\exception\Exception: Swoole\Client::connect(): connect to server[10.4.0.101:8501] failed. Error: Connection refused[111].
In /mnt/hgfs/demo/vSwoole/library/client/Client.php: 76
Exception Code: E_WARNING[2]
Exception Trace: 
#0 [internal function]: vSwoole\library\common\exception\Exception::swooleError(2, 'Swoole\\Client::...', '/mnt/hgfs/demo/...', 76, Array)
#1 /mnt/hgfs/demo/vSwoole/library/client/Client.php(76): Swoole\Client->connect('10.4.0.101', 8501, 3, 0)
#2 /mnt/hgfs/demo/vSwoole/library/client/WebSocketClient.php(47): vSwoole\library\client\Client->__construct(Array, Array)
#3 /mnt/hgfs/demo/vSwoole/application/client/WebSocket.php(37): vSwoole\library\client\WebSocketClient->__construct(Array, Array)
#4 /mnt/hgfs/demo/vSwoole/library/Init.php(371): vSwoole\application\client\WebSocket->__construct()
#5 /mnt/hgfs/demo/vSwoole/public/client.php(25): vSwoole\library\Init->runClient()
#6 /mnt/hgfs/demo/vSwoole/public/client.php(32): Client->__construct()
#7 {main}

[2018-05-17 10:09:14] 
vSwoole\library\common\exception\Exception: Swoole\Client::connect(): connect to server[10.4.0.101:8501] failed. Error: Connection refused[111].
In /mnt/hgfs/demo/vSwoole/library/client/Client.php: 76
Exception Code: E_WARNING[2]
Exception Trace: 
#0 [internal function]: vSwoole\library\common\exception\Exception::swooleError(2, 'Swoole\\Client::...', '/mnt/hgfs/demo/...', 76, Array)
#1 /mnt/hgfs/demo/vSwoole/library/client/Client.php(76): Swoole\Client->connect('10.4.0.101', 8501, 3, 0)
#2 /mnt/hgfs/demo/vSwoole/library/client/WebSocketClient.php(47): vSwoole\library\client\Client->__construct(Array, Array)
#3 /mnt/hgfs/demo/vSwoole/application/client/WebSocket.php(37): vSwoole\library\client\WebSocketClient->__construct(Array, Array)
#4 /mnt/hgfs/demo/vSwoole/library/Init.php(371): vSwoole\application\client\WebSocket->__construct()
#5 /mnt/hgfs/demo/vSwoole/public/client.php(25): vSwoole\library\Init->runClient()
#6 /mnt/hgfs/demo/vSwoole/public/client.php(32): Client->__construct()
#7 {main}

[2018-05-17 10:09:24] 
vSwoole\library\common\exception\Exception: Swoole\Client::connect(): connect to server[10.4.0.101:8501] failed. Error: Connection refused[111].
In /mnt/hgfs/demo/vSwoole/library/client/Client.php: 76
Exception Code: E_WARNING[2]
Exception Trace: 
#0 [internal function]: vSwoole\library\common\exception\Exception::swooleError(2, 'Swoole\\Client::...', '/mnt/hgfs/demo/...', 76, Array)
#1 /mnt/hgfs/demo/vSwoole/library/client/Client.php(76): Swoole\Client->connect('10.4.0.101', 8501, 3, 0)
#2 /mnt/hgfs/demo/vSwoole/library/client/WebSocketClient.php(47): vSwoole\library\client\Client->__construct(Array, Array)
#3 /mnt/hgfs/demo/vSwoole/application/client/WebSocket.php(37): vSwoole\library\client\WebSocketClient->__construct(Array, Array)
#4 /mnt/hgfs/demo/vSwoole/library/Init.php(371): vSwoole\application\client\WebSocket->__construct()
#5 /mnt/hgfs/demo/vSwoole/public/client.php(25): vSwoole\library\Init->runClient()
#6 /mnt/hgfs/demo/vSwoole/public/client.php(32): Client->__construct()
#7 {main}

[2018-05-17 10:27:05] 
vSwoole\library\common\exception\Exception: Swoole\Client::connect(): connect to server[10.4.0.102:8501] failed. Error: Connection refused[111].
In /mnt/hgfs/demo/vSwoole/library/client/Client.php: 76
Exception Code: E_WARNING[2]
Exception Trace: 
#0 [internal function]: vSwoole\library\common\exception\Exception::swooleError(2, 'Swoole\\Client::...', '/mnt/hgfs/demo/...', 76, Array)
#1 /mnt/hgfs/demo/vSwoole/library/client/Client.php(76): Swoole\Client->connect('10.4.0.102', 8501, 3, 0)
#2 /mnt/hgfs/demo/vSwoole/library/client/WebSocketClient.php(47): vSwoole\library\client\Client->__construct(Array, Array)
#3 /mnt/hgfs/demo/vSwoole/application/client/WebSocket.php(37): vSwoole\library\client\WebSocketClient->__construct(Array, Array)
#4 /mnt/hgfs/demo/vSwoole/library/Init.php(371): vSwoole\application\client\WebSocket->__construct()
#5 /mnt/hgfs/demo/vSwoole/public/client.php(25): vSwoole\library\Init->runClient()
#6 /mnt/hgfs/demo/vSwoole/public/client.php(32): Client->__construct()
#7 {main}

[2018-05-17 10:27:05] 
vSwoole\library\common\exception\Exception: Swoole\Client::connect(): connect to server[10.4.0.101:8501] failed. Error: Connection refused[111].
In /mnt/hgfs/demo/vSwoole/library/client/Client.php: 76
Exception Code: E_WARNING[2]
Exception Trace: 
#0 [internal function]: vSwoole\library\common\exception\Exception::swooleError(2, 'Swoole\\Client::...', '/mnt/hgfs/demo/...', 76, Array)
#1 /mnt/hgfs/demo/vSwoole/library/client/Client.php(76): Swoole\Client->connect('10.4.0.101', 8501, 3, 0)
#2 /mnt/hgfs/demo/vSwoole/library/client/WebSocketClient.php(47): vSwoole\library\client\Client->__construct(Array, Array)
#3 /mnt/hgfs/demo/vSwoole/application/client/WebSocket.php(37): vSwoole\library\client\WebSocketClient->__construct(Array, Array)
#4 /mnt/hgfs/demo/vSwoole/library/Init.php(371): vSwoole\application\client\WebSocket->__construct()
#5 /mnt/hgfs/demo/vSwoole/public/client.php(25): vSwoole\library\Init->runClient()
#6 /mnt/hgfs/demo/vSwoole/public/client.php(32): Client->__construct()
#7 {main}

[2018-05-17 10:27:15] 
vSwoole\library\common\exception\Exception: Swoole\Client::connect(): connect to server[10.4.0.102:8501] failed. Error: Connection refused[111].
In /mnt/hgfs/demo/vSwoole/library/client/Client.php: 76
Exception Code: E_WARNING[2]
Exception Trace: 
#0 [internal function]: vSwoole\library\common\exception\Exception::swooleError(2, 'Swoole\\Client::...', '/mnt/hgfs/demo/...', 76, Array)
#1 /mnt/hgfs/demo/vSwoole/library/client/Client.php(76): Swoole\Client->connect('10.4.0.102', 8501, 3, 0)
#2 /mnt/hgfs/demo/vSwoole/library/client/WebSocketClient.php(47): vSwoole\library\client\Client->__construct(Array, Array)
#3 /mnt/hgfs/demo/vSwoole/application/client/WebSocket.php(37): vSwoole\library\client\WebSocketClient->__construct(Array, Array)
#4 /mnt/hgfs/demo/vSwoole/library/Init.php(371): vSwoole\application\client\WebSocket->__construct()
#5 /mnt/hgfs/demo/vSwoole/public/client.php(25): vSwoole\library\Init->runClient()
#6 /mnt/hgfs/demo/vSwoole/public/client.php(32): Client->__construct()
#7 {main}

[2018-05-17 10:27:15] 
vSwoole\library\common\exception\Exception: Swoole\Client::connect(): connect to server[10.4.0.101:8501] failed. Error: Connection refused[111].
In /mnt/hgfs/demo/vSwoole/library/client/Client.php: 76
Exception Code: E_WARNING[2]
Exception Trace: 
#0 [internal function]: vSwoole\library\common\exception\Exception::swooleError(2, 'Swoole\\Client::...', '/mnt/hgfs/demo/...', 76, Array)
#1 /mnt/hgfs/demo/vSwoole/library/client/Client.php(76): Swoole\Client->connect('10.4.0.101', 8501, 3, 0)
#2 /mnt/hgfs/demo/vSwoole/library/client/WebSocketClient.php(47): vSwoole\library\client\Client->__construct(Array, Array)
#3 /mnt/hgfs/demo/vSwoole/application/client/WebSocket.php(37): vSwoole\library\client\WebSocketClient->__construct(Array, Array)
#4 /mnt/hgfs/demo/vSwoole/library/Init.php(371): vSwoole\application\client\WebSocket->__construct()
#5 /mnt/hgfs/demo/vSwoole/public/client.php(25): vSwoole\library\Init->runClient()
#6 /mnt/hgfs/demo/vSwoole/public/client.php(32): Client->__construct()
#7 {main}

[2018-05-17 10:27:25] 
vSwoole\library\common\exception\Exception: Swoole\Client::connect(): connect to server[10.4.0.102:8501] failed. Error: Connection refused[111].
In /mnt/hgfs/demo/vSwoole/library/client/Client.php: 76
Exception Code: E_WARNING[2]
Exception Trace: 
#0 [internal function]: vSwoole\library\common\exception\Exception::swooleError(2, 'Swoole\\Client::...', '/mnt/hgfs/demo/...', 76, Array)
#1 /mnt/hgfs/demo/vSwoole/library/client/Client.php(76): Swoole\Client->connect('10.4.0.102', 8501, 3, 0)
#2 /mnt/hgfs/demo/vSwoole/library/client/WebSocketClient.php(47): vSwoole\library\client\Client->__construct(Array, Array)
#3 /mnt/hgfs/demo/vSwoole/application/client/WebSocket.php(37): vSwoole\library\client\WebSocketClient->__construct(Array, Array)
#4 /mnt/hgfs/demo/vSwoole/library/Init.php(371): vSwoole\application\client\WebSocket->__construct()
#5 /mnt/hgfs/demo/vSwoole/public/client.php(25): vSwoole\library\Init->runClient()
#6 /mnt/hgfs/demo/vSwoole/public/client.php(32): Client->__construct()
#7 {main}

[2018-05-17 10:27:25] 
vSwoole\library\common\exception\Exception: Swoole\Client::connect(): connect to server[10.4.0.101:8501] failed. Error: Connection refused[111].
In /mnt/hgfs/demo/vSwoole/library/client/Client.php: 76
Exception Code: E_WARNING[2]
Exception Trace: 
#0 [internal function]: vSwoole\library\common\exception\Exception::swooleError(2, 'Swoole\\Client::...', '/mnt/hgfs/demo/...', 76, Array)
#1 /mnt/hgfs/demo/vSwoole/library/client/Client.php(76): Swoole\Client->connect('10.4.0.101', 8501, 3, 0)
#2 /mnt/hgfs/demo/vSwoole/library/client/WebSocketClient.php(47): vSwoole\library\client\Client->__construct(Array, Array)
#3 /mnt/hgfs/demo/vSwoole/application/client/WebSocket.php(37): vSwoole\library\client\WebSocketClient->__construct(Array, Array)
#4 /mnt/hgfs/demo/vSwoole/library/Init.php(371): vSwoole\application\client\WebSocket->__construct()
#5 /mnt/hgfs/demo/vSwoole/public/client.php(25): vSwoole\library\Init->runClient()
#6 /mnt/hgfs/demo/vSwoole/public/client.php(32): Client->__construct()
#7 {main}

[2018-05-17 10:27:35] 
vSwoole\library\common\exception\Exception: Swoole\Client::connect(): connect to server[10.4.0.102:8501] failed. Error: Connection refused[111].
In /mnt/hgfs/demo/vSwoole/library/client/Client.php: 76
Exception Code: E_WARNING[2]
Exception Trace: 
#0 [internal function]: vSwoole\library\common\exception\Exception::swooleError(2, 'Swoole\\Client::...', '/mnt/hgfs/demo/...', 76, Array)
#1 /mnt/hgfs/demo/vSwoole/library/client/Client.php(76): Swoole\Client->connect('10.4.0.102', 8501, 3, 0)
#2 /mnt/hgfs/demo/vSwoole/library/client/WebSocketClient.php(47): vSwoole\library\client\Client->__construct(Array, Array)
#3 /mnt/hgfs/demo/vSwoole/application/client/WebSocket.php(37): vSwoole\library\client\WebSocketClient->__construct(Array, Array)
#4 /mnt/hgfs/demo/vSwoole/library/Init.php(371): vSwoole\application\client\WebSocket->__construct()
#5 /mnt/hgfs/demo/vSwoole/public/client.php(25): vSwoole\library\Init->runClient()
#6 /mnt/hgfs/demo/vSwoole/public/client.php(32): Client->__construct()
#7 {main}

[2018-05-17 10:27:35] 
vSwoole\library\common\exception\Exception: Swoole\Client::connect(): connect to server[10.4.0.101:8501] failed. Error: Connection refused[111].
In /mnt/hgfs/demo/vSwoole/library/client/Client.php: 76
Exception Code: E_WARNING[2]
Exception Trace: 
#0 [internal function]: vSwoole\library\common\exception\Exception::swooleError(2, 'Swoole\\Client::...', '/mnt/hgfs/demo/...', 76, Array)
#1 /mnt/hgfs/demo/vSwoole/library/client/Client.php(76): Swoole\Client->connect('10.4.0.101', 8501, 3, 0)
#2 /mnt/hgfs/demo/vSwoole/library/client/WebSocketClient.php(47): vSwoole\library\client\Client->__construct(Array, Array)
#3 /mnt/hgfs/demo/vSwoole/application/client/WebSocket.php(37): vSwoole\library\client\WebSocketClient->__construct(Array, Array)
#4 /mnt/hgfs/demo/vSwoole/library/Init.php(371): vSwoole\application\client\WebSocket->__construct()
#5 /mnt/hgfs/demo/vSwoole/public/client.php(25): vSwoole\library\Init->runClient()
#6 /mnt/hgfs/demo/vSwoole/public/client.php(32): Client->__construct()
#7 {main}

[2018-05-17 10:27:45] 
vSwoole\library\common\exception\Exception: Swoole\Client::connect(): connect to server[10.4.0.102:8501] failed. Error: Connection refused[111].
In /mnt/hgfs/demo/vSwoole/library/client/Client.php: 76
Exception Code: E_WARNING[2]
Exception Trace: 
#0 [internal function]: vSwoole\library\common\exception\Exception::swooleError(2, 'Swoole\\Client::...', '/mnt/hgfs/demo/...', 76, Array)
#1 /mnt/hgfs/demo/vSwoole/library/client/Client.php(76): Swoole\Client->connect('10.4.0.102', 8501, 3, 0)
#2 /mnt/hgfs/demo/vSwoole/library/client/WebSocketClient.php(47): vSwoole\library\client\Client->__construct(Array, Array)
#3 /mnt/hgfs/demo/vSwoole/application/client/WebSocket.php(37): vSwoole\library\client\WebSocketClient->__construct(Array, Array)
#4 /mnt/hgfs/demo/vSwoole/library/Init.php(371): vSwoole\application\client\WebSocket->__construct()
#5 /mnt/hgfs/demo/vSwoole/public/client.php(25): vSwoole\library\Init->runClient()
#6 /mnt/hgfs/demo/vSwoole/public/client.php(32): Client->__construct()
#7 {main}

[2018-05-17 10:27:45] 
vSwoole\library\common\exception\Exception: Swoole\Client::connect(): connect to server[10.4.0.101:8501] failed. Error: Connection refused[111].
In /mnt/hgfs/demo/vSwoole/library/client/Client.php: 76
Exception Code: E_WARNING[2]
Exception Trace: 
#0 [internal function]: vSwoole\library\common\exception\Exception::swooleError(2, 'Swoole\\Client::...', '/mnt/hgfs/demo/...', 76, Array)
#1 /mnt/hgfs/demo/vSwoole/library/client/Client.php(76): Swoole\Client->connect('10.4.0.101', 8501, 3, 0)
#2 /mnt/hgfs/demo/vSwoole/library/client/WebSocketClient.php(47): vSwoole\library\client\Client->__construct(Array, Array)
#3 /mnt/hgfs/demo/vSwoole/application/client/WebSocket.php(37): vSwoole\library\client\WebSocketClient->__construct(Array, Array)
#4 /mnt/hgfs/demo/vSwoole/library/Init.php(371): vSwoole\application\client\WebSocket->__construct()
#5 /mnt/hgfs/demo/vSwoole/public/client.php(25): vSwoole\library\Init->runClient()
#6 /mnt/hgfs/demo/vSwoole/public/client.php(32): Client->__construct()
#7 {main}

[2018-05-17 10:27:55] 
vSwoole\library\common\exception\Exception: Swoole\Client::connect(): connect to server[10.4.0.102:8501] failed. Error: Connection refused[111].
In /mnt/hgfs/demo/vSwoole/library/client/Client.php: 76
Exception Code: E_WARNING[2]
Exception Trace: 
#0 [internal function]: vSwoole\library\common\exception\Exception::swooleError(2, 'Swoole\\Client::...', '/mnt/hgfs/demo/...', 76, Array)
#1 /mnt/hgfs/demo/vSwoole/library/client/Client.php(76): Swoole\Client->connect('10.4.0.102', 8501, 3, 0)
#2 /mnt/hgfs/demo/vSwoole/library/client/WebSocketClient.php(47): vSwoole\library\client\Client->__construct(Array, Array)
#3 /mnt/hgfs/demo/vSwoole/application/client/WebSocket.php(37): vSwoole\library\client\WebSocketClient->__construct(Array, Array)
#4 /mnt/hgfs/demo/vSwoole/library/Init.php(371): vSwoole\application\client\WebSocket->__construct()
#5 /mnt/hgfs/demo/vSwoole/public/client.php(25): vSwoole\library\Init->runClient()
#6 /mnt/hgfs/demo/vSwoole/public/client.php(32): Client->__construct()
#7 {main}

[2018-05-17 10:27:55] 
vSwoole\library\common\exception\Exception: Swoole\Client::connect(): connect to server[10.4.0.101:8501] failed. Error: Connection refused[111].
In /mnt/hgfs/demo/vSwoole/library/client/Client.php: 76
Exception Code: E_WARNING[2]
Exception Trace: 
#0 [internal function]: vSwoole\library\common\exception\Exception::swooleError(2, 'Swoole\\Client::...', '/mnt/hgfs/demo/...', 76, Array)
#1 /mnt/hgfs/demo/vSwoole/library/client/Client.php(76): Swoole\Client->connect('10.4.0.101', 8501, 3, 0)
#2 /mnt/hgfs/demo/vSwoole/library/client/WebSocketClient.php(47): vSwoole\library\client\Client->__construct(Array, Array)
#3 /mnt/hgfs/demo/vSwoole/application/client/WebSocket.php(37): vSwoole\library\client\WebSocketClient->__construct(Array, Array)
#4 /mnt/hgfs/demo/vSwoole/library/Init.php(371): vSwoole\application\client\WebSocket->__construct()
#5 /mnt/hgfs/demo/vSwoole/public/client.php(25): vSwoole\library\Init->runClient()
#6 /mnt/hgfs/demo/vSwoole/public/client.php(32): Client->__construct()
#7 {main}

[2018-05-17 10:28:05] 
vSwoole\library\common\exception\Exception: Swoole\Client::connect(): connect to server[10.4.0.102:8501] failed. Error: Connection refused[111].
In /mnt/hgfs/demo/vSwoole/library/client/Client.php: 76
Exception Code: E_WARNING[2]
Exception Trace: 
#0 [internal function]: vSwoole\library\common\exception\Exception::swooleError(2, 'Swoole\\Client::...', '/mnt/hgfs/demo/...', 76, Array)
#1 /mnt/hgfs/demo/vSwoole/library/client/Client.php(76): Swoole\Client->connect('10.4.0.102', 8501, 3, 0)
#2 /mnt/hgfs/demo/vSwoole/library/client/WebSocketClient.php(47): vSwoole\library\client\Client->__construct(Array, Array)
#3 /mnt/hgfs/demo/vSwoole/application/client/WebSocket.php(37): vSwoole\library\client\WebSocketClient->__construct(Array, Array)
#4 /mnt/hgfs/demo/vSwoole/library/Init.php(371): vSwoole\application\client\WebSocket->__construct()
#5 /mnt/hgfs/demo/vSwoole/public/client.php(25): vSwoole\library\Init->runClient()
#6 /mnt/hgfs/demo/vSwoole/public/client.php(32): Client->__construct()
#7 {main}

[2018-05-17 10:28:05] 
vSwoole\library\common\exception\Exception: Swoole\Client::connect(): connect to server[10.4.0.101:8501] failed. Error: Connection refused[111].
In /mnt/hgfs/demo/vSwoole/library/client/Client.php: 76
Exception Code: E_WARNING[2]
Exception Trace: 
#0 [internal function]: vSwoole\library\common\exception\Exception::swooleError(2, 'Swoole\\Client::...', '/mnt/hgfs/demo/...', 76, Array)
#1 /mnt/hgfs/demo/vSwoole/library/client/Client.php(76): Swoole\Client->connect('10.4.0.101', 8501, 3, 0)
#2 /mnt/hgfs/demo/vSwoole/library/client/WebSocketClient.php(47): vSwoole\library\client\Client->__construct(Array, Array)
#3 /mnt/hgfs/demo/vSwoole/application/client/WebSocket.php(37): vSwoole\library\client\WebSocketClient->__construct(Array, Array)
#4 /mnt/hgfs/demo/vSwoole/library/Init.php(371): vSwoole\application\client\WebSocket->__construct()
#5 /mnt/hgfs/demo/vSwoole/public/client.php(25): vSwoole\library\Init->runClient()
#6 /mnt/hgfs/demo/vSwoole/public/client.php(32): Client->__construct()
#7 {main}

[2018-05-17 10:28:15] 
vSwoole\library\common\exception\Exception: Swoole\Client::connect(): connect to server[10.4.0.102:8501] failed. Error: Connection refused[111].
In /mnt/hgfs/demo/vSwoole/library/client/Client.php: 76
Exception Code: E_WARNING[2]
Exception Trace: 
#0 [internal function]: vSwoole\library\common\exception\Exception::swooleError(2, 'Swoole\\Client::...', '/mnt/hgfs/demo/...', 76, Array)
#1 /mnt/hgfs/demo/vSwoole/library/client/Client.php(76): Swoole\Client->connect('10.4.0.102', 8501, 3, 0)
#2 /mnt/hgfs/demo/vSwoole/library/client/WebSocketClient.php(47): vSwoole\library\client\Client->__construct(Array, Array)
#3 /mnt/hgfs/demo/vSwoole/application/client/WebSocket.php(37): vSwoole\library\client\WebSocketClient->__construct(Array, Array)
#4 /mnt/hgfs/demo/vSwoole/library/Init.php(371): vSwoole\application\client\WebSocket->__construct()
#5 /mnt/hgfs/demo/vSwoole/public/client.php(25): vSwoole\library\Init->runClient()
#6 /mnt/hgfs/demo/vSwoole/public/client.php(32): Client->__construct()
#7 {main}

[2018-05-17 10:28:15] 
vSwoole\library\common\exception\Exception: Swoole\Client::connect(): connect to server[10.4.0.101:8501] failed. Error: Connection refused[111].
In /mnt/hgfs/demo/vSwoole/library/client/Client.php: 76
Exception Code: E_WARNING[2]
Exception Trace: 
#0 [internal function]: vSwoole\library\common\exception\Exception::swooleError(2, 'Swoole\\Client::...', '/mnt/hgfs/demo/...', 76, Array)
#1 /mnt/hgfs/demo/vSwoole/library/client/Client.php(76): Swoole\Client->connect('10.4.0.101', 8501, 3, 0)
#2 /mnt/hgfs/demo/vSwoole/library/client/WebSocketClient.php(47): vSwoole\library\client\Client->__construct(Array, Array)
#3 /mnt/hgfs/demo/vSwoole/application/client/WebSocket.php(37): vSwoole\library\client\WebSocketClient->__construct(Array, Array)
#4 /mnt/hgfs/demo/vSwoole/library/Init.php(371): vSwoole\application\client\WebSocket->__construct()
#5 /mnt/hgfs/demo/vSwoole/public/client.php(25): vSwoole\library\Init->runClient()
#6 /mnt/hgfs/demo/vSwoole/public/client.php(32): Client->__construct()
#7 {main}

[2018-05-17 10:28:25] 
vSwoole\library\common\exception\Exception: Swoole\Client::connect(): connect to server[10.4.0.102:8501] failed. Error: Connection refused[111].
In /mnt/hgfs/demo/vSwoole/library/client/Client.php: 76
Exception Code: E_WARNING[2]
Exception Trace: 
#0 [internal function]: vSwoole\library\common\exception\Exception::swooleError(2, 'Swoole\\Client::...', '/mnt/hgfs/demo/...', 76, Array)
#1 /mnt/hgfs/demo/vSwoole/library/client/Client.php(76): Swoole\Client->connect('10.4.0.102', 8501, 3, 0)
#2 /mnt/hgfs/demo/vSwoole/library/client/WebSocketClient.php(47): vSwoole\library\client\Client->__construct(Array, Array)
#3 /mnt/hgfs/demo/vSwoole/application/client/WebSocket.php(37): vSwoole\library\client\WebSocketClient->__construct(Array, Array)
#4 /mnt/hgfs/demo/vSwoole/library/Init.php(371): vSwoole\application\client\WebSocket->__construct()
#5 /mnt/hgfs/demo/vSwoole/public/client.php(25): vSwoole\library\Init->runClient()
#6 /mnt/hgfs/demo/vSwoole/public/client.php(32): Client->__construct()
#7 {main}

[2018-05-17 10:28:25] 
vSwoole\library\common\exception\Exception: Swoole\Client::connect(): connect to server[10.4.0.101:8501] failed. Error: Connection refused[111].
In /mnt/hgfs/demo/vSwoole/library/client/Client.php: 76
Exception Code: E_WARNING[2]
Exception Trace: 
#0 [internal function]: vSwoole\library\common\exception\Exception::swooleError(2, 'Swoole\\Client::...', '/mnt/hgfs/demo/...', 76, Array)
#1 /mnt/hgfs/demo/vSwoole/library/client/Client.php(76): Swoole\Client->connect('10.4.0.101', 8501, 3, 0)
#2 /mnt/hgfs/demo/vSwoole/library/client/WebSocketClient.php(47): vSwoole\library\client\Client->__construct(Array, Array)
#3 /mnt/hgfs/demo/vSwoole/application/client/WebSocket.php(37): vSwoole\library\client\WebSocketClient->__construct(Array, Array)
#4 /mnt/hgfs/demo/vSwoole/library/Init.php(371): vSwoole\application\client\WebSocket->__construct()
#5 /mnt/hgfs/demo/vSwoole/public/client.php(25): vSwoole\library\Init->runClient()
#6 /mnt/hgfs/demo/vSwoole/public/client.php(32): Client->__construct()
#7 {main}

[2018-05-17 10:28:35] 
vSwoole\library\common\exception\Exception: Swoole\Client::connect(): connect to server[10.4.0.102:8501] failed. Error: Connection refused[111].
In /mnt/hgfs/demo/vSwoole/library/client/Client.php: 76
Exception Code: E_WARNING[2]
Exception Trace: 
#0 [internal function]: vSwoole\library\common\exception\Exception::swooleError(2, 'Swoole\\Client::...', '/mnt/hgfs/demo/...', 76, Array)
#1 /mnt/hgfs/demo/vSwoole/library/client/Client.php(76): Swoole\Client->connect('10.4.0.102', 8501, 3, 0)
#2 /mnt/hgfs/demo/vSwoole/library/client/WebSocketClient.php(47): vSwoole\library\client\Client->__construct(Array, Array)
#3 /mnt/hgfs/demo/vSwoole/application/client/WebSocket.php(37): vSwoole\library\client\WebSocketClient->__construct(Array, Array)
#4 /mnt/hgfs/demo/vSwoole/library/Init.php(371): vSwoole\application\client\WebSocket->__construct()
#5 /mnt/hgfs/demo/vSwoole/public/client.php(25): vSwoole\library\Init->runClient()
#6 /mnt/hgfs/demo/vSwoole/public/client.php(32): Client->__construct()
#7 {main}

[2018-05-17 10:28:35] 
vSwoole\library\common\exception\Exception: Swoole\Client::connect(): connect to server[10.4.0.101:8501] failed. Error: Connection refused[111].
In /mnt/hgfs/demo/vSwoole/library/client/Client.php: 76
Exception Code: E_WARNING[2]
Exception Trace: 
#0 [internal function]: vSwoole\library\common\exception\Exception::swooleError(2, 'Swoole\\Client::...', '/mnt/hgfs/demo/...', 76, Array)
#1 /mnt/hgfs/demo/vSwoole/library/client/Client.php(76): Swoole\Client->connect('10.4.0.101', 8501, 3, 0)
#2 /mnt/hgfs/demo/vSwoole/library/client/WebSocketClient.php(47): vSwoole\library\client\Client->__construct(Array, Array)
#3 /mnt/hgfs/demo/vSwoole/application/client/WebSocket.php(37): vSwoole\library\client\WebSocketClient->__construct(Array, Array)
#4 /mnt/hgfs/demo/vSwoole/library/Init.php(371): vSwoole\application\client\WebSocket->__construct()
#5 /mnt/hgfs/demo/vSwoole/public/client.php(25): vSwoole\library\Init->runClient()
#6 /mnt/hgfs/demo/vSwoole/public/client.php(32): Client->__construct()
#7 {main}

[2018-05-17 10:28:45] 
vSwoole\library\common\exception\Exception: Swoole\Client::connect(): connect to server[10.4.0.102:8501] failed. Error: Connection refused[111].
In /mnt/hgfs/demo/vSwoole/library/client/Client.php: 76
Exception Code: E_WARNING[2]
Exception Trace: 
#0 [internal function]: vSwoole\library\common\exception\Exception::swooleError(2, 'Swoole\\Client::...', '/mnt/hgfs/demo/...', 76, Array)
#1 /mnt/hgfs/demo/vSwoole/library/client/Client.php(76): Swoole\Client->connect('10.4.0.102', 8501, 3, 0)
#2 /mnt/hgfs/demo/vSwoole/library/client/WebSocketClient.php(47): vSwoole\library\client\Client->__construct(Array, Array)
#3 /mnt/hgfs/demo/vSwoole/application/client/WebSocket.php(37): vSwoole\library\client\WebSocketClient->__construct(Array, Array)
#4 /mnt/hgfs/demo/vSwoole/library/Init.php(371): vSwoole\application\client\WebSocket->__construct()
#5 /mnt/hgfs/demo/vSwoole/public/client.php(25): vSwoole\library\Init->runClient()
#6 /mnt/hgfs/demo/vSwoole/public/client.php(32): Client->__construct()
#7 {main}

[2018-05-17 10:28:45] 
vSwoole\library\common\exception\Exception: Swoole\Client::connect(): connect to server[10.4.0.101:8501] failed. Error: Connection refused[111].
In /mnt/hgfs/demo/vSwoole/library/client/Client.php: 76
Exception Code: E_WARNING[2]
Exception Trace: 
#0 [internal function]: vSwoole\library\common\exception\Exception::swooleError(2, 'Swoole\\Client::...', '/mnt/hgfs/demo/...', 76, Array)
#1 /mnt/hgfs/demo/vSwoole/library/client/Client.php(76): Swoole\Client->connect('10.4.0.101', 8501, 3, 0)
#2 /mnt/hgfs/demo/vSwoole/library/client/WebSocketClient.php(47): vSwoole\library\client\Client->__construct(Array, Array)
#3 /mnt/hgfs/demo/vSwoole/application/client/WebSocket.php(37): vSwoole\library\client\WebSocketClient->__construct(Array, Array)
#4 /mnt/hgfs/demo/vSwoole/library/Init.php(371): vSwoole\application\client\WebSocket->__construct()
#5 /mnt/hgfs/demo/vSwoole/public/client.php(25): vSwoole\library\Init->runClient()
#6 /mnt/hgfs/demo/vSwoole/public/client.php(32): Client->__construct()
#7 {main}

[2018-05-17 10:28:55] 
vSwoole\library\common\exception\Exception: Swoole\Client::connect(): connect to server[10.4.0.102:8501] failed. Error: Connection refused[111].
In /mnt/hgfs/demo/vSwoole/library/client/Client.php: 76
Exception Code: E_WARNING[2]
Exception Trace: 
#0 [internal function]: vSwoole\library\common\exception\Exception::swooleError(2, 'Swoole\\Client::...', '/mnt/hgfs/demo/...', 76, Array)
#1 /mnt/hgfs/demo/vSwoole/library/client/Client.php(76): Swoole\Client->connect('10.4.0.102', 8501, 3, 0)
#2 /mnt/hgfs/demo/vSwoole/library/client/WebSocketClient.php(47): vSwoole\library\client\Client->__construct(Array, Array)
#3 /mnt/hgfs/demo/vSwoole/application/client/WebSocket.php(37): vSwoole\library\client\WebSocketClient->__construct(Array, Array)
#4 /mnt/hgfs/demo/vSwoole/library/Init.php(371): vSwoole\application\client\WebSocket->__construct()
#5 /mnt/hgfs/demo/vSwoole/public/client.php(25): vSwoole\library\Init->runClient()
#6 /mnt/hgfs/demo/vSwoole/public/client.php(32): Client->__construct()
#7 {main}

[2018-05-17 10:28:55] 
vSwoole\library\common\exception\Exception: Swoole\Client::connect(): connect to server[10.4.0.101:8501] failed. Error: Connection refused[111].
In /mnt/hgfs/demo/vSwoole/library/client/Client.php: 76
Exception Code: E_WARNING[2]
Exception Trace: 
#0 [internal function]: vSwoole\library\common\exception\Exception::swooleError(2, 'Swoole\\Client::...', '/mnt/hgfs/demo/...', 76, Array)
#1 /mnt/hgfs/demo/vSwoole/library/client/Client.php(76): Swoole\Client->connect('10.4.0.101', 8501, 3, 0)
#2 /mnt/hgfs/demo/vSwoole/library/client/WebSocketClient.php(47): vSwoole\library\client\Client->__construct(Array, Array)
#3 /mnt/hgfs/demo/vSwoole/application/client/WebSocket.php(37): vSwoole\library\client\WebSocketClient->__construct(Array, Array)
#4 /mnt/hgfs/demo/vSwoole/library/Init.php(371): vSwoole\application\client\WebSocket->__construct()
#5 /mnt/hgfs/demo/vSwoole/public/client.php(25): vSwoole\library\Init->runClient()
#6 /mnt/hgfs/demo/vSwoole/public/client.php(32): Client->__construct()
#7 {main}

[2018-05-17 10:29:05] 
vSwoole\library\common\exception\Exception: Swoole\Client::connect(): connect to server[10.4.0.102:8501] failed. Error: Connection refused[111].
In /mnt/hgfs/demo/vSwoole/library/client/Client.php: 76
Exception Code: E_WARNING[2]
Exception Trace: 
#0 [internal function]: vSwoole\library\common\exception\Exception::swooleError(2, 'Swoole\\Client::...', '/mnt/hgfs/demo/...', 76, Array)
#1 /mnt/hgfs/demo/vSwoole/library/client/Client.php(76): Swoole\Client->connect('10.4.0.102', 8501, 3, 0)
#2 /mnt/hgfs/demo/vSwoole/library/client/WebSocketClient.php(47): vSwoole\library\client\Client->__construct(Array, Array)
#3 /mnt/hgfs/demo/vSwoole/application/client/WebSocket.php(37): vSwoole\library\client\WebSocketClient->__construct(Array, Array)
#4 /mnt/hgfs/demo/vSwoole/library/Init.php(371): vSwoole\application\client\WebSocket->__construct()
#5 /mnt/hgfs/demo/vSwoole/public/client.php(25): vSwoole\library\Init->runClient()
#6 /mnt/hgfs/demo/vSwoole/public/client.php(32): Client->__construct()
#7 {main}

[2018-05-17 10:29:05] 
vSwoole\library\common\exception\Exception: Swoole\Client::connect(): connect to server[10.4.0.101:8501] failed. Error: Connection refused[111].
In /mnt/hgfs/demo/vSwoole/library/client/Client.php: 76
Exception Code: E_WARNING[2]
Exception Trace: 
#0 [internal function]: vSwoole\library\common\exception\Exception::swooleError(2, 'Swoole\\Client::...', '/mnt/hgfs/demo/...', 76, Array)
#1 /mnt/hgfs/demo/vSwoole/library/client/Client.php(76): Swoole\Client->connect('10.4.0.101', 8501, 3, 0)
#2 /mnt/hgfs/demo/vSwoole/library/client/WebSocketClient.php(47): vSwoole\library\client\Client->__construct(Array, Array)
#3 /mnt/hgfs/demo/vSwoole/application/client/WebSocket.php(37): vSwoole\library\client\WebSocketClient->__construct(Array, Array)
#4 /mnt/hgfs/demo/vSwoole/library/Init.php(371): vSwoole\application\client\WebSocket->__construct()
#5 /mnt/hgfs/demo/vSwoole/public/client.php(25): vSwoole\library\Init->runClient()
#6 /mnt/hgfs/demo/vSwoole/public/client.php(32): Client->__construct()
#7 {main}

[2018-05-17 10:29:15] 
vSwoole\library\common\exception\Exception: Swoole\Client::connect(): connect to server[10.4.0.102:8501] failed. Error: Connection refused[111].
In /mnt/hgfs/demo/vSwoole/library/client/Client.php: 76
Exception Code: E_WARNING[2]
Exception Trace: 
#0 [internal function]: vSwoole\library\common\exception\Exception::swooleError(2, 'Swoole\\Client::...', '/mnt/hgfs/demo/...', 76, Array)
#1 /mnt/hgfs/demo/vSwoole/library/client/Client.php(76): Swoole\Client->connect('10.4.0.102', 8501, 3, 0)
#2 /mnt/hgfs/demo/vSwoole/library/client/WebSocketClient.php(47): vSwoole\library\client\Client->__construct(Array, Array)
#3 /mnt/hgfs/demo/vSwoole/application/client/WebSocket.php(37): vSwoole\library\client\WebSocketClient->__construct(Array, Array)
#4 /mnt/hgfs/demo/vSwoole/library/Init.php(371): vSwoole\application\client\WebSocket->__construct()
#5 /mnt/hgfs/demo/vSwoole/public/client.php(25): vSwoole\library\Init->runClient()
#6 /mnt/hgfs/demo/vSwoole/public/client.php(32): Client->__construct()
#7 {main}

[2018-05-17 10:29:15] 
vSwoole\library\common\exception\Exception: Swoole\Client::connect(): connect to server[10.4.0.101:8501] failed. Error: Connection refused[111].
In /mnt/hgfs/demo/vSwoole/library/client/Client.php: 76
Exception Code: E_WARNING[2]
Exception Trace: 
#0 [internal function]: vSwoole\library\common\exception\Exception::swooleError(2, 'Swoole\\Client::...', '/mnt/hgfs/demo/...', 76, Array)
#1 /mnt/hgfs/demo/vSwoole/library/client/Client.php(76): Swoole\Client->connect('10.4.0.101', 8501, 3, 0)
#2 /mnt/hgfs/demo/vSwoole/library/client/WebSocketClient.php(47): vSwoole\library\client\Client->__construct(Array, Array)
#3 /mnt/hgfs/demo/vSwoole/application/client/WebSocket.php(37): vSwoole\library\client\WebSocketClient->__construct(Array, Array)
#4 /mnt/hgfs/demo/vSwoole/library/Init.php(371): vSwoole\application\client\WebSocket->__construct()
#5 /mnt/hgfs/demo/vSwoole/public/client.php(25): vSwoole\library\Init->runClient()
#6 /mnt/hgfs/demo/vSwoole/public/client.php(32): Client->__construct()
#7 {main}

[2018-05-17 10:29:25] 
vSwoole\library\common\exception\Exception: Swoole\Client::connect(): connect to server[10.4.0.102:8501] failed. Error: Connection refused[111].
In /mnt/hgfs/demo/vSwoole/library/client/Client.php: 76
Exception Code: E_WARNING[2]
Exception Trace: 
#0 [internal function]: vSwoole\library\common\exception\Exception::swooleError(2, 'Swoole\\Client::...', '/mnt/hgfs/demo/...', 76, Array)
#1 /mnt/hgfs/demo/vSwoole/library/client/Client.php(76): Swoole\Client->connect('10.4.0.102', 8501, 3, 0)
#2 /mnt/hgfs/demo/vSwoole/library/client/WebSocketClient.php(47): vSwoole\library\client\Client->__construct(Array, Array)
#3 /mnt/hgfs/demo/vSwoole/application/client/WebSocket.php(37): vSwoole\library\client\WebSocketClient->__construct(Array, Array)
#4 /mnt/hgfs/demo/vSwoole/library/Init.php(371): vSwoole\application\client\WebSocket->__construct()
#5 /mnt/hgfs/demo/vSwoole/public/client.php(25): vSwoole\library\Init->runClient()
#6 /mnt/hgfs/demo/vSwoole/public/client.php(32): Client->__construct()
#7 {main}

[2018-05-17 10:29:25] 
vSwoole\library\common\exception\Exception: Swoole\Client::connect(): connect to server[10.4.0.101:8501] failed. Error: Connection refused[111].
In /mnt/hgfs/demo/vSwoole/library/client/Client.php: 76
Exception Code: E_WARNING[2]
Exception Trace: 
#0 [internal function]: vSwoole\library\common\exception\Exception::swooleError(2, 'Swoole\\Client::...', '/mnt/hgfs/demo/...', 76, Array)
#1 /mnt/hgfs/demo/vSwoole/library/client/Client.php(76): Swoole\Client->connect('10.4.0.101', 8501, 3, 0)
#2 /mnt/hgfs/demo/vSwoole/library/client/WebSocketClient.php(47): vSwoole\library\client\Client->__construct(Array, Array)
#3 /mnt/hgfs/demo/vSwoole/application/client/WebSocket.php(37): vSwoole\library\client\WebSocketClient->__construct(Array, Array)
#4 /mnt/hgfs/demo/vSwoole/library/Init.php(371): vSwoole\application\client\WebSocket->__construct()
#5 /mnt/hgfs/demo/vSwoole/public/client.php(25): vSwoole\library\Init->runClient()
#6 /mnt/hgfs/demo/vSwoole/public/client.php(32): Client->__construct()
#7 {main}

[2018-05-17 10:29:35] 
vSwoole\library\common\exception\Exception: Swoole\Client::connect(): connect to server[10.4.0.102:8501] failed. Error: Connection refused[111].
In /mnt/hgfs/demo/vSwoole/library/client/Client.php: 76
Exception Code: E_WARNING[2]
Exception Trace: 
#0 [internal function]: vSwoole\library\common\exception\Exception::swooleError(2, 'Swoole\\Client::...', '/mnt/hgfs/demo/...', 76, Array)
#1 /mnt/hgfs/demo/vSwoole/library/client/Client.php(76): Swoole\Client->connect('10.4.0.102', 8501, 3, 0)
#2 /mnt/hgfs/demo/vSwoole/library/client/WebSocketClient.php(47): vSwoole\library\client\Client->__construct(Array, Array)
#3 /mnt/hgfs/demo/vSwoole/application/client/WebSocket.php(37): vSwoole\library\client\WebSocketClient->__construct(Array, Array)
#4 /mnt/hgfs/demo/vSwoole/library/Init.php(371): vSwoole\application\client\WebSocket->__construct()
#5 /mnt/hgfs/demo/vSwoole/public/client.php(25): vSwoole\library\Init->runClient()
#6 /mnt/hgfs/demo/vSwoole/public/client.php(32): Client->__construct()
#7 {main}

[2018-05-17 10:29:35] 
vSwoole\library\common\exception\Exception: Swoole\Client::connect(): connect to server[10.4.0.101:8501] failed. Error: Connection refused[111].
In /mnt/hgfs/demo/vSwoole/library/client/Client.php: 76
Exception Code: E_WARNING[2]
Exception Trace: 
#0 [internal function]: vSwoole\library\common\exception\Exception::swooleError(2, 'Swoole\\Client::...', '/mnt/hgfs/demo/...', 76, Array)
#1 /mnt/hgfs/demo/vSwoole/library/client/Client.php(76): Swoole\Client->connect('10.4.0.101', 8501, 3, 0)
#2 /mnt/hgfs/demo/vSwoole/library/client/WebSocketClient.php(47): vSwoole\library\client\Client->__construct(Array, Array)
#3 /mnt/hgfs/demo/vSwoole/application/client/WebSocket.php(37): vSwoole\library\client\WebSocketClient->__construct(Array, Array)
#4 /mnt/hgfs/demo/vSwoole/library/Init.php(371): vSwoole\application\client\WebSocket->__construct()
#5 /mnt/hgfs/demo/vSwoole/public/client.php(25): vSwoole\library\Init->runClient()
#6 /mnt/hgfs/demo/vSwoole/public/client.php(32): Client->__construct()
#7 {main}

[2018-05-17 10:29:45] 
vSwoole\library\common\exception\Exception: Swoole\Client::connect(): connect to server[10.4.0.102:8501] failed. Error: Connection refused[111].
In /mnt/hgfs/demo/vSwoole/library/client/Client.php: 76
Exception Code: E_WARNING[2]
Exception Trace: 
#0 [internal function]: vSwoole\library\common\exception\Exception::swooleError(2, 'Swoole\\Client::...', '/mnt/hgfs/demo/...', 76, Array)
#1 /mnt/hgfs/demo/vSwoole/library/client/Client.php(76): Swoole\Client->connect('10.4.0.102', 8501, 3, 0)
#2 /mnt/hgfs/demo/vSwoole/library/client/WebSocketClient.php(47): vSwoole\library\client\Client->__construct(Array, Array)
#3 /mnt/hgfs/demo/vSwoole/application/client/WebSocket.php(37): vSwoole\library\client\WebSocketClient->__construct(Array, Array)
#4 /mnt/hgfs/demo/vSwoole/library/Init.php(371): vSwoole\application\client\WebSocket->__construct()
#5 /mnt/hgfs/demo/vSwoole/public/client.php(25): vSwoole\library\Init->runClient()
#6 /mnt/hgfs/demo/vSwoole/public/client.php(32): Client->__construct()
#7 {main}

[2018-05-17 12:01:38] 
vSwoole\library\common\exception\Exception: Swoole\Client::connect(): connect to server[10.4.0.101:8501] failed. Error: Connection refused[111].
In /mnt/hgfs/demo/vSwoole/library/client/Client.php: 76
Exception Code: E_WARNING[2]
Exception Trace: 
#0 [internal function]: vSwoole\library\common\exception\Exception::swooleError(2, 'Swoole\\Client::...', '/mnt/hgfs/demo/...', 76, Array)
#1 /mnt/hgfs/demo/vSwoole/library/client/Client.php(76): Swoole\Client->connect('10.4.0.101', 8501, 3, 0)
#2 /mnt/hgfs/demo/vSwoole/library/client/WebSocketClient.php(47): vSwoole\library\client\Client->__construct(Array, Array)
#3 /mnt/hgfs/demo/vSwoole/application/client/WebSocket.php(37): vSwoole\library\client\WebSocketClient->__construct(Array, Array)
#4 /mnt/hgfs/demo/vSwoole/library/Init.php(371): vSwoole\application\client\WebSocket->__construct()
#5 /mnt/hgfs/demo/vSwoole/public/client.php(25): vSwoole\library\Init->runClient()
#6 /mnt/hgfs/demo/vSwoole/public/client.php(32): Client->__construct()
#7 {main}

[2018-05-17 12:01:38] 
vSwoole\library\common\exception\Exception: Swoole\Client::connect(): connect to server[10.4.0.101:8501] failed. Error: Connection refused[111].
In /mnt/hgfs/demo/vSwoole/library/common/Utils.php: 87
Exception Code: E_WARNING[2]
Exception Trace: 
#0 [internal function]: vSwoole\library\common\exception\Exception::swooleError(2, 'Swoole\\Client::...', '/mnt/hgfs/demo/...', 87, Array)
#1 /mnt/hgfs/demo/vSwoole/library/common/Utils.php(87): Swoole\Client->connect('10.4.0.101', 8501, 3, 0)
#2 /mnt/hgfs/demo/vSwoole/application/client/WebSocket.php(115): vSwoole\library\common\Utils::getServerStatus('10.4.0.101', 8501)
#3 /mnt/hgfs/demo/vSwoole/library/Init.php(373): vSwoole\application\client\WebSocket->getServerList()
#4 /mnt/hgfs/demo/vSwoole/public/client.php(25): vSwoole\library\Init->runClient()
#5 /mnt/hgfs/demo/vSwoole/public/client.php(32): Client->__construct()
#6 {main}

[2018-05-17 12:01:39] 
vSwoole\library\common\exception\Exception: Swoole\Client::connect(): connect to server[10.4.0.101:8501] failed. Error: Connection refused[111].
In /mnt/hgfs/demo/vSwoole/library/client/Client.php: 76
Exception Code: E_WARNING[2]
Exception Trace: 
#0 [internal function]: vSwoole\library\common\exception\Exception::swooleError(2, 'Swoole\\Client::...', '/mnt/hgfs/demo/...', 76, Array)
#1 /mnt/hgfs/demo/vSwoole/library/client/Client.php(76): Swoole\Client->connect('10.4.0.101', 8501, 3, 0)
#2 /mnt/hgfs/demo/vSwoole/library/client/WebSocketClient.php(47): vSwoole\library\client\Client->__construct(Array, Array)
#3 /mnt/hgfs/demo/vSwoole/application/client/WebSocket.php(37): vSwoole\library\client\WebSocketClient->__construct(Array, Array)
#4 /mnt/hgfs/demo/vSwoole/library/Init.php(371): vSwoole\application\client\WebSocket->__construct()
#5 /mnt/hgfs/demo/vSwoole/public/client.php(25): vSwoole\library\Init->runClient()
#6 /mnt/hgfs/demo/vSwoole/public/client.php(32): Client->__construct()
#7 {main}

[2018-05-17 12:01:40] 
vSwoole\library\common\exception\Exception: Swoole\Client::connect(): connect to server[10.4.0.101:8501] failed. Error: Connection refused[111].
In /mnt/hgfs/demo/vSwoole/library/client/Client.php: 76
Exception Code: E_WARNING[2]
Exception Trace: 
#0 [internal function]: vSwoole\library\common\exception\Exception::swooleError(2, 'Swoole\\Client::...', '/mnt/hgfs/demo/...', 76, Array)
#1 /mnt/hgfs/demo/vSwoole/library/client/Client.php(76): Swoole\Client->connect('10.4.0.101', 8501, 3, 0)
#2 /mnt/hgfs/demo/vSwoole/library/client/WebSocketClient.php(47): vSwoole\library\client\Client->__construct(Array, Array)
#3 /mnt/hgfs/demo/vSwoole/application/client/WebSocket.php(37): vSwoole\library\client\WebSocketClient->__construct(Array, Array)
#4 /mnt/hgfs/demo/vSwoole/library/Init.php(371): vSwoole\application\client\WebSocket->__construct()
#5 /mnt/hgfs/demo/vSwoole/public/client.php(25): vSwoole\library\Init->runClient()
#6 /mnt/hgfs/demo/vSwoole/public/client.php(32): Client->__construct()
#7 {main}

[2018-05-17 12:01:40] 
vSwoole\library\common\exception\Exception: Swoole\Client::connect(): connect to server[10.4.0.101:8501] failed. Error: Connection refused[111].
In /mnt/hgfs/demo/vSwoole/library/client/Client.php: 76
Exception Code: E_WARNING[2]
Exception Trace: 
#0 [internal function]: vSwoole\library\common\exception\Exception::swooleError(2, 'Swoole\\Client::...', '/mnt/hgfs/demo/...', 76, Array)
#1 /mnt/hgfs/demo/vSwoole/library/client/Client.php(76): Swoole\Client->connect('10.4.0.101', 8501, 3, 0)
#2 /mnt/hgfs/demo/vSwoole/library/client/WebSocketClient.php(47): vSwoole\library\client\Client->__construct(Array, Array)
#3 /mnt/hgfs/demo/vSwoole/application/client/WebSocket.php(37): vSwoole\library\client\WebSocketClient->__construct(Array, Array)
#4 /mnt/hgfs/demo/vSwoole/library/Init.php(371): vSwoole\application\client\WebSocket->__construct()
#5 /mnt/hgfs/demo/vSwoole/public/client.php(25): vSwoole\library\Init->runClient()
#6 /mnt/hgfs/demo/vSwoole/public/client.php(32): Client->__construct()
#7 {main}

[2018-05-17 12:01:40] 
vSwoole\library\common\exception\Exception: Swoole\Client::connect(): connect to server[10.4.0.101:8501] failed. Error: Connection refused[111].
In /mnt/hgfs/demo/vSwoole/library/client/Client.php: 76
Exception Code: E_WARNING[2]
Exception Trace: 
#0 [internal function]: vSwoole\library\common\exception\Exception::swooleError(2, 'Swoole\\Client::...', '/mnt/hgfs/demo/...', 76, Array)
#1 /mnt/hgfs/demo/vSwoole/library/client/Client.php(76): Swoole\Client->connect('10.4.0.101', 8501, 3, 0)
#2 /mnt/hgfs/demo/vSwoole/library/client/WebSocketClient.php(47): vSwoole\library\client\Client->__construct(Array, Array)
#3 /mnt/hgfs/demo/vSwoole/application/client/WebSocket.php(37): vSwoole\library\client\WebSocketClient->__construct(Array, Array)
#4 /mnt/hgfs/demo/vSwoole/library/Init.php(371): vSwoole\application\client\WebSocket->__construct()
#5 /mnt/hgfs/demo/vSwoole/public/client.php(25): vSwoole\library\Init->runClient()
#6 /mnt/hgfs/demo/vSwoole/public/client.php(32): Client->__construct()
#7 {main}

[2018-05-17 12:01:41] 
vSwoole\library\common\exception\Exception: Swoole\Client::connect(): connect to server[10.4.0.101:8501] failed. Error: Connection refused[111].
In /mnt/hgfs/demo/vSwoole/library/client/Client.php: 76
Exception Code: E_WARNING[2]
Exception Trace: 
#0 [internal function]: vSwoole\library\common\exception\Exception::swooleError(2, 'Swoole\\Client::...', '/mnt/hgfs/demo/...', 76, Array)
#1 /mnt/hgfs/demo/vSwoole/library/client/Client.php(76): Swoole\Client->connect('10.4.0.101', 8501, 3, 0)
#2 /mnt/hgfs/demo/vSwoole/library/client/WebSocketClient.php(47): vSwoole\library\client\Client->__construct(Array, Array)
#3 /mnt/hgfs/demo/vSwoole/application/client/WebSocket.php(37): vSwoole\library\client\WebSocketClient->__construct(Array, Array)
#4 /mnt/hgfs/demo/vSwoole/library/Init.php(371): vSwoole\application\client\WebSocket->__construct()
#5 /mnt/hgfs/demo/vSwoole/public/client.php(25): vSwoole\library\Init->runClient()
#6 /mnt/hgfs/demo/vSwoole/public/client.php(32): Client->__construct()
#7 {main}

[2018-05-17 12:01:41] 
vSwoole\library\common\exception\Exception: Swoole\Client::connect(): connect to server[10.4.0.101:8501] failed. Error: Connection refused[111].
In /mnt/hgfs/demo/vSwoole/library/client/Client.php: 76
Exception Code: E_WARNING[2]
Exception Trace: 
#0 [internal function]: vSwoole\library\common\exception\Exception::swooleError(2, 'Swoole\\Client::...', '/mnt/hgfs/demo/...', 76, Array)
#1 /mnt/hgfs/demo/vSwoole/library/client/Client.php(76): Swoole\Client->connect('10.4.0.101', 8501, 3, 0)
#2 /mnt/hgfs/demo/vSwoole/library/client/WebSocketClient.php(47): vSwoole\library\client\Client->__construct(Array, Array)
#3 /mnt/hgfs/demo/vSwoole/application/client/WebSocket.php(37): vSwoole\library\client\WebSocketClient->__construct(Array, Array)
#4 /mnt/hgfs/demo/vSwoole/library/Init.php(371): vSwoole\application\client\WebSocket->__construct()
#5 /mnt/hgfs/demo/vSwoole/public/client.php(25): vSwoole\library\Init->runClient()
#6 /mnt/hgfs/demo/vSwoole/public/client.php(32): Client->__construct()
#7 {main}

[2018-05-17 12:01:41] 
vSwoole\library\common\exception\Exception: Swoole\Client::connect(): connect to server[10.4.0.101:8501] failed. Error: Connection refused[111].
In /mnt/hgfs/demo/vSwoole/library/client/Client.php: 76
Exception Code: E_WARNING[2]
Exception Trace: 
#0 [internal function]: vSwoole\library\common\exception\Exception::swooleError(2, 'Swoole\\Client::...', '/mnt/hgfs/demo/...', 76, Array)
#1 /mnt/hgfs/demo/vSwoole/library/client/Client.php(76): Swoole\Client->connect('10.4.0.101', 8501, 3, 0)
#2 /mnt/hgfs/demo/vSwoole/library/client/WebSocketClient.php(47): vSwoole\library\client\Client->__construct(Array, Array)
#3 /mnt/hgfs/demo/vSwoole/application/client/WebSocket.php(37): vSwoole\library\client\WebSocketClient->__construct(Array, Array)
#4 /mnt/hgfs/demo/vSwoole/library/Init.php(371): vSwoole\application\client\WebSocket->__construct()
#5 /mnt/hgfs/demo/vSwoole/public/client.php(25): vSwoole\library\Init->runClient()
#6 /mnt/hgfs/demo/vSwoole/public/client.php(32): Client->__construct()
#7 {main}

[2018-05-17 12:01:41] 
vSwoole\library\common\exception\Exception: Swoole\Client::connect(): connect to server[10.4.0.101:8501] failed. Error: Connection refused[111].
In /mnt/hgfs/demo/vSwoole/library/client/Client.php: 76
Exception Code: E_WARNING[2]
Exception Trace: 
#0 [internal function]: vSwoole\library\common\exception\Exception::swooleError(2, 'Swoole\\Client::...', '/mnt/hgfs/demo/...', 76, Array)
#1 /mnt/hgfs/demo/vSwoole/library/client/Client.php(76): Swoole\Client->connect('10.4.0.101', 8501, 3, 0)
#2 /mnt/hgfs/demo/vSwoole/library/client/WebSocketClient.php(47): vSwoole\library\client\Client->__construct(Array, Array)
#3 /mnt/hgfs/demo/vSwoole/application/client/WebSocket.php(37): vSwoole\library\client\WebSocketClient->__construct(Array, Array)
#4 /mnt/hgfs/demo/vSwoole/library/Init.php(371): vSwoole\application\client\WebSocket->__construct()
#5 /mnt/hgfs/demo/vSwoole/public/client.php(25): vSwoole\library\Init->runClient()
#6 /mnt/hgfs/demo/vSwoole/public/client.php(32): Client->__construct()
#7 {main}

[2018-05-17 12:01:42] 
vSwoole\library\common\exception\Exception: Swoole\Client::connect(): connect to server[10.4.0.101:8501] failed. Error: Connection refused[111].
In /mnt/hgfs/demo/vSwoole/library/client/Client.php: 76
Exception Code: E_WARNING[2]
Exception Trace: 
#0 [internal function]: vSwoole\library\common\exception\Exception::swooleError(2, 'Swoole\\Client::...', '/mnt/hgfs/demo/...', 76, Array)
#1 /mnt/hgfs/demo/vSwoole/library/client/Client.php(76): Swoole\Client->connect('10.4.0.101', 8501, 3, 0)
#2 /mnt/hgfs/demo/vSwoole/library/client/WebSocketClient.php(47): vSwoole\library\client\Client->__construct(Array, Array)
#3 /mnt/hgfs/demo/vSwoole/application/client/WebSocket.php(37): vSwoole\library\client\WebSocketClient->__construct(Array, Array)
#4 /mnt/hgfs/demo/vSwoole/library/Init.php(371): vSwoole\application\client\WebSocket->__construct()
#5 /mnt/hgfs/demo/vSwoole/public/client.php(25): vSwoole\library\Init->runClient()
#6 /mnt/hgfs/demo/vSwoole/public/client.php(32): Client->__construct()
#7 {main}

[2018-05-17 12:01:42] 
vSwoole\library\common\exception\Exception: Swoole\Client::connect(): connect to server[10.4.0.101:8501] failed. Error: Connection refused[111].
In /mnt/hgfs/demo/vSwoole/library/client/Client.php: 76
Exception Code: E_WARNING[2]
Exception Trace: 
#0 [internal function]: vSwoole\library\common\exception\Exception::swooleError(2, 'Swoole\\Client::...', '/mnt/hgfs/demo/...', 76, Array)
#1 /mnt/hgfs/demo/vSwoole/library/client/Client.php(76): Swoole\Client->connect('10.4.0.101', 8501, 3, 0)
#2 /mnt/hgfs/demo/vSwoole/library/client/WebSocketClient.php(47): vSwoole\library\client\Client->__construct(Array, Array)
#3 /mnt/hgfs/demo/vSwoole/application/client/WebSocket.php(37): vSwoole\library\client\WebSocketClient->__construct(Array, Array)
#4 /mnt/hgfs/demo/vSwoole/library/Init.php(371): vSwoole\application\client\WebSocket->__construct()
#5 /mnt/hgfs/demo/vSwoole/public/client.php(25): vSwoole\library\Init->runClient()
#6 /mnt/hgfs/demo/vSwoole/public/client.php(32): Client->__construct()
#7 {main}

[2018-05-17 12:01:42] 
vSwoole\library\common\exception\Exception: Swoole\Client::connect(): connect to server[10.4.0.101:8501] failed. Error: Connection refused[111].
In /mnt/hgfs/demo/vSwoole/library/client/Client.php: 76
Exception Code: E_WARNING[2]
Exception Trace: 
#0 [internal function]: vSwoole\library\common\exception\Exception::swooleError(2, 'Swoole\\Client::...', '/mnt/hgfs/demo/...', 76, Array)
#1 /mnt/hgfs/demo/vSwoole/library/client/Client.php(76): Swoole\Client->connect('10.4.0.101', 8501, 3, 0)
#2 /mnt/hgfs/demo/vSwoole/library/client/WebSocketClient.php(47): vSwoole\library\client\Client->__construct(Array, Array)
#3 /mnt/hgfs/demo/vSwoole/application/client/WebSocket.php(37): vSwoole\library\client\WebSocketClient->__construct(Array, Array)
#4 /mnt/hgfs/demo/vSwoole/library/Init.php(371): vSwoole\application\client\WebSocket->__construct()
#5 /mnt/hgfs/demo/vSwoole/public/client.php(25): vSwoole\library\Init->runClient()
#6 /mnt/hgfs/demo/vSwoole/public/client.php(32): Client->__construct()
#7 {main}

[2018-05-17 12:01:42] 
vSwoole\library\common\exception\Exception: Swoole\Client::connect(): connect to server[10.4.0.101:8501] failed. Error: Connection refused[111].
In /mnt/hgfs/demo/vSwoole/library/client/Client.php: 76
Exception Code: E_WARNING[2]
Exception Trace: 
#0 [internal function]: vSwoole\library\common\exception\Exception::swooleError(2, 'Swoole\\Client::...', '/mnt/hgfs/demo/...', 76, Array)
#1 /mnt/hgfs/demo/vSwoole/library/client/Client.php(76): Swoole\Client->connect('10.4.0.101', 8501, 3, 0)
#2 /mnt/hgfs/demo/vSwoole/library/client/WebSocketClient.php(47): vSwoole\library\client\Client->__construct(Array, Array)
#3 /mnt/hgfs/demo/vSwoole/application/client/WebSocket.php(37): vSwoole\library\client\WebSocketClient->__construct(Array, Array)
#4 /mnt/hgfs/demo/vSwoole/library/Init.php(371): vSwoole\application\client\WebSocket->__construct()
#5 /mnt/hgfs/demo/vSwoole/public/client.php(25): vSwoole\library\Init->runClient()
#6 /mnt/hgfs/demo/vSwoole/public/client.php(32): Client->__construct()
#7 {main}

[2018-05-17 12:01:42] 
vSwoole\library\common\exception\Exception: Swoole\Client::connect(): connect to server[10.4.0.101:8501] failed. Error: Connection refused[111].
In /mnt/hgfs/demo/vSwoole/library/common/Utils.php: 87
Exception Code: E_WARNING[2]
Exception Trace: 
#0 [internal function]: vSwoole\library\common\exception\Exception::swooleError(2, 'Swoole\\Client::...', '/mnt/hgfs/demo/...', 87, Array)
#1 /mnt/hgfs/demo/vSwoole/library/common/Utils.php(87): Swoole\Client->connect('10.4.0.101', 8501, 3, 0)
#2 /mnt/hgfs/demo/vSwoole/application/client/WebSocket.php(115): vSwoole\library\common\Utils::getServerStatus('10.4.0.101', 8501)
#3 /mnt/hgfs/demo/vSwoole/library/Init.php(373): vSwoole\application\client\WebSocket->getServerList()
#4 /mnt/hgfs/demo/vSwoole/public/client.php(25): vSwoole\library\Init->runClient()
#5 /mnt/hgfs/demo/vSwoole/public/client.php(32): Client->__construct()
#6 {main}

[2018-05-17 12:01:42] 
vSwoole\library\common\exception\Exception: Swoole\Client::connect(): connect to server[10.4.0.101:8501] failed. Error: Connection refused[111].
In /mnt/hgfs/demo/vSwoole/library/client/Client.php: 76
Exception Code: E_WARNING[2]
Exception Trace: 
#0 [internal function]: vSwoole\library\common\exception\Exception::swooleError(2, 'Swoole\\Client::...', '/mnt/hgfs/demo/...', 76, Array)
#1 /mnt/hgfs/demo/vSwoole/library/client/Client.php(76): Swoole\Client->connect('10.4.0.101', 8501, 3, 0)
#2 /mnt/hgfs/demo/vSwoole/library/client/WebSocketClient.php(47): vSwoole\library\client\Client->__construct(Array, Array)
#3 /mnt/hgfs/demo/vSwoole/application/client/WebSocket.php(37): vSwoole\library\client\WebSocketClient->__construct(Array, Array)
#4 /mnt/hgfs/demo/vSwoole/library/Init.php(371): vSwoole\application\client\WebSocket->__construct()
#5 /mnt/hgfs/demo/vSwoole/public/client.php(25): vSwoole\library\Init->runClient()
#6 /mnt/hgfs/demo/vSwoole/public/client.php(32): Client->__construct()
#7 {main}

[2018-05-17 12:01:42] 
vSwoole\library\common\exception\Exception: Swoole\Client::connect(): connect to server[10.4.0.101:8501] failed. Error: Connection refused[111].
In /mnt/hgfs/demo/vSwoole/library/client/Client.php: 76
Exception Code: E_WARNING[2]
Exception Trace: 
#0 [internal function]: vSwoole\library\common\exception\Exception::swooleError(2, 'Swoole\\Client::...', '/mnt/hgfs/demo/...', 76, Array)
#1 /mnt/hgfs/demo/vSwoole/library/client/Client.php(76): Swoole\Client->connect('10.4.0.101', 8501, 3, 0)
#2 /mnt/hgfs/demo/vSwoole/library/client/WebSocketClient.php(47): vSwoole\library\client\Client->__construct(Array, Array)
#3 /mnt/hgfs/demo/vSwoole/application/client/WebSocket.php(37): vSwoole\library\client\WebSocketClient->__construct(Array, Array)
#4 /mnt/hgfs/demo/vSwoole/library/Init.php(371): vSwoole\application\client\WebSocket->__construct()
#5 /mnt/hgfs/demo/vSwoole/public/client.php(25): vSwoole\library\Init->runClient()
#6 /mnt/hgfs/demo/vSwoole/public/client.php(32): Client->__construct()
#7 {main}

[2018-05-17 12:01:42] 
vSwoole\library\common\exception\Exception: Swoole\Client::connect(): connect to server[10.4.0.101:8501] failed. Error: Connection refused[111].
In /mnt/hgfs/demo/vSwoole/library/client/Client.php: 76
Exception Code: E_WARNING[2]
Exception Trace: 
#0 [internal function]: vSwoole\library\common\exception\Exception::swooleError(2, 'Swoole\\Client::...', '/mnt/hgfs/demo/...', 76, Array)
#1 /mnt/hgfs/demo/vSwoole/library/client/Client.php(76): Swoole\Client->connect('10.4.0.101', 8501, 3, 0)
#2 /mnt/hgfs/demo/vSwoole/library/client/WebSocketClient.php(47): vSwoole\library\client\Client->__construct(Array, Array)
#3 /mnt/hgfs/demo/vSwoole/application/client/WebSocket.php(37): vSwoole\library\client\WebSocketClient->__construct(Array, Array)
#4 /mnt/hgfs/demo/vSwoole/library/Init.php(371): vSwoole\application\client\WebSocket->__construct()
#5 /mnt/hgfs/demo/vSwoole/public/client.php(25): vSwoole\library\Init->runClient()
#6 /mnt/hgfs/demo/vSwoole/public/client.php(32): Client->__construct()
#7 {main}

