[2018-05-13 18:22:00] 
vSwoole\library\common\exception\Exception: Swoole\Client::recv(): recv() failed. Error: Resource temporarily unavailable [11]
In /mnt/hgfs/demo/vSwoole/library/client/WebSocketClient.php: 113
Exception Code: E_WARNING[2]
Exception Trace: 
#0 [internal function]: vSwoole\library\common\exception\Exception::swooleError(2, 'Swoole\\Client::...', '/mnt/hgfs/demo/...', 113, Array)
#1 /mnt/hgfs/demo/vSwoole/library/client/WebSocketClient.php(113): Swoole\Client->recv()
#2 /mnt/hgfs/demo/vSwoole/library/client/WebSocketClient.php(51): vSwoole\library\client\WebSocketClient->recv()
#3 /mnt/hgfs/demo/vSwoole/application/client/WebSocket.php(37): vSwoole\library\client\WebSocketClient->__construct(Array, Array)
#4 /mnt/hgfs/demo/vSwoole/library/Init.php(380): vSwoole\application\client\WebSocket->__construct()
#5 /mnt/hgfs/demo/vSwoole/public/client.php(25): vSwoole\library\Init->runClient()
#6 /mnt/hgfs/demo/vSwoole/public/client.php(32): Client->__construct()
#7 {main}

[2018-05-13 18:22:00] 
Exception: swoole_websocket_server return false.
In /mnt/hgfs/demo/vSwoole/library/client/WebSocketClient.php: 115
Exception Code: E_UNKONW[0]
Exception Trace: 
#0 /mnt/hgfs/demo/vSwoole/library/client/WebSocketClient.php(51): vSwoole\library\client\WebSocketClient->recv()
#1 /mnt/hgfs/demo/vSwoole/application/client/WebSocket.php(37): vSwoole\library\client\WebSocketClient->__construct(Array, Array)
#2 /mnt/hgfs/demo/vSwoole/library/Init.php(380): vSwoole\application\client\WebSocket->__construct()
#3 /mnt/hgfs/demo/vSwoole/public/client.php(25): vSwoole\library\Init->runClient()
#4 /mnt/hgfs/demo/vSwoole/public/client.php(32): Client->__construct()
#5 {main}

[2018-05-13 18:22:20] 
vSwoole\library\common\exception\Exception: Swoole\Client::recv(): recv() failed. Error: Resource temporarily unavailable [11]
In /mnt/hgfs/demo/vSwoole/library/client/WebSocketClient.php: 113
Exception Code: E_WARNING[2]
Exception Trace: 
#0 [internal function]: vSwoole\library\common\exception\Exception::swooleError(2, 'Swoole\\Client::...', '/mnt/hgfs/demo/...', 113, Array)
#1 /mnt/hgfs/demo/vSwoole/library/client/WebSocketClient.php(113): Swoole\Client->recv()
#2 /mnt/hgfs/demo/vSwoole/library/client/WebSocketClient.php(51): vSwoole\library\client\WebSocketClient->recv()
#3 /mnt/hgfs/demo/vSwoole/application/client/WebSocket.php(37): vSwoole\library\client\WebSocketClient->__construct(Array, Array)
#4 /mnt/hgfs/demo/vSwoole/library/Init.php(380): vSwoole\application\client\WebSocket->__construct()
#5 /mnt/hgfs/demo/vSwoole/public/client.php(25): vSwoole\library\Init->runClient()
#6 /mnt/hgfs/demo/vSwoole/public/client.php(32): Client->__construct()
#7 {main}

[2018-05-13 18:22:20] 
Exception: swoole_websocket_server return false.
In /mnt/hgfs/demo/vSwoole/library/client/WebSocketClient.php: 115
Exception Code: E_UNKONW[0]
Exception Trace: 
#0 /mnt/hgfs/demo/vSwoole/library/client/WebSocketClient.php(51): vSwoole\library\client\WebSocketClient->recv()
#1 /mnt/hgfs/demo/vSwoole/application/client/WebSocket.php(37): vSwoole\library\client\WebSocketClient->__construct(Array, Array)
#2 /mnt/hgfs/demo/vSwoole/library/Init.php(380): vSwoole\application\client\WebSocket->__construct()
#3 /mnt/hgfs/demo/vSwoole/public/client.php(25): vSwoole\library\Init->runClient()
#4 /mnt/hgfs/demo/vSwoole/public/client.php(32): Client->__construct()
#5 {main}

[2018-05-13 18:22:50] 
vSwoole\library\common\exception\Exception: Swoole\Client::recv(): recv() failed. Error: Resource temporarily unavailable [11]
In /mnt/hgfs/demo/vSwoole/library/client/WebSocketClient.php: 113
Exception Code: E_WARNING[2]
Exception Trace: 
#0 [internal function]: vSwoole\library\common\exception\Exception::swooleError(2, 'Swoole\\Client::...', '/mnt/hgfs/demo/...', 113, Array)
#1 /mnt/hgfs/demo/vSwoole/library/client/WebSocketClient.php(113): Swoole\Client->recv()
#2 /mnt/hgfs/demo/vSwoole/library/client/WebSocketClient.php(51): vSwoole\library\client\WebSocketClient->recv()
#3 /mnt/hgfs/demo/vSwoole/application/client/WebSocket.php(37): vSwoole\library\client\WebSocketClient->__construct(Array, Array)
#4 /mnt/hgfs/demo/vSwoole/library/Init.php(380): vSwoole\application\client\WebSocket->__construct()
#5 /mnt/hgfs/demo/vSwoole/public/client.php(25): vSwoole\library\Init->runClient()
#6 /mnt/hgfs/demo/vSwoole/public/client.php(32): Client->__construct()
#7 {main}

[2018-05-13 18:22:50] 
Exception: swoole_websocket_server return false.
In /mnt/hgfs/demo/vSwoole/library/client/WebSocketClient.php: 115
Exception Code: E_UNKONW[0]
Exception Trace: 
#0 /mnt/hgfs/demo/vSwoole/library/client/WebSocketClient.php(51): vSwoole\library\client\WebSocketClient->recv()
#1 /mnt/hgfs/demo/vSwoole/application/client/WebSocket.php(37): vSwoole\library\client\WebSocketClient->__construct(Array, Array)
#2 /mnt/hgfs/demo/vSwoole/library/Init.php(380): vSwoole\application\client\WebSocket->__construct()
#3 /mnt/hgfs/demo/vSwoole/public/client.php(25): vSwoole\library\Init->runClient()
#4 /mnt/hgfs/demo/vSwoole/public/client.php(32): Client->__construct()
#5 {main}

[2018-05-13 18:23:31] 
vSwoole\library\common\exception\Exception: Swoole\Client::recv(): recv() failed. Error: Resource temporarily unavailable [11]
In /mnt/hgfs/demo/vSwoole/library/client/WebSocketClient.php: 113
Exception Code: E_WARNING[2]
Exception Trace: 
#0 [internal function]: vSwoole\library\common\exception\Exception::swooleError(2, 'Swoole\\Client::...', '/mnt/hgfs/demo/...', 113, Array)
#1 /mnt/hgfs/demo/vSwoole/library/client/WebSocketClient.php(113): Swoole\Client->recv()
#2 /mnt/hgfs/demo/vSwoole/library/client/WebSocketClient.php(51): vSwoole\library\client\WebSocketClient->recv()
#3 /mnt/hgfs/demo/vSwoole/application/client/WebSocket.php(37): vSwoole\library\client\WebSocketClient->__construct(Array, Array)
#4 /mnt/hgfs/demo/vSwoole/library/Init.php(380): vSwoole\application\client\WebSocket->__construct()
#5 /mnt/hgfs/demo/vSwoole/public/client.php(25): vSwoole\library\Init->runClient()
#6 /mnt/hgfs/demo/vSwoole/public/client.php(32): Client->__construct()
#7 {main}

[2018-05-13 18:23:32] 
Exception: swoole_websocket_server return false.
In /mnt/hgfs/demo/vSwoole/library/client/WebSocketClient.php: 115
Exception Code: E_UNKONW[0]
Exception Trace: 
#0 /mnt/hgfs/demo/vSwoole/library/client/WebSocketClient.php(51): vSwoole\library\client\WebSocketClient->recv()
#1 /mnt/hgfs/demo/vSwoole/application/client/WebSocket.php(37): vSwoole\library\client\WebSocketClient->__construct(Array, Array)
#2 /mnt/hgfs/demo/vSwoole/library/Init.php(380): vSwoole\application\client\WebSocket->__construct()
#3 /mnt/hgfs/demo/vSwoole/public/client.php(25): vSwoole\library\Init->runClient()
#4 /mnt/hgfs/demo/vSwoole/public/client.php(32): Client->__construct()
#5 {main}

[2018-05-13 20:08:55] 
vSwoole\library\common\exception\Exception: Swoole\Client::connect(): connect to server[10.4.0.101:8501] failed. Error: Connection refused[111].
In /mnt/hgfs/demo/vSwoole/library/client/Client.php: 76
Exception Code: E_WARNING[2]
Exception Trace: 
#0 [internal function]: vSwoole\library\common\exception\Exception::swooleError(2, 'Swoole\\Client::...', '/mnt/hgfs/demo/...', 76, Array)
#1 /mnt/hgfs/demo/vSwoole/library/client/Client.php(76): Swoole\Client->connect('10.4.0.101', 8501, 3, 0)
#2 /mnt/hgfs/demo/vSwoole/library/client/WebSocketClient.php(47): vSwoole\library\client\Client->__construct(Array, Array)
#3 /mnt/hgfs/demo/vSwoole/application/client/WebSocket.php(37): vSwoole\library\client\WebSocketClient->__construct(Array, Array)
#4 /mnt/hgfs/demo/vSwoole/library/Init.php(380): vSwoole\application\client\WebSocket->__construct()
#5 /mnt/hgfs/demo/vSwoole/public/client.php(25): vSwoole\library\Init->runClient()
#6 /mnt/hgfs/demo/vSwoole/public/client.php(32): Client->__construct()
#7 {main}

[2018-05-13 20:08:55] 
Exception: Swoole Client connect failed
In /mnt/hgfs/demo/vSwoole/library/client/WebSocketClient.php: 59
Exception Code: E_UNKONW[0]
Exception Trace: 
#0 /mnt/hgfs/demo/vSwoole/application/client/WebSocket.php(37): vSwoole\library\client\WebSocketClient->__construct(Array, Array)
#1 /mnt/hgfs/demo/vSwoole/library/Init.php(380): vSwoole\application\client\WebSocket->__construct()
#2 /mnt/hgfs/demo/vSwoole/public/client.php(25): vSwoole\library\Init->runClient()
#3 /mnt/hgfs/demo/vSwoole/public/client.php(32): Client->__construct()
#4 {main}

