[2018-05-09 11:27:48] 
vSwoole\library\common\exception\ClassNotFoundException: class vSwoole\application\server\Swoole_WebSocket_Server not exist,file path: /mnt/hgfs/demo/vSwoole/public/../application/server/Swoole_WebSocket_Server.php
In /mnt/hgfs/demo/vSwoole/library/Init.php: 226
Exception Code: E_WARNING[2]
Exception Trace: 
#0 [internal function]: vSwoole\library\Init::loadClass('vSwoole\\applica...')
#1 /mnt/hgfs/demo/vSwoole/library/Init.php(414): spl_autoload_call('vSwoole\\applica...')
#2 /mnt/hgfs/demo/vSwoole/library/common/Command.php(55): vSwoole\library\Init->runServer('vSwoole\\applica...')
#3 /mnt/hgfs/demo/vSwoole/library/common/File.php(83): vSwoole\library\common\Command->vSwoole\library\common\{closure}('23412')
#4 /mnt/hgfs/demo/vSwoole/library/common/Command.php(57): vSwoole\library\common\File::get('/mnt/hgfs/demo/...', Object(Closure))
#5 /mnt/hgfs/demo/vSwoole/library/Init.php(333): vSwoole\library\common\Command->restart('Swoole_WebSocke...')
#6 /mnt/hgfs/demo/vSwoole/library/Init.php(94): vSwoole\library\Init::restart('WebSocket')
#7 /mnt/hgfs/demo/vSwoole/public/swoole.php(25): vSwoole\library\Init::cmd()
#8 /mnt/hgfs/demo/vSwoole/public/swoole.php(32): Swoole->__construct()
#9 {main}


[2018-05-09 14:32:26] 
vSwoole\library\common\exception\Exception: Array to string conversion
In /mnt/hgfs/demo/vSwoole/library/common/cache/Redis.php: 132
Exception Code: E_NOTICE[8]
Exception Trace: 
#0 /mnt/hgfs/demo/vSwoole/library/common/cache/Redis.php(132): vSwoole\library\common\exception\Exception::swooleError(8, 'Array to string...', '/mnt/hgfs/demo/...', 132, Array)
#1 /mnt/hgfs/demo/vSwoole/application/server/logic/TimerLogic.php(92): vSwoole\library\common\cache\Redis->__call('hSet', Array)
#2 /mnt/hgfs/demo/vSwoole/application/server/Timer.php(86): vSwoole\application\server\logic\TimerLogic->add(Array)
#3 {main}

[2018-05-09 14:32:41] 
vSwoole\library\common\exception\Exception: Array to string conversion
In /mnt/hgfs/demo/vSwoole/library/common/cache/Redis.php: 132
Exception Code: E_NOTICE[8]
Exception Trace: 
#0 /mnt/hgfs/demo/vSwoole/library/common/cache/Redis.php(132): vSwoole\library\common\exception\Exception::swooleError(8, 'Array to string...', '/mnt/hgfs/demo/...', 132, Array)
#1 /mnt/hgfs/demo/vSwoole/application/server/logic/TimerLogic.php(92): vSwoole\library\common\cache\Redis->__call('hSet', Array)
#2 /mnt/hgfs/demo/vSwoole/application/server/Timer.php(86): vSwoole\application\server\logic\TimerLogic->add(Array)
#3 {main}

[2018-05-09 14:33:51] 
vSwoole\library\common\exception\Exception: Array to string conversion
In /mnt/hgfs/demo/vSwoole/library/common/cache/Redis.php: 133
Exception Code: E_NOTICE[8]
Exception Trace: 
#0 /mnt/hgfs/demo/vSwoole/library/common/cache/Redis.php(133): vSwoole\library\common\exception\Exception::swooleError(8, 'Array to string...', '/mnt/hgfs/demo/...', 133, Array)
#1 /mnt/hgfs/demo/vSwoole/application/server/logic/TimerLogic.php(92): vSwoole\library\common\cache\Redis->__call('hSet', Array)
#2 /mnt/hgfs/demo/vSwoole/application/server/Timer.php(86): vSwoole\application\server\logic\TimerLogic->add(Array)
#3 {main}

[2018-05-09 16:26:04] 
vSwoole\library\common\exception\Exception: Use of undefined constant VSWOOLE_TIMER_SERVER - assumed 'VSWOOLE_TIMER_SERVER'
In /mnt/hgfs/demo/vSwoole/configs/timer.php: 14
Exception Code: E_NOTICE[8]
Exception Trace: 
#0 /mnt/hgfs/demo/vSwoole/configs/timer.php(14): vSwoole\library\common\exception\Exception::swooleError(8, 'Use of undefine...', '/mnt/hgfs/demo/...', 14, Array)
#1 /mnt/hgfs/demo/vSwoole/library/common/Config.php(37): require('/mnt/hgfs/demo/...')
#2 /mnt/hgfs/demo/vSwoole/library/common/Config.php(152): vSwoole\library\common\Config::loadConfig('*', true)
#3 /mnt/hgfs/demo/vSwoole/library/server/WebSocketServer.php(93): vSwoole\library\common\Config::cacheConfig()
#4 /mnt/hgfs/demo/vSwoole/application/server/WebSocket.php(91): vSwoole\library\server\WebSocketServer->onWorkerStart(Object(Swoole\WebSocket\Server), 2)
#5 [internal function]: vSwoole\application\server\WebSocket->onWorkerStart(Object(Swoole\WebSocket\Server), 2)
#6 /mnt/hgfs/demo/vSwoole/library/server/Server.php(156): Swoole\Http\Server->start()
#7 /mnt/hgfs/demo/vSwoole/library/server/WebSocketServer.php(31): vSwoole\library\server\Server->__construct(Array, Array)
#8 /mnt/hgfs/demo/vSwoole/application/server/WebSocket.php(34): vSwoole\library\server\WebSocketServer->__construct(Array, Array)
#9 /mnt/hgfs/demo/vSwoole/library/Init.php(405): vSwoole\application\server\WebSocket->__construct()
#10 /mnt/hgfs/demo/vSwoole/library/Init.php(46): vSwoole\library\Init->runServer('vSwoole\\applica...')
#11 /mnt/hgfs/demo/vSwoole/public/swoole.php(25): vSwoole\library\Init::cmd()
#12 /mnt/hgfs/demo/vSwoole/public/swoole.php(32): Swoole->__construct()
#13 {main}

[2018-05-09 16:26:04] 
vSwoole\library\common\exception\Exception: Use of undefined constant VSWOOLE_TIMER_SERVER - assumed 'VSWOOLE_TIMER_SERVER'
In /mnt/hgfs/demo/vSwoole/configs/timer.php: 14
Exception Code: E_NOTICE[8]
Exception Trace: 
#0 /mnt/hgfs/demo/vSwoole/configs/timer.php(14): vSwoole\library\common\exception\Exception::swooleError(8, 'Use of undefine...', '/mnt/hgfs/demo/...', 14, Array)
#1 /mnt/hgfs/demo/vSwoole/library/common/Config.php(37): require('/mnt/hgfs/demo/...')
#2 /mnt/hgfs/demo/vSwoole/library/common/Config.php(152): vSwoole\library\common\Config::loadConfig('*', true)
#3 /mnt/hgfs/demo/vSwoole/library/server/WebSocketServer.php(93): vSwoole\library\common\Config::cacheConfig()
#4 /mnt/hgfs/demo/vSwoole/application/server/WebSocket.php(91): vSwoole\library\server\WebSocketServer->onWorkerStart(Object(Swoole\WebSocket\Server), 3)
#5 [internal function]: vSwoole\application\server\WebSocket->onWorkerStart(Object(Swoole\WebSocket\Server), 3)
#6 /mnt/hgfs/demo/vSwoole/library/server/Server.php(156): Swoole\Http\Server->start()
#7 /mnt/hgfs/demo/vSwoole/library/server/WebSocketServer.php(31): vSwoole\library\server\Server->__construct(Array, Array)
#8 /mnt/hgfs/demo/vSwoole/application/server/WebSocket.php(34): vSwoole\library\server\WebSocketServer->__construct(Array, Array)
#9 /mnt/hgfs/demo/vSwoole/library/Init.php(405): vSwoole\application\server\WebSocket->__construct()
#10 /mnt/hgfs/demo/vSwoole/library/Init.php(46): vSwoole\library\Init->runServer('vSwoole\\applica...')
#11 /mnt/hgfs/demo/vSwoole/public/swoole.php(25): vSwoole\library\Init::cmd()
#12 /mnt/hgfs/demo/vSwoole/public/swoole.php(32): Swoole->__construct()
#13 {main}

[2018-05-09 16:26:04] 
vSwoole\library\common\exception\Exception: Use of undefined constant VSWOOLE_TIMER_SERVER - assumed 'VSWOOLE_TIMER_SERVER'
In /mnt/hgfs/demo/vSwoole/configs/timer.php: 14
Exception Code: E_NOTICE[8]
Exception Trace: 
#0 /mnt/hgfs/demo/vSwoole/configs/timer.php(14): vSwoole\library\common\exception\Exception::swooleError(8, 'Use of undefine...', '/mnt/hgfs/demo/...', 14, Array)
#1 /mnt/hgfs/demo/vSwoole/library/common/Config.php(37): require('/mnt/hgfs/demo/...')
#2 /mnt/hgfs/demo/vSwoole/library/common/Config.php(152): vSwoole\library\common\Config::loadConfig('*', true)
#3 /mnt/hgfs/demo/vSwoole/library/server/WebSocketServer.php(93): vSwoole\library\common\Config::cacheConfig()
#4 /mnt/hgfs/demo/vSwoole/application/server/WebSocket.php(91): vSwoole\library\server\WebSocketServer->onWorkerStart(Object(Swoole\WebSocket\Server), 2)
#5 [internal function]: vSwoole\application\server\WebSocket->onWorkerStart(Object(Swoole\WebSocket\Server), 2)
#6 /mnt/hgfs/demo/vSwoole/library/server/Server.php(156): Swoole\Http\Server->start()
#7 /mnt/hgfs/demo/vSwoole/library/server/WebSocketServer.php(31): vSwoole\library\server\Server->__construct(Array, Array)
#8 /mnt/hgfs/demo/vSwoole/application/server/WebSocket.php(34): vSwoole\library\server\WebSocketServer->__construct(Array, Array)
#9 /mnt/hgfs/demo/vSwoole/library/Init.php(405): vSwoole\application\server\WebSocket->__construct()
#10 /mnt/hgfs/demo/vSwoole/library/Init.php(46): vSwoole\library\Init->runServer('vSwoole\\applica...')
#11 /mnt/hgfs/demo/vSwoole/public/swoole.php(25): vSwoole\library\Init::cmd()
#12 /mnt/hgfs/demo/vSwoole/public/swoole.php(32): Swoole->__construct()
#13 {main}

[2018-05-09 16:26:05] 
vSwoole\library\common\exception\Exception: Use of undefined constant VSWOOLE_TIMER_SERVER - assumed 'VSWOOLE_TIMER_SERVER'
In /mnt/hgfs/demo/vSwoole/configs/timer.php: 14
Exception Code: E_NOTICE[8]
Exception Trace: 
#0 /mnt/hgfs/demo/vSwoole/configs/timer.php(14): vSwoole\library\common\exception\Exception::swooleError(8, 'Use of undefine...', '/mnt/hgfs/demo/...', 14, Array)
#1 /mnt/hgfs/demo/vSwoole/library/common/Config.php(37): require('/mnt/hgfs/demo/...')
#2 /mnt/hgfs/demo/vSwoole/library/common/Config.php(152): vSwoole\library\common\Config::loadConfig('*', true)
#3 /mnt/hgfs/demo/vSwoole/library/server/WebSocketServer.php(93): vSwoole\library\common\Config::cacheConfig()
#4 /mnt/hgfs/demo/vSwoole/application/server/WebSocket.php(91): vSwoole\library\server\WebSocketServer->onWorkerStart(Object(Swoole\WebSocket\Server), 1)
#5 [internal function]: vSwoole\application\server\WebSocket->onWorkerStart(Object(Swoole\WebSocket\Server), 1)
#6 /mnt/hgfs/demo/vSwoole/library/server/Server.php(156): Swoole\Http\Server->start()
#7 /mnt/hgfs/demo/vSwoole/library/server/WebSocketServer.php(31): vSwoole\library\server\Server->__construct(Array, Array)
#8 /mnt/hgfs/demo/vSwoole/application/server/WebSocket.php(34): vSwoole\library\server\WebSocketServer->__construct(Array, Array)
#9 /mnt/hgfs/demo/vSwoole/library/Init.php(405): vSwoole\application\server\WebSocket->__construct()
#10 /mnt/hgfs/demo/vSwoole/library/Init.php(46): vSwoole\library\Init->runServer('vSwoole\\applica...')
#11 /mnt/hgfs/demo/vSwoole/public/swoole.php(25): vSwoole\library\Init::cmd()
#12 /mnt/hgfs/demo/vSwoole/public/swoole.php(32): Swoole->__construct()
#13 {main}

[2018-05-09 16:26:05] 
vSwoole\library\common\exception\Exception: Use of undefined constant VSWOOLE_TIMER_SERVER - assumed 'VSWOOLE_TIMER_SERVER'
In /mnt/hgfs/demo/vSwoole/configs/timer.php: 14
Exception Code: E_NOTICE[8]
Exception Trace: 
#0 /mnt/hgfs/demo/vSwoole/configs/timer.php(14): vSwoole\library\common\exception\Exception::swooleError(8, 'Use of undefine...', '/mnt/hgfs/demo/...', 14, Array)
#1 /mnt/hgfs/demo/vSwoole/library/common/Config.php(37): require('/mnt/hgfs/demo/...')
#2 /mnt/hgfs/demo/vSwoole/library/common/Config.php(152): vSwoole\library\common\Config::loadConfig('*', true)
#3 /mnt/hgfs/demo/vSwoole/library/server/WebSocketServer.php(93): vSwoole\library\common\Config::cacheConfig()
#4 /mnt/hgfs/demo/vSwoole/application/server/WebSocket.php(91): vSwoole\library\server\WebSocketServer->onWorkerStart(Object(Swoole\WebSocket\Server), 3)
#5 [internal function]: vSwoole\application\server\WebSocket->onWorkerStart(Object(Swoole\WebSocket\Server), 3)
#6 /mnt/hgfs/demo/vSwoole/library/server/Server.php(156): Swoole\Http\Server->start()
#7 /mnt/hgfs/demo/vSwoole/library/server/WebSocketServer.php(31): vSwoole\library\server\Server->__construct(Array, Array)
#8 /mnt/hgfs/demo/vSwoole/application/server/WebSocket.php(34): vSwoole\library\server\WebSocketServer->__construct(Array, Array)
#9 /mnt/hgfs/demo/vSwoole/library/Init.php(405): vSwoole\application\server\WebSocket->__construct()
#10 /mnt/hgfs/demo/vSwoole/library/Init.php(46): vSwoole\library\Init->runServer('vSwoole\\applica...')
#11 /mnt/hgfs/demo/vSwoole/public/swoole.php(25): vSwoole\library\Init::cmd()
#12 /mnt/hgfs/demo/vSwoole/public/swoole.php(32): Swoole->__construct()
#13 {main}

[2018-05-09 16:26:05] 
vSwoole\library\common\exception\Exception: Use of undefined constant VSWOOLE_TIMER_SERVER - assumed 'VSWOOLE_TIMER_SERVER'
In /mnt/hgfs/demo/vSwoole/configs/timer.php: 14
Exception Code: E_NOTICE[8]
Exception Trace: 
#0 /mnt/hgfs/demo/vSwoole/configs/timer.php(14): vSwoole\library\common\exception\Exception::swooleError(8, 'Use of undefine...', '/mnt/hgfs/demo/...', 14, Array)
#1 /mnt/hgfs/demo/vSwoole/library/common/Config.php(37): require('/mnt/hgfs/demo/...')
#2 /mnt/hgfs/demo/vSwoole/library/common/Config.php(152): vSwoole\library\common\Config::loadConfig('*', true)
#3 /mnt/hgfs/demo/vSwoole/library/server/WebSocketServer.php(93): vSwoole\library\common\Config::cacheConfig()
#4 /mnt/hgfs/demo/vSwoole/application/server/WebSocket.php(91): vSwoole\library\server\WebSocketServer->onWorkerStart(Object(Swoole\WebSocket\Server), 2)
#5 [internal function]: vSwoole\application\server\WebSocket->onWorkerStart(Object(Swoole\WebSocket\Server), 2)
#6 /mnt/hgfs/demo/vSwoole/library/server/Server.php(156): Swoole\Http\Server->start()
#7 /mnt/hgfs/demo/vSwoole/library/server/WebSocketServer.php(31): vSwoole\library\server\Server->__construct(Array, Array)
#8 /mnt/hgfs/demo/vSwoole/application/server/WebSocket.php(34): vSwoole\library\server\WebSocketServer->__construct(Array, Array)
#9 /mnt/hgfs/demo/vSwoole/library/Init.php(405): vSwoole\application\server\WebSocket->__construct()
#10 /mnt/hgfs/demo/vSwoole/library/Init.php(46): vSwoole\library\Init->runServer('vSwoole\\applica...')
#11 /mnt/hgfs/demo/vSwoole/public/swoole.php(25): vSwoole\library\Init::cmd()
#12 /mnt/hgfs/demo/vSwoole/public/swoole.php(32): Swoole->__construct()
#13 {main}

[2018-05-09 16:26:05] 
vSwoole\library\common\exception\Exception: Use of undefined constant VSWOOLE_TIMER_SERVER - assumed 'VSWOOLE_TIMER_SERVER'
In /mnt/hgfs/demo/vSwoole/configs/timer.php: 14
Exception Code: E_NOTICE[8]
Exception Trace: 
#0 /mnt/hgfs/demo/vSwoole/configs/timer.php(14): vSwoole\library\common\exception\Exception::swooleError(8, 'Use of undefine...', '/mnt/hgfs/demo/...', 14, Array)
#1 /mnt/hgfs/demo/vSwoole/library/common/Config.php(37): require('/mnt/hgfs/demo/...')
#2 /mnt/hgfs/demo/vSwoole/library/common/Config.php(152): vSwoole\library\common\Config::loadConfig('*', true)
#3 /mnt/hgfs/demo/vSwoole/library/server/WebSocketServer.php(93): vSwoole\library\common\Config::cacheConfig()
#4 /mnt/hgfs/demo/vSwoole/application/server/WebSocket.php(91): vSwoole\library\server\WebSocketServer->onWorkerStart(Object(Swoole\WebSocket\Server), 0)
#5 [internal function]: vSwoole\application\server\WebSocket->onWorkerStart(Object(Swoole\WebSocket\Server), 0)
#6 /mnt/hgfs/demo/vSwoole/library/server/Server.php(156): Swoole\Http\Server->start()
#7 /mnt/hgfs/demo/vSwoole/library/server/WebSocketServer.php(31): vSwoole\library\server\Server->__construct(Array, Array)
#8 /mnt/hgfs/demo/vSwoole/application/server/WebSocket.php(34): vSwoole\library\server\WebSocketServer->__construct(Array, Array)
#9 /mnt/hgfs/demo/vSwoole/library/Init.php(405): vSwoole\application\server\WebSocket->__construct()
#10 /mnt/hgfs/demo/vSwoole/library/Init.php(46): vSwoole\library\Init->runServer('vSwoole\\applica...')
#11 /mnt/hgfs/demo/vSwoole/public/swoole.php(25): vSwoole\library\Init::cmd()
#12 /mnt/hgfs/demo/vSwoole/public/swoole.php(32): Swoole->__construct()
#13 {main}

[2018-05-09 16:26:05] 
vSwoole\library\common\exception\Exception: Use of undefined constant VSWOOLE_TIMER_SERVER - assumed 'VSWOOLE_TIMER_SERVER'
In /mnt/hgfs/demo/vSwoole/configs/timer.php: 14
Exception Code: E_NOTICE[8]
Exception Trace: 
#0 /mnt/hgfs/demo/vSwoole/configs/timer.php(14): vSwoole\library\common\exception\Exception::swooleError(8, 'Use of undefine...', '/mnt/hgfs/demo/...', 14, Array)
#1 /mnt/hgfs/demo/vSwoole/library/common/Config.php(37): require('/mnt/hgfs/demo/...')
#2 /mnt/hgfs/demo/vSwoole/library/common/Config.php(152): vSwoole\library\common\Config::loadConfig('*', true)
#3 /mnt/hgfs/demo/vSwoole/library/server/WebSocketServer.php(93): vSwoole\library\common\Config::cacheConfig()
#4 /mnt/hgfs/demo/vSwoole/application/server/WebSocket.php(91): vSwoole\library\server\WebSocketServer->onWorkerStart(Object(Swoole\WebSocket\Server), 1)
#5 [internal function]: vSwoole\application\server\WebSocket->onWorkerStart(Object(Swoole\WebSocket\Server), 1)
#6 /mnt/hgfs/demo/vSwoole/library/server/Server.php(156): Swoole\Http\Server->start()
#7 /mnt/hgfs/demo/vSwoole/library/server/WebSocketServer.php(31): vSwoole\library\server\Server->__construct(Array, Array)
#8 /mnt/hgfs/demo/vSwoole/application/server/WebSocket.php(34): vSwoole\library\server\WebSocketServer->__construct(Array, Array)
#9 /mnt/hgfs/demo/vSwoole/library/Init.php(405): vSwoole\application\server\WebSocket->__construct()
#10 /mnt/hgfs/demo/vSwoole/library/Init.php(46): vSwoole\library\Init->runServer('vSwoole\\applica...')
#11 /mnt/hgfs/demo/vSwoole/public/swoole.php(25): vSwoole\library\Init::cmd()
#12 /mnt/hgfs/demo/vSwoole/public/swoole.php(32): Swoole->__construct()
#13 {main}

[2018-05-09 16:26:05] 
vSwoole\library\common\exception\Exception: Use of undefined constant VSWOOLE_TIMER_SERVER - assumed 'VSWOOLE_TIMER_SERVER'
In /mnt/hgfs/demo/vSwoole/configs/timer.php: 14
Exception Code: E_NOTICE[8]
Exception Trace: 
#0 /mnt/hgfs/demo/vSwoole/configs/timer.php(14): vSwoole\library\common\exception\Exception::swooleError(8, 'Use of undefine...', '/mnt/hgfs/demo/...', 14, Array)
#1 /mnt/hgfs/demo/vSwoole/library/common/Config.php(37): require('/mnt/hgfs/demo/...')
#2 /mnt/hgfs/demo/vSwoole/library/common/Config.php(152): vSwoole\library\common\Config::loadConfig('*', true)
#3 /mnt/hgfs/demo/vSwoole/library/server/WebSocketServer.php(93): vSwoole\library\common\Config::cacheConfig()
#4 /mnt/hgfs/demo/vSwoole/application/server/WebSocket.php(91): vSwoole\library\server\WebSocketServer->onWorkerStart(Object(Swoole\WebSocket\Server), 3)
#5 [internal function]: vSwoole\application\server\WebSocket->onWorkerStart(Object(Swoole\WebSocket\Server), 3)
#6 /mnt/hgfs/demo/vSwoole/library/server/Server.php(156): Swoole\Http\Server->start()
#7 /mnt/hgfs/demo/vSwoole/library/server/WebSocketServer.php(31): vSwoole\library\server\Server->__construct(Array, Array)
#8 /mnt/hgfs/demo/vSwoole/application/server/WebSocket.php(34): vSwoole\library\server\WebSocketServer->__construct(Array, Array)
#9 /mnt/hgfs/demo/vSwoole/library/Init.php(405): vSwoole\application\server\WebSocket->__construct()
#10 /mnt/hgfs/demo/vSwoole/library/Init.php(46): vSwoole\library\Init->runServer('vSwoole\\applica...')
#11 /mnt/hgfs/demo/vSwoole/public/swoole.php(25): vSwoole\library\Init::cmd()
#12 /mnt/hgfs/demo/vSwoole/public/swoole.php(32): Swoole->__construct()
#13 {main}

[2018-05-09 16:26:05] 
vSwoole\library\common\exception\Exception: Use of undefined constant VSWOOLE_TIMER_SERVER - assumed 'VSWOOLE_TIMER_SERVER'
In /mnt/hgfs/demo/vSwoole/configs/timer.php: 14
Exception Code: E_NOTICE[8]
Exception Trace: 
#0 /mnt/hgfs/demo/vSwoole/configs/timer.php(14): vSwoole\library\common\exception\Exception::swooleError(8, 'Use of undefine...', '/mnt/hgfs/demo/...', 14, Array)
#1 /mnt/hgfs/demo/vSwoole/library/common/Config.php(37): require('/mnt/hgfs/demo/...')
#2 /mnt/hgfs/demo/vSwoole/library/common/Config.php(152): vSwoole\library\common\Config::loadConfig('*', true)
#3 /mnt/hgfs/demo/vSwoole/library/server/WebSocketServer.php(93): vSwoole\library\common\Config::cacheConfig()
#4 /mnt/hgfs/demo/vSwoole/application/server/WebSocket.php(91): vSwoole\library\server\WebSocketServer->onWorkerStart(Object(Swoole\WebSocket\Server), 0)
#5 [internal function]: vSwoole\application\server\WebSocket->onWorkerStart(Object(Swoole\WebSocket\Server), 0)
#6 /mnt/hgfs/demo/vSwoole/library/server/Server.php(156): Swoole\Http\Server->start()
#7 /mnt/hgfs/demo/vSwoole/library/server/WebSocketServer.php(31): vSwoole\library\server\Server->__construct(Array, Array)
#8 /mnt/hgfs/demo/vSwoole/application/server/WebSocket.php(34): vSwoole\library\server\WebSocketServer->__construct(Array, Array)
#9 /mnt/hgfs/demo/vSwoole/library/Init.php(405): vSwoole\application\server\WebSocket->__construct()
#10 /mnt/hgfs/demo/vSwoole/library/Init.php(46): vSwoole\library\Init->runServer('vSwoole\\applica...')
#11 /mnt/hgfs/demo/vSwoole/public/swoole.php(25): vSwoole\library\Init::cmd()
#12 /mnt/hgfs/demo/vSwoole/public/swoole.php(32): Swoole->__construct()
#13 {main}

[2018-05-09 16:26:05] 
vSwoole\library\common\exception\Exception: Use of undefined constant VSWOOLE_TIMER_SERVER - assumed 'VSWOOLE_TIMER_SERVER'
In /mnt/hgfs/demo/vSwoole/configs/timer.php: 14
Exception Code: E_NOTICE[8]
Exception Trace: 
#0 /mnt/hgfs/demo/vSwoole/configs/timer.php(14): vSwoole\library\common\exception\Exception::swooleError(8, 'Use of undefine...', '/mnt/hgfs/demo/...', 14, Array)
#1 /mnt/hgfs/demo/vSwoole/library/common/Config.php(37): require('/mnt/hgfs/demo/...')
#2 /mnt/hgfs/demo/vSwoole/library/common/Config.php(152): vSwoole\library\common\Config::loadConfig('*', true)
#3 /mnt/hgfs/demo/vSwoole/library/server/WebSocketServer.php(93): vSwoole\library\common\Config::cacheConfig()
#4 /mnt/hgfs/demo/vSwoole/application/server/WebSocket.php(91): vSwoole\library\server\WebSocketServer->onWorkerStart(Object(Swoole\WebSocket\Server), 3)
#5 [internal function]: vSwoole\application\server\WebSocket->onWorkerStart(Object(Swoole\WebSocket\Server), 3)
#6 /mnt/hgfs/demo/vSwoole/library/server/Server.php(156): Swoole\Http\Server->start()
#7 /mnt/hgfs/demo/vSwoole/library/server/WebSocketServer.php(31): vSwoole\library\server\Server->__construct(Array, Array)
#8 /mnt/hgfs/demo/vSwoole/application/server/WebSocket.php(34): vSwoole\library\server\WebSocketServer->__construct(Array, Array)
#9 /mnt/hgfs/demo/vSwoole/library/Init.php(405): vSwoole\application\server\WebSocket->__construct()
#10 /mnt/hgfs/demo/vSwoole/library/Init.php(46): vSwoole\library\Init->runServer('vSwoole\\applica...')
#11 /mnt/hgfs/demo/vSwoole/public/swoole.php(25): vSwoole\library\Init::cmd()
#12 /mnt/hgfs/demo/vSwoole/public/swoole.php(32): Swoole->__construct()
#13 {main}

[2018-05-09 16:26:05] 
vSwoole\library\common\exception\Exception: Use of undefined constant VSWOOLE_TIMER_SERVER - assumed 'VSWOOLE_TIMER_SERVER'
In /mnt/hgfs/demo/vSwoole/configs/timer.php: 14
Exception Code: E_NOTICE[8]
Exception Trace: 
#0 /mnt/hgfs/demo/vSwoole/configs/timer.php(14): vSwoole\library\common\exception\Exception::swooleError(8, 'Use of undefine...', '/mnt/hgfs/demo/...', 14, Array)
#1 /mnt/hgfs/demo/vSwoole/library/common/Config.php(37): require('/mnt/hgfs/demo/...')
#2 /mnt/hgfs/demo/vSwoole/library/common/Config.php(152): vSwoole\library\common\Config::loadConfig('*', true)
#3 /mnt/hgfs/demo/vSwoole/library/server/WebSocketServer.php(93): vSwoole\library\common\Config::cacheConfig()
#4 /mnt/hgfs/demo/vSwoole/application/server/WebSocket.php(91): vSwoole\library\server\WebSocketServer->onWorkerStart(Object(Swoole\WebSocket\Server), 2)
#5 [internal function]: vSwoole\application\server\WebSocket->onWorkerStart(Object(Swoole\WebSocket\Server), 2)
#6 /mnt/hgfs/demo/vSwoole/library/server/Server.php(156): Swoole\Http\Server->start()
#7 /mnt/hgfs/demo/vSwoole/library/server/WebSocketServer.php(31): vSwoole\library\server\Server->__construct(Array, Array)
#8 /mnt/hgfs/demo/vSwoole/application/server/WebSocket.php(34): vSwoole\library\server\WebSocketServer->__construct(Array, Array)
#9 /mnt/hgfs/demo/vSwoole/library/Init.php(405): vSwoole\application\server\WebSocket->__construct()
#10 /mnt/hgfs/demo/vSwoole/library/Init.php(46): vSwoole\library\Init->runServer('vSwoole\\applica...')
#11 /mnt/hgfs/demo/vSwoole/public/swoole.php(25): vSwoole\library\Init::cmd()
#12 /mnt/hgfs/demo/vSwoole/public/swoole.php(32): Swoole->__construct()
#13 {main}

[2018-05-09 16:26:05] 
vSwoole\library\common\exception\Exception: Use of undefined constant VSWOOLE_TIMER_SERVER - assumed 'VSWOOLE_TIMER_SERVER'
In /mnt/hgfs/demo/vSwoole/configs/timer.php: 14
Exception Code: E_NOTICE[8]
Exception Trace: 
#0 /mnt/hgfs/demo/vSwoole/configs/timer.php(14): vSwoole\library\common\exception\Exception::swooleError(8, 'Use of undefine...', '/mnt/hgfs/demo/...', 14, Array)
#1 /mnt/hgfs/demo/vSwoole/library/common/Config.php(37): require('/mnt/hgfs/demo/...')
#2 /mnt/hgfs/demo/vSwoole/library/common/Config.php(152): vSwoole\library\common\Config::loadConfig('*', true)
#3 /mnt/hgfs/demo/vSwoole/library/server/WebSocketServer.php(93): vSwoole\library\common\Config::cacheConfig()
#4 /mnt/hgfs/demo/vSwoole/application/server/WebSocket.php(91): vSwoole\library\server\WebSocketServer->onWorkerStart(Object(Swoole\WebSocket\Server), 1)
#5 [internal function]: vSwoole\application\server\WebSocket->onWorkerStart(Object(Swoole\WebSocket\Server), 1)
#6 /mnt/hgfs/demo/vSwoole/library/server/Server.php(156): Swoole\Http\Server->start()
#7 /mnt/hgfs/demo/vSwoole/library/server/WebSocketServer.php(31): vSwoole\library\server\Server->__construct(Array, Array)
#8 /mnt/hgfs/demo/vSwoole/application/server/WebSocket.php(34): vSwoole\library\server\WebSocketServer->__construct(Array, Array)
#9 /mnt/hgfs/demo/vSwoole/library/Init.php(405): vSwoole\application\server\WebSocket->__construct()
#10 /mnt/hgfs/demo/vSwoole/library/Init.php(46): vSwoole\library\Init->runServer('vSwoole\\applica...')
#11 /mnt/hgfs/demo/vSwoole/public/swoole.php(25): vSwoole\library\Init::cmd()
#12 /mnt/hgfs/demo/vSwoole/public/swoole.php(32): Swoole->__construct()
#13 {main}

[2018-05-09 16:26:05] 
vSwoole\library\common\exception\Exception: Use of undefined constant VSWOOLE_TIMER_SERVER - assumed 'VSWOOLE_TIMER_SERVER'
In /mnt/hgfs/demo/vSwoole/configs/timer.php: 14
Exception Code: E_NOTICE[8]
Exception Trace: 
#0 /mnt/hgfs/demo/vSwoole/configs/timer.php(14): vSwoole\library\common\exception\Exception::swooleError(8, 'Use of undefine...', '/mnt/hgfs/demo/...', 14, Array)
#1 /mnt/hgfs/demo/vSwoole/library/common/Config.php(37): require('/mnt/hgfs/demo/...')
#2 /mnt/hgfs/demo/vSwoole/library/common/Config.php(152): vSwoole\library\common\Config::loadConfig('*', true)
#3 /mnt/hgfs/demo/vSwoole/library/server/WebSocketServer.php(93): vSwoole\library\common\Config::cacheConfig()
#4 /mnt/hgfs/demo/vSwoole/application/server/WebSocket.php(91): vSwoole\library\server\WebSocketServer->onWorkerStart(Object(Swoole\WebSocket\Server), 0)
#5 [internal function]: vSwoole\application\server\WebSocket->onWorkerStart(Object(Swoole\WebSocket\Server), 0)
#6 /mnt/hgfs/demo/vSwoole/library/server/Server.php(156): Swoole\Http\Server->start()
#7 /mnt/hgfs/demo/vSwoole/library/server/WebSocketServer.php(31): vSwoole\library\server\Server->__construct(Array, Array)
#8 /mnt/hgfs/demo/vSwoole/application/server/WebSocket.php(34): vSwoole\library\server\WebSocketServer->__construct(Array, Array)
#9 /mnt/hgfs/demo/vSwoole/library/Init.php(405): vSwoole\application\server\WebSocket->__construct()
#10 /mnt/hgfs/demo/vSwoole/library/Init.php(46): vSwoole\library\Init->runServer('vSwoole\\applica...')
#11 /mnt/hgfs/demo/vSwoole/public/swoole.php(25): vSwoole\library\Init::cmd()
#12 /mnt/hgfs/demo/vSwoole/public/swoole.php(32): Swoole->__construct()
#13 {main}

[2018-05-09 16:26:05] 
vSwoole\library\common\exception\Exception: Use of undefined constant VSWOOLE_TIMER_SERVER - assumed 'VSWOOLE_TIMER_SERVER'
In /mnt/hgfs/demo/vSwoole/configs/timer.php: 14
Exception Code: E_NOTICE[8]
Exception Trace: 
#0 /mnt/hgfs/demo/vSwoole/configs/timer.php(14): vSwoole\library\common\exception\Exception::swooleError(8, 'Use of undefine...', '/mnt/hgfs/demo/...', 14, Array)
#1 /mnt/hgfs/demo/vSwoole/library/common/Config.php(37): require('/mnt/hgfs/demo/...')
#2 /mnt/hgfs/demo/vSwoole/library/common/Config.php(152): vSwoole\library\common\Config::loadConfig('*', true)
#3 /mnt/hgfs/demo/vSwoole/library/server/WebSocketServer.php(93): vSwoole\library\common\Config::cacheConfig()
#4 /mnt/hgfs/demo/vSwoole/application/server/WebSocket.php(91): vSwoole\library\server\WebSocketServer->onWorkerStart(Object(Swoole\WebSocket\Server), 2)
#5 [internal function]: vSwoole\application\server\WebSocket->onWorkerStart(Object(Swoole\WebSocket\Server), 2)
#6 /mnt/hgfs/demo/vSwoole/library/server/Server.php(156): Swoole\Http\Server->start()
#7 /mnt/hgfs/demo/vSwoole/library/server/WebSocketServer.php(31): vSwoole\library\server\Server->__construct(Array, Array)
#8 /mnt/hgfs/demo/vSwoole/application/server/WebSocket.php(34): vSwoole\library\server\WebSocketServer->__construct(Array, Array)
#9 /mnt/hgfs/demo/vSwoole/library/Init.php(405): vSwoole\application\server\WebSocket->__construct()
#10 /mnt/hgfs/demo/vSwoole/library/Init.php(46): vSwoole\library\Init->runServer('vSwoole\\applica...')
#11 /mnt/hgfs/demo/vSwoole/public/swoole.php(25): vSwoole\library\Init::cmd()
#12 /mnt/hgfs/demo/vSwoole/public/swoole.php(32): Swoole->__construct()
#13 {main}

[2018-05-09 17:19:41] 
vSwoole\library\common\exception\ClassNotFoundException: class vSwoole\application\server\Timer not exist,file path: /mnt/hgfs/demo/vSwoole/public/../application/server/Timer.php
In /mnt/hgfs/demo/vSwoole/library/Init.php: 226
Exception Code: E_WARNING[2]
Exception Trace: 
#0 [internal function]: vSwoole\library\Init::loadClass('vSwoole\\applica...')
#1 /mnt/hgfs/demo/vSwoole/library/Init.php(383): spl_autoload_call('vSwoole\\applica...')
#2 /mnt/hgfs/demo/vSwoole/library/Init.php(46): vSwoole\library\Init->runServer('vSwoole\\applica...')
#3 /mnt/hgfs/demo/vSwoole/public/swoole.php(25): vSwoole\library\Init::cmd()
#4 /mnt/hgfs/demo/vSwoole/public/swoole.php(32): Swoole->__construct()
#5 {main}

[2018-05-09 17:29:08] 
vSwoole\library\common\exception\ClassNotFoundException: class vSwoole\application\server\Timer not exist,file path: /mnt/hgfs/demo/vSwoole/public/../application/server/Timer.php
In /mnt/hgfs/demo/vSwoole/library/Init.php: 226
Exception Code: E_WARNING[2]
Exception Trace: 
#0 [internal function]: vSwoole\library\Init::loadClass('vSwoole\\applica...')
#1 /mnt/hgfs/demo/vSwoole/library/Init.php(383): spl_autoload_call('vSwoole\\applica...')
#2 /mnt/hgfs/demo/vSwoole/library/Init.php(46): vSwoole\library\Init->runServer('vSwoole\\applica...')
#3 /mnt/hgfs/demo/vSwoole/public/swoole.php(25): vSwoole\library\Init::cmd()
#4 /mnt/hgfs/demo/vSwoole/public/swoole.php(32): Swoole->__construct()
#5 {main}

[2018-05-09 18:34:05] 
vSwoole\library\common\exception\Exception: Undefined index: redirect_stdin_stdout
In /mnt/hgfs/demo/vSwoole/library/common/Process.php: 102
Exception Code: E_NOTICE[8]
Exception Trace: 
#0 /mnt/hgfs/demo/vSwoole/library/common/Process.php(102): vSwoole\library\common\exception\Exception::swooleError(8, 'Undefined index...', '/mnt/hgfs/demo/...', 102, Array)
#1 /mnt/hgfs/demo/vSwoole/library/common/Process.php(73): vSwoole\library\common\Process->createProcess(Object(Closure))
#2 /mnt/hgfs/demo/vSwoole/application/server/WebSocket.php(80): vSwoole\library\common\Process->add(Object(Closure))
#3 [internal function]: vSwoole\application\server\WebSocket->onManagerStart(Object(Swoole\WebSocket\Server))
#4 /mnt/hgfs/demo/vSwoole/library/server/Server.php(156): Swoole\Http\Server->start()
#5 /mnt/hgfs/demo/vSwoole/library/server/WebSocketServer.php(31): vSwoole\library\server\Server->__construct(Array, Array)
#6 /mnt/hgfs/demo/vSwoole/application/server/WebSocket.php(34): vSwoole\library\server\WebSocketServer->__construct(Array, Array)
#7 /mnt/hgfs/demo/vSwoole/library/Init.php(383): vSwoole\application\server\WebSocket->__construct()
#8 /mnt/hgfs/demo/vSwoole/library/Init.php(46): vSwoole\library\Init->runServer('vSwoole\\applica...')
#9 /mnt/hgfs/demo/vSwoole/public/swoole.php(25): vSwoole\library\Init::cmd()
#10 /mnt/hgfs/demo/vSwoole/public/swoole.php(32): Swoole->__construct()
#11 {main}

[2018-05-09 18:40:39] 
vSwoole\library\common\exception\Exception: Undefined index: message
In /mnt/hgfs/demo/vSwoole/application/server/logic/WebSocketLogic.php: 155
Exception Code: E_NOTICE[8]
Exception Trace: 
#0 /mnt/hgfs/demo/vSwoole/application/server/logic/WebSocketLogic.php(155): vSwoole\library\common\exception\Exception::swooleError(8, 'Undefined index...', '/mnt/hgfs/demo/...', 155, Array)
#1 /mnt/hgfs/demo/vSwoole/library/common/Task.php(59): vSwoole\application\server\logic\WebSocketLogic->push(Object(Swoole\WebSocket\Frame))
#2 /mnt/hgfs/demo/vSwoole/application/server/WebSocket.php(202): vSwoole\library\common\Task::execute(Object(Swoole\WebSocket\Server), Array)
#3 [internal function]: vSwoole\application\server\WebSocket->onTask(Object(Swoole\WebSocket\Server), 1, 0, Array)
#4 /mnt/hgfs/demo/vSwoole/library/server/Server.php(156): Swoole\Http\Server->start()
#5 /mnt/hgfs/demo/vSwoole/library/server/WebSocketServer.php(31): vSwoole\library\server\Server->__construct(Array, Array)
#6 /mnt/hgfs/demo/vSwoole/application/server/WebSocket.php(34): vSwoole\library\server\WebSocketServer->__construct(Array, Array)
#7 /mnt/hgfs/demo/vSwoole/library/Init.php(383): vSwoole\application\server\WebSocket->__construct()
#8 /mnt/hgfs/demo/vSwoole/library/Init.php(46): vSwoole\library\Init->runServer('vSwoole\\applica...')
#9 /mnt/hgfs/demo/vSwoole/public/swoole.php(25): vSwoole\library\Init::cmd()
#10 /mnt/hgfs/demo/vSwoole/public/swoole.php(32): Swoole->__construct()
#11 {main}

[2018-05-09 18:46:47] 
vSwoole\library\common\exception\Exception: Undefined index: data
In /mnt/hgfs/demo/vSwoole/application/server/logic/WebSocketLogic.php: 48
Exception Code: E_NOTICE[8]
Exception Trace: 
#0 /mnt/hgfs/demo/vSwoole/application/server/logic/WebSocketLogic.php(48): vSwoole\library\common\exception\Exception::swooleError(8, 'Undefined index...', '/mnt/hgfs/demo/...', 48, Array)
#1 /mnt/hgfs/demo/vSwoole/library/common/Task.php(59): vSwoole\application\server\logic\WebSocketLogic->range(Object(Swoole\WebSocket\Frame))
#2 /mnt/hgfs/demo/vSwoole/application/server/WebSocket.php(202): vSwoole\library\common\Task::execute(Object(Swoole\WebSocket\Server), Array)
#3 [internal function]: vSwoole\application\server\WebSocket->onTask(Object(Swoole\WebSocket\Server), 6, 0, Array)
#4 /mnt/hgfs/demo/vSwoole/library/server/Server.php(156): Swoole\Http\Server->start()
#5 /mnt/hgfs/demo/vSwoole/library/server/WebSocketServer.php(31): vSwoole\library\server\Server->__construct(Array, Array)
#6 /mnt/hgfs/demo/vSwoole/application/server/WebSocket.php(34): vSwoole\library\server\WebSocketServer->__construct(Array, Array)
#7 /mnt/hgfs/demo/vSwoole/library/Init.php(383): vSwoole\application\server\WebSocket->__construct()
#8 /mnt/hgfs/demo/vSwoole/library/Init.php(46): vSwoole\library\Init->runServer('vSwoole\\applica...')
#9 /mnt/hgfs/demo/vSwoole/public/swoole.php(25): vSwoole\library\Init::cmd()
#10 /mnt/hgfs/demo/vSwoole/public/swoole.php(32): Swoole->__construct()
#11 {main}

[2018-05-09 18:56:19] 
vSwoole\library\common\exception\Exception: Undefined index: redirect_stdin_stdout
In /mnt/hgfs/demo/vSwoole/library/common/Process.php: 102
Exception Code: E_NOTICE[8]
Exception Trace: 
#0 /mnt/hgfs/demo/vSwoole/library/common/Process.php(102): vSwoole\library\common\exception\Exception::swooleError(8, 'Undefined index...', '/mnt/hgfs/demo/...', 102, Array)
#1 /mnt/hgfs/demo/vSwoole/library/common/Process.php(73): vSwoole\library\common\Process->createProcess(Object(Closure))
#2 /mnt/hgfs/demo/vSwoole/application/server/Crontab.php(49): vSwoole\library\common\Process->add(Object(Closure))
#3 [internal function]: vSwoole\application\server\Crontab->onManagerStart(Object(Swoole\Server))
#4 /mnt/hgfs/demo/vSwoole/library/server/Server.php(156): Swoole\Server->start()
#5 /mnt/hgfs/demo/vSwoole/library/server/CrontabServer.php(31): vSwoole\library\server\Server->__construct(Array, Array)
#6 /mnt/hgfs/demo/vSwoole/application/server/Crontab.php(31): vSwoole\library\server\CrontabServer->__construct(Array, Array)
#7 /mnt/hgfs/demo/vSwoole/library/Init.php(383): vSwoole\application\server\Crontab->__construct()
#8 /mnt/hgfs/demo/vSwoole/library/Init.php(46): vSwoole\library\Init->runServer('vSwoole\\applica...')
#9 /mnt/hgfs/demo/vSwoole/public/swoole.php(25): vSwoole\library\Init::cmd()
#10 /mnt/hgfs/demo/vSwoole/public/swoole.php(32): Swoole->__construct()
#11 {main}

