[2018-05-16 14:52:32] 
vSwoole\library\common\exception\Exception: Swoole\Client::connect(): connect to server[10.4.0.102:8501] failed. Error: Connection refused[111].
In /mnt/hgfs/demo/vSwoole/library/common/Utils.php: 88
Exception Code: E_WARNING[2]
Exception Trace: 
#0 [internal function]: vSwoole\library\common\exception\Exception::swooleError(2, 'Swoole\\Client::...', '/mnt/hgfs/demo/...', 88, Array)
#1 /mnt/hgfs/demo/vSwoole/library/common/Utils.php(88): Swoole\Client->connect('10.4.0.102', 8501, 3, 0)
#2 /mnt/hgfs/demo/vSwoole/application/server/WebSocket.php(67): vSwoole\library\common\Utils::getServerStatus('10.4.0.102', 8501)
#3 [internal function]: vSwoole\application\server\WebSocket->onStart(Object(Swoole\WebSocket\Server))
#4 /mnt/hgfs/demo/vSwoole/library/server/Server.php(156): Swoole\Http\Server->start()
#5 /mnt/hgfs/demo/vSwoole/library/server/WebSocketServer.php(31): vSwoole\library\server\Server->__construct(Array, Array)
#6 /mnt/hgfs/demo/vSwoole/application/server/WebSocket.php(35): vSwoole\library\server\WebSocketServer->__construct(Array, Array)
#7 /mnt/hgfs/demo/vSwoole/library/Init.php(357): vSwoole\application\server\WebSocket->__construct()
#8 /mnt/hgfs/demo/vSwoole/library/Init.php(46): vSwoole\library\Init->runServer('vSwoole\\applica...')
#9 /mnt/hgfs/demo/vSwoole/public/swoole.php(25): vSwoole\library\Init::cmd()
#10 /mnt/hgfs/demo/vSwoole/public/swoole.php(32): Swoole->__construct()
#11 {main}

[2018-05-16 15:24:47] 
vSwoole\library\common\exception\Exception: Swoole\Client::connect(): connect to server[10.4.0.102:8501] failed. Error: Connection refused[111].
In /mnt/hgfs/demo/vSwoole/library/common/Utils.php: 88
Exception Code: E_WARNING[2]
Exception Trace: 
#0 [internal function]: vSwoole\library\common\exception\Exception::swooleError(2, 'Swoole\\Client::...', '/mnt/hgfs/demo/...', 88, Array)
#1 /mnt/hgfs/demo/vSwoole/library/common/Utils.php(88): Swoole\Client->connect('10.4.0.102', 8501, 3, 0)
#2 /mnt/hgfs/demo/vSwoole/application/server/WebSocket.php(67): vSwoole\library\common\Utils::getServerStatus('10.4.0.102', 8501)
#3 [internal function]: vSwoole\application\server\WebSocket->onStart(Object(Swoole\WebSocket\Server))
#4 /mnt/hgfs/demo/vSwoole/library/server/Server.php(156): Swoole\Http\Server->start()
#5 /mnt/hgfs/demo/vSwoole/library/server/WebSocketServer.php(31): vSwoole\library\server\Server->__construct(Array, Array)
#6 /mnt/hgfs/demo/vSwoole/application/server/WebSocket.php(35): vSwoole\library\server\WebSocketServer->__construct(Array, Array)
#7 /mnt/hgfs/demo/vSwoole/library/Init.php(357): vSwoole\application\server\WebSocket->__construct()
#8 /mnt/hgfs/demo/vSwoole/library/Init.php(46): vSwoole\library\Init->runServer('vSwoole\\applica...')
#9 /mnt/hgfs/demo/vSwoole/public/swoole.php(25): vSwoole\library\Init::cmd()
#10 /mnt/hgfs/demo/vSwoole/public/swoole.php(32): Swoole->__construct()
#11 {main}

[2018-05-16 16:43:14] 
vSwoole\library\common\exception\Exception: Swoole\Client::connect(): connect to server[10.4.0.102:8501] failed. Error: Connection refused[111].
In /mnt/hgfs/demo/vSwoole/library/common/Utils.php: 87
Exception Code: E_WARNING[2]
Exception Trace: 
#0 [internal function]: vSwoole\library\common\exception\Exception::swooleError(2, 'Swoole\\Client::...', '/mnt/hgfs/demo/...', 87, Array)
#1 /mnt/hgfs/demo/vSwoole/library/common/Utils.php(87): Swoole\Client->connect('10.4.0.102', 8501, 3, 0)
#2 /mnt/hgfs/demo/vSwoole/application/server/WebSocket.php(67): vSwoole\library\common\Utils::getServerStatus('10.4.0.102', 8501)
#3 [internal function]: vSwoole\application\server\WebSocket->onStart(Object(Swoole\WebSocket\Server))
#4 /mnt/hgfs/demo/vSwoole/library/server/Server.php(156): Swoole\Http\Server->start()
#5 /mnt/hgfs/demo/vSwoole/library/server/WebSocketServer.php(31): vSwoole\library\server\Server->__construct(Array, Array)
#6 /mnt/hgfs/demo/vSwoole/application/server/WebSocket.php(35): vSwoole\library\server\WebSocketServer->__construct(Array, Array)
#7 /mnt/hgfs/demo/vSwoole/library/Init.php(357): vSwoole\application\server\WebSocket->__construct()
#8 /mnt/hgfs/demo/vSwoole/library/Init.php(46): vSwoole\library\Init->runServer('vSwoole\\applica...')
#9 /mnt/hgfs/demo/vSwoole/public/swoole.php(25): vSwoole\library\Init::cmd()
#10 /mnt/hgfs/demo/vSwoole/public/swoole.php(32): Swoole->__construct()
#11 {main}

[2018-05-16 16:55:59] 
vSwoole\library\common\exception\Exception: Swoole\Client::connect(): connect to server[10.4.0.102:8501] failed. Error: Connection refused[111].
In /mnt/hgfs/demo/vSwoole/library/common/Utils.php: 87
Exception Code: E_WARNING[2]
Exception Trace: 
#0 [internal function]: vSwoole\library\common\exception\Exception::swooleError(2, 'Swoole\\Client::...', '/mnt/hgfs/demo/...', 87, Array)
#1 /mnt/hgfs/demo/vSwoole/library/common/Utils.php(87): Swoole\Client->connect('10.4.0.102', 8501, 3, 0)
#2 /mnt/hgfs/demo/vSwoole/application/server/WebSocket.php(67): vSwoole\library\common\Utils::getServerStatus('10.4.0.102', 8501)
#3 [internal function]: vSwoole\application\server\WebSocket->onStart(Object(Swoole\WebSocket\Server))
#4 /mnt/hgfs/demo/vSwoole/library/server/Server.php(156): Swoole\Http\Server->start()
#5 /mnt/hgfs/demo/vSwoole/library/server/WebSocketServer.php(31): vSwoole\library\server\Server->__construct(Array, Array)
#6 /mnt/hgfs/demo/vSwoole/application/server/WebSocket.php(35): vSwoole\library\server\WebSocketServer->__construct(Array, Array)
#7 /mnt/hgfs/demo/vSwoole/library/Init.php(357): vSwoole\application\server\WebSocket->__construct()
#8 /mnt/hgfs/demo/vSwoole/library/Init.php(46): vSwoole\library\Init->runServer('vSwoole\\applica...')
#9 /mnt/hgfs/demo/vSwoole/public/swoole.php(25): vSwoole\library\Init::cmd()
#10 /mnt/hgfs/demo/vSwoole/public/swoole.php(32): Swoole->__construct()
#11 {main}

[2018-05-16 17:00:18] 
vSwoole\library\common\exception\Exception: Swoole\Client::connect(): connect to server[10.4.0.102:8501] failed. Error: Connection refused[111].
In /mnt/hgfs/demo/vSwoole/library/common/Utils.php: 87
Exception Code: E_WARNING[2]
Exception Trace: 
#0 [internal function]: vSwoole\library\common\exception\Exception::swooleError(2, 'Swoole\\Client::...', '/mnt/hgfs/demo/...', 87, Array)
#1 /mnt/hgfs/demo/vSwoole/library/common/Utils.php(87): Swoole\Client->connect('10.4.0.102', 8501, 3, 0)
#2 /mnt/hgfs/demo/vSwoole/application/server/WebSocket.php(67): vSwoole\library\common\Utils::getServerStatus('10.4.0.102', 8501)
#3 [internal function]: vSwoole\application\server\WebSocket->onStart(Object(Swoole\WebSocket\Server))
#4 /mnt/hgfs/demo/vSwoole/library/server/Server.php(156): Swoole\Http\Server->start()
#5 /mnt/hgfs/demo/vSwoole/library/server/WebSocketServer.php(31): vSwoole\library\server\Server->__construct(Array, Array)
#6 /mnt/hgfs/demo/vSwoole/application/server/WebSocket.php(35): vSwoole\library\server\WebSocketServer->__construct(Array, Array)
#7 /mnt/hgfs/demo/vSwoole/library/Init.php(357): vSwoole\application\server\WebSocket->__construct()
#8 /mnt/hgfs/demo/vSwoole/library/Init.php(46): vSwoole\library\Init->runServer('vSwoole\\applica...')
#9 /mnt/hgfs/demo/vSwoole/public/swoole.php(25): vSwoole\library\Init::cmd()
#10 /mnt/hgfs/demo/vSwoole/public/swoole.php(32): Swoole->__construct()
#11 {main}

[2018-05-16 17:14:37] 
vSwoole\library\common\exception\Exception: Swoole\Client::connect(): connect to server[10.4.0.102:8501] failed. Error: Connection refused[111].
In /mnt/hgfs/demo/vSwoole/library/common/Utils.php: 87
Exception Code: E_WARNING[2]
Exception Trace: 
#0 [internal function]: vSwoole\library\common\exception\Exception::swooleError(2, 'Swoole\\Client::...', '/mnt/hgfs/demo/...', 87, Array)
#1 /mnt/hgfs/demo/vSwoole/library/common/Utils.php(87): Swoole\Client->connect('10.4.0.102', 8501, 3, 0)
#2 /mnt/hgfs/demo/vSwoole/application/server/WebSocket.php(67): vSwoole\library\common\Utils::getServerStatus('10.4.0.102', 8501)
#3 [internal function]: vSwoole\application\server\WebSocket->onStart(Object(Swoole\WebSocket\Server))
#4 /mnt/hgfs/demo/vSwoole/library/server/Server.php(156): Swoole\Http\Server->start()
#5 /mnt/hgfs/demo/vSwoole/library/server/WebSocketServer.php(31): vSwoole\library\server\Server->__construct(Array, Array)
#6 /mnt/hgfs/demo/vSwoole/application/server/WebSocket.php(35): vSwoole\library\server\WebSocketServer->__construct(Array, Array)
#7 /mnt/hgfs/demo/vSwoole/library/Init.php(357): vSwoole\application\server\WebSocket->__construct()
#8 /mnt/hgfs/demo/vSwoole/library/Init.php(46): vSwoole\library\Init->runServer('vSwoole\\applica...')
#9 /mnt/hgfs/demo/vSwoole/public/swoole.php(25): vSwoole\library\Init::cmd()
#10 /mnt/hgfs/demo/vSwoole/public/swoole.php(32): Swoole->__construct()
#11 {main}

