+-----------------------------------------------------------------------------------------------------+
|Swoole_Crontab_Server start ok. 2018-05-13 18:49:18
+-----------------------------------------------------------------------------------------------------+
|IP: 10.4.0.101
|host: 0.0.0.0
|port: 9502
|adminHost: 0.0.0.0
|adminPort: 8502
|daemonize: false
|log_file: /mnt/hgfs/demo/vSwoole/public/../log/server/Crontab.log
|worker_num: 16
|reactor_num: 8
|task_worker_num: 16
|heartbeat_check_interval: 60
|heartbeat_idle_time: 600
|open_cpu_affinity: true
|debug_mode: false
|ssl_cert_file: server.crt
|ssl_key_file: server.key
+-----------------------------------------------------------------------------------------------------+

[2018-05-13 18:51:10 ^4718.16]	ERROR	zm_deactivate_swoole (ERROR 503): Fatal error: Uncaught TypeError: Argument 1 passed to vSwoole\application\server\logic\CrontabLogic::add() must be of the type array, string given in /mnt/hgfs/demo/vSwoole/application/server/logic/CrontabLogic.php:67
Stack trace:
#0 [internal function]: vSwoole\application\server\logic\CrontabLogic->add('/opt/php/bin/ph...', '/home/html/demo...', '', '2', '200')
#1 /mnt/hgfs/demo/vSwoole/library/common/Task.php(41): call_user_func_array(Array, Array)
#2 /mnt/hgfs/demo/vSw
[2018-05-13 18:51:10 $4707.0]	WARNING	swManager_check_exit_status: worker#16 abnormal exit, status=255, signal=0
[2018-05-13 18:54:17 ^4719.17]	ERROR	zm_deactivate_swoole (ERROR 503): Fatal error: Uncaught TypeError: Argument 1 passed to vSwoole\application\server\logic\CrontabLogic::add() must be of the type array, string given in /mnt/hgfs/demo/vSwoole/application/server/logic/CrontabLogic.php:67
Stack trace:
#0 [internal function]: vSwoole\application\server\logic\CrontabLogic->add('/opt/php/bin/ph...', '/home/html/demo...', '', '2', '200')
#1 /mnt/hgfs/demo/vSwoole/library/common/Task.php(41): call_user_func_array(Array, Array)
#2 /mnt/hgfs/demo/vSw
[2018-05-13 18:54:17 $4707.0]	WARNING	swManager_check_exit_status: worker#17 abnormal exit, status=255, signal=0
+-----------------------------------------------------------------------------------------------------+
|Swoole_Crontab_Server start ok. 2018-05-13 18:56:39
+-----------------------------------------------------------------------------------------------------+
|IP: 10.4.0.101
|host: 0.0.0.0
|port: 9502
|adminHost: 0.0.0.0
|adminPort: 8502
|daemonize: false
|log_file: /mnt/hgfs/demo/vSwoole/public/../log/server/Crontab.log
|worker_num: 16
|reactor_num: 8
|task_worker_num: 16
|heartbeat_check_interval: 60
|heartbeat_idle_time: 600
|open_cpu_affinity: true
|debug_mode: false
|ssl_cert_file: server.crt
|ssl_key_file: server.key
+-----------------------------------------------------------------------------------------------------+

+-----------------------------------------------------------------------------------------------------+
|Swoole_Crontab_Server start ok. 2018-05-13 18:58:34
+-----------------------------------------------------------------------------------------------------+
|IP: 10.4.0.101
|host: 0.0.0.0
|port: 9502
|adminHost: 0.0.0.0
|adminPort: 8502
|daemonize: false
|log_file: /mnt/hgfs/demo/vSwoole/public/../log/server/Crontab.log
|worker_num: 16
|reactor_num: 8
|task_worker_num: 16
|heartbeat_check_interval: 60
|heartbeat_idle_time: 600
|open_cpu_affinity: true
|debug_mode: false
|ssl_cert_file: server.crt
|ssl_key_file: server.key
+-----------------------------------------------------------------------------------------------------+

+-----------------------------------------------------------------------------------------------------+
|Swoole_Crontab_Server start ok. 2018-05-13 18:59:54
+-----------------------------------------------------------------------------------------------------+
|IP: 10.4.0.101
|host: 0.0.0.0
|port: 9502
|adminHost: 0.0.0.0
|adminPort: 8502
|daemonize: false
|log_file: /mnt/hgfs/demo/vSwoole/public/../log/server/Crontab.log
|worker_num: 16
|reactor_num: 8
|task_worker_num: 16
|heartbeat_check_interval: 60
|heartbeat_idle_time: 600
|open_cpu_affinity: true
|debug_mode: false
|ssl_cert_file: server.crt
|ssl_key_file: server.key
+-----------------------------------------------------------------------------------------------------+

+-----------------------------------------------------------------------------------------------------+
|Swoole_Crontab_Server start ok. 2018-05-13 19:01:28
+-----------------------------------------------------------------------------------------------------+
|IP: 10.4.0.101
|host: 0.0.0.0
|port: 9502
|adminHost: 0.0.0.0
|adminPort: 8502
|daemonize: false
|log_file: /mnt/hgfs/demo/vSwoole/public/../log/server/Crontab.log
|worker_num: 16
|reactor_num: 8
|task_worker_num: 16
|heartbeat_check_interval: 60
|heartbeat_idle_time: 600
|open_cpu_affinity: true
|debug_mode: false
|ssl_cert_file: server.crt
|ssl_key_file: server.key
+-----------------------------------------------------------------------------------------------------+

+-----------------------------------------------------------------------------------------------------+
|Swoole_Crontab_Server start ok. 2018-05-13 19:01:53
+-----------------------------------------------------------------------------------------------------+
|IP: 10.4.0.101
|host: 0.0.0.0
|port: 9502
|adminHost: 0.0.0.0
|adminPort: 8502
|daemonize: false
|log_file: /mnt/hgfs/demo/vSwoole/public/../log/server/Crontab.log
|worker_num: 16
|reactor_num: 8
|task_worker_num: 16
|heartbeat_check_interval: 60
|heartbeat_idle_time: 600
|open_cpu_affinity: true
|debug_mode: false
|ssl_cert_file: server.crt
|ssl_key_file: server.key
+-----------------------------------------------------------------------------------------------------+

+-----------------------------------------------------------------------------------------------------+
|Swoole_Crontab_Server start ok. 2018-05-13 19:02:03
+-----------------------------------------------------------------------------------------------------+
|IP: 10.4.0.101
|host: 0.0.0.0
|port: 9502
|adminHost: 0.0.0.0
|adminPort: 8502
|daemonize: false
|log_file: /mnt/hgfs/demo/vSwoole/public/../log/server/Crontab.log
|worker_num: 16
|reactor_num: 8
|task_worker_num: 16
|heartbeat_check_interval: 60
|heartbeat_idle_time: 600
|open_cpu_affinity: true
|debug_mode: false
|ssl_cert_file: server.crt
|ssl_key_file: server.key
+-----------------------------------------------------------------------------------------------------+

+-----------------------------------------------------------------------------------------------------+
|Swoole_Crontab_Server start ok. 2018-05-13 19:04:11
+-----------------------------------------------------------------------------------------------------+
|IP: 10.4.0.101
|host: 0.0.0.0
|port: 9502
|adminHost: 0.0.0.0
|adminPort: 8502
|daemonize: false
|log_file: /mnt/hgfs/demo/vSwoole/public/../log/server/Crontab.log
|worker_num: 16
|reactor_num: 8
|task_worker_num: 16
|heartbeat_check_interval: 60
|heartbeat_idle_time: 600
|open_cpu_affinity: true
|debug_mode: false
|ssl_cert_file: server.crt
|ssl_key_file: server.key
+-----------------------------------------------------------------------------------------------------+

[2018-05-13 19:04:38 $5361.0]	NOTICE	Server is reloading now.
+-----------------------------------------------------------------------------------------------------+
|Swoole_Crontab_Server start ok. 2018-05-13 19:06:19
+-----------------------------------------------------------------------------------------------------+
|IP: 10.4.0.101
|host: 0.0.0.0
|port: 9502
|adminHost: 0.0.0.0
|adminPort: 8502
|daemonize: false
|log_file: /mnt/hgfs/demo/vSwoole/public/../log/server/Crontab.log
|worker_num: 16
|reactor_num: 8
|task_worker_num: 16
|heartbeat_check_interval: 60
|heartbeat_idle_time: 600
|open_cpu_affinity: true
|debug_mode: false
|ssl_cert_file: server.crt
|ssl_key_file: server.key
+-----------------------------------------------------------------------------------------------------+

+-----------------------------------------------------------------------------------------------------+
|Swoole_Crontab_Server start ok. 2018-05-13 19:06:50
+-----------------------------------------------------------------------------------------------------+
|IP: 10.4.0.101
|host: 0.0.0.0
|port: 9502
|adminHost: 0.0.0.0
|adminPort: 8502
|daemonize: false
|log_file: /mnt/hgfs/demo/vSwoole/public/../log/server/Crontab.log
|worker_num: 16
|reactor_num: 8
|task_worker_num: 16
|heartbeat_check_interval: 60
|heartbeat_idle_time: 600
|open_cpu_affinity: true
|debug_mode: false
|ssl_cert_file: server.crt
|ssl_key_file: server.key
+-----------------------------------------------------------------------------------------------------+

+-----------------------------------------------------------------------------------------------------+
|Swoole_Crontab_Server start ok. 2018-05-13 19:08:43
+-----------------------------------------------------------------------------------------------------+
|IP: 10.4.0.101
|host: 0.0.0.0
|port: 9502
|adminHost: 0.0.0.0
|adminPort: 8502
|daemonize: false
|log_file: /mnt/hgfs/demo/vSwoole/public/../log/server/Crontab.log
|worker_num: 16
|reactor_num: 8
|task_worker_num: 16
|heartbeat_check_interval: 60
|heartbeat_idle_time: 600
|open_cpu_affinity: true
|debug_mode: false
|ssl_cert_file: server.crt
|ssl_key_file: server.key
+-----------------------------------------------------------------------------------------------------+

+-----------------------------------------------------------------------------------------------------+
|Swoole_Crontab_Server start ok. 2018-05-14 09:32:57
+-----------------------------------------------------------------------------------------------------+
|IP: 192.168.31.100
|host: 0.0.0.0
|port: 9502
|adminHost: 0.0.0.0
|adminPort: 8502
|daemonize: false
|log_file: /mnt/hgfs/demo/vSwoole/public/../log/server/Crontab.log
|worker_num: 16
|reactor_num: 8
|task_worker_num: 16
|heartbeat_check_interval: 60
|heartbeat_idle_time: 600
|open_cpu_affinity: true
|debug_mode: false
|ssl_cert_file: server.crt
|ssl_key_file: server.key
+-----------------------------------------------------------------------------------------------------+

[2018-05-14 09:33:00 @2320.0]	ERROR	zm_deactivate_swoole (ERROR 503): Fatal error: Uncaught Exception: inotify extension not loaded in /mnt/hgfs/demo/vSwoole/library/common/Inotify.php:49
Stack trace:
#0 /mnt/hgfs/demo/vSwoole/application/server/Crontab.php(48): vSwoole\library\common\Inotify->watch(Array, Object(Closure))
#1 [internal function]: vSwoole\application\server\Crontab->vSwoole\application\server\{closure}(Object(Swoole\Process))
#2 /mnt/hgfs/demo/vSwoole/library/common/Process.php(67): call_user_func_array(Object(Closure), Array
+-----------------------------------------------------------------------------------------------------+
|Swoole_Crontab_Server start ok. 2018-05-14 09:59:30
+-----------------------------------------------------------------------------------------------------+
|IP: 192.168.31.100
|host: 0.0.0.0
|port: 9502
|adminHost: 0.0.0.0
|adminPort: 8502
|daemonize: false
|log_file: /mnt/hgfs/demo/vSwoole/public/../log/server/Crontab.log
|worker_num: 16
|reactor_num: 8
|task_worker_num: 16
|heartbeat_check_interval: 60
|heartbeat_idle_time: 600
|open_cpu_affinity: true
|debug_mode: false
|ssl_cert_file: server.crt
|ssl_key_file: server.key
+-----------------------------------------------------------------------------------------------------+

[2018-05-14 09:59:31 @2752.0]	ERROR	zm_deactivate_swoole (ERROR 503): Fatal error: Uncaught Exception: inotify extension not loaded in /mnt/hgfs/demo/vSwoole/library/common/Inotify.php:49
Stack trace:
#0 /mnt/hgfs/demo/vSwoole/application/server/Crontab.php(48): vSwoole\library\common\Inotify->watch(Array, Object(Closure))
#1 [internal function]: vSwoole\application\server\Crontab->vSwoole\application\server\{closure}(Object(Swoole\Process))
#2 /mnt/hgfs/demo/vSwoole/library/common/Process.php(67): call_user_func_array(Object(Closure), Array
+-----------------------------------------------------------------------------------------------------+
|Swoole_Crontab_Server start ok. 2018-05-14 10:10:10
+-----------------------------------------------------------------------------------------------------+
|IP: 192.168.31.100
|host: 0.0.0.0
|port: 9502
|adminHost: 0.0.0.0
|adminPort: 8502
|daemonize: false
|log_file: /mnt/hgfs/demo/vSwoole/public/../log/server/Crontab.log
|worker_num: 16
|reactor_num: 8
|task_worker_num: 16
|heartbeat_check_interval: 60
|heartbeat_idle_time: 600
|open_cpu_affinity: true
|debug_mode: false
|ssl_cert_file: server.crt
|ssl_key_file: server.key
+-----------------------------------------------------------------------------------------------------+

[2018-05-14 10:10:10 @2984.0]	ERROR	zm_deactivate_swoole (ERROR 503): Fatal error: Uncaught Exception: inotify extension not loaded in /mnt/hgfs/demo/vSwoole/library/common/Inotify.php:49
Stack trace:
#0 /mnt/hgfs/demo/vSwoole/application/server/Crontab.php(48): vSwoole\library\common\Inotify->watch(Array, Object(Closure))
#1 [internal function]: vSwoole\application\server\Crontab->vSwoole\application\server\{closure}(Object(Swoole\Process))
#2 /mnt/hgfs/demo/vSwoole/library/common/Process.php(67): call_user_func_array(Object(Closure), Array
+-----------------------------------------------------------------------------------------------------+
|Swoole_Crontab_Server start ok. 2018-05-14 10:12:27
+-----------------------------------------------------------------------------------------------------+
|IP: 192.168.31.100
|host: 0.0.0.0
|port: 9502
|adminHost: 0.0.0.0
|adminPort: 8502
|daemonize: false
|log_file: /mnt/hgfs/demo/vSwoole/public/../log/server/Crontab.log
|worker_num: 16
|reactor_num: 8
|task_worker_num: 16
|heartbeat_check_interval: 60
|heartbeat_idle_time: 600
|open_cpu_affinity: true
|debug_mode: false
|ssl_cert_file: server.crt
|ssl_key_file: server.key
+-----------------------------------------------------------------------------------------------------+

[2018-05-14 10:12:27 @3082.0]	ERROR	zm_deactivate_swoole (ERROR 503): Fatal error: Uncaught Exception: inotify extension not loaded in /mnt/hgfs/demo/vSwoole/library/common/Inotify.php:49
Stack trace:
#0 /mnt/hgfs/demo/vSwoole/application/server/Crontab.php(48): vSwoole\library\common\Inotify->watch(Array, Object(Closure))
#1 [internal function]: vSwoole\application\server\Crontab->vSwoole\application\server\{closure}(Object(Swoole\Process))
#2 /mnt/hgfs/demo/vSwoole/library/common/Process.php(67): call_user_func_array(Object(Closure), Array
+-----------------------------------------------------------------------------------------------------+
|Swoole_Crontab_Server start ok. 2018-05-14 10:47:14
+-----------------------------------------------------------------------------------------------------+
|IP: 192.168.31.100
|host: 0.0.0.0
|port: 9502
|adminHost: 0.0.0.0
|adminPort: 8502
|daemonize: false
|log_file: /mnt/hgfs/demo/vSwoole/public/../log/server/Crontab.log
|worker_num: 16
|reactor_num: 8
|task_worker_num: 16
|heartbeat_check_interval: 60
|heartbeat_idle_time: 600
|open_cpu_affinity: true
|debug_mode: false
|ssl_cert_file: server.crt
|ssl_key_file: server.key
+-----------------------------------------------------------------------------------------------------+

[2018-05-14 10:47:14 @3674.0]	ERROR	zm_deactivate_swoole (ERROR 503): Fatal error: Uncaught Exception: inotify extension not loaded in /mnt/hgfs/demo/vSwoole/library/common/Inotify.php:49
Stack trace:
#0 /mnt/hgfs/demo/vSwoole/application/server/Crontab.php(50): vSwoole\library\common\Inotify->watch(Array, Object(Closure))
#1 [internal function]: vSwoole\application\server\Crontab->vSwoole\application\server\{closure}(Object(Swoole\Process))
#2 /mnt/hgfs/demo/vSwoole/library/common/Process.php(67): call_user_func_array(Object(Closure), Array
[2018-05-14 10:48:14 @3675.0]	ERROR	zm_deactivate_swoole (ERROR 503): Fatal error: Uncaught RedisException: read error on connection in /mnt/hgfs/demo/vSwoole/library/common/cache/Redis.php:157
Stack trace:
#0 /mnt/hgfs/demo/vSwoole/library/common/cache/Redis.php(157): Redis->blPop('VSwoole-Crontab...', 0)
#1 /mnt/hgfs/demo/vSwoole/application/server/Crontab.php(59): vSwoole\library\common\cache\Redis->__call('blPop', Array)
#2 [internal function]: vSwoole\application\server\Crontab->vSwoole\application\server\{closure}(Object(Swoole\Process
+-----------------------------------------------------------------------------------------------------+
|Swoole_Crontab_Server start ok. 2018-05-14 10:51:39
+-----------------------------------------------------------------------------------------------------+
|IP: 192.168.31.100
|host: 0.0.0.0
|port: 9502
|adminHost: 0.0.0.0
|adminPort: 8502
|daemonize: false
|log_file: /mnt/hgfs/demo/vSwoole/public/../log/server/Crontab.log
|worker_num: 16
|reactor_num: 8
|task_worker_num: 16
|heartbeat_check_interval: 60
|heartbeat_idle_time: 600
|open_cpu_affinity: true
|debug_mode: false
|ssl_cert_file: server.crt
|ssl_key_file: server.key
+-----------------------------------------------------------------------------------------------------+

[2018-05-14 10:52:39 @5796.0]	ERROR	zm_deactivate_swoole (ERROR 503): Fatal error: Uncaught RedisException: read error on connection in /mnt/hgfs/demo/vSwoole/library/common/cache/Redis.php:157
Stack trace:
#0 /mnt/hgfs/demo/vSwoole/library/common/cache/Redis.php(157): Redis->blPop('VSwoole-Crontab...', 0)
#1 /mnt/hgfs/demo/vSwoole/application/server/Crontab.php(59): vSwoole\library\common\cache\Redis->__call('blPop', Array)
#2 [internal function]: vSwoole\application\server\Crontab->vSwoole\application\server\{closure}(Object(Swoole\Process
+-----------------------------------------------------------------------------------------------------+
|Swoole_Crontab_Server start ok. 2018-05-14 10:53:16
+-----------------------------------------------------------------------------------------------------+
|IP: 192.168.31.100
|host: 0.0.0.0
|port: 9502
|adminHost: 0.0.0.0
|adminPort: 8502
|daemonize: false
|log_file: /mnt/hgfs/demo/vSwoole/public/../log/server/Crontab.log
|worker_num: 16
|reactor_num: 8
|task_worker_num: 16
|heartbeat_check_interval: 60
|heartbeat_idle_time: 600
|open_cpu_affinity: true
|debug_mode: false
|ssl_cert_file: server.crt
|ssl_key_file: server.key
+-----------------------------------------------------------------------------------------------------+

[2018-05-14 10:55:19 @5861.0]	ERROR	zm_deactivate_swoole (ERROR 503): Fatal error: Uncaught RedisException: read error on connection in /mnt/hgfs/demo/vSwoole/library/common/cache/Redis.php:157
Stack trace:
#0 /mnt/hgfs/demo/vSwoole/library/common/cache/Redis.php(157): Redis->blPop('VSwoole-Crontab...', 0)
#1 /mnt/hgfs/demo/vSwoole/application/server/Crontab.php(60): vSwoole\library\common\cache\Redis->__call('blPop', Array)
#2 [internal function]: vSwoole\application\server\Crontab->vSwoole\application\server\{closure}(Object(Swoole\Process
+-----------------------------------------------------------------------------------------------------+
|Swoole_Crontab_Server start ok. 2018-05-14 10:56:01
+-----------------------------------------------------------------------------------------------------+
|IP: 192.168.31.100
|host: 0.0.0.0
|port: 9502
|adminHost: 0.0.0.0
|adminPort: 8502
|daemonize: false
|log_file: /mnt/hgfs/demo/vSwoole/public/../log/server/Crontab.log
|worker_num: 16
|reactor_num: 8
|task_worker_num: 16
|heartbeat_check_interval: 60
|heartbeat_idle_time: 600
|open_cpu_affinity: true
|debug_mode: false
|ssl_cert_file: server.crt
|ssl_key_file: server.key
+-----------------------------------------------------------------------------------------------------+

[2018-05-14 10:57:05 @5958.0]	ERROR	zm_deactivate_swoole (ERROR 503): Fatal error: Uncaught RedisException: read error on connection in /mnt/hgfs/demo/vSwoole/library/common/cache/Redis.php:157
Stack trace:
#0 /mnt/hgfs/demo/vSwoole/library/common/cache/Redis.php(157): Redis->blPop('VSwoole-Crontab...', 0)
#1 /mnt/hgfs/demo/vSwoole/application/server/Crontab.php(60): vSwoole\library\common\cache\Redis->__call('blPop', Array)
#2 [internal function]: vSwoole\application\server\Crontab->vSwoole\application\server\{closure}(Object(Swoole\Process
+-----------------------------------------------------------------------------------------------------+
|Swoole_Crontab_Server start ok. 2018-05-14 10:58:46
+-----------------------------------------------------------------------------------------------------+
|IP: 192.168.31.100
|host: 0.0.0.0
|port: 9502
|adminHost: 0.0.0.0
|adminPort: 8502
|daemonize: false
|log_file: /mnt/hgfs/demo/vSwoole/public/../log/server/Crontab.log
|worker_num: 16
|reactor_num: 8
|task_worker_num: 16
|heartbeat_check_interval: 60
|heartbeat_idle_time: 600
|open_cpu_affinity: true
|debug_mode: false
|ssl_cert_file: server.crt
|ssl_key_file: server.key
+-----------------------------------------------------------------------------------------------------+

+-----------------------------------------------------------------------------------------------------+
|Swoole_Crontab_Server start ok. 2018-05-14 11:01:07
+-----------------------------------------------------------------------------------------------------+
|IP: 192.168.31.100
|host: 0.0.0.0
|port: 9502
|adminHost: 0.0.0.0
|adminPort: 8502
|daemonize: false
|log_file: /mnt/hgfs/demo/vSwoole/public/../log/server/Crontab.log
|worker_num: 16
|reactor_num: 8
|task_worker_num: 16
|heartbeat_check_interval: 60
|heartbeat_idle_time: 600
|open_cpu_affinity: true
|debug_mode: false
|ssl_cert_file: server.crt
|ssl_key_file: server.key
+-----------------------------------------------------------------------------------------------------+

[2018-05-14 11:02:35 @6143.0]	ERROR	zm_deactivate_swoole (ERROR 503): Fatal error: Uncaught RedisException: read error on connection in /mnt/hgfs/demo/vSwoole/library/common/cache/Redis.php:157
Stack trace:
#0 /mnt/hgfs/demo/vSwoole/library/common/cache/Redis.php(157): Redis->blPop('VSwoole-Crontab...', 0)
#1 /mnt/hgfs/demo/vSwoole/application/server/Crontab.php(60): vSwoole\library\common\cache\Redis->__call('blPop', Array)
#2 [internal function]: vSwoole\application\server\Crontab->vSwoole\application\server\{closure}(Object(Swoole\Process
+-----------------------------------------------------------------------------------------------------+
|Swoole_Crontab_Server start ok. 2018-05-14 11:02:44
+-----------------------------------------------------------------------------------------------------+
|IP: 192.168.31.100
|host: 0.0.0.0
|port: 9502
|adminHost: 0.0.0.0
|adminPort: 8502
|daemonize: false
|log_file: /mnt/hgfs/demo/vSwoole/public/../log/server/Crontab.log
|worker_num: 16
|reactor_num: 8
|task_worker_num: 16
|heartbeat_check_interval: 60
|heartbeat_idle_time: 600
|open_cpu_affinity: true
|debug_mode: false
|ssl_cert_file: server.crt
|ssl_key_file: server.key
+-----------------------------------------------------------------------------------------------------+

[2018-05-14 11:03:46 @6208.0]	ERROR	zm_deactivate_swoole (ERROR 503): Fatal error: Uncaught RedisException: read error on connection in /mnt/hgfs/demo/vSwoole/library/common/cache/Redis.php:157
Stack trace:
#0 /mnt/hgfs/demo/vSwoole/library/common/cache/Redis.php(157): Redis->blPop('VSwoole-Crontab...', 0)
#1 /mnt/hgfs/demo/vSwoole/application/server/Crontab.php(60): vSwoole\library\common\cache\Redis->__call('blPop', Array)
#2 [internal function]: vSwoole\application\server\Crontab->vSwoole\application\server\{closure}(Object(Swoole\Process
+-----------------------------------------------------------------------------------------------------+
|Swoole_Crontab_Server start ok. 2018-05-14 11:05:01
+-----------------------------------------------------------------------------------------------------+
|IP: 192.168.31.100
|host: 0.0.0.0
|port: 9502
|adminHost: 0.0.0.0
|adminPort: 8502
|daemonize: false
|log_file: /mnt/hgfs/demo/vSwoole/public/../log/server/Crontab.log
|worker_num: 16
|reactor_num: 8
|task_worker_num: 16
|heartbeat_check_interval: 60
|heartbeat_idle_time: 600
|open_cpu_affinity: true
|debug_mode: false
|ssl_cert_file: server.crt
|ssl_key_file: server.key
+-----------------------------------------------------------------------------------------------------+

+-----------------------------------------------------------------------------------------------------+
|Swoole_Crontab_Server start ok. 2018-05-14 11:09:12
+-----------------------------------------------------------------------------------------------------+
|IP: 192.168.31.100
|host: 0.0.0.0
|port: 9502
|adminHost: 0.0.0.0
|adminPort: 8502
|daemonize: false
|log_file: /mnt/hgfs/demo/vSwoole/public/../log/server/Crontab.log
|worker_num: 16
|reactor_num: 8
|task_worker_num: 16
|heartbeat_check_interval: 60
|heartbeat_idle_time: 600
|open_cpu_affinity: true
|debug_mode: false
|ssl_cert_file: server.crt
|ssl_key_file: server.key
+-----------------------------------------------------------------------------------------------------+

+-----------------------------------------------------------------------------------------------------+
|Swoole_Crontab_Server start ok. 2018-05-14 11:12:23
+-----------------------------------------------------------------------------------------------------+
|IP: 192.168.31.100
|host: 0.0.0.0
|port: 9502
|adminHost: 0.0.0.0
|adminPort: 8502
|daemonize: false
|log_file: /mnt/hgfs/demo/vSwoole/public/../log/server/Crontab.log
|worker_num: 16
|reactor_num: 8
|task_worker_num: 16
|heartbeat_check_interval: 60
|heartbeat_idle_time: 600
|open_cpu_affinity: true
|debug_mode: false
|ssl_cert_file: server.crt
|ssl_key_file: server.key
+-----------------------------------------------------------------------------------------------------+

+-----------------------------------------------------------------------------------------------------+
|Swoole_Crontab_Server start ok. 2018-05-14 11:13:12
+-----------------------------------------------------------------------------------------------------+
|IP: 192.168.31.100
|host: 0.0.0.0
|port: 9502
|adminHost: 0.0.0.0
|adminPort: 8502
|daemonize: false
|log_file: /mnt/hgfs/demo/vSwoole/public/../log/server/Crontab.log
|worker_num: 16
|reactor_num: 8
|task_worker_num: 16
|heartbeat_check_interval: 60
|heartbeat_idle_time: 600
|open_cpu_affinity: true
|debug_mode: false
|ssl_cert_file: server.crt
|ssl_key_file: server.key
+-----------------------------------------------------------------------------------------------------+

+-----------------------------------------------------------------------------------------------------+
|Swoole_Crontab_Server start ok. 2018-05-14 11:13:43
+-----------------------------------------------------------------------------------------------------+
|IP: 192.168.31.100
|host: 0.0.0.0
|port: 9502
|adminHost: 0.0.0.0
|adminPort: 8502
|daemonize: false
|log_file: /mnt/hgfs/demo/vSwoole/public/../log/server/Crontab.log
|worker_num: 16
|reactor_num: 8
|task_worker_num: 16
|heartbeat_check_interval: 60
|heartbeat_idle_time: 600
|open_cpu_affinity: true
|debug_mode: false
|ssl_cert_file: server.crt
|ssl_key_file: server.key
+-----------------------------------------------------------------------------------------------------+

[2018-05-14 11:14:46 @6601.0]	ERROR	zm_deactivate_swoole (ERROR 503): Fatal error: Uncaught RedisException: read error on connection in /mnt/hgfs/demo/vSwoole/library/common/cache/Redis.php:157
Stack trace:
#0 /mnt/hgfs/demo/vSwoole/library/common/cache/Redis.php(157): Redis->blPop('VSwoole-Crontab...', 600)
#1 /mnt/hgfs/demo/vSwoole/application/server/Crontab.php(60): vSwoole\library\common\cache\Redis->__call('blPop', Array)
#2 [internal function]: vSwoole\application\server\Crontab->vSwoole\application\server\{closure}(Object(Swoole\Proce
+-----------------------------------------------------------------------------------------------------+
|Swoole_Crontab_Server start ok. 2018-05-14 11:17:20
+-----------------------------------------------------------------------------------------------------+
|IP: 192.168.31.100
|host: 0.0.0.0
|port: 9502
|adminHost: 0.0.0.0
|adminPort: 8502
|daemonize: false
|log_file: /mnt/hgfs/demo/vSwoole/public/../log/server/Crontab.log
|worker_num: 16
|reactor_num: 8
|task_worker_num: 16
|heartbeat_check_interval: 60
|heartbeat_idle_time: 600
|open_cpu_affinity: true
|debug_mode: false
|ssl_cert_file: server.crt
|ssl_key_file: server.key
+-----------------------------------------------------------------------------------------------------+

[2018-05-14 11:18:46 @6709.0]	ERROR	zm_deactivate_swoole (ERROR 503): Fatal error: Uncaught RedisException: read error on connection in /mnt/hgfs/demo/vSwoole/library/common/cache/Redis.php:160
Stack trace:
#0 /mnt/hgfs/demo/vSwoole/library/common/cache/Redis.php(160): Redis->blPop('VSwoole-Crontab...', 600)
#1 /mnt/hgfs/demo/vSwoole/application/server/Crontab.php(61): vSwoole\library\common\cache\Redis->__call('blPop', Array)
#2 [internal function]: vSwoole\application\server\Crontab->vSwoole\application\server\{closure}(Object(Swoole\Proce
+-----------------------------------------------------------------------------------------------------+
|Swoole_Crontab_Server start ok. 2018-05-14 11:19:18
+-----------------------------------------------------------------------------------------------------+
|IP: 192.168.31.100
|host: 0.0.0.0
|port: 9502
|adminHost: 0.0.0.0
|adminPort: 8502
|daemonize: false
|log_file: /mnt/hgfs/demo/vSwoole/public/../log/server/Crontab.log
|worker_num: 16
|reactor_num: 8
|task_worker_num: 16
|heartbeat_check_interval: 60
|heartbeat_idle_time: 600
|open_cpu_affinity: true
|debug_mode: false
|ssl_cert_file: server.crt
|ssl_key_file: server.key
+-----------------------------------------------------------------------------------------------------+

+-----------------------------------------------------------------------------------------------------+
|Swoole_Crontab_Server start ok. 2018-05-14 11:20:02
+-----------------------------------------------------------------------------------------------------+
|IP: 192.168.31.100
|host: 0.0.0.0
|port: 9502
|adminHost: 0.0.0.0
|adminPort: 8502
|daemonize: false
|log_file: /mnt/hgfs/demo/vSwoole/public/../log/server/Crontab.log
|worker_num: 16
|reactor_num: 8
|task_worker_num: 16
|heartbeat_check_interval: 60
|heartbeat_idle_time: 600
|open_cpu_affinity: true
|debug_mode: false
|ssl_cert_file: server.crt
|ssl_key_file: server.key
+-----------------------------------------------------------------------------------------------------+

[2018-05-14 11:21:05 @6833.0]	ERROR	zm_deactivate_swoole (ERROR 503): Fatal error: Uncaught RedisException: read error on connection in /mnt/hgfs/demo/vSwoole/library/common/cache/Redis.php:157
Stack trace:
#0 /mnt/hgfs/demo/vSwoole/library/common/cache/Redis.php(157): Redis->blPop('VSwoole-Crontab...', 600)
#1 /mnt/hgfs/demo/vSwoole/application/server/Crontab.php(61): vSwoole\library\common\cache\Redis->__call('blPop', Array)
#2 [internal function]: vSwoole\application\server\Crontab->vSwoole\application\server\{closure}(Object(Swoole\Proce
+-----------------------------------------------------------------------------------------------------+
|Swoole_Crontab_Server start ok. 2018-05-14 11:22:04
+-----------------------------------------------------------------------------------------------------+
|IP: 192.168.31.100
|host: 0.0.0.0
|port: 9502
|adminHost: 0.0.0.0
|adminPort: 8502
|daemonize: false
|log_file: /mnt/hgfs/demo/vSwoole/public/../log/server/Crontab.log
|worker_num: 16
|reactor_num: 8
|task_worker_num: 16
|heartbeat_check_interval: 60
|heartbeat_idle_time: 600
|open_cpu_affinity: true
|debug_mode: false
|ssl_cert_file: server.crt
|ssl_key_file: server.key
+-----------------------------------------------------------------------------------------------------+

[2018-05-14 11:23:29 @6915.0]	ERROR	zm_deactivate_swoole (ERROR 503): Fatal error: Uncaught RedisException: read error on connection in /mnt/hgfs/demo/vSwoole/library/common/cache/Redis.php:157
Stack trace:
#0 /mnt/hgfs/demo/vSwoole/library/common/cache/Redis.php(157): Redis->blPop('VSwoole-Crontab...', 0)
#1 /mnt/hgfs/demo/vSwoole/application/server/Crontab.php(61): vSwoole\library\common\cache\Redis->__call('blPop', Array)
#2 [internal function]: vSwoole\application\server\Crontab->vSwoole\application\server\{closure}(Object(Swoole\Process
+-----------------------------------------------------------------------------------------------------+
|Swoole_Crontab_Server start ok. 2018-05-14 11:25:18
+-----------------------------------------------------------------------------------------------------+
|IP: 192.168.31.100
|host: 0.0.0.0
|port: 9502
|adminHost: 0.0.0.0
|adminPort: 8502
|daemonize: false
|log_file: /mnt/hgfs/demo/vSwoole/public/../log/server/Crontab.log
|worker_num: 16
|reactor_num: 8
|task_worker_num: 16
|heartbeat_check_interval: 60
|heartbeat_idle_time: 600
|open_cpu_affinity: true
|debug_mode: false
|ssl_cert_file: server.crt
|ssl_key_file: server.key
+-----------------------------------------------------------------------------------------------------+

+-----------------------------------------------------------------------------------------------------+
|Swoole_Crontab_Server start ok. 2018-05-14 11:26:16
+-----------------------------------------------------------------------------------------------------+
|IP: 192.168.31.100
|host: 0.0.0.0
|port: 9502
|adminHost: 0.0.0.0
|adminPort: 8502
|daemonize: false
|log_file: /mnt/hgfs/demo/vSwoole/public/../log/server/Crontab.log
|worker_num: 16
|reactor_num: 8
|task_worker_num: 16
|heartbeat_check_interval: 60
|heartbeat_idle_time: 600
|open_cpu_affinity: true
|debug_mode: false
|ssl_cert_file: server.crt
|ssl_key_file: server.key
+-----------------------------------------------------------------------------------------------------+

+-----------------------------------------------------------------------------------------------------+
|Swoole_Crontab_Server start ok. 2018-05-14 11:27:04
+-----------------------------------------------------------------------------------------------------+
|IP: 192.168.31.100
|host: 0.0.0.0
|port: 9502
|adminHost: 0.0.0.0
|adminPort: 8502
|daemonize: false
|log_file: /mnt/hgfs/demo/vSwoole/public/../log/server/Crontab.log
|worker_num: 16
|reactor_num: 8
|task_worker_num: 16
|heartbeat_check_interval: 60
|heartbeat_idle_time: 600
|open_cpu_affinity: true
|debug_mode: false
|ssl_cert_file: server.crt
|ssl_key_file: server.key
+-----------------------------------------------------------------------------------------------------+

[2018-05-14 11:28:07 @7128.0]	ERROR	zm_deactivate_swoole (ERROR 503): Fatal error: Uncaught RedisException: read error on connection in /mnt/hgfs/demo/vSwoole/library/common/cache/Redis.php:157
Stack trace:
#0 /mnt/hgfs/demo/vSwoole/library/common/cache/Redis.php(157): Redis->blPop('VSwoole-Crontab...', 0)
#1 /mnt/hgfs/demo/vSwoole/application/server/Crontab.php(61): vSwoole\library\common\cache\Redis->__call('blPop', Array)
#2 [internal function]: vSwoole\application\server\Crontab->vSwoole\application\server\{closure}(Object(Swoole\Process
+-----------------------------------------------------------------------------------------------------+
|Swoole_Crontab_Server start ok. 2018-05-14 11:40:59
+-----------------------------------------------------------------------------------------------------+
|IP: 192.168.31.100
|host: 0.0.0.0
|port: 9502
|adminHost: 0.0.0.0
|adminPort: 8502
|daemonize: false
|log_file: /mnt/hgfs/demo/vSwoole/public/../log/server/Crontab.log
|worker_num: 16
|reactor_num: 8
|task_worker_num: 16
|heartbeat_check_interval: 60
|heartbeat_idle_time: 600
|open_cpu_affinity: true
|debug_mode: false
|ssl_cert_file: server.crt
|ssl_key_file: server.key
+-----------------------------------------------------------------------------------------------------+

+-----------------------------------------------------------------------------------------------------+
|Swoole_Crontab_Server start ok. 2018-05-14 11:42:24
+-----------------------------------------------------------------------------------------------------+
|IP: 192.168.31.100
|host: 0.0.0.0
|port: 9502
|adminHost: 0.0.0.0
|adminPort: 8502
|daemonize: false
|log_file: /mnt/hgfs/demo/vSwoole/public/../log/server/Crontab.log
|worker_num: 16
|reactor_num: 8
|task_worker_num: 16
|heartbeat_check_interval: 60
|heartbeat_idle_time: 600
|open_cpu_affinity: true
|debug_mode: false
|ssl_cert_file: server.crt
|ssl_key_file: server.key
+-----------------------------------------------------------------------------------------------------+

[2018-05-14 11:43:24 @7454.0]	ERROR	zm_deactivate_swoole (ERROR 503): Fatal error: Uncaught RedisException: read error on connection in /mnt/hgfs/demo/vSwoole/library/common/cache/Redis.php:157
Stack trace:
#0 /mnt/hgfs/demo/vSwoole/library/common/cache/Redis.php(157): Redis->blPop('VSwoole-Crontab...', 0)
#1 /mnt/hgfs/demo/vSwoole/application/server/Crontab.php(62): vSwoole\library\common\cache\Redis->__call('blPop', Array)
#2 [internal function]: vSwoole\application\server\Crontab->vSwoole\application\server\{closure}(Object(Swoole\Process
+-----------------------------------------------------------------------------------------------------+
|Swoole_Crontab_Server start ok. 2018-05-14 11:43:36
+-----------------------------------------------------------------------------------------------------+
|IP: 192.168.31.100
|host: 0.0.0.0
|port: 9502
|adminHost: 0.0.0.0
|adminPort: 8502
|daemonize: false
|log_file: /mnt/hgfs/demo/vSwoole/public/../log/server/Crontab.log
|worker_num: 16
|reactor_num: 8
|task_worker_num: 16
|heartbeat_check_interval: 60
|heartbeat_idle_time: 600
|open_cpu_affinity: true
|debug_mode: false
|ssl_cert_file: server.crt
|ssl_key_file: server.key
+-----------------------------------------------------------------------------------------------------+

+-----------------------------------------------------------------------------------------------------+
|Swoole_Crontab_Server start ok. 2018-05-14 11:46:45
+-----------------------------------------------------------------------------------------------------+
|IP: 192.168.31.100
|host: 0.0.0.0
|port: 9502
|adminHost: 0.0.0.0
|adminPort: 8502
|daemonize: false
|log_file: /mnt/hgfs/demo/vSwoole/public/../log/server/Crontab.log
|worker_num: 16
|reactor_num: 8
|task_worker_num: 16
|heartbeat_check_interval: 60
|heartbeat_idle_time: 600
|open_cpu_affinity: true
|debug_mode: false
|ssl_cert_file: server.crt
|ssl_key_file: server.key
+-----------------------------------------------------------------------------------------------------+

[2018-05-14 11:46:48 @7608.0]	ERROR	zm_deactivate_swoole (ERROR 503): Fatal error: Uncaught Error: Cannot use object of type stdClass as array in /mnt/hgfs/demo/vSwoole/application/server/Crontab.php:66
Stack trace:
#0 [internal function]: vSwoole\application\server\Crontab->vSwoole\application\server\{closure}(Object(Swoole\Process))
#1 /mnt/hgfs/demo/vSwoole/library/common/Process.php(67): call_user_func_array(Object(Closure), Array)
#2 [internal function]: vSwoole\library\common\Process->vSwoole\library\common\{closure}(Object(Swoole\Proc
+-----------------------------------------------------------------------------------------------------+
|Swoole_Crontab_Server start ok. 2018-05-14 11:47:26
+-----------------------------------------------------------------------------------------------------+
|IP: 192.168.31.100
|host: 0.0.0.0
|port: 9502
|adminHost: 0.0.0.0
|adminPort: 8502
|daemonize: false
|log_file: /mnt/hgfs/demo/vSwoole/public/../log/server/Crontab.log
|worker_num: 16
|reactor_num: 8
|task_worker_num: 16
|heartbeat_check_interval: 60
|heartbeat_idle_time: 600
|open_cpu_affinity: true
|debug_mode: false
|ssl_cert_file: server.crt
|ssl_key_file: server.key
+-----------------------------------------------------------------------------------------------------+

+-----------------------------------------------------------------------------------------------------+
|Swoole_Crontab_Server start ok. 2018-05-14 12:05:42
+-----------------------------------------------------------------------------------------------------+
|IP: 192.168.31.100
|host: 0.0.0.0
|port: 9502
|adminHost: 0.0.0.0
|adminPort: 8502
|daemonize: false
|log_file: /mnt/hgfs/demo/vSwoole/public/../log/server/Crontab.log
|worker_num: 16
|reactor_num: 8
|task_worker_num: 16
|heartbeat_check_interval: 60
|heartbeat_idle_time: 600
|open_cpu_affinity: true
|debug_mode: false
|ssl_cert_file: server.crt
|ssl_key_file: server.key
+-----------------------------------------------------------------------------------------------------+

+-----------------------------------------------------------------------------------------------------+
|Swoole_Crontab_Server start ok. 2018-05-14 12:17:46
+-----------------------------------------------------------------------------------------------------+
|IP: 192.168.31.100
|host: 0.0.0.0
|port: 9502
|adminHost: 0.0.0.0
|adminPort: 8502
|daemonize: false
|log_file: /mnt/hgfs/demo/vSwoole/public/../log/server/Crontab.log
|worker_num: 16
|reactor_num: 8
|task_worker_num: 16
|heartbeat_check_interval: 60
|heartbeat_idle_time: 600
|open_cpu_affinity: true
|debug_mode: false
|ssl_cert_file: server.crt
|ssl_key_file: server.key
+-----------------------------------------------------------------------------------------------------+

+-----------------------------------------------------------------------------------------------------+
|Swoole_Crontab_Server start ok. 2018-05-14 12:43:55
+-----------------------------------------------------------------------------------------------------+
|IP: 192.168.31.100
|host: 0.0.0.0
|port: 9502
|adminHost: 0.0.0.0
|adminPort: 8502
|daemonize: false
|log_file: /mnt/hgfs/demo/vSwoole/public/../log/server/Crontab.log
|worker_num: 16
|reactor_num: 8
|task_worker_num: 16
|heartbeat_check_interval: 60
|heartbeat_idle_time: 600
|open_cpu_affinity: true
|debug_mode: false
|ssl_cert_file: server.crt
|ssl_key_file: server.key
+-----------------------------------------------------------------------------------------------------+

+-----------------------------------------------------------------------------------------------------+
|Swoole_Crontab_Server start ok. 2018-05-14 12:46:06
+-----------------------------------------------------------------------------------------------------+
|IP: 192.168.31.100
|host: 0.0.0.0
|port: 9502
|adminHost: 0.0.0.0
|adminPort: 8502
|daemonize: false
|log_file: /mnt/hgfs/demo/vSwoole/public/../log/server/Crontab.log
|worker_num: 16
|reactor_num: 8
|task_worker_num: 16
|heartbeat_check_interval: 60
|heartbeat_idle_time: 600
|open_cpu_affinity: true
|debug_mode: false
|ssl_cert_file: server.crt
|ssl_key_file: server.key
+-----------------------------------------------------------------------------------------------------+

+-----------------------------------------------------------------------------------------------------+
|Swoole_Crontab_Server start ok. 2018-05-14 12:46:41
+-----------------------------------------------------------------------------------------------------+
|IP: 192.168.31.100
|host: 0.0.0.0
|port: 9502
|adminHost: 0.0.0.0
|adminPort: 8502
|daemonize: false
|log_file: /mnt/hgfs/demo/vSwoole/public/../log/server/Crontab.log
|worker_num: 16
|reactor_num: 8
|task_worker_num: 16
|heartbeat_check_interval: 60
|heartbeat_idle_time: 600
|open_cpu_affinity: true
|debug_mode: false
|ssl_cert_file: server.crt
|ssl_key_file: server.key
+-----------------------------------------------------------------------------------------------------+

+-----------------------------------------------------------------------------------------------------+
|Swoole_Crontab_Server start ok. 2018-05-14 12:48:26
+-----------------------------------------------------------------------------------------------------+
|IP: 192.168.31.100
|host: 0.0.0.0
|port: 9502
|adminHost: 0.0.0.0
|adminPort: 8502
|daemonize: false
|log_file: /mnt/hgfs/demo/vSwoole/public/../log/server/Crontab.log
|worker_num: 16
|reactor_num: 8
|task_worker_num: 16
|heartbeat_check_interval: 60
|heartbeat_idle_time: 600
|open_cpu_affinity: true
|debug_mode: false
|ssl_cert_file: server.crt
|ssl_key_file: server.key
+-----------------------------------------------------------------------------------------------------+

+-----------------------------------------------------------------------------------------------------+
|Swoole_Crontab_Server start ok. 2018-05-14 12:48:45
+-----------------------------------------------------------------------------------------------------+
|IP: 192.168.31.100
|host: 0.0.0.0
|port: 9502
|adminHost: 0.0.0.0
|adminPort: 8502
|daemonize: false
|log_file: /mnt/hgfs/demo/vSwoole/public/../log/server/Crontab.log
|worker_num: 16
|reactor_num: 8
|task_worker_num: 16
|heartbeat_check_interval: 60
|heartbeat_idle_time: 600
|open_cpu_affinity: true
|debug_mode: false
|ssl_cert_file: server.crt
|ssl_key_file: server.key
+-----------------------------------------------------------------------------------------------------+

+-----------------------------------------------------------------------------------------------------+
|Swoole_Crontab_Server start ok. 2018-05-14 12:49:24
+-----------------------------------------------------------------------------------------------------+
|IP: 192.168.31.100
|host: 0.0.0.0
|port: 9502
|adminHost: 0.0.0.0
|adminPort: 8502
|daemonize: false
|log_file: /mnt/hgfs/demo/vSwoole/public/../log/server/Crontab.log
|worker_num: 16
|reactor_num: 8
|task_worker_num: 16
|heartbeat_check_interval: 60
|heartbeat_idle_time: 600
|open_cpu_affinity: true
|debug_mode: false
|ssl_cert_file: server.crt
|ssl_key_file: server.key
+-----------------------------------------------------------------------------------------------------+

+-----------------------------------------------------------------------------------------------------+
|Swoole_Crontab_Server start ok. 2018-05-14 12:54:55
+-----------------------------------------------------------------------------------------------------+
|IP: 192.168.31.100
|host: 0.0.0.0
|port: 9502
|adminHost: 0.0.0.0
|adminPort: 8502
|daemonize: false
|log_file: /mnt/hgfs/demo/vSwoole/public/../log/server/Crontab.log
|worker_num: 16
|reactor_num: 8
|task_worker_num: 16
|heartbeat_check_interval: 60
|heartbeat_idle_time: 600
|open_cpu_affinity: true
|debug_mode: false
|ssl_cert_file: server.crt
|ssl_key_file: server.key
+-----------------------------------------------------------------------------------------------------+

+-----------------------------------------------------------------------------------------------------+
|Swoole_Crontab_Server start ok. 2018-05-14 16:23:35
+-----------------------------------------------------------------------------------------------------+
|IP: 192.168.31.100
|host: 0.0.0.0
|port: 9502
|adminHost: 0.0.0.0
|adminPort: 8502
|daemonize: false
|log_file: /mnt/hgfs/demo/vSwoole/public/../log/server/Crontab.log
|worker_num: 16
|reactor_num: 8
|task_worker_num: 16
|heartbeat_check_interval: 60
|heartbeat_idle_time: 600
|open_cpu_affinity: true
|debug_mode: false
|ssl_cert_file: server.crt
|ssl_key_file: server.key
+-----------------------------------------------------------------------------------------------------+

+-----------------------------------------------------------------------------------------------------+
|Swoole_Crontab_Server start ok. 2018-05-14 16:25:09
+-----------------------------------------------------------------------------------------------------+
|IP: 192.168.31.100
|host: 0.0.0.0
|port: 9502
|adminHost: 0.0.0.0
|adminPort: 8502
|daemonize: false
|log_file: /mnt/hgfs/demo/vSwoole/public/../log/server/Crontab.log
|worker_num: 16
|reactor_num: 8
|task_worker_num: 16
|heartbeat_check_interval: 60
|heartbeat_idle_time: 600
|open_cpu_affinity: true
|debug_mode: false
|ssl_cert_file: server.crt
|ssl_key_file: server.key
+-----------------------------------------------------------------------------------------------------+

+-----------------------------------------------------------------------------------------------------+
|Swoole_Crontab_Server start ok. 2018-05-14 16:28:55
+-----------------------------------------------------------------------------------------------------+
|IP: 192.168.31.100
|host: 0.0.0.0
|port: 9502
|adminHost: 0.0.0.0
|adminPort: 8502
|daemonize: false
|log_file: /mnt/hgfs/demo/vSwoole/public/../log/server/Crontab.log
|worker_num: 16
|reactor_num: 8
|task_worker_num: 16
|heartbeat_check_interval: 60
|heartbeat_idle_time: 600
|open_cpu_affinity: true
|debug_mode: false
|ssl_cert_file: server.crt
|ssl_key_file: server.key
+-----------------------------------------------------------------------------------------------------+

+-----------------------------------------------------------------------------------------------------+
|Swoole_Crontab_Server start ok. 2018-05-14 16:32:04
+-----------------------------------------------------------------------------------------------------+
|IP: 192.168.31.100
|host: 0.0.0.0
|port: 9502
|adminHost: 0.0.0.0
|adminPort: 8502
|daemonize: false
|log_file: /mnt/hgfs/demo/vSwoole/public/../log/server/Crontab.log
|worker_num: 16
|reactor_num: 8
|task_worker_num: 16
|heartbeat_check_interval: 60
|heartbeat_idle_time: 600
|open_cpu_affinity: true
|debug_mode: false
|ssl_cert_file: server.crt
|ssl_key_file: server.key
+-----------------------------------------------------------------------------------------------------+

+-----------------------------------------------------------------------------------------------------+
|Swoole_Crontab_Server start ok. 2018-05-14 16:38:33
+-----------------------------------------------------------------------------------------------------+
|IP: 192.168.31.100
|host: 0.0.0.0
|port: 9502
|adminHost: 0.0.0.0
|adminPort: 8502
|daemonize: false
|log_file: /mnt/hgfs/demo/vSwoole/public/../log/server/Crontab.log
|worker_num: 16
|reactor_num: 8
|task_worker_num: 16
|heartbeat_check_interval: 60
|heartbeat_idle_time: 600
|open_cpu_affinity: true
|debug_mode: false
|ssl_cert_file: server.crt
|ssl_key_file: server.key
+-----------------------------------------------------------------------------------------------------+

+-----------------------------------------------------------------------------------------------------+
|Swoole_Crontab_Server start ok. 2018-05-14 16:45:55
+-----------------------------------------------------------------------------------------------------+
|IP: 192.168.31.100
|host: 0.0.0.0
|port: 9502
|adminHost: 0.0.0.0
|adminPort: 8502
|daemonize: false
|log_file: /mnt/hgfs/demo/vSwoole/public/../log/server/Crontab.log
|worker_num: 16
|reactor_num: 8
|task_worker_num: 16
|heartbeat_check_interval: 60
|heartbeat_idle_time: 600
|open_cpu_affinity: true
|debug_mode: false
|ssl_cert_file: server.crt
|ssl_key_file: server.key
+-----------------------------------------------------------------------------------------------------+

+-----------------------------------------------------------------------------------------------------+
|Swoole_Crontab_Server start ok. 2018-05-14 17:19:21
+-----------------------------------------------------------------------------------------------------+
|IP: 192.168.31.100
|host: 0.0.0.0
|port: 9502
|adminHost: 0.0.0.0
|adminPort: 8502
|daemonize: false
|log_file: /mnt/hgfs/demo/vSwoole/public/../log/server/Crontab.log
|worker_num: 16
|reactor_num: 8
|task_worker_num: 16
|heartbeat_check_interval: 60
|heartbeat_idle_time: 600
|open_cpu_affinity: true
|debug_mode: false
|ssl_cert_file: server.crt
|ssl_key_file: server.key
+-----------------------------------------------------------------------------------------------------+

+-----------------------------------------------------------------------------------------------------+
|Swoole_Crontab_Server start ok. 2018-05-14 18:21:59
+-----------------------------------------------------------------------------------------------------+
|IP: 192.168.31.100
|host: 0.0.0.0
|port: 9502
|adminHost: 0.0.0.0
|adminPort: 8502
|daemonize: false
|log_file: /mnt/hgfs/demo/vSwoole/public/../log/server/Crontab.log
|worker_num: 16
|reactor_num: 8
|task_worker_num: 16
|heartbeat_check_interval: 60
|heartbeat_idle_time: 600
|open_cpu_affinity: true
|debug_mode: false
|ssl_cert_file: server.crt
|ssl_key_file: server.key
+-----------------------------------------------------------------------------------------------------+

+-----------------------------------------------------------------------------------------------------+
|Swoole_Crontab_Server start ok. 2018-05-14 18:22:33
+-----------------------------------------------------------------------------------------------------+
|IP: 192.168.31.100
|host: 0.0.0.0
|port: 9502
|adminHost: 0.0.0.0
|adminPort: 8502
|daemonize: false
|log_file: /mnt/hgfs/demo/vSwoole/public/../log/server/Crontab.log
|worker_num: 16
|reactor_num: 8
|task_worker_num: 16
|heartbeat_check_interval: 60
|heartbeat_idle_time: 600
|open_cpu_affinity: true
|debug_mode: false
|ssl_cert_file: server.crt
|ssl_key_file: server.key
+-----------------------------------------------------------------------------------------------------+

+-----------------------------------------------------------------------------------------------------+
|Swoole_Crontab_Server start ok. 2018-05-14 18:25:00
+-----------------------------------------------------------------------------------------------------+
|IP: 192.168.31.100
|host: 0.0.0.0
|port: 9502
|adminHost: 0.0.0.0
|adminPort: 8502
|daemonize: false
|log_file: /mnt/hgfs/demo/vSwoole/public/../log/server/Crontab.log
|worker_num: 16
|reactor_num: 8
|task_worker_num: 16
|heartbeat_check_interval: 60
|heartbeat_idle_time: 600
|open_cpu_affinity: true
|debug_mode: false
|ssl_cert_file: server.crt
|ssl_key_file: server.key
+-----------------------------------------------------------------------------------------------------+

+-----------------------------------------------------------------------------------------------------+
|Swoole_Crontab_Server start ok. 2018-05-14 18:33:48
+-----------------------------------------------------------------------------------------------------+
|IP: 192.168.31.100
|host: 0.0.0.0
|port: 9502
|adminHost: 0.0.0.0
|adminPort: 8502
|daemonize: false
|log_file: /mnt/hgfs/demo/vSwoole/public/../log/server/Crontab.log
|worker_num: 16
|reactor_num: 8
|task_worker_num: 16
|heartbeat_check_interval: 60
|heartbeat_idle_time: 600
|open_cpu_affinity: true
|debug_mode: false
|ssl_cert_file: server.crt
|ssl_key_file: server.key
+-----------------------------------------------------------------------------------------------------+

[2018-05-14 18:35:01 @14753.0]	ERROR	zm_deactivate_swoole (ERROR 503): Fatal error: Uncaught InvalidArgumentException: Arguments invalid in /mnt/hgfs/demo/vSwoole/library/common/Timer.php:45
Stack trace:
#0 /mnt/hgfs/demo/vSwoole/application/server/logic/CrontabTask.php(119): vSwoole\library\common\Timer::after(0, Object(Closure))
#1 /mnt/hgfs/demo/vSwoole/library/common/Timer.php(26): vSwoole\application\server\logic\CrontabTask::vSwoole\application\server\logic\{closure}(1)
#2 {main}
  thrown in /mnt/hgfs/demo/vSwoole/library/common/Timer.p
+-----------------------------------------------------------------------------------------------------+
|Swoole_Crontab_Server start ok. 2018-05-14 18:36:00
+-----------------------------------------------------------------------------------------------------+
|IP: 192.168.31.100
|host: 0.0.0.0
|port: 9502
|adminHost: 0.0.0.0
|adminPort: 8502
|daemonize: false
|log_file: /mnt/hgfs/demo/vSwoole/public/../log/server/Crontab.log
|worker_num: 16
|reactor_num: 8
|task_worker_num: 16
|heartbeat_check_interval: 60
|heartbeat_idle_time: 600
|open_cpu_affinity: true
|debug_mode: false
|ssl_cert_file: server.crt
|ssl_key_file: server.key
+-----------------------------------------------------------------------------------------------------+

+-----------------------------------------------------------------------------------------------------+
|Swoole_Crontab_Server start ok. 2018-05-14 18:43:25
+-----------------------------------------------------------------------------------------------------+
|IP: 192.168.31.100
|host: 0.0.0.0
|port: 9502
|adminHost: 0.0.0.0
|adminPort: 8502
|daemonize: false
|log_file: /mnt/hgfs/demo/vSwoole/public/../log/server/Crontab.log
|worker_num: 16
|reactor_num: 8
|task_worker_num: 16
|heartbeat_check_interval: 60
|heartbeat_idle_time: 600
|open_cpu_affinity: true
|debug_mode: false
|ssl_cert_file: server.crt
|ssl_key_file: server.key
+-----------------------------------------------------------------------------------------------------+

+-----------------------------------------------------------------------------------------------------+
|Swoole_Crontab_Server start ok. 2018-05-14 18:48:53
+-----------------------------------------------------------------------------------------------------+
|IP: 192.168.31.100
|host: 0.0.0.0
|port: 9502
|adminHost: 0.0.0.0
|adminPort: 8502
|daemonize: false
|log_file: /mnt/hgfs/demo/vSwoole/public/../log/server/Crontab.log
|worker_num: 16
|reactor_num: 8
|task_worker_num: 16
|heartbeat_check_interval: 60
|heartbeat_idle_time: 600
|open_cpu_affinity: true
|debug_mode: false
|ssl_cert_file: server.crt
|ssl_key_file: server.key
+-----------------------------------------------------------------------------------------------------+

[2018-05-14 18:55:00 @15118.0]	WARNING	swTableRow_set_value: string is too long.
+-----------------------------------------------------------------------------------------------------+
|Swoole_Crontab_Server start ok. 2018-05-14 18:56:01
+-----------------------------------------------------------------------------------------------------+
|IP: 192.168.31.100
|host: 0.0.0.0
|port: 9502
|adminHost: 0.0.0.0
|adminPort: 8502
|daemonize: false
|log_file: /mnt/hgfs/demo/vSwoole/public/../log/server/Crontab.log
|worker_num: 16
|reactor_num: 8
|task_worker_num: 16
|heartbeat_check_interval: 60
|heartbeat_idle_time: 600
|open_cpu_affinity: true
|debug_mode: false
|ssl_cert_file: server.crt
|ssl_key_file: server.key
+-----------------------------------------------------------------------------------------------------+

[2018-05-14 18:58:00 @15278.0]	WARNING	swTableRow_set_value: string is too long.
+-----------------------------------------------------------------------------------------------------+
|Swoole_Crontab_Server start ok. 2018-05-14 18:58:47
+-----------------------------------------------------------------------------------------------------+
|IP: 192.168.31.100
|host: 0.0.0.0
|port: 9502
|adminHost: 0.0.0.0
|adminPort: 8502
|daemonize: false
|log_file: /mnt/hgfs/demo/vSwoole/public/../log/server/Crontab.log
|worker_num: 16
|reactor_num: 8
|task_worker_num: 16
|heartbeat_check_interval: 60
|heartbeat_idle_time: 600
|open_cpu_affinity: true
|debug_mode: false
|ssl_cert_file: server.crt
|ssl_key_file: server.key
+-----------------------------------------------------------------------------------------------------+

[2018-05-14 19:00:00 @15362.0]	WARNING	swTableRow_set_value: string is too long.
[2018-05-14 19:01:00 @15362.0]	WARNING	swTableRow_set_value: string is too long.
[2018-05-14 19:02:00 @15362.0]	WARNING	swTableRow_set_value: string is too long.
[2018-05-14 19:03:00 @15362.0]	WARNING	swTableRow_set_value: string is too long.
[2018-05-14 19:04:00 @15362.0]	WARNING	swTableRow_set_value: string is too long.
[2018-05-14 19:05:00 @15362.0]	WARNING	swTableRow_set_value: string is too long.
[2018-05-14 19:06:00 @15362.0]	WARNING	swTableRow_set_value: string is too long.
[2018-05-14 19:07:00 @15362.0]	WARNING	swTableRow_set_value: string is too long.
[2018-05-14 19:08:00 @15362.0]	WARNING	swTableRow_set_value: string is too long.
+-----------------------------------------------------------------------------------------------------+
|Swoole_Crontab_Server start ok. 2018-05-14 19:08:14
+-----------------------------------------------------------------------------------------------------+
|IP: 192.168.31.100
|host: 0.0.0.0
|port: 9502
|adminHost: 0.0.0.0
|adminPort: 8502
|daemonize: false
|log_file: /mnt/hgfs/demo/vSwoole/public/../log/server/Crontab.log
|worker_num: 16
|reactor_num: 8
|task_worker_num: 16
|heartbeat_check_interval: 60
|heartbeat_idle_time: 600
|open_cpu_affinity: true
|debug_mode: false
|ssl_cert_file: server.crt
|ssl_key_file: server.key
+-----------------------------------------------------------------------------------------------------+

+-----------------------------------------------------------------------------------------------------+
|Swoole_Crontab_Server start ok. 2018-05-14 19:25:17
+-----------------------------------------------------------------------------------------------------+
|IP: 192.168.31.100
|host: 0.0.0.0
|port: 9502
|adminHost: 0.0.0.0
|adminPort: 8502
|daemonize: false
|log_file: /mnt/hgfs/demo/vSwoole/public/../log/server/Crontab.log
|worker_num: 16
|reactor_num: 8
|task_worker_num: 16
|heartbeat_check_interval: 60
|heartbeat_idle_time: 600
|open_cpu_affinity: true
|debug_mode: false
|ssl_cert_file: server.crt
|ssl_key_file: server.key
+-----------------------------------------------------------------------------------------------------+

+-----------------------------------------------------------------------------------------------------+
|Swoole_Crontab_Server start ok. 2018-05-14 19:32:00
+-----------------------------------------------------------------------------------------------------+
|IP: 192.168.31.100
|host: 0.0.0.0
|port: 9502
|adminHost: 0.0.0.0
|adminPort: 8502
|daemonize: false
|log_file: /mnt/hgfs/demo/vSwoole/public/../log/server/Crontab.log
|worker_num: 16
|reactor_num: 8
|task_worker_num: 16
|heartbeat_check_interval: 60
|heartbeat_idle_time: 600
|open_cpu_affinity: true
|debug_mode: false
|ssl_cert_file: server.crt
|ssl_key_file: server.key
+-----------------------------------------------------------------------------------------------------+

+-----------------------------------------------------------------------------------------------------+
|Swoole_Crontab_Server start ok. 2018-05-14 21:21:24
+-----------------------------------------------------------------------------------------------------+
|IP: 192.168.31.100
|host: 0.0.0.0
|port: 9502
|adminHost: 0.0.0.0
|adminPort: 8502
|daemonize: false
|log_file: /mnt/hgfs/demo/vSwoole/public/../log/server/Crontab.log
|worker_num: 16
|reactor_num: 8
|task_worker_num: 16
|heartbeat_check_interval: 60
|heartbeat_idle_time: 600
|open_cpu_affinity: true
|debug_mode: false
|ssl_cert_file: server.crt
|ssl_key_file: server.key
+-----------------------------------------------------------------------------------------------------+

+-----------------------------------------------------------------------------------------------------+
|Swoole_Crontab_Server start ok. 2018-05-14 23:35:22
+-----------------------------------------------------------------------------------------------------+
|IP: 192.168.31.100
|host: 0.0.0.0
|port: 9502
|adminHost: 0.0.0.0
|adminPort: 8502
|daemonize: false
|log_file: /mnt/hgfs/demo/vSwoole/public/../log/server/Crontab.log
|worker_num: 16
|reactor_num: 8
|task_worker_num: 16
|heartbeat_check_interval: 60
|heartbeat_idle_time: 600
|open_cpu_affinity: true
|debug_mode: false
|ssl_cert_file: server.crt
|ssl_key_file: server.key
+-----------------------------------------------------------------------------------------------------+

+-----------------------------------------------------------------------------------------------------+
|Swoole_Crontab_Server start ok. 2018-05-14 23:37:08
+-----------------------------------------------------------------------------------------------------+
|IP: 192.168.31.100
|host: 0.0.0.0
|port: 9502
|adminHost: 0.0.0.0
|adminPort: 8502
|daemonize: false
|log_file: /mnt/hgfs/demo/vSwoole/public/../log/server/Crontab.log
|worker_num: 16
|reactor_num: 8
|task_worker_num: 16
|heartbeat_check_interval: 60
|heartbeat_idle_time: 600
|open_cpu_affinity: true
|debug_mode: false
|ssl_cert_file: server.crt
|ssl_key_file: server.key
+-----------------------------------------------------------------------------------------------------+

+-----------------------------------------------------------------------------------------------------+
|Swoole_Crontab_Server start ok. 2018-05-14 23:43:23
+-----------------------------------------------------------------------------------------------------+
|IP: 192.168.31.100
|host: 0.0.0.0
|port: 9502
|adminHost: 0.0.0.0
|adminPort: 8502
|daemonize: false
|log_file: /mnt/hgfs/demo/vSwoole/public/../log/server/Crontab.log
|worker_num: 16
|reactor_num: 8
|task_worker_num: 16
|heartbeat_check_interval: 60
|heartbeat_idle_time: 600
|open_cpu_affinity: true
|debug_mode: false
|ssl_cert_file: server.crt
|ssl_key_file: server.key
+-----------------------------------------------------------------------------------------------------+

+-----------------------------------------------------------------------------------------------------+
|Swoole_Crontab_Server start ok. 2018-05-14 23:44:43
+-----------------------------------------------------------------------------------------------------+
|IP: 192.168.31.100
|host: 0.0.0.0
|port: 9502
|adminHost: 0.0.0.0
|adminPort: 8502
|daemonize: false
|log_file: /mnt/hgfs/demo/vSwoole/public/../log/server/Crontab.log
|worker_num: 16
|reactor_num: 8
|task_worker_num: 16
|heartbeat_check_interval: 60
|heartbeat_idle_time: 600
|open_cpu_affinity: true
|debug_mode: false
|ssl_cert_file: server.crt
|ssl_key_file: server.key
+-----------------------------------------------------------------------------------------------------+

+-----------------------------------------------------------------------------------------------------+
|Swoole_Crontab_Server start ok. 2018-05-14 23:45:34
+-----------------------------------------------------------------------------------------------------+
|IP: 192.168.31.100
|host: 0.0.0.0
|port: 9502
|adminHost: 0.0.0.0
|adminPort: 8502
|daemonize: false
|log_file: /mnt/hgfs/demo/vSwoole/public/../log/server/Crontab.log
|worker_num: 16
|reactor_num: 8
|task_worker_num: 16
|heartbeat_check_interval: 60
|heartbeat_idle_time: 600
|open_cpu_affinity: true
|debug_mode: false
|ssl_cert_file: server.crt
|ssl_key_file: server.key
+-----------------------------------------------------------------------------------------------------+

+-----------------------------------------------------------------------------------------------------+
|Swoole_Crontab_Server start ok. 2018-05-14 23:52:27
+-----------------------------------------------------------------------------------------------------+
|IP: 192.168.31.100
|host: 0.0.0.0
|port: 9502
|adminHost: 0.0.0.0
|adminPort: 8502
|daemonize: false
|log_file: /mnt/hgfs/demo/vSwoole/public/../log/server/Crontab.log
|worker_num: 16
|reactor_num: 8
|task_worker_num: 16
|heartbeat_check_interval: 60
|heartbeat_idle_time: 600
|open_cpu_affinity: true
|debug_mode: false
|ssl_cert_file: server.crt
|ssl_key_file: server.key
+-----------------------------------------------------------------------------------------------------+

+-----------------------------------------------------------------------------------------------------+
|Swoole_Crontab_Server start ok. 2018-05-14 23:53:27
+-----------------------------------------------------------------------------------------------------+
|IP: 192.168.31.100
|host: 0.0.0.0
|port: 9502
|adminHost: 0.0.0.0
|adminPort: 8502
|daemonize: false
|log_file: /mnt/hgfs/demo/vSwoole/public/../log/server/Crontab.log
|worker_num: 16
|reactor_num: 8
|task_worker_num: 16
|heartbeat_check_interval: 60
|heartbeat_idle_time: 600
|open_cpu_affinity: true
|debug_mode: false
|ssl_cert_file: server.crt
|ssl_key_file: server.key
+-----------------------------------------------------------------------------------------------------+

+-----------------------------------------------------------------------------------------------------+
|Swoole_Crontab_Server start ok. 2018-05-14 23:54:14
+-----------------------------------------------------------------------------------------------------+
|IP: 192.168.31.100
|host: 0.0.0.0
|port: 9502
|adminHost: 0.0.0.0
|adminPort: 8502
|daemonize: false
|log_file: /mnt/hgfs/demo/vSwoole/public/../log/server/Crontab.log
|worker_num: 16
|reactor_num: 8
|task_worker_num: 16
|heartbeat_check_interval: 60
|heartbeat_idle_time: 600
|open_cpu_affinity: true
|debug_mode: false
|ssl_cert_file: server.crt
|ssl_key_file: server.key
+-----------------------------------------------------------------------------------------------------+

+-----------------------------------------------------------------------------------------------------+
|Swoole_Crontab_Server start ok. 2018-05-14 23:58:56
+-----------------------------------------------------------------------------------------------------+
|IP: 192.168.31.100
|host: 0.0.0.0
|port: 9502
|adminHost: 0.0.0.0
|adminPort: 8502
|daemonize: false
|log_file: /mnt/hgfs/demo/vSwoole/public/../log/server/Crontab.log
|worker_num: 16
|reactor_num: 8
|task_worker_num: 16
|heartbeat_check_interval: 60
|heartbeat_idle_time: 600
|open_cpu_affinity: true
|debug_mode: false
|ssl_cert_file: server.crt
|ssl_key_file: server.key
+-----------------------------------------------------------------------------------------------------+

+-----------------------------------------------------------------------------------------------------+
|Swoole_Crontab_Server start ok. 2018-05-15 00:01:04
+-----------------------------------------------------------------------------------------------------+
|IP: 192.168.31.100
|host: 0.0.0.0
|port: 9502
|adminHost: 0.0.0.0
|adminPort: 8502
|daemonize: false
|log_file: /mnt/hgfs/demo/vSwoole/public/../log/server/Crontab.log
|worker_num: 16
|reactor_num: 8
|task_worker_num: 16
|heartbeat_check_interval: 60
|heartbeat_idle_time: 600
|open_cpu_affinity: true
|debug_mode: false
|ssl_cert_file: server.crt
|ssl_key_file: server.key
+-----------------------------------------------------------------------------------------------------+

+-----------------------------------------------------------------------------------------------------+
|Swoole_Crontab_Server start ok. 2018-05-15 00:02:23
+-----------------------------------------------------------------------------------------------------+
|IP: 192.168.31.100
|host: 0.0.0.0
|port: 9502
|adminHost: 0.0.0.0
|adminPort: 8502
|daemonize: false
|log_file: /mnt/hgfs/demo/vSwoole/public/../log/server/Crontab.log
|worker_num: 16
|reactor_num: 8
|task_worker_num: 16
|heartbeat_check_interval: 60
|heartbeat_idle_time: 600
|open_cpu_affinity: true
|debug_mode: false
|ssl_cert_file: server.crt
|ssl_key_file: server.key
+-----------------------------------------------------------------------------------------------------+

+-----------------------------------------------------------------------------------------------------+
|Swoole_Crontab_Server start ok. 2018-05-15 00:04:16
+-----------------------------------------------------------------------------------------------------+
|IP: 192.168.31.100
|host: 0.0.0.0
|port: 9502
|adminHost: 0.0.0.0
|adminPort: 8502
|daemonize: false
|log_file: /mnt/hgfs/demo/vSwoole/public/../log/server/Crontab.log
|worker_num: 16
|reactor_num: 8
|task_worker_num: 16
|heartbeat_check_interval: 60
|heartbeat_idle_time: 600
|open_cpu_affinity: true
|debug_mode: false
|ssl_cert_file: server.crt
|ssl_key_file: server.key
+-----------------------------------------------------------------------------------------------------+

+-----------------------------------------------------------------------------------------------------+
|Swoole_Crontab_Server start ok. 2018-05-15 00:27:28
+-----------------------------------------------------------------------------------------------------+
|IP: 192.168.31.100
|host: 0.0.0.0
|port: 9502
|adminHost: 0.0.0.0
|adminPort: 8502
|daemonize: false
|log_file: /mnt/hgfs/demo/vSwoole/public/../log/server/Crontab.log
|worker_num: 16
|reactor_num: 8
|task_worker_num: 16
|heartbeat_check_interval: 60
|heartbeat_idle_time: 600
|open_cpu_affinity: true
|debug_mode: false
|ssl_cert_file: server.crt
|ssl_key_file: server.key
+-----------------------------------------------------------------------------------------------------+

+-----------------------------------------------------------------------------------------------------+
|Swoole_Crontab_Server start ok. 2018-05-15 00:32:24
+-----------------------------------------------------------------------------------------------------+
|IP: 192.168.31.100
|host: 0.0.0.0
|port: 9502
|adminHost: 0.0.0.0
|adminPort: 8502
|daemonize: false
|log_file: /mnt/hgfs/demo/vSwoole/public/../log/server/Crontab.log
|worker_num: 16
|reactor_num: 8
|task_worker_num: 16
|heartbeat_check_interval: 60
|heartbeat_idle_time: 600
|open_cpu_affinity: true
|debug_mode: false
|ssl_cert_file: server.crt
|ssl_key_file: server.key
+-----------------------------------------------------------------------------------------------------+

+-----------------------------------------------------------------------------------------------------+
|Swoole_Crontab_Server start ok. 2018-05-15 00:34:08
+-----------------------------------------------------------------------------------------------------+
|IP: 192.168.31.100
|host: 0.0.0.0
|port: 9502
|adminHost: 0.0.0.0
|adminPort: 8502
|daemonize: false
|log_file: /mnt/hgfs/demo/vSwoole/public/../log/server/Crontab.log
|worker_num: 16
|reactor_num: 8
|task_worker_num: 16
|heartbeat_check_interval: 60
|heartbeat_idle_time: 600
|open_cpu_affinity: true
|debug_mode: false
|ssl_cert_file: server.crt
|ssl_key_file: server.key
+-----------------------------------------------------------------------------------------------------+

+-----------------------------------------------------------------------------------------------------+
|Swoole_Crontab_Server start ok. 2018-05-15 00:35:59
+-----------------------------------------------------------------------------------------------------+
|IP: 192.168.31.100
|host: 0.0.0.0
|port: 9502
|adminHost: 0.0.0.0
|adminPort: 8502
|daemonize: false
|log_file: /mnt/hgfs/demo/vSwoole/public/../log/server/Crontab.log
|worker_num: 16
|reactor_num: 8
|task_worker_num: 16
|heartbeat_check_interval: 60
|heartbeat_idle_time: 600
|open_cpu_affinity: true
|debug_mode: false
|ssl_cert_file: server.crt
|ssl_key_file: server.key
+-----------------------------------------------------------------------------------------------------+

+-----------------------------------------------------------------------------------------------------+
|Swoole_Crontab_Server start ok. 2018-05-15 00:40:46
+-----------------------------------------------------------------------------------------------------+
|IP: 192.168.31.100
|host: 0.0.0.0
|port: 9502
|adminHost: 0.0.0.0
|adminPort: 8502
|daemonize: false
|log_file: /mnt/hgfs/demo/vSwoole/public/../log/server/Crontab.log
|worker_num: 16
|reactor_num: 8
|task_worker_num: 16
|heartbeat_check_interval: 60
|heartbeat_idle_time: 600
|open_cpu_affinity: true
|debug_mode: false
|ssl_cert_file: server.crt
|ssl_key_file: server.key
+-----------------------------------------------------------------------------------------------------+

+-----------------------------------------------------------------------------------------------------+
|Swoole_Crontab_Server start ok. 2018-05-15 00:42:40
+-----------------------------------------------------------------------------------------------------+
|IP: 192.168.31.100
|host: 0.0.0.0
|port: 9502
|adminHost: 0.0.0.0
|adminPort: 8502
|daemonize: false
|log_file: /mnt/hgfs/demo/vSwoole/public/../log/server/Crontab.log
|worker_num: 16
|reactor_num: 8
|task_worker_num: 16
|heartbeat_check_interval: 60
|heartbeat_idle_time: 600
|open_cpu_affinity: true
|debug_mode: false
|ssl_cert_file: server.crt
|ssl_key_file: server.key
+-----------------------------------------------------------------------------------------------------+

+-----------------------------------------------------------------------------------------------------+
|Swoole_Crontab_Server start ok. 2018-05-15 00:44:11
+-----------------------------------------------------------------------------------------------------+
|IP: 192.168.31.100
|host: 0.0.0.0
|port: 9502
|adminHost: 0.0.0.0
|adminPort: 8502
|daemonize: false
|log_file: /mnt/hgfs/demo/vSwoole/public/../log/server/Crontab.log
|worker_num: 16
|reactor_num: 8
|task_worker_num: 16
|heartbeat_check_interval: 60
|heartbeat_idle_time: 600
|open_cpu_affinity: true
|debug_mode: false
|ssl_cert_file: server.crt
|ssl_key_file: server.key
+-----------------------------------------------------------------------------------------------------+

+-----------------------------------------------------------------------------------------------------+
|Swoole_Crontab_Server start ok. 2018-05-15 00:46:58
+-----------------------------------------------------------------------------------------------------+
|IP: 192.168.31.100
|host: 0.0.0.0
|port: 9502
|adminHost: 0.0.0.0
|adminPort: 8502
|daemonize: false
|log_file: /mnt/hgfs/demo/vSwoole/public/../log/server/Crontab.log
|worker_num: 16
|reactor_num: 8
|task_worker_num: 16
|heartbeat_check_interval: 60
|heartbeat_idle_time: 600
|open_cpu_affinity: true
|debug_mode: false
|ssl_cert_file: server.crt
|ssl_key_file: server.key
+-----------------------------------------------------------------------------------------------------+

+-----------------------------------------------------------------------------------------------------+
|Swoole_Crontab_Server start ok. 2018-05-15 00:48:16
+-----------------------------------------------------------------------------------------------------+
|IP: 192.168.31.100
|host: 0.0.0.0
|port: 9502
|adminHost: 0.0.0.0
|adminPort: 8502
|daemonize: false
|log_file: /mnt/hgfs/demo/vSwoole/public/../log/server/Crontab.log
|worker_num: 16
|reactor_num: 8
|task_worker_num: 16
|heartbeat_check_interval: 60
|heartbeat_idle_time: 600
|open_cpu_affinity: true
|debug_mode: false
|ssl_cert_file: server.crt
|ssl_key_file: server.key
+-----------------------------------------------------------------------------------------------------+

+-----------------------------------------------------------------------------------------------------+
|Swoole_Crontab_Server start ok. 2018-05-15 01:13:44
+-----------------------------------------------------------------------------------------------------+
|IP: 192.168.31.100
|host: 0.0.0.0
|port: 9502
|adminHost: 0.0.0.0
|adminPort: 8502
|daemonize: false
|log_file: /mnt/hgfs/demo/vSwoole/public/../log/server/Crontab.log
|worker_num: 16
|reactor_num: 8
|task_worker_num: 16
|heartbeat_check_interval: 60
|heartbeat_idle_time: 600
|open_cpu_affinity: true
|debug_mode: false
|ssl_cert_file: server.crt
|ssl_key_file: server.key
+-----------------------------------------------------------------------------------------------------+

+-----------------------------------------------------------------------------------------------------+
|Swoole_Crontab_Server start ok. 2018-05-15 01:14:10
+-----------------------------------------------------------------------------------------------------+
|IP: 192.168.31.100
|host: 0.0.0.0
|port: 9502
|adminHost: 0.0.0.0
|adminPort: 8502
|daemonize: false
|log_file: /mnt/hgfs/demo/vSwoole/public/../log/server/Crontab.log
|worker_num: 16
|reactor_num: 8
|task_worker_num: 16
|heartbeat_check_interval: 60
|heartbeat_idle_time: 600
|open_cpu_affinity: true
|debug_mode: false
|ssl_cert_file: server.crt
|ssl_key_file: server.key
+-----------------------------------------------------------------------------------------------------+

+-----------------------------------------------------------------------------------------------------+
|Swoole_Crontab_Server start ok. 2018-05-15 01:14:33
+-----------------------------------------------------------------------------------------------------+
|IP: 192.168.31.100
|host: 0.0.0.0
|port: 9502
|adminHost: 0.0.0.0
|adminPort: 8502
|daemonize: false
|log_file: /mnt/hgfs/demo/vSwoole/public/../log/server/Crontab.log
|worker_num: 16
|reactor_num: 8
|task_worker_num: 16
|heartbeat_check_interval: 60
|heartbeat_idle_time: 600
|open_cpu_affinity: true
|debug_mode: false
|ssl_cert_file: server.crt
|ssl_key_file: server.key
+-----------------------------------------------------------------------------------------------------+

+-----------------------------------------------------------------------------------------------------+
|Swoole_Crontab_Server start ok. 2018-05-15 01:15:03
+-----------------------------------------------------------------------------------------------------+
|IP: 192.168.31.100
|host: 0.0.0.0
|port: 9502
|adminHost: 0.0.0.0
|adminPort: 8502
|daemonize: false
|log_file: /mnt/hgfs/demo/vSwoole/public/../log/server/Crontab.log
|worker_num: 16
|reactor_num: 8
|task_worker_num: 16
|heartbeat_check_interval: 60
|heartbeat_idle_time: 600
|open_cpu_affinity: true
|debug_mode: false
|ssl_cert_file: server.crt
|ssl_key_file: server.key
+-----------------------------------------------------------------------------------------------------+

+-----------------------------------------------------------------------------------------------------+
|Swoole_Crontab_Server start ok. 2018-05-15 01:15:44
+-----------------------------------------------------------------------------------------------------+
|IP: 192.168.31.100
|host: 0.0.0.0
|port: 9502
|adminHost: 0.0.0.0
|adminPort: 8502
|daemonize: false
|log_file: /mnt/hgfs/demo/vSwoole/public/../log/server/Crontab.log
|worker_num: 16
|reactor_num: 8
|task_worker_num: 16
|heartbeat_check_interval: 60
|heartbeat_idle_time: 600
|open_cpu_affinity: true
|debug_mode: false
|ssl_cert_file: server.crt
|ssl_key_file: server.key
+-----------------------------------------------------------------------------------------------------+

+-----------------------------------------------------------------------------------------------------+
|Swoole_Crontab_Server start ok. 2018-05-15 01:21:52
+-----------------------------------------------------------------------------------------------------+
|IP: 192.168.31.100
|host: 0.0.0.0
|port: 9502
|adminHost: 0.0.0.0
|adminPort: 8502
|daemonize: false
|log_file: /mnt/hgfs/demo/vSwoole/public/../log/server/Crontab.log
|worker_num: 16
|reactor_num: 8
|task_worker_num: 16
|heartbeat_check_interval: 60
|heartbeat_idle_time: 600
|open_cpu_affinity: true
|debug_mode: false
|ssl_cert_file: server.crt
|ssl_key_file: server.key
+-----------------------------------------------------------------------------------------------------+

+-----------------------------------------------------------------------------------------------------+
|Swoole_Crontab_Server start ok. 2018-05-15 01:23:52
+-----------------------------------------------------------------------------------------------------+
|IP: 192.168.31.100
|host: 0.0.0.0
|port: 9502
|adminHost: 0.0.0.0
|adminPort: 8502
|daemonize: false
|log_file: /mnt/hgfs/demo/vSwoole/public/../log/server/Crontab.log
|worker_num: 16
|reactor_num: 8
|task_worker_num: 16
|heartbeat_check_interval: 60
|heartbeat_idle_time: 600
|open_cpu_affinity: true
|debug_mode: false
|ssl_cert_file: server.crt
|ssl_key_file: server.key
+-----------------------------------------------------------------------------------------------------+

+-----------------------------------------------------------------------------------------------------+
|Swoole_Crontab_Server start ok. 2018-05-15 02:14:44
+-----------------------------------------------------------------------------------------------------+
|IP: 192.168.31.100
|host: 0.0.0.0
|port: 9502
|adminHost: 0.0.0.0
|adminPort: 8502
|daemonize: false
|log_file: /mnt/hgfs/demo/vSwoole/public/../log/server/Crontab.log
|worker_num: 16
|reactor_num: 8
|task_worker_num: 16
|heartbeat_check_interval: 60
|heartbeat_idle_time: 600
|open_cpu_affinity: true
|debug_mode: false
|ssl_cert_file: server.crt
|ssl_key_file: server.key
+-----------------------------------------------------------------------------------------------------+

+-----------------------------------------------------------------------------------------------------+
|Swoole_Crontab_Server start ok. 2018-05-15 02:16:04
+-----------------------------------------------------------------------------------------------------+
|IP: 192.168.31.100
|host: 0.0.0.0
|port: 9502
|adminHost: 0.0.0.0
|adminPort: 8502
|daemonize: false
|log_file: /mnt/hgfs/demo/vSwoole/public/../log/server/Crontab.log
|worker_num: 16
|reactor_num: 8
|task_worker_num: 16
|heartbeat_check_interval: 60
|heartbeat_idle_time: 600
|open_cpu_affinity: true
|debug_mode: false
|ssl_cert_file: server.crt
|ssl_key_file: server.key
+-----------------------------------------------------------------------------------------------------+

+-----------------------------------------------------------------------------------------------------+
|Swoole_Crontab_Server start ok. 2018-05-15 02:18:15
+-----------------------------------------------------------------------------------------------------+
|IP: 192.168.31.100
|host: 0.0.0.0
|port: 9502
|adminHost: 0.0.0.0
|adminPort: 8502
|daemonize: false
|log_file: /mnt/hgfs/demo/vSwoole/public/../log/server/Crontab.log
|worker_num: 16
|reactor_num: 8
|task_worker_num: 16
|heartbeat_check_interval: 60
|heartbeat_idle_time: 600
|open_cpu_affinity: true
|debug_mode: false
|ssl_cert_file: server.crt
|ssl_key_file: server.key
+-----------------------------------------------------------------------------------------------------+

