+-----------------------------------------------------------------------------------------------------+
|Swoole_Udp_Server start ok. 2018-05-26 21:24:38
+-----------------------------------------------------------------------------------------------------+
|IP: 192.168.31.100
|host: 0.0.0.0
|port: 9504
|adminHost: 0.0.0.0
|adminPort: 8504
|reactor_num: 8
|worker_num: 16
|task_worker_num: 400
|daemonize: true
|log_file: /mnt/hgfs/demo/vSwoole/public/../log/server/udp.log
|heartbeat_check_interval: 60
|heartbeat_idle_time: 600
|open_cpu_affinity: true
|reload_async: true
|debug_mode: false
|pid_file: /mnt/hgfs/demo/vSwoole/public/../data/pid/Swoole_Udp_Server_Master.pid
|ssl_cert_file: server.crt
|ssl_key_file: server.key
|open_eof_split: true
|package_eof: \r\n
+-----------------------------------------------------------------------------------------------------+

