+-----------------------------------------------------------------------------------------------------+
|Swoole_WebSocket_Server start ok. 2018-04-24 10:17:33
+-----------------------------------------------------------------------------------------------------+
|IP: 10.4.0.101
|daemonize: false
|log_file: /mnt/hgfs/demo/vSwoole/public/../log/server/WebSocket.log
|worker_num: 16
|reactor_num: 8
|task_worker_num: 16
|heartbeat_check_interval: 60
|heartbeat_idle_time: 600
|open_cpu_affinity: true
|debug_mode: false
|ssl_cert_file: server.crt
|ssl_key_file: server.key
|open_http_protocol: true
|open_mqtt_protocol: false
|open_eof_check: false
|open_length_check: false
|open_websocket_protocol: true
+-----------------------------------------------------------------------------------------------------+
[2018-04-24 10:19:41 #2756.8]	ERROR	zm_deactivate_swoole (ERROR 503): Fatal error: Uncaught Exception: connect to redis server failed in /mnt/hgfs/demo/vSwoole/library/common/Redis.php:66
Stack trace:
#0 [internal function]: vSwoole\library\common\Redis::vSwoole\library\common\{closure}(Object(Swoole\Redis), false)
#1 /mnt/hgfs/demo/vSwoole/library/server/Server.php(145): Swoole\Http\Server->start()
#2 /mnt/hgfs/demo/vSwoole/library/server/WebSocketServer.php(27): vSwoole\library\server\Server->__construct(Array, Array)
#3 /mnt/hgfs/demo/vSw
+-----------------------------------------------------------------------------------------------------+
|Swoole_WebSocket_Server start ok. 2018-04-24 11:03:27
+-----------------------------------------------------------------------------------------------------+
|IP: 10.4.0.101
|daemonize: false
|log_file: /mnt/hgfs/demo/vSwoole/public/../log/server/WebSocket.log
|worker_num: 16
|reactor_num: 8
|task_worker_num: 16
|heartbeat_check_interval: 60
|heartbeat_idle_time: 600
|open_cpu_affinity: true
|debug_mode: false
|ssl_cert_file: server.crt
|ssl_key_file: server.key
|open_http_protocol: true
|open_mqtt_protocol: false
|open_eof_check: false
|open_length_check: false
|open_websocket_protocol: true
+-----------------------------------------------------------------------------------------------------+
+-----------------------------------------------------------------------------------------------------+
|Swoole_WebSocket_Server start ok. 2018-04-24 14:36:28
+-----------------------------------------------------------------------------------------------------+
|IP: 10.4.0.101
|daemonize: false
|log_file: /mnt/hgfs/demo/vSwoole/public/../log/server/WebSocket.log
|worker_num: 16
|reactor_num: 8
|task_worker_num: 16
|heartbeat_check_interval: 60
|heartbeat_idle_time: 600
|open_cpu_affinity: true
|debug_mode: false
|ssl_cert_file: server.crt
|ssl_key_file: server.key
|open_http_protocol: true
|open_mqtt_protocol: false
|open_eof_check: false
|open_length_check: false
|open_websocket_protocol: true
+-----------------------------------------------------------------------------------------------------+
+-----------------------------------------------------------------------------------------------------+
|Swoole_WebSocket_Server start ok. 2018-04-24 15:32:13
+-----------------------------------------------------------------------------------------------------+
|IP: 10.4.0.101
|daemonize: false
|log_file: /mnt/hgfs/demo/vSwoole/public/../log/server/WebSocket.log
|worker_num: 16
|reactor_num: 8
|task_worker_num: 16
|heartbeat_check_interval: 60
|heartbeat_idle_time: 600
|open_cpu_affinity: true
|debug_mode: false
|ssl_cert_file: server.crt
|ssl_key_file: server.key
|open_http_protocol: true
|open_mqtt_protocol: false
|open_eof_check: false
|open_length_check: false
|open_websocket_protocol: true
+-----------------------------------------------------------------------------------------------------+
+-----------------------------------------------------------------------------------------------------+
|Swoole_WebSocket_Server start ok. 2018-04-24 15:33:47
+-----------------------------------------------------------------------------------------------------+
|IP: 10.4.0.101
|daemonize: false
|log_file: /mnt/hgfs/demo/vSwoole/public/../log/server/WebSocket.log
|worker_num: 16
|reactor_num: 8
|task_worker_num: 16
|heartbeat_check_interval: 60
|heartbeat_idle_time: 600
|open_cpu_affinity: true
|debug_mode: false
|ssl_cert_file: server.crt
|ssl_key_file: server.key
|open_http_protocol: true
|open_mqtt_protocol: false
|open_eof_check: false
|open_length_check: false
|open_websocket_protocol: true
+-----------------------------------------------------------------------------------------------------+
+-----------------------------------------------------------------------------------------------------+
|Swoole_WebSocket_Server start ok. 2018-04-24 16:02:04
+-----------------------------------------------------------------------------------------------------+
|IP: 10.4.0.101
|daemonize: false
|log_file: /mnt/hgfs/demo/vSwoole/public/../log/server/WebSocket.log
|worker_num: 16
|reactor_num: 8
|task_worker_num: 16
|heartbeat_check_interval: 60
|heartbeat_idle_time: 600
|open_cpu_affinity: true
|debug_mode: false
|ssl_cert_file: server.crt
|ssl_key_file: server.key
|open_http_protocol: true
|open_mqtt_protocol: false
|open_eof_check: false
|open_length_check: false
|open_websocket_protocol: true
+-----------------------------------------------------------------------------------------------------+
+-----------------------------------------------------------------------------------------------------+
|Swoole_WebSocket_Server start ok. 2018-04-24 16:52:53
+-----------------------------------------------------------------------------------------------------+
|IP: 10.4.0.101
|daemonize: false
|log_file: /mnt/hgfs/demo/vSwoole/public/../log/server/WebSocket.log
|worker_num: 16
|reactor_num: 8
|task_worker_num: 16
|heartbeat_check_interval: 60
|heartbeat_idle_time: 600
|open_cpu_affinity: true
|debug_mode: false
|ssl_cert_file: server.crt
|ssl_key_file: server.key
|open_http_protocol: true
|open_mqtt_protocol: false
|open_eof_check: false
|open_length_check: false
|open_websocket_protocol: true
+-----------------------------------------------------------------------------------------------------+
+-----------------------------------------------------------------------------------------------------+
|Swoole_WebSocket_Server start ok. 2018-04-24 17:00:42
+-----------------------------------------------------------------------------------------------------+
|IP: 10.4.0.101
|daemonize: false
|log_file: /mnt/hgfs/demo/vSwoole/public/../log/server/WebSocket.log
|worker_num: 16
|reactor_num: 8
|task_worker_num: 16
|heartbeat_check_interval: 60
|heartbeat_idle_time: 600
|open_cpu_affinity: true
|debug_mode: false
|ssl_cert_file: server.crt
|ssl_key_file: server.key
|open_http_protocol: true
|open_mqtt_protocol: false
|open_eof_check: false
|open_length_check: false
|open_websocket_protocol: true
+-----------------------------------------------------------------------------------------------------+
+-----------------------------------------------------------------------------------------------------+
|Swoole_WebSocket_Server start ok. 2018-04-24 17:18:12
+-----------------------------------------------------------------------------------------------------+
|IP: 10.4.0.101
|daemonize: false
|log_file: /mnt/hgfs/demo/vSwoole/public/../log/server/WebSocket.log
|worker_num: 16
|reactor_num: 8
|task_worker_num: 16
|heartbeat_check_interval: 60
|heartbeat_idle_time: 600
|open_cpu_affinity: true
|debug_mode: false
|ssl_cert_file: server.crt
|ssl_key_file: server.key
|open_http_protocol: true
|open_mqtt_protocol: false
|open_eof_check: false
|open_length_check: false
|open_websocket_protocol: true
+-----------------------------------------------------------------------------------------------------+
+-----------------------------------------------------------------------------------------------------+
|Swoole_WebSocket_Server start ok. 2018-04-24 17:18:34
+-----------------------------------------------------------------------------------------------------+
|IP: 10.4.0.101
|daemonize: false
|log_file: /mnt/hgfs/demo/vSwoole/public/../log/server/WebSocket.log
|worker_num: 16
|reactor_num: 8
|task_worker_num: 16
|heartbeat_check_interval: 60
|heartbeat_idle_time: 600
|open_cpu_affinity: true
|debug_mode: false
|ssl_cert_file: server.crt
|ssl_key_file: server.key
|open_http_protocol: true
|open_mqtt_protocol: false
|open_eof_check: false
|open_length_check: false
|open_websocket_protocol: true
+-----------------------------------------------------------------------------------------------------+
+-----------------------------------------------------------------------------------------------------+
|Swoole_WebSocket_Server start ok. 2018-04-24 17:31:13
+-----------------------------------------------------------------------------------------------------+
|IP: 10.4.0.101
|daemonize: false
|log_file: /mnt/hgfs/demo/vSwoole/public/../log/server/WebSocket.log
|worker_num: 16
|reactor_num: 8
|task_worker_num: 16
|heartbeat_check_interval: 60
|heartbeat_idle_time: 600
|open_cpu_affinity: true
|debug_mode: false
|ssl_cert_file: server.crt
|ssl_key_file: server.key
|open_http_protocol: true
|open_mqtt_protocol: false
|open_eof_check: false
|open_length_check: false
|open_websocket_protocol: true
+-----------------------------------------------------------------------------------------------------+
+-----------------------------------------------------------------------------------------------------+
|Swoole_WebSocket_Server start ok. 2018-04-24 17:31:25
+-----------------------------------------------------------------------------------------------------+
|IP: 10.4.0.101
|daemonize: false
|log_file: /mnt/hgfs/demo/vSwoole/public/../log/server/WebSocket.log
|worker_num: 16
|reactor_num: 8
|task_worker_num: 16
|heartbeat_check_interval: 60
|heartbeat_idle_time: 600
|open_cpu_affinity: true
|debug_mode: false
|ssl_cert_file: server.crt
|ssl_key_file: server.key
|open_http_protocol: true
|open_mqtt_protocol: false
|open_eof_check: false
|open_length_check: false
|open_websocket_protocol: true
+-----------------------------------------------------------------------------------------------------+
+-----------------------------------------------------------------------------------------------------+
|Swoole_WebSocket_Server start ok. 2018-04-24 17:55:52
+-----------------------------------------------------------------------------------------------------+
|IP: 10.4.0.101
|daemonize: false
|log_file: /mnt/hgfs/demo/vSwoole/public/../log/server/WebSocket.log
|worker_num: 16
|reactor_num: 8
|task_worker_num: 16
|heartbeat_check_interval: 60
|heartbeat_idle_time: 600
|open_cpu_affinity: true
|debug_mode: false
|ssl_cert_file: server.crt
|ssl_key_file: server.key
|open_http_protocol: true
|open_mqtt_protocol: false
|open_eof_check: false
|open_length_check: false
|open_websocket_protocol: true
+-----------------------------------------------------------------------------------------------------+
+-----------------------------------------------------------------------------------------------------+
|Swoole_WebSocket_Server start ok. 2018-04-24 18:00:56
+-----------------------------------------------------------------------------------------------------+
|IP: 10.4.0.101
|daemonize: false
|log_file: /mnt/hgfs/demo/vSwoole/public/../log/server/WebSocket.log
|worker_num: 16
|reactor_num: 8
|task_worker_num: 16
|heartbeat_check_interval: 60
|heartbeat_idle_time: 600
|open_cpu_affinity: true
|debug_mode: false
|ssl_cert_file: server.crt
|ssl_key_file: server.key
|open_http_protocol: true
|open_mqtt_protocol: false
|open_eof_check: false
|open_length_check: false
|open_websocket_protocol: true
+-----------------------------------------------------------------------------------------------------+
+-----------------------------------------------------------------------------------------------------+
|Swoole_WebSocket_Server start ok. 2018-04-24 18:25:36
+-----------------------------------------------------------------------------------------------------+
|IP: 10.4.0.101
|daemonize: false
|log_file: /mnt/hgfs/demo/vSwoole/public/../log/server/WebSocket.log
|worker_num: 16
|reactor_num: 8
|task_worker_num: 16
|heartbeat_check_interval: 60
|heartbeat_idle_time: 600
|open_cpu_affinity: true
|debug_mode: false
|ssl_cert_file: server.crt
|ssl_key_file: server.key
|open_http_protocol: true
|open_mqtt_protocol: false
|open_eof_check: false
|open_length_check: false
|open_websocket_protocol: true
+-----------------------------------------------------------------------------------------------------+
+-----------------------------------------------------------------------------------------------------+
|Swoole_WebSocket_Server start ok. 2018-04-24 18:28:11
+-----------------------------------------------------------------------------------------------------+
|IP: 10.4.0.101
|daemonize: false
|log_file: /mnt/hgfs/demo/vSwoole/public/../log/server/WebSocket.log
|worker_num: 16
|reactor_num: 8
|task_worker_num: 16
|heartbeat_check_interval: 60
|heartbeat_idle_time: 600
|open_cpu_affinity: true
|debug_mode: false
|ssl_cert_file: server.crt
|ssl_key_file: server.key
|open_http_protocol: true
|open_mqtt_protocol: false
|open_eof_check: false
|open_length_check: false
|open_websocket_protocol: true
+-----------------------------------------------------------------------------------------------------+
+-----------------------------------------------------------------------------------------------------+
|Swoole_WebSocket_Server start ok. 2018-04-25 10:45:05
+-----------------------------------------------------------------------------------------------------+
|IP: 10.4.0.101
|daemonize: false
|log_file: /mnt/hgfs/demo/vSwoole/public/../log/server/WebSocket.log
|worker_num: 16
|reactor_num: 8
|task_worker_num: 16
|heartbeat_check_interval: 60
|heartbeat_idle_time: 600
|open_cpu_affinity: true
|debug_mode: false
|ssl_cert_file: server.crt
|ssl_key_file: server.key
|open_http_protocol: true
|open_mqtt_protocol: false
|open_eof_check: false
|open_length_check: false
|open_websocket_protocol: true
+-----------------------------------------------------------------------------------------------------+
+-----------------------------------------------------------------------------------------------------+
|Swoole_WebSocket_Server start ok. 2018-04-25 10:52:02
+-----------------------------------------------------------------------------------------------------+
|IP: 10.4.0.101
|daemonize: false
|log_file: /mnt/hgfs/demo/vSwoole/public/../log/server/WebSocket.log
|worker_num: 16
|reactor_num: 8
|task_worker_num: 16
|heartbeat_check_interval: 60
|heartbeat_idle_time: 600
|open_cpu_affinity: true
|debug_mode: false
|ssl_cert_file: server.crt
|ssl_key_file: server.key
|open_http_protocol: true
|open_mqtt_protocol: false
|open_eof_check: false
|open_length_check: false
|open_websocket_protocol: true
+-----------------------------------------------------------------------------------------------------+
+-----------------------------------------------------------------------------------------------------+
|Swoole_WebSocket_Server start ok. 2018-04-25 11:17:03
+-----------------------------------------------------------------------------------------------------+
|IP: 10.4.0.101
|daemonize: false
|log_file: /mnt/hgfs/demo/vSwoole/public/../log/server/WebSocket.log
|worker_num: 16
|reactor_num: 8
|task_worker_num: 16
|heartbeat_check_interval: 60
|heartbeat_idle_time: 600
|open_cpu_affinity: true
|debug_mode: false
|ssl_cert_file: server.crt
|ssl_key_file: server.key
|open_http_protocol: true
|open_mqtt_protocol: false
|open_eof_check: false
|open_length_check: false
|open_websocket_protocol: true
+-----------------------------------------------------------------------------------------------------+
+-----------------------------------------------------------------------------------------------------+
|Swoole_WebSocket_Server start ok. 2018-04-25 11:27:10
+-----------------------------------------------------------------------------------------------------+
|IP: 10.4.0.101
|daemonize: false
|log_file: /mnt/hgfs/demo/vSwoole/public/../log/server/WebSocket.log
|worker_num: 16
|reactor_num: 8
|task_worker_num: 16
|heartbeat_check_interval: 60
|heartbeat_idle_time: 600
|open_cpu_affinity: true
|debug_mode: false
|ssl_cert_file: server.crt
|ssl_key_file: server.key
|open_http_protocol: true
|open_mqtt_protocol: false
|open_eof_check: false
|open_length_check: false
|open_websocket_protocol: true
+-----------------------------------------------------------------------------------------------------+
+-----------------------------------------------------------------------------------------------------+
|Swoole_WebSocket_Server start ok. 2018-04-25 11:32:41
+-----------------------------------------------------------------------------------------------------+
|IP: 10.4.0.101
|daemonize: false
|log_file: /mnt/hgfs/demo/vSwoole/public/../log/server/WebSocket.log
|worker_num: 16
|reactor_num: 8
|task_worker_num: 16
|heartbeat_check_interval: 60
|heartbeat_idle_time: 600
|open_cpu_affinity: true
|debug_mode: false
|ssl_cert_file: server.crt
|ssl_key_file: server.key
|open_http_protocol: true
|open_mqtt_protocol: false
|open_eof_check: false
|open_length_check: false
|open_websocket_protocol: true
+-----------------------------------------------------------------------------------------------------+
+-----------------------------------------------------------------------------------------------------+
|Swoole_WebSocket_Server start ok. 2018-04-25 11:38:37
+-----------------------------------------------------------------------------------------------------+
|IP: 10.4.0.101
|daemonize: false
|log_file: /mnt/hgfs/demo/vSwoole/public/../log/server/WebSocket.log
|worker_num: 16
|reactor_num: 8
|task_worker_num: 16
|heartbeat_check_interval: 60
|heartbeat_idle_time: 600
|open_cpu_affinity: true
|debug_mode: false
|ssl_cert_file: server.crt
|ssl_key_file: server.key
|open_http_protocol: true
|open_mqtt_protocol: false
|open_eof_check: false
|open_length_check: false
|open_websocket_protocol: true
+-----------------------------------------------------------------------------------------------------+
+-----------------------------------------------------------------------------------------------------+
|Swoole_WebSocket_Server start ok. 2018-04-25 11:53:26
+-----------------------------------------------------------------------------------------------------+
|IP: 10.4.0.101
|daemonize: false
|log_file: /mnt/hgfs/demo/vSwoole/public/../log/server/WebSocket.log
|worker_num: 16
|reactor_num: 8
|task_worker_num: 16
|heartbeat_check_interval: 60
|heartbeat_idle_time: 600
|open_cpu_affinity: true
|debug_mode: false
|ssl_cert_file: server.crt
|ssl_key_file: server.key
|open_http_protocol: true
|open_mqtt_protocol: false
|open_eof_check: false
|open_length_check: false
|open_websocket_protocol: true
+-----------------------------------------------------------------------------------------------------+
+-----------------------------------------------------------------------------------------------------+
|Swoole_WebSocket_Server start ok. 2018-04-25 11:58:05
+-----------------------------------------------------------------------------------------------------+
|IP: 10.4.0.101
|daemonize: false
|log_file: /mnt/hgfs/demo/vSwoole/public/../log/server/WebSocket.log
|worker_num: 16
|reactor_num: 8
|task_worker_num: 16
|heartbeat_check_interval: 60
|heartbeat_idle_time: 600
|open_cpu_affinity: true
|debug_mode: false
|ssl_cert_file: server.crt
|ssl_key_file: server.key
|open_http_protocol: true
|open_mqtt_protocol: false
|open_eof_check: false
|open_length_check: false
|open_websocket_protocol: true
+-----------------------------------------------------------------------------------------------------+
+-----------------------------------------------------------------------------------------------------+
|Swoole_WebSocket_Server start ok. 2018-04-25 11:58:50
+-----------------------------------------------------------------------------------------------------+
|IP: 10.4.0.101
|daemonize: false
|log_file: /mnt/hgfs/demo/vSwoole/public/../log/server/WebSocket.log
|worker_num: 16
|reactor_num: 8
|task_worker_num: 16
|heartbeat_check_interval: 60
|heartbeat_idle_time: 600
|open_cpu_affinity: true
|debug_mode: false
|ssl_cert_file: server.crt
|ssl_key_file: server.key
|open_http_protocol: true
|open_mqtt_protocol: false
|open_eof_check: false
|open_length_check: false
|open_websocket_protocol: true
+-----------------------------------------------------------------------------------------------------+
+-----------------------------------------------------------------------------------------------------+
|Swoole_WebSocket_Server start ok. 2018-04-25 12:55:48
+-----------------------------------------------------------------------------------------------------+
|IP: 10.4.0.101
|daemonize: false
|log_file: /mnt/hgfs/demo/vSwoole/public/../log/server/WebSocket.log
|worker_num: 16
|reactor_num: 8
|task_worker_num: 16
|heartbeat_check_interval: 60
|heartbeat_idle_time: 600
|open_cpu_affinity: true
|debug_mode: false
|ssl_cert_file: server.crt
|ssl_key_file: server.key
|open_http_protocol: true
|open_mqtt_protocol: false
|open_eof_check: false
|open_length_check: false
|open_websocket_protocol: true
+-----------------------------------------------------------------------------------------------------+
+-----------------------------------------------------------------------------------------------------+
|Swoole_WebSocket_Server start ok. 2018-04-25 12:58:46
+-----------------------------------------------------------------------------------------------------+
|IP: 10.4.0.101
|daemonize: false
|log_file: /mnt/hgfs/demo/vSwoole/public/../log/server/WebSocket.log
|worker_num: 16
|reactor_num: 8
|task_worker_num: 16
|heartbeat_check_interval: 60
|heartbeat_idle_time: 600
|open_cpu_affinity: true
|debug_mode: false
|ssl_cert_file: server.crt
|ssl_key_file: server.key
|open_http_protocol: true
|open_mqtt_protocol: false
|open_eof_check: false
|open_length_check: false
|open_websocket_protocol: true
+-----------------------------------------------------------------------------------------------------+
+-----------------------------------------------------------------------------------------------------+
|Swoole_WebSocket_Server start ok. 2018-04-25 13:01:28
+-----------------------------------------------------------------------------------------------------+
|IP: 10.4.0.101
|daemonize: false
|log_file: /mnt/hgfs/demo/vSwoole/public/../log/server/WebSocket.log
|worker_num: 16
|reactor_num: 8
|task_worker_num: 16
|heartbeat_check_interval: 60
|heartbeat_idle_time: 600
|open_cpu_affinity: true
|debug_mode: false
|ssl_cert_file: server.crt
|ssl_key_file: server.key
|open_http_protocol: true
|open_mqtt_protocol: false
|open_eof_check: false
|open_length_check: false
|open_websocket_protocol: true
+-----------------------------------------------------------------------------------------------------+
+-----------------------------------------------------------------------------------------------------+
|Swoole_WebSocket_Server start ok. 2018-04-25 13:03:37
+-----------------------------------------------------------------------------------------------------+
|IP: 10.4.0.101
|daemonize: false
|log_file: /mnt/hgfs/demo/vSwoole/public/../log/server/WebSocket.log
|worker_num: 16
|reactor_num: 8
|task_worker_num: 16
|heartbeat_check_interval: 60
|heartbeat_idle_time: 600
|open_cpu_affinity: true
|debug_mode: false
|ssl_cert_file: server.crt
|ssl_key_file: server.key
|open_http_protocol: true
|open_mqtt_protocol: false
|open_eof_check: false
|open_length_check: false
|open_websocket_protocol: true
+-----------------------------------------------------------------------------------------------------+
+-----------------------------------------------------------------------------------------------------+
|Swoole_WebSocket_Server start ok. 2018-04-25 13:30:20
+-----------------------------------------------------------------------------------------------------+
|IP: 10.4.0.101
|daemonize: false
|log_file: /mnt/hgfs/demo/vSwoole/public/../log/server/WebSocket.log
|worker_num: 16
|reactor_num: 8
|task_worker_num: 16
|heartbeat_check_interval: 60
|heartbeat_idle_time: 600
|open_cpu_affinity: true
|debug_mode: false
|ssl_cert_file: server.crt
|ssl_key_file: server.key
|open_http_protocol: true
|open_mqtt_protocol: false
|open_eof_check: false
|open_length_check: false
|open_websocket_protocol: true
+-----------------------------------------------------------------------------------------------------+
+-----------------------------------------------------------------------------------------------------+
|Swoole_WebSocket_Server start ok. 2018-04-25 13:31:50
+-----------------------------------------------------------------------------------------------------+
|IP: 10.4.0.101
|daemonize: false
|log_file: /mnt/hgfs/demo/vSwoole/public/../log/server/WebSocket.log
|worker_num: 16
|reactor_num: 8
|task_worker_num: 16
|heartbeat_check_interval: 60
|heartbeat_idle_time: 600
|open_cpu_affinity: true
|debug_mode: false
|ssl_cert_file: server.crt
|ssl_key_file: server.key
|open_http_protocol: true
|open_mqtt_protocol: false
|open_eof_check: false
|open_length_check: false
|open_websocket_protocol: true
+-----------------------------------------------------------------------------------------------------+
+-----------------------------------------------------------------------------------------------------+
|Swoole_WebSocket_Server start ok. 2018-04-25 13:34:34
+-----------------------------------------------------------------------------------------------------+
|IP: 10.4.0.101
|daemonize: false
|log_file: /mnt/hgfs/demo/vSwoole/public/../log/server/WebSocket.log
|worker_num: 16
|reactor_num: 8
|task_worker_num: 16
|heartbeat_check_interval: 60
|heartbeat_idle_time: 600
|open_cpu_affinity: true
|debug_mode: false
|ssl_cert_file: server.crt
|ssl_key_file: server.key
|open_http_protocol: true
|open_mqtt_protocol: false
|open_eof_check: false
|open_length_check: false
|open_websocket_protocol: true
+-----------------------------------------------------------------------------------------------------+
+-----------------------------------------------------------------------------------------------------+
|Swoole_WebSocket_Server start ok. 2018-04-25 13:37:17
+-----------------------------------------------------------------------------------------------------+
|IP: 10.4.0.101
|daemonize: false
|log_file: /mnt/hgfs/demo/vSwoole/public/../log/server/WebSocket.log
|worker_num: 16
|reactor_num: 8
|task_worker_num: 16
|heartbeat_check_interval: 60
|heartbeat_idle_time: 600
|open_cpu_affinity: true
|debug_mode: false
|ssl_cert_file: server.crt
|ssl_key_file: server.key
|open_http_protocol: true
|open_mqtt_protocol: false
|open_eof_check: false
|open_length_check: false
|open_websocket_protocol: true
+-----------------------------------------------------------------------------------------------------+
+-----------------------------------------------------------------------------------------------------+
|Swoole_WebSocket_Server start ok. 2018-04-25 13:40:05
+-----------------------------------------------------------------------------------------------------+
|IP: 10.4.0.101
|daemonize: false
|log_file: /mnt/hgfs/demo/vSwoole/public/../log/server/WebSocket.log
|worker_num: 16
|reactor_num: 8
|task_worker_num: 16
|heartbeat_check_interval: 60
|heartbeat_idle_time: 600
|open_cpu_affinity: true
|debug_mode: false
|ssl_cert_file: server.crt
|ssl_key_file: server.key
|open_http_protocol: true
|open_mqtt_protocol: false
|open_eof_check: false
|open_length_check: false
|open_websocket_protocol: true
+-----------------------------------------------------------------------------------------------------+
+-----------------------------------------------------------------------------------------------------+
|Swoole_WebSocket_Server start ok. 2018-04-25 13:45:27
+-----------------------------------------------------------------------------------------------------+
|IP: 10.4.0.101
|daemonize: false
|log_file: /mnt/hgfs/demo/vSwoole/public/../log/server/WebSocket.log
|worker_num: 16
|reactor_num: 8
|task_worker_num: 16
|heartbeat_check_interval: 60
|heartbeat_idle_time: 600
|open_cpu_affinity: true
|debug_mode: false
|ssl_cert_file: server.crt
|ssl_key_file: server.key
|open_http_protocol: true
|open_mqtt_protocol: false
|open_eof_check: false
|open_length_check: false
|open_websocket_protocol: true
+-----------------------------------------------------------------------------------------------------+
+-----------------------------------------------------------------------------------------------------+
|Swoole_WebSocket_Server start ok. 2018-04-25 13:54:47
+-----------------------------------------------------------------------------------------------------+
|IP: 10.4.0.101
|daemonize: false
|log_file: /mnt/hgfs/demo/vSwoole/public/../log/server/WebSocket.log
|worker_num: 16
|reactor_num: 8
|task_worker_num: 16
|heartbeat_check_interval: 60
|heartbeat_idle_time: 600
|open_cpu_affinity: true
|debug_mode: false
|ssl_cert_file: server.crt
|ssl_key_file: server.key
|open_http_protocol: true
|open_mqtt_protocol: false
|open_eof_check: false
|open_length_check: false
|open_websocket_protocol: true
+-----------------------------------------------------------------------------------------------------+
+-----------------------------------------------------------------------------------------------------+
|Swoole_WebSocket_Server start ok. 2018-04-25 13:55:42
+-----------------------------------------------------------------------------------------------------+
|IP: 10.4.0.101
|daemonize: false
|log_file: /mnt/hgfs/demo/vSwoole/public/../log/server/WebSocket.log
|worker_num: 16
|reactor_num: 8
|task_worker_num: 16
|heartbeat_check_interval: 60
|heartbeat_idle_time: 600
|open_cpu_affinity: true
|debug_mode: false
|ssl_cert_file: server.crt
|ssl_key_file: server.key
|open_http_protocol: true
|open_mqtt_protocol: false
|open_eof_check: false
|open_length_check: false
|open_websocket_protocol: true
+-----------------------------------------------------------------------------------------------------+
+-----------------------------------------------------------------------------------------------------+
|Swoole_WebSocket_Server start ok. 2018-04-25 13:59:16
+-----------------------------------------------------------------------------------------------------+
|IP: 10.4.0.101
|daemonize: false
|log_file: /mnt/hgfs/demo/vSwoole/public/../log/server/WebSocket.log
|worker_num: 16
|reactor_num: 8
|task_worker_num: 16
|heartbeat_check_interval: 60
|heartbeat_idle_time: 600
|open_cpu_affinity: true
|debug_mode: false
|ssl_cert_file: server.crt
|ssl_key_file: server.key
|open_http_protocol: true
|open_mqtt_protocol: false
|open_eof_check: false
|open_length_check: false
|open_websocket_protocol: true
+-----------------------------------------------------------------------------------------------------+
+-----------------------------------------------------------------------------------------------------+
|Swoole_WebSocket_Server start ok. 2018-04-25 14:55:54
+-----------------------------------------------------------------------------------------------------+
|IP: 10.4.0.101
|daemonize: false
|log_file: /mnt/hgfs/demo/vSwoole/public/../log/server/WebSocket.log
|worker_num: 16
|reactor_num: 8
|task_worker_num: 16
|heartbeat_check_interval: 60
|heartbeat_idle_time: 600
|open_cpu_affinity: true
|debug_mode: false
|ssl_cert_file: server.crt
|ssl_key_file: server.key
|open_http_protocol: true
|open_mqtt_protocol: false
|open_eof_check: false
|open_length_check: false
|open_websocket_protocol: true
+-----------------------------------------------------------------------------------------------------+
+-----------------------------------------------------------------------------------------------------+
|Swoole_WebSocket_Server start ok. 2018-04-25 15:00:35
+-----------------------------------------------------------------------------------------------------+
|IP: 10.4.0.101
|daemonize: false
|log_file: /mnt/hgfs/demo/vSwoole/public/../log/server/WebSocket.log
|worker_num: 16
|reactor_num: 8
|task_worker_num: 16
|heartbeat_check_interval: 60
|heartbeat_idle_time: 600
|open_cpu_affinity: true
|debug_mode: false
|ssl_cert_file: server.crt
|ssl_key_file: server.key
|open_http_protocol: true
|open_mqtt_protocol: false
|open_eof_check: false
|open_length_check: false
|open_websocket_protocol: true
+-----------------------------------------------------------------------------------------------------+
+-----------------------------------------------------------------------------------------------------+
|Swoole_WebSocket_Server start ok. 2018-04-25 15:18:38
+-----------------------------------------------------------------------------------------------------+
|IP: 10.4.0.101
|daemonize: false
|log_file: /mnt/hgfs/demo/vSwoole/public/../log/server/WebSocket.log
|worker_num: 16
|reactor_num: 8
|task_worker_num: 16
|heartbeat_check_interval: 60
|heartbeat_idle_time: 600
|open_cpu_affinity: true
|debug_mode: false
|ssl_cert_file: server.crt
|ssl_key_file: server.key
|open_http_protocol: true
|open_mqtt_protocol: false
|open_eof_check: false
|open_length_check: false
|open_websocket_protocol: true
+-----------------------------------------------------------------------------------------------------+
[2018-04-25 15:18:45 ^58965.16]	ERROR	zm_deactivate_swoole (ERROR 503): Fatal error: Uncaught Error: Cannot unpack array with string keys in /mnt/hgfs/demo/vSwoole/application/server/WebSocket.php:146
Stack trace:
#0 [internal function]: vSwoole\application\server\WebSocket->onTask(Object(Swoole\WebSocket\Server), 0, 0, Array)
#1 /mnt/hgfs/demo/vSwoole/library/server/Server.php(145): Swoole\Http\Server->start()
#2 /mnt/hgfs/demo/vSwoole/library/server/WebSocketServer.php(31): vSwoole\library\server\Server->__construct(Array, Array)
#3 /mnt/hgf
[2018-04-25 15:18:45 $58954.0]	WARNING	swManager_check_exit_status: worker#16 abnormal exit, status=255, signal=0
[2018-04-25 15:18:50 ^58966.17]	ERROR	zm_deactivate_swoole (ERROR 503): Fatal error: Uncaught Error: Cannot unpack array with string keys in /mnt/hgfs/demo/vSwoole/application/server/WebSocket.php:146
Stack trace:
#0 [internal function]: vSwoole\application\server\WebSocket->onTask(Object(Swoole\WebSocket\Server), 1, 0, Array)
#1 /mnt/hgfs/demo/vSwoole/library/server/Server.php(145): Swoole\Http\Server->start()
#2 /mnt/hgfs/demo/vSwoole/library/server/WebSocketServer.php(31): vSwoole\library\server\Server->__construct(Array, Array)
#3 /mnt/hgf
[2018-04-25 15:18:50 $58954.0]	WARNING	swManager_check_exit_status: worker#17 abnormal exit, status=255, signal=0
+-----------------------------------------------------------------------------------------------------+
|Swoole_WebSocket_Server start ok. 2018-04-25 15:20:23
+-----------------------------------------------------------------------------------------------------+
|IP: 10.4.0.101
|daemonize: false
|log_file: /mnt/hgfs/demo/vSwoole/public/../log/server/WebSocket.log
|worker_num: 16
|reactor_num: 8
|task_worker_num: 16
|heartbeat_check_interval: 60
|heartbeat_idle_time: 600
|open_cpu_affinity: true
|debug_mode: false
|ssl_cert_file: server.crt
|ssl_key_file: server.key
|open_http_protocol: true
|open_mqtt_protocol: false
|open_eof_check: false
|open_length_check: false
|open_websocket_protocol: true
+-----------------------------------------------------------------------------------------------------+
+-----------------------------------------------------------------------------------------------------+
|Swoole_WebSocket_Server start ok. 2018-04-25 15:21:00
+-----------------------------------------------------------------------------------------------------+
|IP: 10.4.0.101
|daemonize: false
|log_file: /mnt/hgfs/demo/vSwoole/public/../log/server/WebSocket.log
|worker_num: 16
|reactor_num: 8
|task_worker_num: 16
|heartbeat_check_interval: 60
|heartbeat_idle_time: 600
|open_cpu_affinity: true
|debug_mode: false
|ssl_cert_file: server.crt
|ssl_key_file: server.key
|open_http_protocol: true
|open_mqtt_protocol: false
|open_eof_check: false
|open_length_check: false
|open_websocket_protocol: true
+-----------------------------------------------------------------------------------------------------+
+-----------------------------------------------------------------------------------------------------+
|Swoole_WebSocket_Server start ok. 2018-04-25 15:23:00
+-----------------------------------------------------------------------------------------------------+
|IP: 10.4.0.101
|daemonize: false
|log_file: /mnt/hgfs/demo/vSwoole/public/../log/server/WebSocket.log
|worker_num: 16
|reactor_num: 8
|task_worker_num: 16
|heartbeat_check_interval: 60
|heartbeat_idle_time: 600
|open_cpu_affinity: true
|debug_mode: false
|ssl_cert_file: server.crt
|ssl_key_file: server.key
|open_http_protocol: true
|open_mqtt_protocol: false
|open_eof_check: false
|open_length_check: false
|open_websocket_protocol: true
+-----------------------------------------------------------------------------------------------------+
[2018-04-25 15:23:03 ^59186.16]	ERROR	zm_deactivate_swoole (ERROR 503): Fatal error: Uncaught Error: Cannot use object of type Swoole\WebSocket\Frame as array in /mnt/hgfs/demo/vSwoole/application/server/WebSocket.php:145
Stack trace:
#0 [internal function]: vSwoole\application\server\WebSocket->onTask(Object(Swoole\WebSocket\Server), 0, 0, Array)
#1 /mnt/hgfs/demo/vSwoole/library/server/Server.php(145): Swoole\Http\Server->start()
#2 /mnt/hgfs/demo/vSwoole/library/server/WebSocketServer.php(31): vSwoole\library\server\Server->__construct(Arra
[2018-04-25 15:23:03 $59175.0]	WARNING	swManager_check_exit_status: worker#16 abnormal exit, status=255, signal=0
+-----------------------------------------------------------------------------------------------------+
|Swoole_WebSocket_Server start ok. 2018-04-25 15:23:30
+-----------------------------------------------------------------------------------------------------+
|IP: 10.4.0.101
|daemonize: false
|log_file: /mnt/hgfs/demo/vSwoole/public/../log/server/WebSocket.log
|worker_num: 16
|reactor_num: 8
|task_worker_num: 16
|heartbeat_check_interval: 60
|heartbeat_idle_time: 600
|open_cpu_affinity: true
|debug_mode: false
|ssl_cert_file: server.crt
|ssl_key_file: server.key
|open_http_protocol: true
|open_mqtt_protocol: false
|open_eof_check: false
|open_length_check: false
|open_websocket_protocol: true
+-----------------------------------------------------------------------------------------------------+
+-----------------------------------------------------------------------------------------------------+
|Swoole_WebSocket_Server start ok. 2018-04-25 15:25:44
+-----------------------------------------------------------------------------------------------------+
|IP: 10.4.0.101
|daemonize: false
|log_file: /mnt/hgfs/demo/vSwoole/public/../log/server/WebSocket.log
|worker_num: 16
|reactor_num: 8
|task_worker_num: 16
|heartbeat_check_interval: 60
|heartbeat_idle_time: 600
|open_cpu_affinity: true
|debug_mode: false
|ssl_cert_file: server.crt
|ssl_key_file: server.key
|open_http_protocol: true
|open_mqtt_protocol: false
|open_eof_check: false
|open_length_check: false
|open_websocket_protocol: true
+-----------------------------------------------------------------------------------------------------+
+-----------------------------------------------------------------------------------------------------+
|Swoole_WebSocket_Server start ok. 2018-04-25 15:41:36
+-----------------------------------------------------------------------------------------------------+
|IP: 10.4.0.101
|daemonize: false
|log_file: /mnt/hgfs/demo/vSwoole/public/../log/server/WebSocket.log
|worker_num: 16
|reactor_num: 8
|task_worker_num: 16
|heartbeat_check_interval: 60
|heartbeat_idle_time: 600
|open_cpu_affinity: true
|debug_mode: false
|ssl_cert_file: server.crt
|ssl_key_file: server.key
|open_http_protocol: true
|open_mqtt_protocol: false
|open_eof_check: false
|open_length_check: false
|open_websocket_protocol: true
+-----------------------------------------------------------------------------------------------------+
+-----------------------------------------------------------------------------------------------------+
|Swoole_WebSocket_Server start ok. 2018-04-25 15:43:48
+-----------------------------------------------------------------------------------------------------+
|IP: 10.4.0.101
|daemonize: false
|log_file: /mnt/hgfs/demo/vSwoole/public/../log/server/WebSocket.log
|worker_num: 16
|reactor_num: 8
|task_worker_num: 16
|heartbeat_check_interval: 60
|heartbeat_idle_time: 600
|open_cpu_affinity: true
|debug_mode: false
|ssl_cert_file: server.crt
|ssl_key_file: server.key
|open_http_protocol: true
|open_mqtt_protocol: false
|open_eof_check: false
|open_length_check: false
|open_websocket_protocol: true
+-----------------------------------------------------------------------------------------------------+
+-----------------------------------------------------------------------------------------------------+
|Swoole_WebSocket_Server start ok. 2018-04-25 15:45:21
+-----------------------------------------------------------------------------------------------------+
|IP: 10.4.0.101
|daemonize: false
|log_file: /mnt/hgfs/demo/vSwoole/public/../log/server/WebSocket.log
|worker_num: 16
|reactor_num: 8
|task_worker_num: 16
|heartbeat_check_interval: 60
|heartbeat_idle_time: 600
|open_cpu_affinity: true
|debug_mode: false
|ssl_cert_file: server.crt
|ssl_key_file: server.key
|open_http_protocol: true
|open_mqtt_protocol: false
|open_eof_check: false
|open_length_check: false
|open_websocket_protocol: true
+-----------------------------------------------------------------------------------------------------+
+-----------------------------------------------------------------------------------------------------+
|Swoole_WebSocket_Server start ok. 2018-04-25 15:47:46
+-----------------------------------------------------------------------------------------------------+
|IP: 10.4.0.101
|daemonize: false
|log_file: /mnt/hgfs/demo/vSwoole/public/../log/server/WebSocket.log
|worker_num: 16
|reactor_num: 8
|task_worker_num: 16
|heartbeat_check_interval: 60
|heartbeat_idle_time: 600
|open_cpu_affinity: true
|debug_mode: false
|ssl_cert_file: server.crt
|ssl_key_file: server.key
|open_http_protocol: true
|open_mqtt_protocol: false
|open_eof_check: false
|open_length_check: false
|open_websocket_protocol: true
+-----------------------------------------------------------------------------------------------------+
+-----------------------------------------------------------------------------------------------------+
|Swoole_WebSocket_Server start ok. 2018-04-25 15:48:32
+-----------------------------------------------------------------------------------------------------+
|IP: 10.4.0.101
|daemonize: false
|log_file: /mnt/hgfs/demo/vSwoole/public/../log/server/WebSocket.log
|worker_num: 16
|reactor_num: 8
|task_worker_num: 16
|heartbeat_check_interval: 60
|heartbeat_idle_time: 600
|open_cpu_affinity: true
|debug_mode: false
|ssl_cert_file: server.crt
|ssl_key_file: server.key
|open_http_protocol: true
|open_mqtt_protocol: false
|open_eof_check: false
|open_length_check: false
|open_websocket_protocol: true
+-----------------------------------------------------------------------------------------------------+
+-----------------------------------------------------------------------------------------------------+
|Swoole_WebSocket_Server start ok. 2018-04-25 16:40:48
+-----------------------------------------------------------------------------------------------------+
|IP: 10.4.0.101
|daemonize: false
|log_file: /mnt/hgfs/demo/vSwoole/public/../log/server/WebSocket.log
|worker_num: 16
|reactor_num: 8
|task_worker_num: 16
|heartbeat_check_interval: 60
|heartbeat_idle_time: 600
|open_cpu_affinity: true
|debug_mode: false
|ssl_cert_file: server.crt
|ssl_key_file: server.key
|open_http_protocol: true
|open_mqtt_protocol: false
|open_eof_check: false
|open_length_check: false
|open_websocket_protocol: true
+-----------------------------------------------------------------------------------------------------+
+-----------------------------------------------------------------------------------------------------+
|Swoole_WebSocket_Server start ok. 2018-04-25 16:49:26
+-----------------------------------------------------------------------------------------------------+
|IP: 10.4.0.101
|daemonize: false
|log_file: /mnt/hgfs/demo/vSwoole/public/../log/server/WebSocket.log
|worker_num: 16
|reactor_num: 8
|task_worker_num: 16
|heartbeat_check_interval: 60
|heartbeat_idle_time: 600
|open_cpu_affinity: true
|debug_mode: false
|ssl_cert_file: server.crt
|ssl_key_file: server.key
|open_http_protocol: true
|open_mqtt_protocol: false
|open_eof_check: false
|open_length_check: false
|open_websocket_protocol: true
+-----------------------------------------------------------------------------------------------------+
+-----------------------------------------------------------------------------------------------------+
|Swoole_WebSocket_Server start ok. 2018-04-25 17:19:52
+-----------------------------------------------------------------------------------------------------+
|IP: 10.4.0.101
|daemonize: false
|log_file: /mnt/hgfs/demo/vSwoole/public/../log/server/WebSocket.log
|worker_num: 16
|reactor_num: 8
|task_worker_num: 16
|heartbeat_check_interval: 60
|heartbeat_idle_time: 600
|open_cpu_affinity: true
|debug_mode: false
|ssl_cert_file: server.crt
|ssl_key_file: server.key
|open_http_protocol: true
|open_mqtt_protocol: false
|open_eof_check: false
|open_length_check: false
|open_websocket_protocol: true
+-----------------------------------------------------------------------------------------------------+
+-----------------------------------------------------------------------------------------------------+
|Swoole_WebSocket_Server start ok. 2018-04-25 17:33:01
+-----------------------------------------------------------------------------------------------------+
|IP: 10.4.0.101
|daemonize: false
|log_file: /mnt/hgfs/demo/vSwoole/public/../log/server/WebSocket.log
|worker_num: 16
|reactor_num: 8
|task_worker_num: 16
|heartbeat_check_interval: 60
|heartbeat_idle_time: 600
|open_cpu_affinity: true
|debug_mode: false
|ssl_cert_file: server.crt
|ssl_key_file: server.key
|open_http_protocol: true
|open_mqtt_protocol: false
|open_eof_check: false
|open_length_check: false
|open_websocket_protocol: true
+-----------------------------------------------------------------------------------------------------+
+-----------------------------------------------------------------------------------------------------+
|Swoole_WebSocket_Server start ok. 2018-04-25 17:33:56
+-----------------------------------------------------------------------------------------------------+
|IP: 10.4.0.101
|daemonize: false
|log_file: /mnt/hgfs/demo/vSwoole/public/../log/server/WebSocket.log
|worker_num: 16
|reactor_num: 8
|task_worker_num: 16
|heartbeat_check_interval: 60
|heartbeat_idle_time: 600
|open_cpu_affinity: true
|debug_mode: false
|ssl_cert_file: server.crt
|ssl_key_file: server.key
|open_http_protocol: true
|open_mqtt_protocol: false
|open_eof_check: false
|open_length_check: false
|open_websocket_protocol: true
+-----------------------------------------------------------------------------------------------------+
+-----------------------------------------------------------------------------------------------------+
|Swoole_WebSocket_Server start ok. 2018-04-25 17:34:55
+-----------------------------------------------------------------------------------------------------+
|IP: 10.4.0.101
|daemonize: false
|log_file: /mnt/hgfs/demo/vSwoole/public/../log/server/WebSocket.log
|worker_num: 16
|reactor_num: 8
|task_worker_num: 16
|heartbeat_check_interval: 60
|heartbeat_idle_time: 600
|open_cpu_affinity: true
|debug_mode: false
|ssl_cert_file: server.crt
|ssl_key_file: server.key
|open_http_protocol: true
|open_mqtt_protocol: false
|open_eof_check: false
|open_length_check: false
|open_websocket_protocol: true
+-----------------------------------------------------------------------------------------------------+
+-----------------------------------------------------------------------------------------------------+
|Swoole_WebSocket_Server start ok. 2018-04-25 17:59:58
+-----------------------------------------------------------------------------------------------------+
|IP: 10.4.0.101
|daemonize: false
|log_file: /mnt/hgfs/demo/vSwoole/public/../log/server/WebSocket.log
|worker_num: 16
|reactor_num: 8
|task_worker_num: 16
|heartbeat_check_interval: 60
|heartbeat_idle_time: 600
|open_cpu_affinity: true
|debug_mode: false
|ssl_cert_file: server.crt
|ssl_key_file: server.key
|open_http_protocol: true
|open_mqtt_protocol: false
|open_eof_check: false
|open_length_check: false
|open_websocket_protocol: true
+-----------------------------------------------------------------------------------------------------+
+-----------------------------------------------------------------------------------------------------+
|Swoole_WebSocket_Server start ok. 2018-04-25 18:25:49
+-----------------------------------------------------------------------------------------------------+
|IP: 10.4.0.101
|daemonize: false
|log_file: /mnt/hgfs/demo/vSwoole/public/../log/server/WebSocket.log
|worker_num: 16
|reactor_num: 8
|task_worker_num: 16
|heartbeat_check_interval: 60
|heartbeat_idle_time: 600
|open_cpu_affinity: true
|debug_mode: false
|ssl_cert_file: server.crt
|ssl_key_file: server.key
|open_http_protocol: true
|open_mqtt_protocol: false
|open_eof_check: false
|open_length_check: false
|open_websocket_protocol: true
+-----------------------------------------------------------------------------------------------------+
[2018-04-25 18:39:27 *63654.3]	NOTICE	swFactoryProcess_finish (ERROR 1004): send 4 byte failed, because connection[fd=21] is closed.
[2018-04-25 18:39:37 *63654.3]	NOTICE	swFactoryProcess_finish (ERROR 1004): send 4 byte failed, because connection[fd=22] is closed.
+-----------------------------------------------------------------------------------------------------+
|Swoole_WebSocket_Server start ok. 2018-04-25 19:24:25
+-----------------------------------------------------------------------------------------------------+
|IP: 10.4.0.101
|daemonize: false
|log_file: /mnt/hgfs/demo/vSwoole/public/../log/server/WebSocket.log
|worker_num: 16
|reactor_num: 8
|task_worker_num: 16
|heartbeat_check_interval: 60
|heartbeat_idle_time: 600
|open_cpu_affinity: true
|debug_mode: false
|ssl_cert_file: server.crt
|ssl_key_file: server.key
|open_http_protocol: true
|open_mqtt_protocol: false
|open_eof_check: false
|open_length_check: false
|open_websocket_protocol: true
+-----------------------------------------------------------------------------------------------------+
+-----------------------------------------------------------------------------------------------------+
|Swoole_WebSocket_Server start ok. 2018-04-25 19:29:47
+-----------------------------------------------------------------------------------------------------+
|IP: 10.4.0.101
|daemonize: false
|log_file: /mnt/hgfs/demo/vSwoole/public/../log/server/WebSocket.log
|worker_num: 16
|reactor_num: 8
|task_worker_num: 16
|heartbeat_check_interval: 60
|heartbeat_idle_time: 600
|open_cpu_affinity: true
|debug_mode: false
|ssl_cert_file: server.crt
|ssl_key_file: server.key
|open_http_protocol: true
|open_mqtt_protocol: false
|open_eof_check: false
|open_length_check: false
|open_websocket_protocol: true
+-----------------------------------------------------------------------------------------------------+
[2018-04-25 19:30:02 *65057.3]	NOTICE	swFactoryProcess_finish (ERROR 1004): send 4 byte failed, because connection[fd=2] is closed.
[2018-04-25 19:30:13 *65057.3]	NOTICE	swFactoryProcess_finish (ERROR 1004): send 4 byte failed, because connection[fd=4] is closed.
[2018-04-25 19:30:15 *65057.3]	NOTICE	swFactoryProcess_finish (ERROR 1004): send 4 byte failed, because connection[fd=5] is closed.
[2018-04-25 19:30:18 *65057.3]	NOTICE	swFactoryProcess_finish (ERROR 1004): send 4 byte failed, because connection[fd=6] is closed.
[2018-04-25 19:30:22 *65057.3]	NOTICE	swFactoryProcess_finish (ERROR 1004): send 4 byte failed, because connection[fd=9] is closed.
[2018-04-25 19:30:23 *65057.3]	NOTICE	swFactoryProcess_finish (ERROR 1004): send 4 byte failed, because connection[fd=13] is closed.
[2018-04-25 19:30:55 *65057.3]	NOTICE	swFactoryProcess_finish (ERROR 1004): send 4 byte failed, because connection[fd=16] is closed.
[2018-04-25 19:30:59 *65057.3]	NOTICE	swFactoryProcess_finish (ERROR 1004): send 4 byte failed, because connection[fd=17] is closed.
[2018-04-25 19:31:59 *65054.0]	NOTICE	swFactoryProcess_finish (ERROR 1004): send 4 byte failed, because connection[fd=21] is closed.
[2018-04-25 19:33:29 *65054.0]	NOTICE	swFactoryProcess_finish (ERROR 1004): send 4 byte failed, because connection[fd=29] is closed.
+-----------------------------------------------------------------------------------------------------+
|Swoole_WebSocket_Server start ok. 2018-04-25 19:41:50
+-----------------------------------------------------------------------------------------------------+
|IP: 10.4.0.101
|daemonize: false
|log_file: /mnt/hgfs/demo/vSwoole/public/../log/server/WebSocket.log
|worker_num: 16
|reactor_num: 8
|task_worker_num: 16
|heartbeat_check_interval: 60
|heartbeat_idle_time: 600
|open_cpu_affinity: true
|debug_mode: false
|ssl_cert_file: server.crt
|ssl_key_file: server.key
|open_http_protocol: true
|open_mqtt_protocol: false
|open_eof_check: false
|open_length_check: false
|open_websocket_protocol: true
+-----------------------------------------------------------------------------------------------------+
+-----------------------------------------------------------------------------------------------------+
|Swoole_WebSocket_Server start ok. 2018-04-25 20:16:19
+-----------------------------------------------------------------------------------------------------+
|IP: 10.4.0.101
|daemonize: false
|log_file: /mnt/hgfs/demo/vSwoole/public/../log/server/WebSocket.log
|worker_num: 16
|reactor_num: 8
|task_worker_num: 16
|heartbeat_check_interval: 60
|heartbeat_idle_time: 600
|open_cpu_affinity: true
|debug_mode: false
|ssl_cert_file: server.crt
|ssl_key_file: server.key
|open_http_protocol: true
|open_mqtt_protocol: false
|open_eof_check: false
|open_length_check: false
|open_websocket_protocol: true
+-----------------------------------------------------------------------------------------------------+
 bad frame[opcode=0]. remote_addr=10.4.0.102:37512.
[2018-04-25 16:36:15 #10145.6]	WARNING	swWebSocket_dispatch_frame: unknown opcode [7].
[2018-04-25 16:36:32 #10145.3]	WARNING	swWebSocket_dispatch_frame: unknown opcode [5].
[2018-04-25 16:36:34 #10145.4]	WARNING	swWebSocket_dispatch_frame: unknown opcode [14].
[2018-04-25 16:36:34 #10145.4]	WARNING	swWebSocket_dispatch_frame: unknown opcode [5].
[2018-04-25 16:36:36 #10145.7]	WARNING	swWebSocket_dispatch_frame: unknown opcode [7].
[2018-04-25 16:36:36 #10145.7]	WARNING	swWebSocket_dispatch_frame: unknown opcode [13].
[2018-04-25 16:36:37 #10145.6]	WARNING	swWebSocket_dispatch_frame: unknown opcode [15].
[2018-04-25 16:36:37 #10145.6]	WARNING	swWebSocket_dispatch_frame: unknown opcode [4].
[2018-04-25 16:36:37 #10145.6]	WARNING	swWebSocket_dispatch_frame: unknown opcode [7].
[2018-04-25 16:36:38 #10145.3]	WARNING	swWebSocket_dispatch_frame: unknown opcode [4].
[2018-04-25 16:36:38 #10145.3]	WARNING	swWebSocket_dispatch_frame: unknown opcode [7].
[2018-04-25 16:36:40 #10145.4]	WARNING	swWebSocket_dispatch_frame: unknown opcode [13].
[2018-04-25 16:36:40 #10145.4]	WARNING	swWebSocket_dispatch_frame: unknown opcode [11].
[2018-04-25 16:36:40 #10145.4]	WARNING	swWebSocket_dispatch_frame: unknown opcode [13].
[2018-04-25 16:36:43 #10145.7]	WARNING	swWebSocket_dispatch_frame: unknown opcode [3].
[2018-04-25 16:36:43 #10145.7]	WARNING	swWebSocket_dispatch_frame: unknown opcode [3].
[2018-04-25 16:36:45 #10145.6]	WARNING	swWebSocket_dispatch_frame: unknown opcode [3].
[2018-04-25 16:36:45 #10145.6]	WARNING	swWebSocket_dispatch_frame: merging incomplete frame, bad request. remote_addr=10.4.0.101:45704.
[2018-04-25 16:36:47 #10145.3]	WARNING	swWebSocket_dispatch_frame: unknown opcode [3].
[2018-04-25 16:36:47 #10145.3]	WARNING	swWebSocket_dispatch_frame: merging incomplete frame, bad request. remote_addr=10.4.0.102:37502.
[2018-04-25 16:36:48 #10145.4]	WARNING	swWebSocket_dispatch_frame: unknown opcode [11].
[2018-04-25 16:36:48 #10145.4]	WARNING	swWebSocket_dispatch_frame: unknown opcode [13].
[2018-04-25 16:36:48 #10145.4]	WARNING	swWebSocket_dispatch_frame: unknown opcode [5].
[2018-04-25 16:36:48 #10145.4]	WARNING	swWebSocket_dispatch_frame: unknown opcode [4].
[2018-04-25 16:36:55 #10145.7]	WARNING	swWebSocket_dispatch_frame: unknown opcode [5].
[2018-04-25 16:36:56 #10145.3]	WARNING	swWebSocket_dispatch_frame: unknown opcode [7].
[2018-04-25 16:36:58 #10145.6]	WARNING	swWebSocket_dispatch_frame: unknown opcode [7].
[2018-04-25 16:36:59 #10145.4]	WARNING	swWebSocket_dispatch_frame: unknown opcode [14].
[2018-04-25 16:37:00 #10145.7]	WARNING	swWebSocket_dispatch_frame: unknown opcode [15].
[2018-04-25 16:37:00 #10145.7]	WARNING	swWebSocket_dispatch_frame: unknown opcode [5].
[2018-04-25 16:37:03 #10145.3]	WARNING	swWebSocket_dispatch_frame: bad frame[opcode=0]. remote_addr=10.4.0.101:45718.
[2018-04-25 16:37:04 #10145.6]	WARNING	swWebSocket_dispatch_frame: unknown opcode [15].
[2018-04-25 16:37:04 #10145.6]	WARNING	swWebSocket_dispatch_frame: unknown opcode [4].
[2018-04-25 16:37:10 #10145.4]	WARNING	swWebSocket_dispatch_frame: unknown opcode [5].
[2018-04-25 16:37:10 #10145.4]	WARNING	swWebSocket_dispatch_frame: unknown opcode [7].
[2018-04-25 16:37:13 #10145.7]	WARNING	swWebSocket_dispatch_frame: unknown opcode [11].
[2018-04-25 16:37:13 #10145.7]	WARNING	swWebSocket_dispatch_frame: unknown opcode [13].
[2018-04-25 16:37:13 #10145.7]	WARNING	swWebSocket_dispatch_frame: unknown opcode [5].
[2018-04-25 16:37:13 #10145.7]	WARNING	swWebSocket_dispatch_frame: unknown opcode [4].
[2018-04-25 16:37:13 #10145.3]	WARNING	swWebSocket_dispatch_frame: unknown opcode [7].
[2018-04-25 16:37:13 #10145.3]	WARNING	swWebSocket_dispatch_frame: unknown opcode [11].
[2018-04-25 16:37:16 #10145.6]	WARNING	swWebSocket_dispatch_frame: unknown opcode [5].
[2018-04-25 16:37:16 #10145.6]	WARNING	swWebSocket_dispatch_frame: unknown opcode [4].
[2018-04-25 16:37:16 #10145.6]	WARNING	swWebSocket_dispatch_frame: unknown opcode [6].
[2018-04-25 16:37:21 #10145.4]	WARNING	swWebSocket_dispatch_frame: unknown opcode [3].
[2018-04-25 16:37:21 #10145.4]	WARNING	swWebSocket_dispatch_frame: bad frame[opcode=0]. remote_addr=10.4.0.101:45698.
[2018-04-25 16:37:21 #10145.7]	WARNING	swWebSocket_dispatch_frame: unknown opcode [14].
[2018-04-25 16:37:22 #10145.3]	WARNING	swWebSocket_dispatch_frame: unknown opcode [15].
[2018-04-25 16:37:22 #10145.3]	WARNING	swWebSocket_dispatch_frame: unknown opcode [4].
+-----------------------------------------------------------------------------------------------------+
|Swoole_WebSocket_Server start ok. 2018-04-25 16:40:52
+-----------------------------------------------------------------------------------------------------+
|IP: 10.4.0.102
|daemonize: false
|log_file: /mnt/hgfs/demo/vSwoole/public/../log/server/WebSocket.log
|worker_num: 16
|reactor_num: 8
|task_worker_num: 16
|heartbeat_check_interval: 60
|heartbeat_idle_time: 600
|open_cpu_affinity: true
|debug_mode: false
|ssl_cert_file: server.crt
|ssl_key_file: server.key
|open_http_protocol: true
|open_mqtt_protocol: false
|open_eof_check: false
|open_length_check: false
|open_websocket_protocol: true
+-----------------------------------------------------------------------------------------------------+
+-----------------------------------------------------------------------------------------------------+
|Swoole_WebSocket_Server start ok. 2018-04-25 16:49:23
+-----------------------------------------------------------------------------------------------------+
|IP: 10.4.0.102
|daemonize: false
|log_file: /mnt/hgfs/demo/vSwoole/public/../log/server/WebSocket.log
|worker_num: 16
|reactor_num: 8
|task_worker_num: 16
|heartbeat_check_interval: 60
|heartbeat_idle_time: 600
|open_cpu_affinity: true
|debug_mode: false
|ssl_cert_file: server.crt
|ssl_key_file: server.key
|open_http_protocol: true
|open_mqtt_protocol: false
|open_eof_check: false
|open_length_check: false
|open_websocket_protocol: true
+-----------------------------------------------------------------------------------------------------+
+-----------------------------------------------------------------------------------------------------+
|Swoole_WebSocket_Server start ok. 2018-04-25 16:51:23
+-----------------------------------------------------------------------------------------------------+
|IP: 10.4.0.102
|daemonize: false
|log_file: /mnt/hgfs/demo/vSwoole/public/../log/server/WebSocket.log
|worker_num: 16
|reactor_num: 8
|task_worker_num: 16
|heartbeat_check_interval: 60
|heartbeat_idle_time: 600
|open_cpu_affinity: true
|debug_mode: false
|ssl_cert_file: server.crt
|ssl_key_file: server.key
|open_http_protocol: true
|open_mqtt_protocol: false
|open_eof_check: false
|open_length_check: false
|open_websocket_protocol: true
+-----------------------------------------------------------------------------------------------------+
+-----------------------------------------------------------------------------------------------------+
|Swoole_WebSocket_Server start ok. 2018-04-25 17:19:56
+-----------------------------------------------------------------------------------------------------+
|IP: 10.4.0.102
|daemonize: false
|log_file: /mnt/hgfs/demo/vSwoole/public/../log/server/WebSocket.log
|worker_num: 16
|reactor_num: 8
|task_worker_num: 16
|heartbeat_check_interval: 60
|heartbeat_idle_time: 600
|open_cpu_affinity: true
|debug_mode: false
|ssl_cert_file: server.crt
|ssl_key_file: server.key
|open_http_protocol: true
|open_mqtt_protocol: false
|open_eof_check: false
|open_length_check: false
|open_websocket_protocol: true
+-----------------------------------------------------------------------------------------------------+
+-----------------------------------------------------------------------------------------------------+
|Swoole_WebSocket_Server start ok. 2018-04-25 17:32:56
+-----------------------------------------------------------------------------------------------------+
|IP: 10.4.0.102
|daemonize: false
|log_file: /mnt/hgfs/demo/vSwoole/public/../log/server/WebSocket.log
|worker_num: 16
|reactor_num: 8
|task_worker_num: 16
|heartbeat_check_interval: 60
|heartbeat_idle_time: 600
|open_cpu_affinity: true
|debug_mode: false
|ssl_cert_file: server.crt
|ssl_key_file: server.key
|open_http_protocol: true
|open_mqtt_protocol: false
|open_eof_check: false
|open_length_check: false
|open_websocket_protocol: true
+-----------------------------------------------------------------------------------------------------+
+-----------------------------------------------------------------------------------------------------+
|Swoole_WebSocket_Server start ok. 2018-04-25 17:33:59
+-----------------------------------------------------------------------------------------------------+
|IP: 10.4.0.102
|daemonize: false
|log_file: /mnt/hgfs/demo/vSwoole/public/../log/server/WebSocket.log
|worker_num: 16
|reactor_num: 8
|task_worker_num: 16
|heartbeat_check_interval: 60
|heartbeat_idle_time: 600
|open_cpu_affinity: true
|debug_mode: false
|ssl_cert_file: server.crt
|ssl_key_file: server.key
|open_http_protocol: true
|open_mqtt_protocol: false
|open_eof_check: false
|open_length_check: false
|open_websocket_protocol: true
+-----------------------------------------------------------------------------------------------------+
+-----------------------------------------------------------------------------------------------------+
|Swoole_WebSocket_Server start ok. 2018-04-25 17:34:58
+-----------------------------------------------------------------------------------------------------+
|IP: 10.4.0.102
|daemonize: false
|log_file: /mnt/hgfs/demo/vSwoole/public/../log/server/WebSocket.log
|worker_num: 16
|reactor_num: 8
|task_worker_num: 16
|heartbeat_check_interval: 60
|heartbeat_idle_time: 600
|open_cpu_affinity: true
|debug_mode: false
|ssl_cert_file: server.crt
|ssl_key_file: server.key
|open_http_protocol: true
|open_mqtt_protocol: false
|open_eof_check: false
|open_length_check: false
|open_websocket_protocol: true
+-----------------------------------------------------------------------------------------------------+
+-----------------------------------------------------------------------------------------------------+
|Swoole_WebSocket_Server start ok. 2018-04-25 18:00:01
+-----------------------------------------------------------------------------------------------------+
|IP: 10.4.0.102
|daemonize: false
|log_file: /mnt/hgfs/demo/vSwoole/public/../log/server/WebSocket.log
|worker_num: 16
|reactor_num: 8
|task_worker_num: 16
|heartbeat_check_interval: 60
|heartbeat_idle_time: 600
|open_cpu_affinity: true
|debug_mode: false
|ssl_cert_file: server.crt
|ssl_key_file: server.key
|open_http_protocol: true
|open_mqtt_protocol: false
|open_eof_check: false
|open_length_check: false
|open_websocket_protocol: true
+-----------------------------------------------------------------------------------------------------+
+-----------------------------------------------------------------------------------------------------+
|Swoole_WebSocket_Server start ok. 2018-04-25 18:25:52
+-----------------------------------------------------------------------------------------------------+
|IP: 10.4.0.102
|daemonize: false
|log_file: /mnt/hgfs/demo/vSwoole/public/../log/server/WebSocket.log
|worker_num: 16
|reactor_num: 8
|task_worker_num: 16
|heartbeat_check_interval: 60
|heartbeat_idle_time: 600
|open_cpu_affinity: true
|debug_mode: false
|ssl_cert_file: server.crt
|ssl_key_file: server.key
|open_http_protocol: true
|open_mqtt_protocol: false
|open_eof_check: false
|open_length_check: false
|open_websocket_protocol: true
+-----------------------------------------------------------------------------------------------------+
[2018-04-25 18:39:27 #13770.0]	WARNING	swReactorThread_send: connection#96 is closed by client.
[2018-04-25 18:39:37 #13770.0]	WARNING	swReactorThread_send: connection#96 is closed by client.
+-----------------------------------------------------------------------------------------------------+
|Swoole_WebSocket_Server start ok. 2018-04-25 19:24:22
+-----------------------------------------------------------------------------------------------------+
|IP: 10.4.0.102
|daemonize: false
|log_file: /mnt/hgfs/demo/vSwoole/public/../log/server/WebSocket.log
|worker_num: 16
|reactor_num: 8
|task_worker_num: 16
|heartbeat_check_interval: 60
|heartbeat_idle_time: 600
|open_cpu_affinity: true
|debug_mode: false
|ssl_cert_file: server.crt
|ssl_key_file: server.key
|open_http_protocol: true
|open_mqtt_protocol: false
|open_eof_check: false
|open_length_check: false
|open_websocket_protocol: true
+-----------------------------------------------------------------------------------------------------+
+-----------------------------------------------------------------------------------------------------+
|Swoole_WebSocket_Server start ok. 2018-04-25 19:29:44
+-----------------------------------------------------------------------------------------------------+
|IP: 10.4.0.102
|daemonize: false
|log_file: /mnt/hgfs/demo/vSwoole/public/../log/server/WebSocket.log
|worker_num: 16
|reactor_num: 8
|task_worker_num: 16
|heartbeat_check_interval: 60
|heartbeat_idle_time: 600
|open_cpu_affinity: true
|debug_mode: false
|ssl_cert_file: server.crt
|ssl_key_file: server.key
|open_http_protocol: true
|open_mqtt_protocol: false
|open_eof_check: false
|open_length_check: false
|open_websocket_protocol: true
+-----------------------------------------------------------------------------------------------------+
[2018-04-25 19:30:59 *15202.0]	NOTICE	swFactoryProcess_finish (ERROR 1004): send 4 byte failed, because connection[fd=16] is closed.
[2018-04-25 19:31:02 *15202.0]	NOTICE	swFactoryProcess_finish (ERROR 1004): send 4 byte failed, because connection[fd=17] is closed.
[2018-04-25 19:31:59 ^15189.19]	NOTICE	swFactoryProcess_finish (ERROR 1004): send 165 byte failed, because connection[fd=20] is closed.
[2018-04-25 19:32:46 *15205.3]	NOTICE	swFactoryProcess_finish (ERROR 1004): send 4 byte failed, because connection[fd=24] is closed.
[2018-04-25 19:33:29 *15205.3]	NOTICE	swFactoryProcess_finish (ERROR 1004): send 4 byte failed, because connection[fd=28] is closed.
+-----------------------------------------------------------------------------------------------------+
|Swoole_WebSocket_Server start ok. 2018-04-25 19:41:55
+-----------------------------------------------------------------------------------------------------+
|IP: 10.4.0.102
|daemonize: false
|log_file: /mnt/hgfs/demo/vSwoole/public/../log/server/WebSocket.log
|worker_num: 16
|reactor_num: 8
|task_worker_num: 16
|heartbeat_check_interval: 60
|heartbeat_idle_time: 600
|open_cpu_affinity: true
|debug_mode: false
|ssl_cert_file: server.crt
|ssl_key_file: server.key
|open_http_protocol: true
|open_mqtt_protocol: false
|open_eof_check: false
|open_length_check: false
|open_websocket_protocol: true
+-----------------------------------------------------------------------------------------------------+
+-----------------------------------------------------------------------------------------------------+
|Swoole_WebSocket_Server start ok. 2018-04-25 20:16:17
+-----------------------------------------------------------------------------------------------------+
|IP: 10.4.0.102
|daemonize: false
|log_file: /mnt/hgfs/demo/vSwoole/public/../log/server/WebSocket.log
|worker_num: 16
|reactor_num: 8
|task_worker_num: 16
|heartbeat_check_interval: 60
|heartbeat_idle_time: 600
|open_cpu_affinity: true
|debug_mode: false
|ssl_cert_file: server.crt
|ssl_key_file: server.key
|open_http_protocol: true
|open_mqtt_protocol: false
|open_eof_check: false
|open_length_check: false
|open_websocket_protocol: true
+-----------------------------------------------------------------------------------------------------+
