[2018-05-11 17:46:57] 
vSwoole\library\common\exception\Exception: Swoole\Client::connect(): connect to server[10.4.0.102:8501] failed. Error: Connection refused[111].
In /mnt/hgfs/demo/vSwoole/library/common/Utils.php: 78
Exception Code: E_WARNING[2]
Exception Trace: 
#0 [internal function]: vSwoole\library\common\exception\Exception::swooleError(2, 'Swoole\\Client::...', '/mnt/hgfs/demo/...', 78, Array)
#1 /mnt/hgfs/demo/vSwoole/library/common/Utils.php(78): Swoole\Client->connect('10.4.0.102', 8501, 3, 0)
#2 /mnt/hgfs/demo/vSwoole/application/server/Udp.php(31): vSwoole\library\common\Utils::getServerStatus('10.4.0.102', 8501)
#3 /mnt/hgfs/demo/vSwoole/library/Init.php(366): vSwoole\application\server\Udp->__construct()
#4 /mnt/hgfs/demo/vSwoole/library/Init.php(46): vSwoole\library\Init->runServer('vSwoole\\applica...')
#5 /mnt/hgfs/demo/vSwoole/public/swoole.php(25): vSwoole\library\Init::cmd()
#6 /mnt/hgfs/demo/vSwoole/public/swoole.php(32): Swoole->__construct()
#7 {main}

[2018-05-11 17:48:34] 
vSwoole\library\common\exception\Exception: Swoole\Client::connect(): connect to server[10.4.0.102:8501] failed. Error: Connection refused[111].
In /mnt/hgfs/demo/vSwoole/library/common/Utils.php: 79
Exception Code: E_WARNING[2]
Exception Trace: 
#0 [internal function]: vSwoole\library\common\exception\Exception::swooleError(2, 'Swoole\\Client::...', '/mnt/hgfs/demo/...', 79, Array)
#1 /mnt/hgfs/demo/vSwoole/library/common/Utils.php(79): Swoole\Client->connect('10.4.0.102', 8501, 3, 0)
#2 /mnt/hgfs/demo/vSwoole/application/server/Udp.php(31): vSwoole\library\common\Utils::getServerStatus('10.4.0.102', 8501)
#3 /mnt/hgfs/demo/vSwoole/library/Init.php(366): vSwoole\application\server\Udp->__construct()
#4 /mnt/hgfs/demo/vSwoole/library/Init.php(46): vSwoole\library\Init->runServer('vSwoole\\applica...')
#5 /mnt/hgfs/demo/vSwoole/public/swoole.php(25): vSwoole\library\Init::cmd()
#6 /mnt/hgfs/demo/vSwoole/public/swoole.php(32): Swoole->__construct()
#7 {main}

[2018-05-11 17:49:13] 
vSwoole\library\common\exception\Exception: Swoole\Client::connect(): connect to server[10.4.0.102:8501] failed. Error: Connection refused[111].
In /mnt/hgfs/demo/vSwoole/library/common/Utils.php: 79
Exception Code: E_WARNING[2]
Exception Trace: 
#0 [internal function]: vSwoole\library\common\exception\Exception::swooleError(2, 'Swoole\\Client::...', '/mnt/hgfs/demo/...', 79, Array)
#1 /mnt/hgfs/demo/vSwoole/library/common/Utils.php(79): Swoole\Client->connect('10.4.0.102', 8501, 3, 0)
#2 /mnt/hgfs/demo/vSwoole/application/server/Udp.php(31): vSwoole\library\common\Utils::getServerStatus('10.4.0.102', 8501)
#3 /mnt/hgfs/demo/vSwoole/library/Init.php(366): vSwoole\application\server\Udp->__construct()
#4 /mnt/hgfs/demo/vSwoole/library/Init.php(46): vSwoole\library\Init->runServer('vSwoole\\applica...')
#5 /mnt/hgfs/demo/vSwoole/public/swoole.php(25): vSwoole\library\Init::cmd()
#6 /mnt/hgfs/demo/vSwoole/public/swoole.php(32): Swoole->__construct()
#7 {main}

[2018-05-11 17:49:50] 
vSwoole\library\common\exception\Exception: Swoole\Client::connect(): connect to server[10.4.0.102:8501] failed. Error: Connection refused[111].
In /mnt/hgfs/demo/vSwoole/library/common/Utils.php: 79
Exception Code: E_WARNING[2]
Exception Trace: 
#0 [internal function]: vSwoole\library\common\exception\Exception::swooleError(2, 'Swoole\\Client::...', '/mnt/hgfs/demo/...', 79, Array)
#1 /mnt/hgfs/demo/vSwoole/library/common/Utils.php(79): Swoole\Client->connect('10.4.0.102', 8501, 3, 0)
#2 /mnt/hgfs/demo/vSwoole/application/server/Udp.php(31): vSwoole\library\common\Utils::getServerStatus('10.4.0.102', 8501)
#3 /mnt/hgfs/demo/vSwoole/library/Init.php(366): vSwoole\application\server\Udp->__construct()
#4 /mnt/hgfs/demo/vSwoole/library/Init.php(46): vSwoole\library\Init->runServer('vSwoole\\applica...')
#5 /mnt/hgfs/demo/vSwoole/public/swoole.php(25): vSwoole\library\Init::cmd()
#6 /mnt/hgfs/demo/vSwoole/public/swoole.php(32): Swoole->__construct()
#7 {main}

[2018-05-11 17:50:15] 
vSwoole\library\common\exception\Exception: Swoole\Client::connect(): connect to server[10.4.0.102:8501] failed. Error: Connection refused[111].
In /mnt/hgfs/demo/vSwoole/library/common/Utils.php: 81
Exception Code: E_WARNING[2]
Exception Trace: 
#0 [internal function]: vSwoole\library\common\exception\Exception::swooleError(2, 'Swoole\\Client::...', '/mnt/hgfs/demo/...', 81, Array)
#1 /mnt/hgfs/demo/vSwoole/library/common/Utils.php(81): Swoole\Client->connect('10.4.0.102', 8501, 3, 0)
#2 /mnt/hgfs/demo/vSwoole/application/server/Udp.php(31): vSwoole\library\common\Utils::getServerStatus('10.4.0.102', 8501)
#3 /mnt/hgfs/demo/vSwoole/library/Init.php(366): vSwoole\application\server\Udp->__construct()
#4 /mnt/hgfs/demo/vSwoole/library/Init.php(46): vSwoole\library\Init->runServer('vSwoole\\applica...')
#5 /mnt/hgfs/demo/vSwoole/public/swoole.php(25): vSwoole\library\Init::cmd()
#6 /mnt/hgfs/demo/vSwoole/public/swoole.php(32): Swoole->__construct()
#7 {main}

[2018-05-11 17:51:35] 
vSwoole\library\common\exception\Exception: Swoole\Client::connect(): connect to server[10.4.0.102:8501] failed. Error: Connection refused[111].
In /mnt/hgfs/demo/vSwoole/library/common/Utils.php: 81
Exception Code: E_WARNING[2]
Exception Trace: 
#0 [internal function]: vSwoole\library\common\exception\Exception::swooleError(2, 'Swoole\\Client::...', '/mnt/hgfs/demo/...', 81, Array)
#1 /mnt/hgfs/demo/vSwoole/library/common/Utils.php(81): Swoole\Client->connect('10.4.0.102', 8501, 3, 0)
#2 /mnt/hgfs/demo/vSwoole/application/server/Udp.php(31): vSwoole\library\common\Utils::getServerStatus('10.4.0.102', 8501)
#3 /mnt/hgfs/demo/vSwoole/library/Init.php(366): vSwoole\application\server\Udp->__construct()
#4 /mnt/hgfs/demo/vSwoole/library/Init.php(46): vSwoole\library\Init->runServer('vSwoole\\applica...')
#5 /mnt/hgfs/demo/vSwoole/public/swoole.php(25): vSwoole\library\Init::cmd()
#6 /mnt/hgfs/demo/vSwoole/public/swoole.php(32): Swoole->__construct()
#7 {main}

[2018-05-11 17:58:11] 
vSwoole\library\common\exception\Exception: Swoole\Client::connect(): connect to server[10.4.0.102:8501] failed. Error: Connection refused[111].
In /mnt/hgfs/demo/vSwoole/library/common/Utils.php: 80
Exception Code: E_WARNING[2]
Exception Trace: 
#0 [internal function]: vSwoole\library\common\exception\Exception::swooleError(2, 'Swoole\\Client::...', '/mnt/hgfs/demo/...', 80, Array)
#1 /mnt/hgfs/demo/vSwoole/library/common/Utils.php(80): Swoole\Client->connect('10.4.0.102', 8501, 3, 0)
#2 /mnt/hgfs/demo/vSwoole/application/server/Udp.php(31): vSwoole\library\common\Utils::getServerStatus('10.4.0.102', 8501)
#3 /mnt/hgfs/demo/vSwoole/library/Init.php(366): vSwoole\application\server\Udp->__construct()
#4 /mnt/hgfs/demo/vSwoole/library/Init.php(46): vSwoole\library\Init->runServer('vSwoole\\applica...')
#5 /mnt/hgfs/demo/vSwoole/public/swoole.php(25): vSwoole\library\Init::cmd()
#6 /mnt/hgfs/demo/vSwoole/public/swoole.php(32): Swoole->__construct()
#7 {main}

[2018-05-11 18:01:25] 
vSwoole\library\common\exception\Exception: Swoole\Client::connect(): connect to server[10.4.0.102:8501] failed. Error: Connection refused[111].
In /mnt/hgfs/demo/vSwoole/library/common/Utils.php: 80
Exception Code: E_WARNING[2]
Exception Trace: 
#0 [internal function]: vSwoole\library\common\exception\Exception::swooleError(2, 'Swoole\\Client::...', '/mnt/hgfs/demo/...', 80, Array)
#1 /mnt/hgfs/demo/vSwoole/library/common/Utils.php(80): Swoole\Client->connect('10.4.0.102', 8501, 3, 0)
#2 /mnt/hgfs/demo/vSwoole/application/server/Udp.php(31): vSwoole\library\common\Utils::getServerStatus('10.4.0.102', 8501)
#3 /mnt/hgfs/demo/vSwoole/library/Init.php(366): vSwoole\application\server\Udp->__construct()
#4 /mnt/hgfs/demo/vSwoole/library/Init.php(46): vSwoole\library\Init->runServer('vSwoole\\applica...')
#5 /mnt/hgfs/demo/vSwoole/public/swoole.php(25): vSwoole\library\Init::cmd()
#6 /mnt/hgfs/demo/vSwoole/public/swoole.php(32): Swoole->__construct()
#7 {main}

[2018-05-11 18:01:37] 
vSwoole\library\common\exception\Exception: Swoole\Client::connect(): connect to server[10.4.0.102:8501] failed. Error: Connection refused[111].
In /mnt/hgfs/demo/vSwoole/library/common/Utils.php: 80
Exception Code: E_WARNING[2]
Exception Trace: 
#0 [internal function]: vSwoole\library\common\exception\Exception::swooleError(2, 'Swoole\\Client::...', '/mnt/hgfs/demo/...', 80, Array)
#1 /mnt/hgfs/demo/vSwoole/library/common/Utils.php(80): Swoole\Client->connect('10.4.0.102', 8501, 3, 0)
#2 /mnt/hgfs/demo/vSwoole/application/server/Udp.php(31): vSwoole\library\common\Utils::getServerStatus('10.4.0.102', 8501)
#3 /mnt/hgfs/demo/vSwoole/library/Init.php(366): vSwoole\application\server\Udp->__construct()
#4 /mnt/hgfs/demo/vSwoole/library/Init.php(46): vSwoole\library\Init->runServer('vSwoole\\applica...')
#5 /mnt/hgfs/demo/vSwoole/public/swoole.php(25): vSwoole\library\Init::cmd()
#6 /mnt/hgfs/demo/vSwoole/public/swoole.php(32): Swoole->__construct()
#7 {main}

[2018-05-11 18:01:45] 
vSwoole\library\common\exception\Exception: Swoole\Client::connect(): connect to server[10.4.0.102:8501] failed. Error: Connection refused[111].
In /mnt/hgfs/demo/vSwoole/library/common/Utils.php: 80
Exception Code: E_WARNING[2]
Exception Trace: 
#0 [internal function]: vSwoole\library\common\exception\Exception::swooleError(2, 'Swoole\\Client::...', '/mnt/hgfs/demo/...', 80, Array)
#1 /mnt/hgfs/demo/vSwoole/library/common/Utils.php(80): Swoole\Client->connect('10.4.0.102', 8501)
#2 /mnt/hgfs/demo/vSwoole/application/server/Udp.php(31): vSwoole\library\common\Utils::getServerStatus('10.4.0.102', 8501)
#3 /mnt/hgfs/demo/vSwoole/library/Init.php(366): vSwoole\application\server\Udp->__construct()
#4 /mnt/hgfs/demo/vSwoole/library/Init.php(46): vSwoole\library\Init->runServer('vSwoole\\applica...')
#5 /mnt/hgfs/demo/vSwoole/public/swoole.php(25): vSwoole\library\Init::cmd()
#6 /mnt/hgfs/demo/vSwoole/public/swoole.php(32): Swoole->__construct()
#7 {main}

[2018-05-11 18:03:37] 
vSwoole\library\common\exception\Exception: Swoole\Client::connect(): connect to server[10.4.0.102:8501] failed. Error: Connection refused[111].
In /mnt/hgfs/demo/vSwoole/library/common/Utils.php: 81
Exception Code: E_WARNING[2]
Exception Trace: 
#0 [internal function]: vSwoole\library\common\exception\Exception::swooleError(2, 'Swoole\\Client::...', '/mnt/hgfs/demo/...', 81, Array)
#1 /mnt/hgfs/demo/vSwoole/library/common/Utils.php(81): Swoole\Client->connect('10.4.0.102', 8501, 3, 0)
#2 /mnt/hgfs/demo/vSwoole/application/server/Udp.php(31): vSwoole\library\common\Utils::getServerStatus('10.4.0.102', 8501)
#3 /mnt/hgfs/demo/vSwoole/library/Init.php(366): vSwoole\application\server\Udp->__construct()
#4 /mnt/hgfs/demo/vSwoole/library/Init.php(46): vSwoole\library\Init->runServer('vSwoole\\applica...')
#5 /mnt/hgfs/demo/vSwoole/public/swoole.php(25): vSwoole\library\Init::cmd()
#6 /mnt/hgfs/demo/vSwoole/public/swoole.php(32): Swoole->__construct()
#7 {main}

[2018-05-11 18:04:48] 
vSwoole\library\common\exception\Exception: Swoole\Client::connect(): connect to server[10.4.0.100:8501] failed. Error: Connection refused[111].
In /mnt/hgfs/demo/vSwoole/library/common/Utils.php: 80
Exception Code: E_WARNING[2]
Exception Trace: 
#0 [internal function]: vSwoole\library\common\exception\Exception::swooleError(2, 'Swoole\\Client::...', '/mnt/hgfs/demo/...', 80, Array)
#1 /mnt/hgfs/demo/vSwoole/library/common/Utils.php(80): Swoole\Client->connect('10.4.0.100', 8501, 3, 0)
#2 /mnt/hgfs/demo/vSwoole/application/server/Udp.php(32): vSwoole\library\common\Utils::getServerStatus('10.4.0.100', 8501)
#3 /mnt/hgfs/demo/vSwoole/library/Init.php(366): vSwoole\application\server\Udp->__construct()
#4 /mnt/hgfs/demo/vSwoole/library/Init.php(46): vSwoole\library\Init->runServer('vSwoole\\applica...')
#5 /mnt/hgfs/demo/vSwoole/public/swoole.php(25): vSwoole\library\Init::cmd()
#6 /mnt/hgfs/demo/vSwoole/public/swoole.php(32): Swoole->__construct()
#7 {main}

[2018-05-11 18:05:49] 
vSwoole\library\common\exception\Exception: Swoole\Client::connect(): connect to server[10.4.0.100:8501] failed. Error: Connection refused[111].
In /mnt/hgfs/demo/vSwoole/library/common/Utils.php: 80
Exception Code: E_WARNING[2]
Exception Trace: 
#0 [internal function]: vSwoole\library\common\exception\Exception::swooleError(2, 'Swoole\\Client::...', '/mnt/hgfs/demo/...', 80, Array)
#1 /mnt/hgfs/demo/vSwoole/library/common/Utils.php(80): Swoole\Client->connect('10.4.0.100', 8501, 3, 0)
#2 /mnt/hgfs/demo/vSwoole/application/server/Udp.php(32): vSwoole\library\common\Utils::getServerStatus('10.4.0.100', 8501)
#3 /mnt/hgfs/demo/vSwoole/library/Init.php(366): vSwoole\application\server\Udp->__construct()
#4 /mnt/hgfs/demo/vSwoole/library/Init.php(46): vSwoole\library\Init->runServer('vSwoole\\applica...')
#5 /mnt/hgfs/demo/vSwoole/public/swoole.php(25): vSwoole\library\Init::cmd()
#6 /mnt/hgfs/demo/vSwoole/public/swoole.php(32): Swoole->__construct()
#7 {main}

[2018-05-11 18:06:21] 
vSwoole\library\common\exception\Exception: Swoole\Client::connect(): connect to server[10.4.0.100:8501] failed. Error: Connection refused[111].
In /mnt/hgfs/demo/vSwoole/library/common/Utils.php: 80
Exception Code: E_WARNING[2]
Exception Trace: 
#0 [internal function]: vSwoole\library\common\exception\Exception::swooleError(2, 'Swoole\\Client::...', '/mnt/hgfs/demo/...', 80, Array)
#1 /mnt/hgfs/demo/vSwoole/library/common/Utils.php(80): Swoole\Client->connect('10.4.0.100', 8501, 3, 0)
#2 /mnt/hgfs/demo/vSwoole/application/server/Udp.php(32): vSwoole\library\common\Utils::getServerStatus('10.4.0.100', 8501)
#3 /mnt/hgfs/demo/vSwoole/library/Init.php(366): vSwoole\application\server\Udp->__construct()
#4 /mnt/hgfs/demo/vSwoole/library/Init.php(46): vSwoole\library\Init->runServer('vSwoole\\applica...')
#5 /mnt/hgfs/demo/vSwoole/public/swoole.php(25): vSwoole\library\Init::cmd()
#6 /mnt/hgfs/demo/vSwoole/public/swoole.php(32): Swoole->__construct()
#7 {main}

[2018-05-11 18:09:01] 
vSwoole\library\common\exception\Exception: Swoole\Client::connect(): connect to server[10.4.0.100:8501] failed. Error: Connection refused[111].
In /mnt/hgfs/demo/vSwoole/library/common/Utils.php: 80
Exception Code: E_WARNING[2]
Exception Trace: 
#0 [internal function]: vSwoole\library\common\exception\Exception::swooleError(2, 'Swoole\\Client::...', '/mnt/hgfs/demo/...', 80, Array)
#1 /mnt/hgfs/demo/vSwoole/library/common/Utils.php(80): Swoole\Client->connect('10.4.0.100', 8501, 3, 0)
#2 /mnt/hgfs/demo/vSwoole/application/server/Udp.php(32): vSwoole\library\common\Utils::getServerStatus('10.4.0.100', 8501)
#3 /mnt/hgfs/demo/vSwoole/library/Init.php(366): vSwoole\application\server\Udp->__construct()
#4 /mnt/hgfs/demo/vSwoole/library/Init.php(46): vSwoole\library\Init->runServer('vSwoole\\applica...')
#5 /mnt/hgfs/demo/vSwoole/public/swoole.php(25): vSwoole\library\Init::cmd()
#6 /mnt/hgfs/demo/vSwoole/public/swoole.php(32): Swoole->__construct()
#7 {main}

[2018-05-11 18:10:15] 
vSwoole\library\common\exception\Exception: Swoole\Client::connect(): connect to server[10.4.0.100:8501] failed. Error: Connection refused[111].
In /mnt/hgfs/demo/vSwoole/library/common/Utils.php: 80
Exception Code: E_WARNING[2]
Exception Trace: 
#0 [internal function]: vSwoole\library\common\exception\Exception::swooleError(2, 'Swoole\\Client::...', '/mnt/hgfs/demo/...', 80, Array)
#1 /mnt/hgfs/demo/vSwoole/library/common/Utils.php(80): Swoole\Client->connect('10.4.0.100', 8501, 3, 0)
#2 /mnt/hgfs/demo/vSwoole/application/server/Udp.php(32): vSwoole\library\common\Utils::getServerStatus('10.4.0.100', 8501)
#3 /mnt/hgfs/demo/vSwoole/library/Init.php(366): vSwoole\application\server\Udp->__construct()
#4 /mnt/hgfs/demo/vSwoole/library/Init.php(46): vSwoole\library\Init->runServer('vSwoole\\applica...')
#5 /mnt/hgfs/demo/vSwoole/public/swoole.php(25): vSwoole\library\Init::cmd()
#6 /mnt/hgfs/demo/vSwoole/public/swoole.php(32): Swoole->__construct()
#7 {main}

[2018-05-11 18:10:48] 
vSwoole\library\common\exception\Exception: Swoole\Client::connect(): connect to server[10.4.0.100:8501] failed. Error: Connection refused[111].
In /mnt/hgfs/demo/vSwoole/library/common/Utils.php: 80
Exception Code: E_WARNING[2]
Exception Trace: 
#0 [internal function]: vSwoole\library\common\exception\Exception::swooleError(2, 'Swoole\\Client::...', '/mnt/hgfs/demo/...', 80, Array)
#1 /mnt/hgfs/demo/vSwoole/library/common/Utils.php(80): Swoole\Client->connect('10.4.0.100', 8501, 3, 0)
#2 /mnt/hgfs/demo/vSwoole/application/server/Udp.php(32): vSwoole\library\common\Utils::getServerStatus('10.4.0.100', 8501)
#3 /mnt/hgfs/demo/vSwoole/library/Init.php(366): vSwoole\application\server\Udp->__construct()
#4 /mnt/hgfs/demo/vSwoole/library/Init.php(46): vSwoole\library\Init->runServer('vSwoole\\applica...')
#5 /mnt/hgfs/demo/vSwoole/public/swoole.php(25): vSwoole\library\Init::cmd()
#6 /mnt/hgfs/demo/vSwoole/public/swoole.php(32): Swoole->__construct()
#7 {main}

[2018-05-11 18:11:12] 
vSwoole\library\common\exception\Exception: Swoole\Client::connect(): connect to server[10.4.0.100:8501] failed. Error: Connection refused[111].
In /mnt/hgfs/demo/vSwoole/library/common/Utils.php: 80
Exception Code: E_WARNING[2]
Exception Trace: 
#0 [internal function]: vSwoole\library\common\exception\Exception::swooleError(2, 'Swoole\\Client::...', '/mnt/hgfs/demo/...', 80, Array)
#1 /mnt/hgfs/demo/vSwoole/library/common/Utils.php(80): Swoole\Client->connect('10.4.0.100', 8501, 3, 0)
#2 /mnt/hgfs/demo/vSwoole/application/server/Udp.php(32): vSwoole\library\common\Utils::getServerStatus('10.4.0.100', 8501)
#3 /mnt/hgfs/demo/vSwoole/library/Init.php(366): vSwoole\application\server\Udp->__construct()
#4 /mnt/hgfs/demo/vSwoole/library/Init.php(46): vSwoole\library\Init->runServer('vSwoole\\applica...')
#5 /mnt/hgfs/demo/vSwoole/public/swoole.php(25): vSwoole\library\Init::cmd()
#6 /mnt/hgfs/demo/vSwoole/public/swoole.php(32): Swoole->__construct()
#7 {main}

[2018-05-11 18:11:45] 
vSwoole\library\common\exception\Exception: Swoole\Client::connect(): connect to server[10.4.0.100:8501] failed. Error: Connection refused[111].
In /mnt/hgfs/demo/vSwoole/library/common/Utils.php: 80
Exception Code: E_WARNING[2]
Exception Trace: 
#0 [internal function]: vSwoole\library\common\exception\Exception::swooleError(2, 'Swoole\\Client::...', '/mnt/hgfs/demo/...', 80, Array)
#1 /mnt/hgfs/demo/vSwoole/library/common/Utils.php(80): Swoole\Client->connect('10.4.0.100', 8501, 3, 0)
#2 /mnt/hgfs/demo/vSwoole/application/server/Udp.php(32): vSwoole\library\common\Utils::getServerStatus('10.4.0.100', 8501)
#3 /mnt/hgfs/demo/vSwoole/library/Init.php(366): vSwoole\application\server\Udp->__construct()
#4 /mnt/hgfs/demo/vSwoole/library/Init.php(46): vSwoole\library\Init->runServer('vSwoole\\applica...')
#5 /mnt/hgfs/demo/vSwoole/public/swoole.php(25): vSwoole\library\Init::cmd()
#6 /mnt/hgfs/demo/vSwoole/public/swoole.php(32): Swoole->__construct()
#7 {main}

[2018-05-11 18:15:28] 
vSwoole\library\common\exception\Exception: Swoole\Client::connect(): connect to server[10.4.0.100:8501] failed. Error: Connection refused[111].
In /mnt/hgfs/demo/vSwoole/library/common/Utils.php: 80
Exception Code: E_WARNING[2]
Exception Trace: 
#0 [internal function]: vSwoole\library\common\exception\Exception::swooleError(2, 'Swoole\\Client::...', '/mnt/hgfs/demo/...', 80, Array)
#1 /mnt/hgfs/demo/vSwoole/library/common/Utils.php(80): Swoole\Client->connect('10.4.0.100', 8501, 3, 0)
#2 /mnt/hgfs/demo/vSwoole/application/server/Udp.php(32): vSwoole\library\common\Utils::getServerStatus('10.4.0.100', 8501)
#3 /mnt/hgfs/demo/vSwoole/library/Init.php(366): vSwoole\application\server\Udp->__construct()
#4 /mnt/hgfs/demo/vSwoole/library/Init.php(46): vSwoole\library\Init->runServer('vSwoole\\applica...')
#5 /mnt/hgfs/demo/vSwoole/public/swoole.php(25): vSwoole\library\Init::cmd()
#6 /mnt/hgfs/demo/vSwoole/public/swoole.php(32): Swoole->__construct()
#7 {main}

[2018-05-11 18:15:37] 
vSwoole\library\common\exception\Exception: Swoole\Client::connect(): connect to server[10.4.0.100:8501] failed. Error: Connection refused[111].
In /mnt/hgfs/demo/vSwoole/library/common/Utils.php: 80
Exception Code: E_WARNING[2]
Exception Trace: 
#0 [internal function]: vSwoole\library\common\exception\Exception::swooleError(2, 'Swoole\\Client::...', '/mnt/hgfs/demo/...', 80, Array)
#1 /mnt/hgfs/demo/vSwoole/library/common/Utils.php(80): Swoole\Client->connect('10.4.0.100', 8501, 3, 0)
#2 /mnt/hgfs/demo/vSwoole/application/server/Udp.php(32): vSwoole\library\common\Utils::getServerStatus('10.4.0.100', 8501)
#3 /mnt/hgfs/demo/vSwoole/library/Init.php(366): vSwoole\application\server\Udp->__construct()
#4 /mnt/hgfs/demo/vSwoole/library/Init.php(46): vSwoole\library\Init->runServer('vSwoole\\applica...')
#5 /mnt/hgfs/demo/vSwoole/public/swoole.php(25): vSwoole\library\Init::cmd()
#6 /mnt/hgfs/demo/vSwoole/public/swoole.php(32): Swoole->__construct()
#7 {main}

[2018-05-11 18:15:44] 
vSwoole\library\common\exception\Exception: Swoole\Client::connect(): connect to server[10.4.0.100:8501] failed. Error: Connection refused[111].
In /mnt/hgfs/demo/vSwoole/library/common/Utils.php: 80
Exception Code: E_WARNING[2]
Exception Trace: 
#0 [internal function]: vSwoole\library\common\exception\Exception::swooleError(2, 'Swoole\\Client::...', '/mnt/hgfs/demo/...', 80, Array)
#1 /mnt/hgfs/demo/vSwoole/library/common/Utils.php(80): Swoole\Client->connect('10.4.0.100', 8501, 3, 0)
#2 /mnt/hgfs/demo/vSwoole/application/server/Udp.php(32): vSwoole\library\common\Utils::getServerStatus('10.4.0.100', 8501)
#3 /mnt/hgfs/demo/vSwoole/library/Init.php(366): vSwoole\application\server\Udp->__construct()
#4 /mnt/hgfs/demo/vSwoole/library/Init.php(46): vSwoole\library\Init->runServer('vSwoole\\applica...')
#5 /mnt/hgfs/demo/vSwoole/public/swoole.php(25): vSwoole\library\Init::cmd()
#6 /mnt/hgfs/demo/vSwoole/public/swoole.php(32): Swoole->__construct()
#7 {main}

[2018-05-11 18:17:36] 
vSwoole\library\common\exception\Exception: Swoole\Client::connect(): connect to server[10.4.0.101:8503] failed. Error: No route to host[113].
In /mnt/hgfs/demo/vSwoole/library/common/Utils.php: 80
Exception Code: E_WARNING[2]
Exception Trace: 
#0 [internal function]: vSwoole\library\common\exception\Exception::swooleError(2, 'Swoole\\Client::...', '/mnt/hgfs/demo/...', 80, Array)
#1 /mnt/hgfs/demo/vSwoole/library/common/Utils.php(80): Swoole\Client->connect('10.4.0.101', 8503, 3, 0)
#2 /mnt/hgfs/demo/vSwoole/application/server/Udp.php(33): vSwoole\library\common\Utils::getServerStatus('10.4.0.101', 8503)
#3 /mnt/hgfs/demo/vSwoole/library/Init.php(366): vSwoole\application\server\Udp->__construct()
#4 /mnt/hgfs/demo/vSwoole/library/Init.php(46): vSwoole\library\Init->runServer('vSwoole\\applica...')
#5 /mnt/hgfs/demo/vSwoole/public/swoole.php(25): vSwoole\library\Init::cmd()
#6 /mnt/hgfs/demo/vSwoole/public/swoole.php(32): Swoole->__construct()
#7 {main}

[2018-05-11 18:17:54] 
vSwoole\library\common\exception\Exception: Undefined index: redirect_stdin_stdout
In /mnt/hgfs/demo/vSwoole/library/common/Process.php: 80
Exception Code: E_NOTICE[8]
Exception Trace: 
#0 /mnt/hgfs/demo/vSwoole/library/common/Process.php(80): vSwoole\library\common\exception\Exception::swooleError(8, 'Undefined index...', '/mnt/hgfs/demo/...', 80, Array)
#1 /mnt/hgfs/demo/vSwoole/library/common/Process.php(68): vSwoole\library\common\Process->createProcess(Object(Closure))
#2 /mnt/hgfs/demo/vSwoole/application/server/Http.php(48): vSwoole\library\common\Process->add(Object(Closure))
#3 [internal function]: vSwoole\application\server\Http->onManagerStart(Object(Swoole\Http\Server))
#4 /mnt/hgfs/demo/vSwoole/library/server/Server.php(156): Swoole\Http\Server->start()
#5 /mnt/hgfs/demo/vSwoole/library/server/HttpServer.php(31): vSwoole\library\server\Server->__construct(Array, Array)
#6 /mnt/hgfs/demo/vSwoole/application/server/Http.php(30): vSwoole\library\server\HttpServer->__construct(Array, Array)
#7 /mnt/hgfs/demo/vSwoole/library/Init.php(366): vSwoole\application\server\Http->__construct()
#8 /mnt/hgfs/demo/vSwoole/library/Init.php(46): vSwoole\library\Init->runServer('vSwoole\\applica...')
#9 /mnt/hgfs/demo/vSwoole/public/swoole.php(25): vSwoole\library\Init::cmd()
#10 /mnt/hgfs/demo/vSwoole/public/swoole.php(32): Swoole->__construct()
#11 {main}

[2018-05-11 18:19:48] 
vSwoole\library\common\exception\Exception: Swoole\Client::connect(): connect to server[10.4.0.102:8503] failed. Error: No route to host[113].
In /mnt/hgfs/demo/vSwoole/library/common/Utils.php: 80
Exception Code: E_WARNING[2]
Exception Trace: 
#0 [internal function]: vSwoole\library\common\exception\Exception::swooleError(2, 'Swoole\\Client::...', '/mnt/hgfs/demo/...', 80, Array)
#1 /mnt/hgfs/demo/vSwoole/library/common/Utils.php(80): Swoole\Client->connect('10.4.0.102', 8503, 3, 0)
#2 /mnt/hgfs/demo/vSwoole/application/server/Udp.php(33): vSwoole\library\common\Utils::getServerStatus('10.4.0.102', 8503)
#3 /mnt/hgfs/demo/vSwoole/library/Init.php(366): vSwoole\application\server\Udp->__construct()
#4 /mnt/hgfs/demo/vSwoole/library/Init.php(46): vSwoole\library\Init->runServer('vSwoole\\applica...')
#5 /mnt/hgfs/demo/vSwoole/public/swoole.php(25): vSwoole\library\Init::cmd()
#6 /mnt/hgfs/demo/vSwoole/public/swoole.php(32): Swoole->__construct()
#7 {main}

[2018-05-11 18:25:56] 
Swoole\Exception: failed to listen server port[0.0.0.0:9501]. Error: Address already in use[98].
In /mnt/hgfs/demo/vSwoole/library/server/Server.php: 102
Exception Code: E_UNKONW[98]
Exception Trace: 
#0 /mnt/hgfs/demo/vSwoole/library/server/Server.php(102): Swoole\Server->__construct('0.0.0.0', 9501, 3, 1)
#1 /mnt/hgfs/demo/vSwoole/library/server/WebSocketServer.php(31): vSwoole\library\server\Server->__construct(Array, Array)
#2 /mnt/hgfs/demo/vSwoole/application/server/WebSocket.php(35): vSwoole\library\server\WebSocketServer->__construct(Array, Array)
#3 /mnt/hgfs/demo/vSwoole/library/Init.php(366): vSwoole\application\server\WebSocket->__construct()
#4 /mnt/hgfs/demo/vSwoole/library/Init.php(46): vSwoole\library\Init->runServer('vSwoole\\applica...')
#5 /mnt/hgfs/demo/vSwoole/public/swoole.php(25): vSwoole\library\Init::cmd()
#6 /mnt/hgfs/demo/vSwoole/public/swoole.php(32): Swoole->__construct()
#7 {main}

[2018-05-11 19:15:30] 
vSwoole\library\common\exception\Exception: Swoole\Client::connect(): connect to server[10.4.0.101:8501] failed. Error: Connection refused[111].
In /mnt/hgfs/demo/vSwoole/library/common/Utils.php: 88
Exception Code: E_WARNING[2]
Exception Trace: 
#0 [internal function]: vSwoole\library\common\exception\Exception::swooleError(2, 'Swoole\\Client::...', '/mnt/hgfs/demo/...', 88, Array)
#1 /mnt/hgfs/demo/vSwoole/library/common/Utils.php(88): Swoole\Client->connect('10.4.0.101', 8501, 3, 0)
#2 /mnt/hgfs/demo/vSwoole/application/server/WebSocket.php(67): vSwoole\library\common\Utils::getServerStatus('10.4.0.101', 8501)
#3 [internal function]: vSwoole\application\server\WebSocket->onStart(Object(Swoole\WebSocket\Server))
#4 /mnt/hgfs/demo/vSwoole/library/server/Server.php(156): Swoole\Http\Server->start()
#5 /mnt/hgfs/demo/vSwoole/library/server/WebSocketServer.php(31): vSwoole\library\server\Server->__construct(Array, Array)
#6 /mnt/hgfs/demo/vSwoole/application/server/WebSocket.php(35): vSwoole\library\server\WebSocketServer->__construct(Array, Array)
#7 /mnt/hgfs/demo/vSwoole/library/Init.php(366): vSwoole\application\server\WebSocket->__construct()
#8 /mnt/hgfs/demo/vSwoole/library/Init.php(46): vSwoole\library\Init->runServer('vSwoole\\applica...')
#9 /mnt/hgfs/demo/vSwoole/public/swoole.php(25): vSwoole\library\Init::cmd()
#10 /mnt/hgfs/demo/vSwoole/public/swoole.php(32): Swoole->__construct()
#11 {main}

