[2018-05-14 10:04:05] 
vSwoole\library\common\exception\Exception: Swoole\Client::connect(): connect to server[192.168.1.100:8502] failed. Error: Operation now in progress[115].
In /mnt/hgfs/demo/vSwoole/library/client/Client.php: 76
Exception Code: E_WARNING[2]
Exception Trace: 
#0 [internal function]: vSwoole\library\common\exception\Exception::swooleError(2, 'Swoole\\Client::...', '/mnt/hgfs/demo/...', 76, Array)
#1 /mnt/hgfs/demo/vSwoole/library/client/Client.php(76): Swoole\Client->connect('192.168.1.100', 8502, 3, 0)
#2 /mnt/hgfs/demo/vSwoole/library/client/CrontabClient.php(29): vSwoole\library\client\Client->__construct(Array, Array)
#3 /mnt/hgfs/demo/vSwoole/application/client/Crontab.php(31): vSwoole\library\client\CrontabClient->__construct(Array, Array)
#4 /mnt/hgfs/demo/vSwoole/library/Init.php(380): vSwoole\application\client\Crontab->__construct()
#5 /mnt/hgfs/demo/vSwoole/public/client.php(25): vSwoole\library\Init->runClient()
#6 /mnt/hgfs/demo/vSwoole/public/client.php(32): Client->__construct()
#7 {main}

[2018-05-14 10:04:05] 
Exception: Swoole Client connect failed
In /mnt/hgfs/demo/vSwoole/library/client/CrontabClient.php: 33
Exception Code: E_UNKONW[0]
Exception Trace: 
#0 /mnt/hgfs/demo/vSwoole/application/client/Crontab.php(31): vSwoole\library\client\CrontabClient->__construct(Array, Array)
#1 /mnt/hgfs/demo/vSwoole/library/Init.php(380): vSwoole\application\client\Crontab->__construct()
#2 /mnt/hgfs/demo/vSwoole/public/client.php(25): vSwoole\library\Init->runClient()
#3 /mnt/hgfs/demo/vSwoole/public/client.php(32): Client->__construct()
#4 {main}

[2018-05-14 16:31:54] 
vSwoole\library\common\exception\Exception: Swoole\Client::connect(): connect to server[192.168.31.100:8502] failed. Error: Connection refused[111].
In /mnt/hgfs/demo/vSwoole/library/client/Client.php: 76
Exception Code: E_WARNING[2]
Exception Trace: 
#0 [internal function]: vSwoole\library\common\exception\Exception::swooleError(2, 'Swoole\\Client::...', '/mnt/hgfs/demo/...', 76, Array)
#1 /mnt/hgfs/demo/vSwoole/library/client/Client.php(76): Swoole\Client->connect('192.168.31.100', 8502, 3, 0)
#2 /mnt/hgfs/demo/vSwoole/library/client/CrontabClient.php(29): vSwoole\library\client\Client->__construct(Array, Array)
#3 /mnt/hgfs/demo/vSwoole/application/client/Crontab.php(31): vSwoole\library\client\CrontabClient->__construct(Array, Array)
#4 /mnt/hgfs/demo/vSwoole/library/Init.php(380): vSwoole\application\client\Crontab->__construct()
#5 /mnt/hgfs/demo/vSwoole/public/client.php(25): vSwoole\library\Init->runClient()
#6 /mnt/hgfs/demo/vSwoole/public/client.php(32): Client->__construct()
#7 {main}

[2018-05-14 16:31:54] 
Exception: Swoole Client connect failed
In /mnt/hgfs/demo/vSwoole/library/client/CrontabClient.php: 33
Exception Code: E_UNKONW[0]
Exception Trace: 
#0 /mnt/hgfs/demo/vSwoole/application/client/Crontab.php(31): vSwoole\library\client\CrontabClient->__construct(Array, Array)
#1 /mnt/hgfs/demo/vSwoole/library/Init.php(380): vSwoole\application\client\Crontab->__construct()
#2 /mnt/hgfs/demo/vSwoole/public/client.php(25): vSwoole\library\Init->runClient()
#3 /mnt/hgfs/demo/vSwoole/public/client.php(32): Client->__construct()
#4 {main}

[2018-05-14 23:43:19] 
vSwoole\library\common\exception\Exception: Swoole\Client::connect(): connect to server[192.168.31.100:8502] failed. Error: Connection refused[111].
In /mnt/hgfs/demo/vSwoole/library/client/Client.php: 76
Exception Code: E_WARNING[2]
Exception Trace: 
#0 [internal function]: vSwoole\library\common\exception\Exception::swooleError(2, 'Swoole\\Client::...', '/mnt/hgfs/demo/...', 76, Array)
#1 /mnt/hgfs/demo/vSwoole/library/client/Client.php(76): Swoole\Client->connect('192.168.31.100', 8502, 3, 0)
#2 /mnt/hgfs/demo/vSwoole/library/client/CrontabClient.php(29): vSwoole\library\client\Client->__construct(Array, Array)
#3 /mnt/hgfs/demo/vSwoole/application/client/Crontab.php(31): vSwoole\library\client\CrontabClient->__construct(Array, Array)
#4 /mnt/hgfs/demo/vSwoole/library/Init.php(371): vSwoole\application\client\Crontab->__construct()
#5 /mnt/hgfs/demo/vSwoole/public/client.php(25): vSwoole\library\Init->runClient()
#6 /mnt/hgfs/demo/vSwoole/public/client.php(32): Client->__construct()
#7 {main}

[2018-05-14 23:43:19] 
Exception: Swoole Client connect failed
In /mnt/hgfs/demo/vSwoole/library/client/CrontabClient.php: 33
Exception Code: E_UNKONW[0]
Exception Trace: 
#0 /mnt/hgfs/demo/vSwoole/application/client/Crontab.php(31): vSwoole\library\client\CrontabClient->__construct(Array, Array)
#1 /mnt/hgfs/demo/vSwoole/library/Init.php(371): vSwoole\application\client\Crontab->__construct()
#2 /mnt/hgfs/demo/vSwoole/public/client.php(25): vSwoole\library\Init->runClient()
#3 /mnt/hgfs/demo/vSwoole/public/client.php(32): Client->__construct()
#4 {main}

